2019-Mar-03 22:13:59.964341 info[fractal.cpp:112] [34m[INFO] Failed to attach to (218.861522, -238.701374, -25.550451). Trying new monomer.
2019-Mar-03 22:13:59.968294 info[fractal.cpp:112] [34m[INFO] Failed to attach to (146.923497, -208.108927, -78.543304). Trying new monomer.
2019-Mar-03 22:13:59.981395 info[fractal.cpp:112] [34m[INFO] Failed to attach to (-215.725771, 165.028728, -141.616493). Trying new monomer.
2019-Mar-03 22:13:59.985227 info[fractal.cpp:112] [34m[INFO] Failed to attach to (222.999395, -182.796676, -112.325158). Trying new monomer.
2019-Mar-03 22:13:59.989627 info[fractal.cpp:112] [34m[INFO] Failed to attach to (196.272536, -233.789046, -77.117836). Trying new monomer.
2019-Mar-03 22:13:59.997304 info[fractal.cpp:112] [34m[INFO] Failed to attach to (-215.725771, 165.028728, -141.616493). Trying new monomer.
2019-Mar-03 22:14:00.004114 info[fractal.cpp:112] [34m[INFO] Failed to attach to (196.272536, -233.789046, -77.117836). Trying new monomer.
2019-Mar-03 22:14:00.009661 info[fractal.cpp:112] [34m[INFO] Failed to attach to (218.861522, -238.701374, -25.550451). Trying new monomer.
2019-Mar-03 22:14:00.014512 info[fractal.cpp:112] [34m[INFO] Failed to attach to (219.511802, -179.242287, -58.555250). Trying new monomer.
2019-Mar-03 22:14:00.018433 info[fractal.cpp:112] [34m[INFO] Failed to attach to (174.147588, -218.546625, -123.995514). Trying new monomer.
2019-Mar-03 22:14:00.026355 info[fractal.cpp:112] [34m[INFO] Failed to attach to (174.147588, -218.546625, -123.995514). Trying new monomer.
2019-Mar-03 22:14:00.033192 info[fractal.cpp:112] [34m[INFO] Failed to attach to (174.147588, -218.546625, -123.995514). Trying new monomer.
2019-Mar-03 22:14:00.035816 info[fractal.cpp:112] [34m[INFO] Failed to attach to (218.861522, -238.701374, -25.550451). Trying new monomer.
2019-Mar-03 22:14:00.040583 info[fractal.cpp:112] [34m[INFO] Failed to attach to (174.147588, -218.546625, -123.995514). Trying new monomer.
2019-Mar-03 22:14:00.042821 info[fractal.cpp:112] [34m[INFO] Failed to attach to (-215.725771, 165.028728, -141.616493). Trying new monomer.
2019-Mar-03 22:14:00.045313 info[fractal.cpp:112] [34m[INFO] Failed to attach to (146.923497, -208.108927, -78.543304). Trying new monomer.
2019-Mar-03 22:14:00.048274 info[fractal.cpp:112] [34m[INFO] Failed to attach to (218.861522, -238.701374, -25.550451). Trying new monomer.
2019-Mar-03 22:14:00.052701 info[fractal.cpp:112] [34m[INFO] Failed to attach to (196.272536, -233.789046, -77.117836). Trying new monomer.
2019-Mar-03 22:14:00.057309 info[fractal.cpp:112] [34m[INFO] Failed to attach to (219.511802, -179.242287, -58.555250). Trying new monomer.
2019-Mar-03 22:14:00.059491 info[fractal.cpp:112] [34m[INFO] Failed to attach to (174.147588, -218.546625, -123.995514). Trying new monomer.
2019-Mar-03 22:14:00.064022 info[fractal.cpp:112] [34m[INFO] Failed to attach to (174.147588, -218.546625, -123.995514). Trying new monomer.
2019-Mar-03 22:14:00.066393 info[fractal.cpp:112] [34m[INFO] Failed to attach to (150.426596, -261.873883, -82.156857). Trying new monomer.
2019-Mar-03 22:14:00.070241 info[fractal.cpp:112] [34m[INFO] Failed to attach to (174.147588, -218.546625, -123.995514). Trying new monomer.
2019-Mar-03 22:14:00.074272 info[fractal.cpp:112] [34m[INFO] Failed to attach to (218.861522, -238.701374, -25.550451). Trying new monomer.
2019-Mar-03 22:14:00.078141 info[fractal.cpp:112] [34m[INFO] Failed to attach to (218.861522, -238.701374, -25.550451). Trying new monomer.
2019-Mar-03 22:14:00.082198 info[fractal.cpp:112] [34m[INFO] Failed to attach to (218.861522, -238.701374, -25.550451). Trying new monomer.
2019-Mar-03 22:14:00.084766 info[fractal.cpp:112] [34m[INFO] Failed to attach to (218.861522, -238.701374, -25.550451). Trying new monomer.
2019-Mar-03 22:14:00.089179 info[fractal.cpp:112] [34m[INFO] Failed to attach to (196.272536, -233.789046, -77.117836). Trying new monomer.
2019-Mar-03 22:14:00.091859 info[fractal.cpp:112] [34m[INFO] Failed to attach to (150.426596, -261.873883, -82.156857). Trying new monomer.
2019-Mar-03 22:14:00.096736 info[fractal.cpp:112] [34m[INFO] Failed to attach to (187.741458, -262.167493, 61.037181). Trying new monomer.
2019-Mar-03 22:14:00.099931 info[fractal.cpp:112] [34m[INFO] Failed to attach to (-215.725771, 165.028728, -141.616493). Trying new monomer.
2019-Mar-03 22:14:00.102746 info[fractal.cpp:112] [34m[INFO] Failed to attach to (196.272536, -233.789046, -77.117836). Trying new monomer.
2019-Mar-03 22:14:00.108723 info[fractal.cpp:112] [34m[INFO] Failed to attach to (218.861522, -238.701374, -25.550451). Trying new monomer.
2019-Mar-03 22:14:00.112336 info[fractal.cpp:112] [34m[INFO] Failed to attach to (196.272536, -233.789046, -77.117836). Trying new monomer.
2019-Mar-03 22:14:00.115719 info[fractal.cpp:112] [34m[INFO] Failed to attach to (174.147588, -218.546625, -123.995514). Trying new monomer.
2019-Mar-03 22:14:00.118967 info[fractal.cpp:112] [34m[INFO] Failed to attach to (218.861522, -238.701374, -25.550451). Trying new monomer.
2019-Mar-03 22:14:00.124717 info[fractal.cpp:112] [34m[INFO] Failed to attach to (218.861522, -238.701374, -25.550451). Trying new monomer.
2019-Mar-03 22:14:00.129063 info[fractal.cpp:112] [34m[INFO] Failed to attach to (196.272536, -233.789046, -77.117836). Trying new monomer.
2019-Mar-03 22:14:00.131620 info[fractal.cpp:112] [34m[INFO] Failed to attach to (174.147588, -218.546625, -123.995514). Trying new monomer.
2019-Mar-03 22:14:00.139271 info[fractal.cpp:112] [34m[INFO] Failed to attach to (-215.725771, 165.028728, -141.616493). Trying new monomer.
2019-Mar-03 22:14:00.141312 info[fractal.cpp:112] [34m[INFO] Failed to attach to (-215.725771, 165.028728, -141.616493). Trying new monomer.
2019-Mar-03 22:14:00.143277 info[fractal.cpp:112] [34m[INFO] Failed to attach to (-215.725771, 165.028728, -141.616493). Trying new monomer.
2019-Mar-03 22:14:00.145658 info[fractal.cpp:112] [34m[INFO] Failed to attach to (174.147588, -218.546625, -123.995514). Trying new monomer.
2019-Mar-03 22:14:00.148078 info[fractal.cpp:112] [34m[INFO] Failed to attach to (174.147588, -218.546625, -123.995514). Trying new monomer.
2019-Mar-03 22:14:00.153014 info[fractal.cpp:112] [34m[INFO] Failed to attach to (-215.725771, 165.028728, -141.616493). Trying new monomer.
2019-Mar-03 22:14:00.162179 info[fractal.cpp:112] [34m[INFO] Failed to attach to (146.923497, -208.108927, -78.543304). Trying new monomer.
2019-Mar-03 22:14:00.166097 info[fractal.cpp:112] [34m[INFO] Failed to attach to (218.861522, -238.701374, -25.550451). Trying new monomer.
2019-Mar-03 22:14:00.168687 info[fractal.cpp:112] [34m[INFO] Failed to attach to (174.147588, -218.546625, -123.995514). Trying new monomer.
2019-Mar-03 22:14:00.172079 info[fractal.cpp:112] [34m[INFO] Failed to attach to (222.999395, -182.796676, -112.325158). Trying new monomer.
2019-Mar-03 22:14:00.179136 info[fractal.cpp:112] [34m[INFO] Failed to attach to (146.923497, -208.108927, -78.543304). Trying new monomer.
2019-Mar-03 22:14:00.181517 info[fractal.cpp:112] [34m[INFO] Failed to attach to (146.923497, -208.108927, -78.543304). Trying new monomer.
2019-Mar-03 22:14:00.185069 info[fractal.cpp:112] [34m[INFO] Failed to attach to (-215.725771, 165.028728, -141.616493). Trying new monomer.
2019-Mar-03 22:14:00.187786 info[fractal.cpp:112] [34m[INFO] Failed to attach to (146.923497, -208.108927, -78.543304). Trying new monomer.
2019-Mar-03 22:14:00.189998 info[fractal.cpp:112] [34m[INFO] Failed to attach to (219.511802, -179.242287, -58.555250). Trying new monomer.
2019-Mar-03 22:14:00.194969 info[fractal.cpp:112] [34m[INFO] Failed to attach to (218.861522, -238.701374, -25.550451). Trying new monomer.
2019-Mar-03 22:14:00.197452 info[fractal.cpp:112] [34m[INFO] Failed to attach to (218.861522, -238.701374, -25.550451). Trying new monomer.
2019-Mar-03 22:14:00.199723 info[fractal.cpp:112] [34m[INFO] Failed to attach to (196.272536, -233.789046, -77.117836). Trying new monomer.
2019-Mar-03 22:14:00.205460 info[fractal.cpp:112] [34m[INFO] Failed to attach to (174.147588, -218.546625, -123.995514). Trying new monomer.
2019-Mar-03 22:14:00.208631 info[fractal.cpp:112] [34m[INFO] Failed to attach to (218.861522, -238.701374, -25.550451). Trying new monomer.
2019-Mar-03 22:14:00.211965 info[fractal.cpp:112] [34m[INFO] Failed to attach to (219.511802, -179.242287, -58.555250). Trying new monomer.
2019-Mar-03 22:14:00.214980 info[fractal.cpp:112] [34m[INFO] Failed to attach to (174.147588, -218.546625, -123.995514). Trying new monomer.
2019-Mar-03 22:14:00.221331 info[fractal.cpp:112] [34m[INFO] Failed to attach to (218.861522, -238.701374, -25.550451). Trying new monomer.
2019-Mar-03 22:14:00.226499 info[fractal.cpp:112] [34m[INFO] Failed to attach to (218.861522, -238.701374, -25.550451). Trying new monomer.
2019-Mar-03 22:14:00.236832 info[fractal.cpp:112] [34m[INFO] Failed to attach to (222.999395, -182.796676, -112.325158). Trying new monomer.
2019-Mar-03 22:14:00.240475 info[fractal.cpp:112] [34m[INFO] Failed to attach to (196.272536, -233.789046, -77.117836). Trying new monomer.
2019-Mar-03 22:14:00.242854 info[fractal.cpp:112] [34m[INFO] Failed to attach to (196.272536, -233.789046, -77.117836). Trying new monomer.
2019-Mar-03 22:14:00.247342 info[fractal.cpp:112] [34m[INFO] Failed to attach to (218.861522, -238.701374, -25.550451). Trying new monomer.
2019-Mar-03 22:14:00.250172 info[fractal.cpp:112] [34m[INFO] Failed to attach to (174.147588, -218.546625, -123.995514). Trying new monomer.
2019-Mar-03 22:14:00.255397 info[fractal.cpp:112] [34m[INFO] Failed to attach to (174.147588, -218.546625, -123.995514). Trying new monomer.
2019-Mar-03 22:14:00.260234 info[fractal.cpp:112] [34m[INFO] Failed to attach to (174.147588, -218.546625, -123.995514). Trying new monomer.
2019-Mar-03 22:14:00.262481 info[fractal.cpp:112] [34m[INFO] Failed to attach to (174.147588, -218.546625, -123.995514). Trying new monomer.
2019-Mar-03 22:14:00.268345 info[fractal.cpp:112] [34m[INFO] Failed to attach to (219.511802, -179.242287, -58.555250). Trying new monomer.
2019-Mar-03 22:14:00.272183 info[fractal.cpp:112] [34m[INFO] Failed to attach to (174.147588, -218.546625, -123.995514). Trying new monomer.
2019-Mar-03 22:14:00.277669 info[fractal.cpp:112] [34m[INFO] Failed to attach to (218.861522, -238.701374, -25.550451). Trying new monomer.
2019-Mar-03 22:14:00.279672 info[fractal.cpp:112] [34m[INFO] Failed to attach to (222.999395, -182.796676, -112.325158). Trying new monomer.
2019-Mar-03 22:14:00.281709 info[fractal.cpp:112] [34m[INFO] Failed to attach to (222.999395, -182.796676, -112.325158). Trying new monomer.
2019-Mar-03 22:14:00.287639 info[fractal.cpp:112] [34m[INFO] Failed to attach to (146.923497, -208.108927, -78.543304). Trying new monomer.
2019-Mar-03 22:14:00.290433 info[fractal.cpp:112] [34m[INFO] Failed to attach to (-215.725771, 165.028728, -141.616493). Trying new monomer.
2019-Mar-03 22:14:00.293514 info[fractal.cpp:112] [34m[INFO] Failed to attach to (174.147588, -218.546625, -123.995514). Trying new monomer.
2019-Mar-03 22:14:00.296429 info[fractal.cpp:112] [34m[INFO] Failed to attach to (218.861522, -238.701374, -25.550451). Trying new monomer.
2019-Mar-03 22:14:00.300791 info[fractal.cpp:112] [34m[INFO] Failed to attach to (174.147588, -218.546625, -123.995514). Trying new monomer.
2019-Mar-03 22:14:00.302719 info[fractal.cpp:112] [34m[INFO] Failed to attach to (174.147588, -218.546625, -123.995514). Trying new monomer.
2019-Mar-03 22:14:00.306307 info[fractal.cpp:112] [34m[INFO] Failed to attach to (222.999395, -182.796676, -112.325158). Trying new monomer.
2019-Mar-03 22:14:00.308825 info[fractal.cpp:112] [34m[INFO] Failed to attach to (-215.725771, 165.028728, -141.616493). Trying new monomer.
2019-Mar-03 22:14:00.315931 info[fractal.cpp:112] [34m[INFO] Failed to attach to (218.861522, -238.701374, -25.550451). Trying new monomer.
2019-Mar-03 22:14:00.319969 info[fractal.cpp:112] [34m[INFO] Failed to attach to (-117.090573, 174.645299, -41.142112). Trying new monomer.
2019-Mar-03 22:14:00.323173 info[fractal.cpp:112] [34m[INFO] Failed to attach to (174.147588, -218.546625, -123.995514). Trying new monomer.
2019-Mar-03 22:14:00.326169 info[fractal.cpp:112] [34m[INFO] Failed to attach to (196.272536, -233.789046, -77.117836). Trying new monomer.
2019-Mar-03 22:14:00.333273 info[fractal.cpp:112] [34m[INFO] Failed to attach to (218.861522, -238.701374, -25.550451). Trying new monomer.
2019-Mar-03 22:14:00.335375 info[fractal.cpp:112] [34m[INFO] Failed to attach to (219.511802, -179.242287, -58.555250). Trying new monomer.
2019-Mar-03 22:14:00.337837 info[fractal.cpp:112] [34m[INFO] Failed to attach to (146.923497, -208.108927, -78.543304). Trying new monomer.
2019-Mar-03 22:14:00.340902 info[fractal.cpp:112] [34m[INFO] Failed to attach to (150.426596, -261.873883, -82.156857). Trying new monomer.
2019-Mar-03 22:14:00.343663 info[fractal.cpp:112] [34m[INFO] Failed to attach to (146.923497, -208.108927, -78.543304). Trying new monomer.
2019-Mar-03 22:14:00.347232 info[fractal.cpp:112] [34m[INFO] Failed to attach to (218.861522, -238.701374, -25.550451). Trying new monomer.
2019-Mar-03 22:14:00.347835 info[fractal.cpp:152] [34m[INFO] Actual epsilon = 0.000001
2019-Mar-03 22:14:00.347939 info[fractal.cpp:86] [34m[INFO] Adding monomer at point (-284.778999, 241.000013, 129.142027)
2019-Mar-03 22:14:00.348043 info[fractal.cpp:175] [34m[INFO] Fractal parameters updated.
2019-Mar-03 22:14:00.348141 info[fractal.cpp:73] [34m[INFO] Adding new monomer to fractal using Monte Carlo algorithm.
2019-Mar-03 22:14:00.348236 info[fractal.cpp:121] [34m[INFO] Out of range best_monomer = 8580.000000
2019-Mar-03 22:14:00.348349 info[fractal.cpp:143] [34m[INFO] Under epsilon in 1 attempts.
2019-Mar-03 22:14:00.351278 info[fractal.cpp:112] [34m[INFO] Failed to attach to (218.861522, -238.701374, -25.550451). Trying new monomer.
2019-Mar-03 22:14:00.368125 info[fractal.cpp:112] [34m[INFO] Failed to attach to (196.272536, -233.789046, -77.117836). Trying new monomer.
2019-Mar-03 22:14:00.370578 info[fractal.cpp:112] [34m[INFO] Failed to attach to (219.511802, -179.242287, -58.555250). Trying new monomer.
2019-Mar-03 22:14:00.372500 info[fractal.cpp:112] [34m[INFO] Failed to attach to (-215.725771, 165.028728, -141.616493). Trying new monomer.
2019-Mar-03 22:14:00.374944 info[fractal.cpp:112] [34m[INFO] Failed to attach to (222.999395, -182.796676, -112.325158). Trying new monomer.
2019-Mar-03 22:14:00.377251 info[fractal.cpp:112] [34m[INFO] Failed to attach to (146.923497, -208.108927, -78.543304). Trying new monomer.
2019-Mar-03 22:14:00.379814 info[fractal.cpp:112] [34m[INFO] Failed to attach to (222.999395, -182.796676, -112.325158). Trying new monomer.
2019-Mar-03 22:14:00.382050 info[fractal.cpp:112] [34m[INFO] Failed to attach to (-215.725771, 165.028728, -141.616493). Trying new monomer.
2019-Mar-03 22:14:00.386627 info[fractal.cpp:112] [34m[INFO] Failed to attach to (-63.999484, 255.154414, 45.321008). Trying new monomer.
2019-Mar-03 22:14:00.388393 info[fractal.cpp:112] [34m[INFO] Failed to attach to (-63.999484, 255.154414, 45.321008). Trying new monomer.
2019-Mar-03 22:14:00.390998 info[fractal.cpp:112] [34m[INFO] Failed to attach to (196.272536, -233.789046, -77.117836). Trying new monomer.
2019-Mar-03 22:14:00.393779 info[fractal.cpp:112] [34m[INFO] Failed to attach to (218.861522, -238.701374, -25.550451). Trying new monomer.
2019-Mar-03 22:14:00.397905 info[fractal.cpp:112] [34m[INFO] Failed to attach to (146.923497, -208.108927, -78.543304). Trying new monomer.
2019-Mar-03 22:14:00.400259 info[fractal.cpp:112] [34m[INFO] Failed to attach to (218.861522, -238.701374, -25.550451). Trying new monomer.
2019-Mar-03 22:14:00.415535 info[fractal.cpp:112] [34m[INFO] Failed to attach to (222.999395, -182.796676, -112.325158). Trying new monomer.
2019-Mar-03 22:14:00.417657 info[fractal.cpp:112] [34m[INFO] Failed to attach to (219.511802, -179.242287, -58.555250). Trying new monomer.
2019-Mar-03 22:14:00.421535 info[fractal.cpp:112] [34m[INFO] Failed to attach to (222.999395, -182.796676, -112.325158). Trying new monomer.
