2019-Mar-03 22:08:48.183311 info[fractal.cpp:175] [34m[INFO] Fractal parameters updated.
2019-Mar-03 22:08:48.183939 info[fractal.cpp:73] [34m[INFO] Adding new monomer to fractal using Monte Carlo algorithm.
2019-Mar-03 22:08:48.184022 info[fractal.cpp:121] [34m[INFO] Out of range best_monomer = 780.000000
2019-Mar-03 22:08:48.184157 info[fractal.cpp:143] [34m[INFO] Under epsilon in 1 attempts.
2019-Mar-03 22:08:48.191236 info[fractal.cpp:152] [34m[INFO] Actual epsilon = 0.000039
2019-Mar-03 22:08:48.191359 info[fractal.cpp:86] [34m[INFO] Adding monomer at point (96.341839, -63.760707, 188.759879)
2019-Mar-03 22:08:48.191426 info[fractal.cpp:175] [34m[INFO] Fractal parameters updated.
2019-Mar-03 22:08:48.191501 info[fractal.cpp:73] [34m[INFO] Adding new monomer to fractal using Monte Carlo algorithm.
2019-Mar-03 22:08:48.191554 info[fractal.cpp:121] [34m[INFO] Out of range best_monomer = 810.000000
2019-Mar-03 22:08:48.191615 info[fractal.cpp:143] [34m[INFO] Under epsilon in 1 attempts.
2019-Mar-03 22:08:48.199418 info[fractal.cpp:152] [34m[INFO] Actual epsilon = 0.000046
2019-Mar-03 22:08:48.199563 info[fractal.cpp:86] [34m[INFO] Adding monomer at point (-39.702455, 27.098585, 213.197976)
2019-Mar-03 22:08:48.199656 info[fractal.cpp:175] [34m[INFO] Fractal parameters updated.
2019-Mar-03 22:08:48.199745 info[fractal.cpp:73] [34m[INFO] Adding new monomer to fractal using Monte Carlo algorithm.
2019-Mar-03 22:08:48.199819 info[fractal.cpp:121] [34m[INFO] Out of range best_monomer = 840.000000
2019-Mar-03 22:08:48.199896 info[fractal.cpp:143] [34m[INFO] Under epsilon in 1 attempts.
2019-Mar-03 22:08:48.209244 info[fractal.cpp:152] [34m[INFO] Actual epsilon = 0.000011
2019-Mar-03 22:08:48.209371 info[fractal.cpp:86] [34m[INFO] Adding monomer at point (-55.056410, 4.530237, -115.696398)
2019-Mar-03 22:08:48.209490 info[fractal.cpp:175] [34m[INFO] Fractal parameters updated.
2019-Mar-03 22:08:48.209585 info[fractal.cpp:73] [34m[INFO] Adding new monomer to fractal using Monte Carlo algorithm.
2019-Mar-03 22:08:48.209652 info[fractal.cpp:121] [34m[INFO] Out of range best_monomer = 870.000000
2019-Mar-03 22:08:48.209728 info[fractal.cpp:143] [34m[INFO] Under epsilon in 1 attempts.
2019-Mar-03 22:08:48.216958 info[fractal.cpp:152] [34m[INFO] Actual epsilon = 0.000007
2019-Mar-03 22:08:48.217099 info[fractal.cpp:86] [34m[INFO] Adding monomer at point (16.498905, -59.679416, 231.063206)
2019-Mar-03 22:08:48.217167 info[fractal.cpp:175] [34m[INFO] Fractal parameters updated.
2019-Mar-03 22:08:48.217234 info[fractal.cpp:73] [34m[INFO] Adding new monomer to fractal using Monte Carlo algorithm.
2019-Mar-03 22:08:48.217286 info[fractal.cpp:121] [34m[INFO] Out of range best_monomer = 900.000000
2019-Mar-03 22:08:48.217344 info[fractal.cpp:143] [34m[INFO] Under epsilon in 1 attempts.
2019-Mar-03 22:08:48.224851 info[fractal.cpp:152] [34m[INFO] Actual epsilon = 0.000033
2019-Mar-03 22:08:48.225009 info[fractal.cpp:86] [34m[INFO] Adding monomer at point (-37.118919, -63.710235, 236.051330)
2019-Mar-03 22:08:48.225152 info[fractal.cpp:175] [34m[INFO] Fractal parameters updated.
2019-Mar-03 22:08:48.225211 info[fractal.cpp:73] [34m[INFO] Adding new monomer to fractal using Monte Carlo algorithm.
2019-Mar-03 22:08:48.225285 info[fractal.cpp:121] [34m[INFO] Out of range best_monomer = 930.000000
2019-Mar-03 22:08:48.225395 info[fractal.cpp:143] [34m[INFO] Under epsilon in 1 attempts.
2019-Mar-03 22:08:48.233015 info[fractal.cpp:152] [34m[INFO] Actual epsilon = 0.000036
2019-Mar-03 22:08:48.233144 info[fractal.cpp:86] [34m[INFO] Adding monomer at point (80.567033, 121.090417, 144.835494)
2019-Mar-03 22:08:48.233213 info[fractal.cpp:175] [34m[INFO] Fractal parameters updated.
2019-Mar-03 22:08:48.233287 info[fractal.cpp:73] [34m[INFO] Adding new monomer to fractal using Monte Carlo algorithm.
2019-Mar-03 22:08:48.233340 info[fractal.cpp:121] [34m[INFO] Out of range best_monomer = 960.000000
2019-Mar-03 22:08:48.233400 info[fractal.cpp:143] [34m[INFO] Under epsilon in 1 attempts.
2019-Mar-03 22:08:48.241483 info[fractal.cpp:152] [34m[INFO] Actual epsilon = 0.000030
2019-Mar-03 22:08:48.241672 info[fractal.cpp:86] [34m[INFO] Adding monomer at point (28.591908, -12.758018, 254.898930)
2019-Mar-03 22:08:48.241765 info[fractal.cpp:175] [34m[INFO] Fractal parameters updated.
2019-Mar-03 22:08:48.241839 info[fractal.cpp:73] [34m[INFO] Adding new monomer to fractal using Monte Carlo algorithm.
2019-Mar-03 22:08:48.241910 info[fractal.cpp:121] [34m[INFO] Out of range best_monomer = 990.000000
2019-Mar-03 22:08:48.241986 info[fractal.cpp:143] [34m[INFO] Under epsilon in 1 attempts.
2019-Mar-03 22:08:48.254360 info[fractal.cpp:152] [34m[INFO] Actual epsilon = 0.000006
2019-Mar-03 22:08:48.254532 info[fractal.cpp:86] [34m[INFO] Adding monomer at point (-23.033202, 1.489665, 261.816410)
2019-Mar-03 22:08:48.254655 info[fractal.cpp:175] [34m[INFO] Fractal parameters updated.
2019-Mar-03 22:08:48.254761 info[fractal.cpp:73] [34m[INFO] Adding new monomer to fractal using Monte Carlo algorithm.
2019-Mar-03 22:08:48.254892 info[fractal.cpp:121] [34m[INFO] Out of range best_monomer = 1020.000000
2019-Mar-03 22:08:48.255062 info[fractal.cpp:143] [34m[INFO] Under epsilon in 1 attempts.
2019-Mar-03 22:08:48.264575 info[fractal.cpp:152] [34m[INFO] Actual epsilon = 0.000008
2019-Mar-03 22:08:48.264701 info[fractal.cpp:86] [34m[INFO] Adding monomer at point (-105.685193, -114.611244, -65.776438)
2019-Mar-03 22:08:48.264765 info[fractal.cpp:175] [34m[INFO] Fractal parameters updated.
2019-Mar-03 22:08:48.264843 info[fractal.cpp:73] [34m[INFO] Adding new monomer to fractal using Monte Carlo algorithm.
2019-Mar-03 22:08:48.264896 info[fractal.cpp:121] [34m[INFO] Out of range best_monomer = 1050.000000
2019-Mar-03 22:08:48.264954 info[fractal.cpp:143] [34m[INFO] Under epsilon in 1 attempts.
2019-Mar-03 22:08:48.274019 info[fractal.cpp:152] [34m[INFO] Actual epsilon = 0.000004
2019-Mar-03 22:08:48.274152 info[fractal.cpp:86] [34m[INFO] Adding monomer at point (63.752192, 28.201274, 253.452979)
2019-Mar-03 22:08:48.274221 info[fractal.cpp:175] [34m[INFO] Fractal parameters updated.
2019-Mar-03 22:08:48.274295 info[fractal.cpp:73] [34m[INFO] Adding new monomer to fractal using Monte Carlo algorithm.
2019-Mar-03 22:08:48.274348 info[fractal.cpp:121] [34m[INFO] Out of range best_monomer = 1080.000000
2019-Mar-03 22:08:48.274420 info[fractal.cpp:143] [34m[INFO] Under epsilon in 1 attempts.
2019-Mar-03 22:08:48.283929 info[fractal.cpp:152] [34m[INFO] Actual epsilon = 0.000002
2019-Mar-03 22:08:48.284076 info[fractal.cpp:86] [34m[INFO] Adding monomer at point (-68.197298, -202.410127, 1.742142)
2019-Mar-03 22:08:48.284166 info[fractal.cpp:175] [34m[INFO] Fractal parameters updated.
2019-Mar-03 22:08:48.284226 info[fractal.cpp:73] [34m[INFO] Adding new monomer to fractal using Monte Carlo algorithm.
2019-Mar-03 22:08:48.284278 info[fractal.cpp:121] [34m[INFO] Out of range best_monomer = 1110.000000
2019-Mar-03 22:08:48.284357 info[fractal.cpp:143] [34m[INFO] Under epsilon in 1 attempts.
2019-Mar-03 22:08:48.294316 info[fractal.cpp:152] [34m[INFO] Actual epsilon = 0.000035
2019-Mar-03 22:08:48.294465 info[fractal.cpp:86] [34m[INFO] Adding monomer at point (-57.566650, -167.625089, -69.415639)
2019-Mar-03 22:08:48.294556 info[fractal.cpp:175] [34m[INFO] Fractal parameters updated.
2019-Mar-03 22:08:48.294631 info[fractal.cpp:73] [34m[INFO] Adding new monomer to fractal using Monte Carlo algorithm.
2019-Mar-03 22:08:48.294703 info[fractal.cpp:121] [34m[INFO] Out of range best_monomer = 1140.000000
2019-Mar-03 22:08:48.294783 info[fractal.cpp:143] [34m[INFO] Under epsilon in 1 attempts.
2019-Mar-03 22:08:48.308115 info[fractal.cpp:152] [34m[INFO] Actual epsilon = 0.000028
2019-Mar-03 22:08:48.308252 info[fractal.cpp:86] [34m[INFO] Adding monomer at point (-8.388351, 28.086236, -129.231804)
2019-Mar-03 22:08:48.308323 info[fractal.cpp:175] [34m[INFO] Fractal parameters updated.
2019-Mar-03 22:08:48.308396 info[fractal.cpp:73] [34m[INFO] Adding new monomer to fractal using Monte Carlo algorithm.
2019-Mar-03 22:08:48.308449 info[fractal.cpp:121] [34m[INFO] Out of range best_monomer = 1170.000000
2019-Mar-03 22:08:48.308543 info[fractal.cpp:143] [34m[INFO] Under epsilon in 1 attempts.
2019-Mar-03 22:08:48.318649 info[fractal.cpp:152] [34m[INFO] Actual epsilon = 0.000027
2019-Mar-03 22:08:48.318777 info[fractal.cpp:86] [34m[INFO] Adding monomer at point (142.866522, -80.423485, 210.526958)
2019-Mar-03 22:08:48.318841 info[fractal.cpp:175] [34m[INFO] Fractal parameters updated.
2019-Mar-03 22:08:48.318916 info[fractal.cpp:73] [34m[INFO] Adding new monomer to fractal using Monte Carlo algorithm.
2019-Mar-03 22:08:48.318970 info[fractal.cpp:121] [34m[INFO] Out of range best_monomer = 1200.000000
2019-Mar-03 22:08:48.319028 info[fractal.cpp:143] [34m[INFO] Under epsilon in 1 attempts.
2019-Mar-03 22:08:48.329290 info[fractal.cpp:152] [34m[INFO] Actual epsilon = 0.000013
2019-Mar-03 22:08:48.329435 info[fractal.cpp:86] [34m[INFO] Adding monomer at point (47.829422, -62.051691, 274.980981)
2019-Mar-03 22:08:48.329552 info[fractal.cpp:175] [34m[INFO] Fractal parameters updated.
2019-Mar-03 22:08:48.329612 info[fractal.cpp:73] [34m[INFO] Adding new monomer to fractal using Monte Carlo algorithm.
2019-Mar-03 22:08:48.329705 info[fractal.cpp:121] [34m[INFO] Out of range best_monomer = 1230.000000
2019-Mar-03 22:08:48.329791 info[fractal.cpp:143] [34m[INFO] Under epsilon in 1 attempts.
2019-Mar-03 22:08:48.341002 info[fractal.cpp:152] [34m[INFO] Actual epsilon = 0.000005
2019-Mar-03 22:08:48.341146 info[fractal.cpp:86] [34m[INFO] Adding monomer at point (-132.730732, -168.444827, -27.846914)
2019-Mar-03 22:08:48.341237 info[fractal.cpp:175] [34m[INFO] Fractal parameters updated.
2019-Mar-03 22:08:48.341311 info[fractal.cpp:73] [34m[INFO] Adding new monomer to fractal using Monte Carlo algorithm.
2019-Mar-03 22:08:48.341384 info[fractal.cpp:121] [34m[INFO] Out of range best_monomer = 1260.000000
2019-Mar-03 22:08:48.341462 info[fractal.cpp:143] [34m[INFO] Under epsilon in 1 attempts.
2019-Mar-03 22:08:48.362477 info[fractal.cpp:152] [34m[INFO] Actual epsilon = 0.000003
2019-Mar-03 22:08:48.362615 info[fractal.cpp:86] [34m[INFO] Adding monomer at point (-0.737009, -83.722877, 284.343752)
2019-Mar-03 22:08:48.362683 info[fractal.cpp:175] [34m[INFO] Fractal parameters updated.
2019-Mar-03 22:08:48.362762 info[fractal.cpp:73] [34m[INFO] Adding new monomer to fractal using Monte Carlo algorithm.
2019-Mar-03 22:08:48.362815 info[fractal.cpp:121] [34m[INFO] Out of range best_monomer = 1290.000000
2019-Mar-03 22:08:48.362878 info[fractal.cpp:143] [34m[INFO] Under epsilon in 1 attempts.
2019-Mar-03 22:08:48.379401 info[fractal.cpp:152] [34m[INFO] Actual epsilon = 0.000028
2019-Mar-03 22:08:48.379535 info[fractal.cpp:86] [34m[INFO] Adding monomer at point (-76.081329, -134.193344, -107.566984)
2019-Mar-03 22:08:48.379602 info[fractal.cpp:175] [34m[INFO] Fractal parameters updated.
2019-Mar-03 22:08:48.379679 info[fractal.cpp:73] [34m[INFO] Adding new monomer to fractal using Monte Carlo algorithm.
2019-Mar-03 22:08:48.379733 info[fractal.cpp:121] [34m[INFO] Out of range best_monomer = 1320.000000
2019-Mar-03 22:08:48.379791 info[fractal.cpp:143] [34m[INFO] Under epsilon in 1 attempts.
2019-Mar-03 22:08:48.399229 info[fractal.cpp:152] [34m[INFO] Actual epsilon = 0.000008
2019-Mar-03 22:08:48.399355 info[fractal.cpp:86] [34m[INFO] Adding monomer at point (-57.509488, -250.771058, 23.259369)
2019-Mar-03 22:08:48.399425 info[fractal.cpp:175] [34m[INFO] Fractal parameters updated.
2019-Mar-03 22:08:48.399498 info[fractal.cpp:73] [34m[INFO] Adding new monomer to fractal using Monte Carlo algorithm.
2019-Mar-03 22:08:48.399550 info[fractal.cpp:121] [34m[INFO] Out of range best_monomer = 1350.000000
2019-Mar-03 22:08:48.399606 info[fractal.cpp:143] [34m[INFO] Under epsilon in 1 attempts.
2019-Mar-03 22:08:48.418567 info[fractal.cpp:152] [34m[INFO] Actual epsilon = 0.000007
2019-Mar-03 22:08:48.418693 info[fractal.cpp:86] [34m[INFO] Adding monomer at point (-15.645089, 100.577520, -99.735099)
2019-Mar-03 22:08:48.418758 info[fractal.cpp:175] [34m[INFO] Fractal parameters updated.
2019-Mar-03 22:08:48.418854 info[fractal.cpp:73] [34m[INFO] Adding new monomer to fractal using Monte Carlo algorithm.
2019-Mar-03 22:08:48.418908 info[fractal.cpp:121] [34m[INFO] Out of range best_monomer = 1380.000000
2019-Mar-03 22:08:48.418978 info[fractal.cpp:143] [34m[INFO] Under epsilon in 1 attempts.
2019-Mar-03 22:08:48.434855 info[fractal.cpp:152] [34m[INFO] Actual epsilon = 0.000014
2019-Mar-03 22:08:48.435054 info[fractal.cpp:86] [34m[INFO] Adding monomer at point (-156.376124, -129.926724, -76.353093)
2019-Mar-03 22:08:48.435182 info[fractal.cpp:175] [34m[INFO] Fractal parameters updated.
2019-Mar-03 22:08:48.435296 info[fractal.cpp:73] [34m[INFO] Adding new monomer to fractal using Monte Carlo algorithm.
2019-Mar-03 22:08:48.435415 info[fractal.cpp:121] [34m[INFO] Out of range best_monomer = 1410.000000
2019-Mar-03 22:08:48.435525 info[fractal.cpp:143] [34m[INFO] Under epsilon in 1 attempts.
2019-Mar-03 22:08:48.445615 info[fractal.cpp:112] [34m[INFO] Failed to attach to (-80.936448, -154.077386, -22.657621). Trying new monomer.
2019-Mar-03 22:08:48.460281 info[fractal.cpp:152] [34m[INFO] Actual epsilon = 0.000020
2019-Mar-03 22:08:48.460422 info[fractal.cpp:86] [34m[INFO] Adding monomer at point (-54.831250, 44.348445, 270.063174)
2019-Mar-03 22:08:48.460489 info[fractal.cpp:175] [34m[INFO] Fractal parameters updated.
2019-Mar-03 22:08:48.460564 info[fractal.cpp:73] [34m[INFO] Adding new monomer to fractal using Monte Carlo algorithm.
2019-Mar-03 22:08:48.460617 info[fractal.cpp:121] [34m[INFO] Out of range best_monomer = 1440.000000
2019-Mar-03 22:08:48.460683 info[fractal.cpp:143] [34m[INFO] Under epsilon in 1 attempts.
2019-Mar-03 22:08:48.477763 info[fractal.cpp:152] [34m[INFO] Actual epsilon = 0.000001
2019-Mar-03 22:08:48.477897 info[fractal.cpp:86] [34m[INFO] Adding monomer at point (19.187336, 30.068787, 286.417476)
2019-Mar-03 22:08:48.477966 info[fractal.cpp:175] [34m[INFO] Fractal parameters updated.
2019-Mar-03 22:08:48.478042 info[fractal.cpp:73] [34m[INFO] Adding new monomer to fractal using Monte Carlo algorithm.
2019-Mar-03 22:08:48.478094 info[fractal.cpp:121] [34m[INFO] Out of range best_monomer = 1470.000000
2019-Mar-03 22:08:48.478158 info[fractal.cpp:143] [34m[INFO] Under epsilon in 1 attempts.
2019-Mar-03 22:08:48.497852 info[fractal.cpp:152] [34m[INFO] Actual epsilon = 0.000004
2019-Mar-03 22:08:48.498024 info[fractal.cpp:86] [34m[INFO] Adding monomer at point (67.829987, -13.272778, 291.994862)
2019-Mar-03 22:08:48.498114 info[fractal.cpp:175] [34m[INFO] Fractal parameters updated.
2019-Mar-03 22:08:48.498196 info[fractal.cpp:73] [34m[INFO] Adding new monomer to fractal using Monte Carlo algorithm.
2019-Mar-03 22:08:48.498325 info[fractal.cpp:121] [34m[INFO] Out of range best_monomer = 1500.000000
2019-Mar-03 22:08:48.498426 info[fractal.cpp:143] [34m[INFO] Under epsilon in 1 attempts.
2019-Mar-03 22:08:48.520888 info[fractal.cpp:152] [34m[INFO] Actual epsilon = 0.000010
2019-Mar-03 22:08:48.521022 info[fractal.cpp:86] [34m[INFO] Adding monomer at point (-74.344467, -229.943804, -44.302498)
2019-Mar-03 22:08:48.521093 info[fractal.cpp:175] [34m[INFO] Fractal parameters updated.
2019-Mar-03 22:08:48.521163 info[fractal.cpp:73] [34m[INFO] Adding new monomer to fractal using Monte Carlo algorithm.
2019-Mar-03 22:08:48.521215 info[fractal.cpp:121] [34m[INFO] Out of range best_monomer = 1530.000000
2019-Mar-03 22:08:48.521287 info[fractal.cpp:143] [34m[INFO] Under epsilon in 1 attempts.
2019-Mar-03 22:08:48.542479 info[fractal.cpp:152] [34m[INFO] Actual epsilon = 0.000005
2019-Mar-03 22:08:48.542647 info[fractal.cpp:86] [34m[INFO] Adding monomer at point (105.342379, 62.619986, 254.721308)
2019-Mar-03 22:08:48.542746 info[fractal.cpp:175] [34m[INFO] Fractal parameters updated.
2019-Mar-03 22:08:48.542822 info[fractal.cpp:73] [34m[INFO] Adding new monomer to fractal using Monte Carlo algorithm.
2019-Mar-03 22:08:48.542896 info[fractal.cpp:121] [34m[INFO] Out of range best_monomer = 1560.000000
