2019-Mar-03 22:14:19.542671 info[fractal.cpp:112] [34m[INFO] Failed to attach to (196.272536, -233.789046, -77.117836). Trying new monomer.
2019-Mar-03 22:14:19.545338 info[fractal.cpp:112] [34m[INFO] Failed to attach to (146.923497, -208.108927, -78.543304). Trying new monomer.
2019-Mar-03 22:14:19.547220 info[fractal.cpp:112] [34m[INFO] Failed to attach to (146.923497, -208.108927, -78.543304). Trying new monomer.
2019-Mar-03 22:14:19.549926 info[fractal.cpp:112] [34m[INFO] Failed to attach to (196.272536, -233.789046, -77.117836). Trying new monomer.
2019-Mar-03 22:14:19.552530 info[fractal.cpp:112] [34m[INFO] Failed to attach to (218.861522, -238.701374, -25.550451). Trying new monomer.
2019-Mar-03 22:14:19.559110 info[fractal.cpp:112] [34m[INFO] Failed to attach to (222.999395, -182.796676, -112.325158). Trying new monomer.
2019-Mar-03 22:14:19.564169 info[fractal.cpp:112] [34m[INFO] Failed to attach to (218.861522, -238.701374, -25.550451). Trying new monomer.
2019-Mar-03 22:14:19.566418 info[fractal.cpp:112] [34m[INFO] Failed to attach to (196.272536, -233.789046, -77.117836). Trying new monomer.
2019-Mar-03 22:14:19.569090 info[fractal.cpp:112] [34m[INFO] Failed to attach to (174.147588, -218.546625, -123.995514). Trying new monomer.
2019-Mar-03 22:14:19.571531 info[fractal.cpp:112] [34m[INFO] Failed to attach to (196.272536, -233.789046, -77.117836). Trying new monomer.
2019-Mar-03 22:14:19.579664 info[fractal.cpp:112] [34m[INFO] Failed to attach to (-215.725771, 165.028728, -141.616493). Trying new monomer.
2019-Mar-03 22:14:19.588527 info[fractal.cpp:112] [34m[INFO] Failed to attach to (174.147588, -218.546625, -123.995514). Trying new monomer.
2019-Mar-03 22:14:19.593552 info[fractal.cpp:112] [34m[INFO] Failed to attach to (187.741458, -262.167493, 61.037181). Trying new monomer.
2019-Mar-03 22:14:19.596347 info[fractal.cpp:112] [34m[INFO] Failed to attach to (218.861522, -238.701374, -25.550451). Trying new monomer.
2019-Mar-03 22:14:19.598104 info[fractal.cpp:112] [34m[INFO] Failed to attach to (146.923497, -208.108927, -78.543304). Trying new monomer.
2019-Mar-03 22:14:19.607060 info[fractal.cpp:112] [34m[INFO] Failed to attach to (187.741458, -262.167493, 61.037181). Trying new monomer.
2019-Mar-03 22:14:19.614045 info[fractal.cpp:112] [34m[INFO] Failed to attach to (-313.976033, 2.168195, -22.965480). Trying new monomer.
2019-Mar-03 22:14:19.617409 info[fractal.cpp:112] [34m[INFO] Failed to attach to (174.147588, -218.546625, -123.995514). Trying new monomer.
2019-Mar-03 22:14:19.621320 info[fractal.cpp:112] [34m[INFO] Failed to attach to (146.923497, -208.108927, -78.543304). Trying new monomer.
2019-Mar-03 22:14:19.626324 info[fractal.cpp:112] [34m[INFO] Failed to attach to (218.861522, -238.701374, -25.550451). Trying new monomer.
2019-Mar-03 22:14:19.630593 info[fractal.cpp:112] [34m[INFO] Failed to attach to (-215.725771, 165.028728, -141.616493). Trying new monomer.
2019-Mar-03 22:14:19.636428 info[fractal.cpp:112] [34m[INFO] Failed to attach to (146.923497, -208.108927, -78.543304). Trying new monomer.
2019-Mar-03 22:14:19.642320 info[fractal.cpp:112] [34m[INFO] Failed to attach to (219.511802, -179.242287, -58.555250). Trying new monomer.
2019-Mar-03 22:14:19.646067 info[fractal.cpp:112] [34m[INFO] Failed to attach to (222.999395, -182.796676, -112.325158). Trying new monomer.
2019-Mar-03 22:14:19.649854 info[fractal.cpp:112] [34m[INFO] Failed to attach to (196.272536, -233.789046, -77.117836). Trying new monomer.
2019-Mar-03 22:14:19.664239 info[fractal.cpp:112] [34m[INFO] Failed to attach to (187.741458, -262.167493, 61.037181). Trying new monomer.
2019-Mar-03 22:14:19.670623 info[fractal.cpp:112] [34m[INFO] Failed to attach to (146.923497, -208.108927, -78.543304). Trying new monomer.
2019-Mar-03 22:14:19.677050 info[fractal.cpp:112] [34m[INFO] Failed to attach to (222.999395, -182.796676, -112.325158). Trying new monomer.
2019-Mar-03 22:14:19.680041 info[fractal.cpp:112] [34m[INFO] Failed to attach to (174.147588, -218.546625, -123.995514). Trying new monomer.
2019-Mar-03 22:14:19.682459 info[fractal.cpp:112] [34m[INFO] Failed to attach to (146.923497, -208.108927, -78.543304). Trying new monomer.
2019-Mar-03 22:14:19.684727 info[fractal.cpp:112] [34m[INFO] Failed to attach to (-215.725771, 165.028728, -141.616493). Trying new monomer.
2019-Mar-03 22:14:19.691732 info[fractal.cpp:112] [34m[INFO] Failed to attach to (218.861522, -238.701374, -25.550451). Trying new monomer.
2019-Mar-03 22:14:19.697962 info[fractal.cpp:112] [34m[INFO] Failed to attach to (-99.670150, 317.585358, -193.005745). Trying new monomer.
2019-Mar-03 22:14:19.701885 info[fractal.cpp:112] [34m[INFO] Failed to attach to (222.999395, -182.796676, -112.325158). Trying new monomer.
2019-Mar-03 22:14:19.703982 info[fractal.cpp:112] [34m[INFO] Failed to attach to (-63.999484, 255.154414, 45.321008). Trying new monomer.
2019-Mar-03 22:14:19.705651 info[fractal.cpp:112] [34m[INFO] Failed to attach to (146.923497, -208.108927, -78.543304). Trying new monomer.
2019-Mar-03 22:14:19.717467 info[fractal.cpp:112] [34m[INFO] Failed to attach to (174.147588, -218.546625, -123.995514). Trying new monomer.
2019-Mar-03 22:14:19.758444 info[fractal.cpp:112] [34m[INFO] Failed to attach to (222.999395, -182.796676, -112.325158). Trying new monomer.
2019-Mar-03 22:14:19.765463 info[fractal.cpp:112] [34m[INFO] Failed to attach to (196.272536, -233.789046, -77.117836). Trying new monomer.
2019-Mar-03 22:14:19.769944 info[fractal.cpp:112] [34m[INFO] Failed to attach to (222.999395, -182.796676, -112.325158). Trying new monomer.
2019-Mar-03 22:14:19.773539 info[fractal.cpp:112] [34m[INFO] Failed to attach to (-215.725771, 165.028728, -141.616493). Trying new monomer.
2019-Mar-03 22:14:19.775540 info[fractal.cpp:112] [34m[INFO] Failed to attach to (146.923497, -208.108927, -78.543304). Trying new monomer.
2019-Mar-03 22:14:19.778960 info[fractal.cpp:112] [34m[INFO] Failed to attach to (219.511802, -179.242287, -58.555250). Trying new monomer.
2019-Mar-03 22:14:19.782087 info[fractal.cpp:112] [34m[INFO] Failed to attach to (196.272536, -233.789046, -77.117836). Trying new monomer.
2019-Mar-03 22:14:19.786957 info[fractal.cpp:112] [34m[INFO] Failed to attach to (259.618799, -214.883658, -145.934349). Trying new monomer.
2019-Mar-03 22:14:19.789746 info[fractal.cpp:112] [34m[INFO] Failed to attach to (218.861522, -238.701374, -25.550451). Trying new monomer.
2019-Mar-03 22:14:19.801836 info[fractal.cpp:112] [34m[INFO] Failed to attach to (196.272536, -233.789046, -77.117836). Trying new monomer.
2019-Mar-03 22:14:19.804085 info[fractal.cpp:112] [34m[INFO] Failed to attach to (146.923497, -208.108927, -78.543304). Trying new monomer.
2019-Mar-03 22:14:19.811583 info[fractal.cpp:112] [34m[INFO] Failed to attach to (196.272536, -233.789046, -77.117836). Trying new monomer.
2019-Mar-03 22:14:19.821063 info[fractal.cpp:112] [34m[INFO] Failed to attach to (174.147588, -218.546625, -123.995514). Trying new monomer.
2019-Mar-03 22:14:19.826597 info[fractal.cpp:112] [34m[INFO] Failed to attach to (219.511802, -179.242287, -58.555250). Trying new monomer.
2019-Mar-03 22:14:19.834155 info[fractal.cpp:112] [34m[INFO] Failed to attach to (196.272536, -233.789046, -77.117836). Trying new monomer.
2019-Mar-03 22:14:19.840406 info[fractal.cpp:112] [34m[INFO] Failed to attach to (-99.670150, 317.585358, -193.005745). Trying new monomer.
2019-Mar-03 22:14:19.846223 info[fractal.cpp:112] [34m[INFO] Failed to attach to (218.861522, -238.701374, -25.550451). Trying new monomer.
2019-Mar-03 22:14:19.849819 info[fractal.cpp:112] [34m[INFO] Failed to attach to (-215.725771, 165.028728, -141.616493). Trying new monomer.
2019-Mar-03 22:14:19.863333 info[fractal.cpp:112] [34m[INFO] Failed to attach to (-117.090573, 174.645299, -41.142112). Trying new monomer.
2019-Mar-03 22:14:19.867151 info[fractal.cpp:112] [34m[INFO] Failed to attach to (222.999395, -182.796676, -112.325158). Trying new monomer.
2019-Mar-03 22:14:19.869253 info[fractal.cpp:112] [34m[INFO] Failed to attach to (-215.725771, 165.028728, -141.616493). Trying new monomer.
2019-Mar-03 22:14:19.872001 info[fractal.cpp:112] [34m[INFO] Failed to attach to (222.999395, -182.796676, -112.325158). Trying new monomer.
2019-Mar-03 22:14:19.875088 info[fractal.cpp:112] [34m[INFO] Failed to attach to (196.272536, -233.789046, -77.117836). Trying new monomer.
2019-Mar-03 22:14:19.877375 info[fractal.cpp:112] [34m[INFO] Failed to attach to (-63.999484, 255.154414, 45.321008). Trying new monomer.
2019-Mar-03 22:14:19.880817 info[fractal.cpp:112] [34m[INFO] Failed to attach to (218.861522, -238.701374, -25.550451). Trying new monomer.
2019-Mar-03 22:14:19.884691 info[fractal.cpp:112] [34m[INFO] Failed to attach to (146.923497, -208.108927, -78.543304). Trying new monomer.
2019-Mar-03 22:14:19.891348 info[fractal.cpp:112] [34m[INFO] Failed to attach to (219.511802, -179.242287, -58.555250). Trying new monomer.
2019-Mar-03 22:14:19.893834 info[fractal.cpp:112] [34m[INFO] Failed to attach to (222.999395, -182.796676, -112.325158). Trying new monomer.
2019-Mar-03 22:14:19.907227 info[fractal.cpp:112] [34m[INFO] Failed to attach to (218.861522, -238.701374, -25.550451). Trying new monomer.
2019-Mar-03 22:14:19.916107 info[fractal.cpp:112] [34m[INFO] Failed to attach to (174.147588, -218.546625, -123.995514). Trying new monomer.
2019-Mar-03 22:14:19.919632 info[fractal.cpp:112] [34m[INFO] Failed to attach to (218.861522, -238.701374, -25.550451). Trying new monomer.
2019-Mar-03 22:14:19.921903 info[fractal.cpp:112] [34m[INFO] Failed to attach to (174.147588, -218.546625, -123.995514). Trying new monomer.
2019-Mar-03 22:14:19.926206 info[fractal.cpp:112] [34m[INFO] Failed to attach to (218.861522, -238.701374, -25.550451). Trying new monomer.
2019-Mar-03 22:14:19.929857 info[fractal.cpp:112] [34m[INFO] Failed to attach to (174.147588, -218.546625, -123.995514). Trying new monomer.
2019-Mar-03 22:14:19.935026 info[fractal.cpp:112] [34m[INFO] Failed to attach to (146.923497, -208.108927, -78.543304). Trying new monomer.
2019-Mar-03 22:14:19.938731 info[fractal.cpp:112] [34m[INFO] Failed to attach to (146.923497, -208.108927, -78.543304). Trying new monomer.
2019-Mar-03 22:14:19.943305 info[fractal.cpp:112] [34m[INFO] Failed to attach to (146.923497, -208.108927, -78.543304). Trying new monomer.
2019-Mar-03 22:14:19.946649 info[fractal.cpp:112] [34m[INFO] Failed to attach to (218.861522, -238.701374, -25.550451). Trying new monomer.
2019-Mar-03 22:14:19.950062 info[fractal.cpp:112] [34m[INFO] Failed to attach to (146.923497, -208.108927, -78.543304). Trying new monomer.
2019-Mar-03 22:14:19.954404 info[fractal.cpp:112] [34m[INFO] Failed to attach to (196.272536, -233.789046, -77.117836). Trying new monomer.
2019-Mar-03 22:14:19.959218 info[fractal.cpp:112] [34m[INFO] Failed to attach to (218.861522, -238.701374, -25.550451). Trying new monomer.
2019-Mar-03 22:14:19.966178 info[fractal.cpp:112] [34m[INFO] Failed to attach to (187.741458, -262.167493, 61.037181). Trying new monomer.
2019-Mar-03 22:14:19.968633 info[fractal.cpp:112] [34m[INFO] Failed to attach to (174.147588, -218.546625, -123.995514). Trying new monomer.
2019-Mar-03 22:14:19.976216 info[fractal.cpp:112] [34m[INFO] Failed to attach to (-63.999484, 255.154414, 45.321008). Trying new monomer.
2019-Mar-03 22:14:19.980762 info[fractal.cpp:112] [34m[INFO] Failed to attach to (219.511802, -179.242287, -58.555250). Trying new monomer.
2019-Mar-03 22:14:19.985485 info[fractal.cpp:112] [34m[INFO] Failed to attach to (196.272536, -233.789046, -77.117836). Trying new monomer.
2019-Mar-03 22:14:19.997659 info[fractal.cpp:112] [34m[INFO] Failed to attach to (218.861522, -238.701374, -25.550451). Trying new monomer.
2019-Mar-03 22:14:20.003060 info[fractal.cpp:112] [34m[INFO] Failed to attach to (-215.725771, 165.028728, -141.616493). Trying new monomer.
2019-Mar-03 22:14:20.008511 info[fractal.cpp:112] [34m[INFO] Failed to attach to (146.923497, -208.108927, -78.543304). Trying new monomer.
2019-Mar-03 22:14:20.011292 info[fractal.cpp:112] [34m[INFO] Failed to attach to (150.426596, -261.873883, -82.156857). Trying new monomer.
2019-Mar-03 22:14:20.013866 info[fractal.cpp:112] [34m[INFO] Failed to attach to (218.861522, -238.701374, -25.550451). Trying new monomer.
2019-Mar-03 22:14:20.016800 info[fractal.cpp:112] [34m[INFO] Failed to attach to (174.147588, -218.546625, -123.995514). Trying new monomer.
2019-Mar-03 22:14:20.021656 info[fractal.cpp:112] [34m[INFO] Failed to attach to (218.861522, -238.701374, -25.550451). Trying new monomer.
2019-Mar-03 22:14:20.026265 info[fractal.cpp:112] [34m[INFO] Failed to attach to (196.272536, -233.789046, -77.117836). Trying new monomer.
2019-Mar-03 22:14:20.029121 info[fractal.cpp:112] [34m[INFO] Failed to attach to (-63.999484, 255.154414, 45.321008). Trying new monomer.
2019-Mar-03 22:14:20.032637 info[fractal.cpp:112] [34m[INFO] Failed to attach to (187.741458, -262.167493, 61.037181). Trying new monomer.
2019-Mar-03 22:14:20.043980 info[fractal.cpp:112] [34m[INFO] Failed to attach to (219.511802, -179.242287, -58.555250). Trying new monomer.
2019-Mar-03 22:14:20.055383 info[fractal.cpp:112] [34m[INFO] Failed to attach to (-215.725771, 165.028728, -141.616493). Trying new monomer.
2019-Mar-03 22:14:20.062355 info[fractal.cpp:112] [34m[INFO] Failed to attach to (218.861522, -238.701374, -25.550451). Trying new monomer.
2019-Mar-03 22:14:20.069499 info[fractal.cpp:112] [34m[INFO] Failed to attach to (196.272536, -233.789046, -77.117836). Trying new monomer.
2019-Mar-03 22:14:20.075842 info[fractal.cpp:112] [34m[INFO] Failed to attach to (174.147588, -218.546625, -123.995514). Trying new monomer.
2019-Mar-03 22:14:20.083929 info[fractal.cpp:112] [34m[INFO] Failed to attach to (222.999395, -182.796676, -112.325158). Trying new monomer.
2019-Mar-03 22:14:20.085544 info[fractal.cpp:112] [34m[INFO] Failed to attach to (146.923497, -208.108927, -78.543304). Trying new monomer.
2019-Mar-03 22:14:20.092272 info[fractal.cpp:112] [34m[INFO] Failed to attach to (222.999395, -182.796676, -112.325158). Trying new monomer.
2019-Mar-03 22:14:20.093209 info[fractal.cpp:152] [34m[INFO] Actual epsilon = 0.000012
2019-Mar-03 22:14:20.093367 info[fractal.cpp:86] [34m[INFO] Adding monomer at point (-402.730871, 14.890113, 52.584866)
2019-Mar-03 22:14:20.093505 info[fractal.cpp:175] [34m[INFO] Fractal parameters updated.
2019-Mar-03 22:14:20.093624 info[fractal.cpp:73] [34m[INFO] Adding new monomer to fractal using Monte Carlo algorithm.
2019-Mar-03 22:14:20.093734 info[fractal.cpp:121] [34m[INFO] Out of range best_monomer = 9750.000000
2019-Mar-03 22:14:20.093824 info[fractal.cpp:143] [34m[INFO] Under epsilon in 1 attempts.
2019-Mar-03 22:14:20.100581 info[fractal.cpp:112] [34m[INFO] Failed to attach to (-215.725771, 165.028728, -141.616493). Trying new monomer.
2019-Mar-03 22:14:20.109484 info[fractal.cpp:112] [34m[INFO] Failed to attach to (219.511802, -179.242287, -58.555250). Trying new monomer.
2019-Mar-03 22:14:20.118426 info[fractal.cpp:112] [34m[INFO] Failed to attach to (174.147588, -218.546625, -123.995514). Trying new monomer.
2019-Mar-03 22:14:20.121598 info[fractal.cpp:112] [34m[INFO] Failed to attach to (146.923497, -208.108927, -78.543304). Trying new monomer.
2019-Mar-03 22:14:20.126137 info[fractal.cpp:112] [34m[INFO] Failed to attach to (222.999395, -182.796676, -112.325158). Trying new monomer.
2019-Mar-03 22:14:20.133137 info[fractal.cpp:112] [34m[INFO] Failed to attach to (259.618799, -214.883658, -145.934349). Trying new monomer.
2019-Mar-03 22:14:20.136317 info[fractal.cpp:112] [34m[INFO] Failed to attach to (218.861522, -238.701374, -25.550451). Trying new monomer.
2019-Mar-03 22:14:20.145559 info[fractal.cpp:112] [34m[INFO] Failed to attach to (219.511802, -179.242287, -58.555250). Trying new monomer.
2019-Mar-03 22:14:20.155320 info[fractal.cpp:112] [34m[INFO] Failed to attach to (222.999395, -182.796676, -112.325158). Trying new monomer.
2019-Mar-03 22:14:20.161496 info[fractal.cpp:112] [34m[INFO] Failed to attach to (222.999395, -182.796676, -112.325158). Trying new monomer.
