2019-Mar-03 22:12:10.501721 info[fractal.cpp:175] [34m[INFO] Fractal parameters updated.
2019-Mar-03 22:12:10.502420 info[fractal.cpp:73] [34m[INFO] Adding new monomer to fractal using Monte Carlo algorithm.
2019-Mar-03 22:12:10.502571 info[fractal.cpp:121] [34m[INFO] Out of range best_monomer = 780.000000
2019-Mar-03 22:12:10.502686 info[fractal.cpp:143] [34m[INFO] Under epsilon in 1 attempts.
2019-Mar-03 22:12:10.508868 info[fractal.cpp:152] [34m[INFO] Actual epsilon = 0.000003
2019-Mar-03 22:12:10.508990 info[fractal.cpp:86] [34m[INFO] Adding monomer at point (-118.184903, 95.879201, 34.768500)
2019-Mar-03 22:12:10.509098 info[fractal.cpp:175] [34m[INFO] Fractal parameters updated.
2019-Mar-03 22:12:10.509158 info[fractal.cpp:73] [34m[INFO] Adding new monomer to fractal using Monte Carlo algorithm.
2019-Mar-03 22:12:10.509237 info[fractal.cpp:121] [34m[INFO] Out of range best_monomer = 810.000000
2019-Mar-03 22:12:10.509329 info[fractal.cpp:143] [34m[INFO] Under epsilon in 1 attempts.
2019-Mar-03 22:12:10.516109 info[fractal.cpp:152] [34m[INFO] Actual epsilon = 0.000013
2019-Mar-03 22:12:10.516234 info[fractal.cpp:86] [34m[INFO] Adding monomer at point (192.149497, -86.567944, -79.972582)
2019-Mar-03 22:12:10.516322 info[fractal.cpp:175] [34m[INFO] Fractal parameters updated.
2019-Mar-03 22:12:10.516402 info[fractal.cpp:73] [34m[INFO] Adding new monomer to fractal using Monte Carlo algorithm.
2019-Mar-03 22:12:10.516456 info[fractal.cpp:121] [34m[INFO] Out of range best_monomer = 840.000000
2019-Mar-03 22:12:10.516551 info[fractal.cpp:143] [34m[INFO] Under epsilon in 1 attempts.
2019-Mar-03 22:12:10.522988 info[fractal.cpp:152] [34m[INFO] Actual epsilon = 0.000031
2019-Mar-03 22:12:10.523134 info[fractal.cpp:86] [34m[INFO] Adding monomer at point (23.049639, 144.681580, 108.023029)
2019-Mar-03 22:12:10.523217 info[fractal.cpp:175] [34m[INFO] Fractal parameters updated.
2019-Mar-03 22:12:10.523289 info[fractal.cpp:73] [34m[INFO] Adding new monomer to fractal using Monte Carlo algorithm.
2019-Mar-03 22:12:10.523360 info[fractal.cpp:121] [34m[INFO] Out of range best_monomer = 870.000000
2019-Mar-03 22:12:10.523437 info[fractal.cpp:143] [34m[INFO] Under epsilon in 1 attempts.
2019-Mar-03 22:12:10.531685 info[fractal.cpp:152] [34m[INFO] Actual epsilon = 0.000003
2019-Mar-03 22:12:10.531813 info[fractal.cpp:86] [34m[INFO] Adding monomer at point (218.164196, -84.211520, -17.396784)
2019-Mar-03 22:12:10.531912 info[fractal.cpp:175] [34m[INFO] Fractal parameters updated.
2019-Mar-03 22:12:10.531998 info[fractal.cpp:73] [34m[INFO] Adding new monomer to fractal using Monte Carlo algorithm.
2019-Mar-03 22:12:10.532079 info[fractal.cpp:121] [34m[INFO] Out of range best_monomer = 900.000000
2019-Mar-03 22:12:10.532146 info[fractal.cpp:143] [34m[INFO] Under epsilon in 1 attempts.
2019-Mar-03 22:12:10.538610 info[fractal.cpp:152] [34m[INFO] Actual epsilon = 0.000003
2019-Mar-03 22:12:10.538773 info[fractal.cpp:86] [34m[INFO] Adding monomer at point (-87.484210, 118.149158, 89.526653)
2019-Mar-03 22:12:10.538847 info[fractal.cpp:175] [34m[INFO] Fractal parameters updated.
2019-Mar-03 22:12:10.538961 info[fractal.cpp:73] [34m[INFO] Adding new monomer to fractal using Monte Carlo algorithm.
2019-Mar-03 22:12:10.539014 info[fractal.cpp:121] [34m[INFO] Out of range best_monomer = 930.000000
2019-Mar-03 22:12:10.539092 info[fractal.cpp:143] [34m[INFO] Under epsilon in 1 attempts.
2019-Mar-03 22:12:10.545975 info[fractal.cpp:152] [34m[INFO] Actual epsilon = 0.000003
2019-Mar-03 22:12:10.546160 info[fractal.cpp:86] [34m[INFO] Adding monomer at point (164.401245, -167.049750, -1.547216)
2019-Mar-03 22:12:10.546292 info[fractal.cpp:175] [34m[INFO] Fractal parameters updated.
2019-Mar-03 22:12:10.546353 info[fractal.cpp:73] [34m[INFO] Adding new monomer to fractal using Monte Carlo algorithm.
2019-Mar-03 22:12:10.546428 info[fractal.cpp:121] [34m[INFO] Out of range best_monomer = 960.000000
2019-Mar-03 22:12:10.546552 info[fractal.cpp:143] [34m[INFO] Under epsilon in 1 attempts.
2019-Mar-03 22:12:10.553688 info[fractal.cpp:152] [34m[INFO] Actual epsilon = 0.000023
2019-Mar-03 22:12:10.553871 info[fractal.cpp:86] [34m[INFO] Adding monomer at point (-114.321786, 133.285191, 16.063736)
2019-Mar-03 22:12:10.553986 info[fractal.cpp:175] [34m[INFO] Fractal parameters updated.
2019-Mar-03 22:12:10.554046 info[fractal.cpp:73] [34m[INFO] Adding new monomer to fractal using Monte Carlo algorithm.
2019-Mar-03 22:12:10.554107 info[fractal.cpp:121] [34m[INFO] Out of range best_monomer = 990.000000
2019-Mar-03 22:12:10.554193 info[fractal.cpp:143] [34m[INFO] Under epsilon in 1 attempts.
2019-Mar-03 22:12:10.561276 info[fractal.cpp:152] [34m[INFO] Actual epsilon = 0.000016
2019-Mar-03 22:12:10.561398 info[fractal.cpp:86] [34m[INFO] Adding monomer at point (-77.820042, 115.637176, 130.322410)
2019-Mar-03 22:12:10.561465 info[fractal.cpp:175] [34m[INFO] Fractal parameters updated.
2019-Mar-03 22:12:10.561571 info[fractal.cpp:73] [34m[INFO] Adding new monomer to fractal using Monte Carlo algorithm.
2019-Mar-03 22:12:10.561624 info[fractal.cpp:121] [34m[INFO] Out of range best_monomer = 1020.000000
2019-Mar-03 22:12:10.561693 info[fractal.cpp:143] [34m[INFO] Under epsilon in 1 attempts.
2019-Mar-03 22:12:10.573955 info[fractal.cpp:152] [34m[INFO] Actual epsilon = 0.000011
2019-Mar-03 22:12:10.574098 info[fractal.cpp:86] [34m[INFO] Adding monomer at point (181.483909, -111.439995, -112.091522)
2019-Mar-03 22:12:10.574185 info[fractal.cpp:175] [34m[INFO] Fractal parameters updated.
2019-Mar-03 22:12:10.574258 info[fractal.cpp:73] [34m[INFO] Adding new monomer to fractal using Monte Carlo algorithm.
2019-Mar-03 22:12:10.574319 info[fractal.cpp:121] [34m[INFO] Out of range best_monomer = 1050.000000
2019-Mar-03 22:12:10.574379 info[fractal.cpp:143] [34m[INFO] Under epsilon in 1 attempts.
2019-Mar-03 22:12:10.582295 info[fractal.cpp:152] [34m[INFO] Actual epsilon = 0.000019
2019-Mar-03 22:12:10.582443 info[fractal.cpp:86] [34m[INFO] Adding monomer at point (-140.654805, 103.697242, 69.380373)
2019-Mar-03 22:12:10.582536 info[fractal.cpp:175] [34m[INFO] Fractal parameters updated.
2019-Mar-03 22:12:10.582624 info[fractal.cpp:73] [34m[INFO] Adding new monomer to fractal using Monte Carlo algorithm.
2019-Mar-03 22:12:10.582685 info[fractal.cpp:121] [34m[INFO] Out of range best_monomer = 1080.000000
2019-Mar-03 22:12:10.582763 info[fractal.cpp:143] [34m[INFO] Under epsilon in 1 attempts.
2019-Mar-03 22:12:10.590209 info[fractal.cpp:152] [34m[INFO] Actual epsilon = 0.000002
2019-Mar-03 22:12:10.590335 info[fractal.cpp:86] [34m[INFO] Adding monomer at point (245.648233, -52.863370, -22.488074)
2019-Mar-03 22:12:10.590426 info[fractal.cpp:175] [34m[INFO] Fractal parameters updated.
2019-Mar-03 22:12:10.590499 info[fractal.cpp:73] [34m[INFO] Adding new monomer to fractal using Monte Carlo algorithm.
2019-Mar-03 22:12:10.590554 info[fractal.cpp:121] [34m[INFO] Out of range best_monomer = 1110.000000
2019-Mar-03 22:12:10.590653 info[fractal.cpp:143] [34m[INFO] Under epsilon in 1 attempts.
2019-Mar-03 22:12:10.598723 info[fractal.cpp:152] [34m[INFO] Actual epsilon = 0.000034
2019-Mar-03 22:12:10.598856 info[fractal.cpp:86] [34m[INFO] Adding monomer at point (253.606628, -56.629203, 18.578731)
2019-Mar-03 22:12:10.598945 info[fractal.cpp:175] [34m[INFO] Fractal parameters updated.
2019-Mar-03 22:12:10.599028 info[fractal.cpp:73] [34m[INFO] Adding new monomer to fractal using Monte Carlo algorithm.
2019-Mar-03 22:12:10.599082 info[fractal.cpp:121] [34m[INFO] Out of range best_monomer = 1140.000000
2019-Mar-03 22:12:10.599170 info[fractal.cpp:143] [34m[INFO] Under epsilon in 1 attempts.
2019-Mar-03 22:12:10.606732 info[fractal.cpp:152] [34m[INFO] Actual epsilon = 0.000012
2019-Mar-03 22:12:10.606866 info[fractal.cpp:86] [34m[INFO] Adding monomer at point (-82.834900, 159.631737, 94.172034)
2019-Mar-03 22:12:10.606934 info[fractal.cpp:175] [34m[INFO] Fractal parameters updated.
2019-Mar-03 22:12:10.607006 info[fractal.cpp:73] [34m[INFO] Adding new monomer to fractal using Monte Carlo algorithm.
2019-Mar-03 22:12:10.607057 info[fractal.cpp:121] [34m[INFO] Out of range best_monomer = 1170.000000
2019-Mar-03 22:12:10.607151 info[fractal.cpp:143] [34m[INFO] Under epsilon in 1 attempts.
2019-Mar-03 22:12:10.616201 info[fractal.cpp:152] [34m[INFO] Actual epsilon = 0.000004
2019-Mar-03 22:12:10.616345 info[fractal.cpp:86] [34m[INFO] Adding monomer at point (218.044975, -130.822955, -63.452800)
2019-Mar-03 22:12:10.616436 info[fractal.cpp:175] [34m[INFO] Fractal parameters updated.
2019-Mar-03 22:12:10.616509 info[fractal.cpp:73] [34m[INFO] Adding new monomer to fractal using Monte Carlo algorithm.
2019-Mar-03 22:12:10.616581 info[fractal.cpp:121] [34m[INFO] Out of range best_monomer = 1200.000000
2019-Mar-03 22:12:10.616657 info[fractal.cpp:143] [34m[INFO] Under epsilon in 1 attempts.
2019-Mar-03 22:12:10.627385 info[fractal.cpp:152] [34m[INFO] Actual epsilon = 0.000043
2019-Mar-03 22:12:10.627510 info[fractal.cpp:86] [34m[INFO] Adding monomer at point (-133.147269, 100.016805, 110.539713)
2019-Mar-03 22:12:10.627598 info[fractal.cpp:175] [34m[INFO] Fractal parameters updated.
2019-Mar-03 22:12:10.627684 info[fractal.cpp:73] [34m[INFO] Adding new monomer to fractal using Monte Carlo algorithm.
2019-Mar-03 22:12:10.627766 info[fractal.cpp:121] [34m[INFO] Out of range best_monomer = 1230.000000
2019-Mar-03 22:12:10.627852 info[fractal.cpp:143] [34m[INFO] Under epsilon in 1 attempts.
2019-Mar-03 22:12:10.638251 info[fractal.cpp:152] [34m[INFO] Actual epsilon = 0.000000
2019-Mar-03 22:12:10.638447 info[fractal.cpp:86] [34m[INFO] Adding monomer at point (186.466661, -183.137049, 30.363851)
2019-Mar-03 22:12:10.638617 info[fractal.cpp:175] [34m[INFO] Fractal parameters updated.
2019-Mar-03 22:12:10.638679 info[fractal.cpp:73] [34m[INFO] Adding new monomer to fractal using Monte Carlo algorithm.
2019-Mar-03 22:12:10.638740 info[fractal.cpp:121] [34m[INFO] Out of range best_monomer = 1260.000000
2019-Mar-03 22:12:10.638840 info[fractal.cpp:143] [34m[INFO] Under epsilon in 1 attempts.
2019-Mar-03 22:12:10.648969 info[fractal.cpp:152] [34m[INFO] Actual epsilon = 0.000052
2019-Mar-03 22:12:10.649096 info[fractal.cpp:86] [34m[INFO] Adding monomer at point (-151.465566, 64.151636, 122.461528)
2019-Mar-03 22:12:10.649195 info[fractal.cpp:175] [34m[INFO] Fractal parameters updated.
2019-Mar-03 22:12:10.649276 info[fractal.cpp:73] [34m[INFO] Adding new monomer to fractal using Monte Carlo algorithm.
2019-Mar-03 22:12:10.649354 info[fractal.cpp:121] [34m[INFO] Out of range best_monomer = 1290.000000
2019-Mar-03 22:12:10.649440 info[fractal.cpp:143] [34m[INFO] Under epsilon in 1 attempts.
2019-Mar-03 22:12:10.659657 info[fractal.cpp:152] [34m[INFO] Actual epsilon = 0.000024
2019-Mar-03 22:12:10.659812 info[fractal.cpp:86] [34m[INFO] Adding monomer at point (161.489747, -204.528531, 56.489668)
2019-Mar-03 22:12:10.659905 info[fractal.cpp:175] [34m[INFO] Fractal parameters updated.
2019-Mar-03 22:12:10.659980 info[fractal.cpp:73] [34m[INFO] Adding new monomer to fractal using Monte Carlo algorithm.
2019-Mar-03 22:12:10.660051 info[fractal.cpp:121] [34m[INFO] Out of range best_monomer = 1320.000000
2019-Mar-03 22:12:10.660131 info[fractal.cpp:143] [34m[INFO] Under epsilon in 1 attempts.
2019-Mar-03 22:12:10.673034 info[fractal.cpp:152] [34m[INFO] Actual epsilon = 0.000003
2019-Mar-03 22:12:10.673170 info[fractal.cpp:86] [34m[INFO] Adding monomer at point (223.329853, -163.828584, -38.022531)
2019-Mar-03 22:12:10.673236 info[fractal.cpp:175] [34m[INFO] Fractal parameters updated.
2019-Mar-03 22:12:10.673310 info[fractal.cpp:73] [34m[INFO] Adding new monomer to fractal using Monte Carlo algorithm.
2019-Mar-03 22:12:10.673362 info[fractal.cpp:121] [34m[INFO] Out of range best_monomer = 1350.000000
2019-Mar-03 22:12:10.673424 info[fractal.cpp:143] [34m[INFO] Under epsilon in 1 attempts.
2019-Mar-03 22:12:10.683817 info[fractal.cpp:152] [34m[INFO] Actual epsilon = 0.000000
2019-Mar-03 22:12:10.683961 info[fractal.cpp:86] [34m[INFO] Adding monomer at point (285.469705, -45.633966, -33.712425)
2019-Mar-03 22:12:10.684063 info[fractal.cpp:175] [34m[INFO] Fractal parameters updated.
2019-Mar-03 22:12:10.684153 info[fractal.cpp:73] [34m[INFO] Adding new monomer to fractal using Monte Carlo algorithm.
2019-Mar-03 22:12:10.684216 info[fractal.cpp:121] [34m[INFO] Out of range best_monomer = 1380.000000
2019-Mar-03 22:12:10.684321 info[fractal.cpp:143] [34m[INFO] Under epsilon in 1 attempts.
2019-Mar-03 22:12:10.694593 info[fractal.cpp:152] [34m[INFO] Actual epsilon = 0.000051
2019-Mar-03 22:12:10.694721 info[fractal.cpp:86] [34m[INFO] Adding monomer at point (253.361383, -124.518748, -85.293318)
2019-Mar-03 22:12:10.694822 info[fractal.cpp:175] [34m[INFO] Fractal parameters updated.
2019-Mar-03 22:12:10.694928 info[fractal.cpp:73] [34m[INFO] Adding new monomer to fractal using Monte Carlo algorithm.
2019-Mar-03 22:12:10.695014 info[fractal.cpp:121] [34m[INFO] Out of range best_monomer = 1410.000000
2019-Mar-03 22:12:10.695093 info[fractal.cpp:143] [34m[INFO] Under epsilon in 1 attempts.
2019-Mar-03 22:12:10.705470 info[fractal.cpp:152] [34m[INFO] Actual epsilon = 0.000003
2019-Mar-03 22:12:10.705659 info[fractal.cpp:86] [34m[INFO] Adding monomer at point (-130.959298, 147.226880, 52.019578)
2019-Mar-03 22:12:10.705777 info[fractal.cpp:175] [34m[INFO] Fractal parameters updated.
2019-Mar-03 22:12:10.705853 info[fractal.cpp:73] [34m[INFO] Adding new monomer to fractal using Monte Carlo algorithm.
2019-Mar-03 22:12:10.705926 info[fractal.cpp:121] [34m[INFO] Out of range best_monomer = 1440.000000
2019-Mar-03 22:12:10.706016 info[fractal.cpp:143] [34m[INFO] Under epsilon in 1 attempts.
2019-Mar-03 22:12:10.726407 info[fractal.cpp:152] [34m[INFO] Actual epsilon = 0.000025
2019-Mar-03 22:12:10.726560 info[fractal.cpp:86] [34m[INFO] Adding monomer at point (141.459742, -240.403869, 65.193630)
2019-Mar-03 22:12:10.726652 info[fractal.cpp:175] [34m[INFO] Fractal parameters updated.
2019-Mar-03 22:12:10.726734 info[fractal.cpp:73] [34m[INFO] Adding new monomer to fractal using Monte Carlo algorithm.
2019-Mar-03 22:12:10.726817 info[fractal.cpp:121] [34m[INFO] Out of range best_monomer = 1470.000000
2019-Mar-03 22:12:10.726903 info[fractal.cpp:143] [34m[INFO] Under epsilon in 1 attempts.
2019-Mar-03 22:12:10.760774 info[fractal.cpp:152] [34m[INFO] Actual epsilon = 0.000003
2019-Mar-03 22:12:10.760934 info[fractal.cpp:86] [34m[INFO] Adding monomer at point (-135.638209, 59.476970, 161.083313)
2019-Mar-03 22:12:10.761033 info[fractal.cpp:175] [34m[INFO] Fractal parameters updated.
2019-Mar-03 22:12:10.761119 info[fractal.cpp:73] [34m[INFO] Adding new monomer to fractal using Monte Carlo algorithm.
2019-Mar-03 22:12:10.761201 info[fractal.cpp:121] [34m[INFO] Out of range best_monomer = 1500.000000
2019-Mar-03 22:12:10.761287 info[fractal.cpp:143] [34m[INFO] Under epsilon in 1 attempts.
2019-Mar-03 22:12:10.777200 info[fractal.cpp:152] [34m[INFO] Actual epsilon = 0.000001
2019-Mar-03 22:12:10.777350 info[fractal.cpp:86] [34m[INFO] Adding monomer at point (289.748161, -77.202591, -61.082422)
2019-Mar-03 22:12:10.777413 info[fractal.cpp:175] [34m[INFO] Fractal parameters updated.
2019-Mar-03 22:12:10.777467 info[fractal.cpp:73] [34m[INFO] Adding new monomer to fractal using Monte Carlo algorithm.
2019-Mar-03 22:12:10.777608 info[fractal.cpp:121] [34m[INFO] Out of range best_monomer = 1530.000000
2019-Mar-03 22:12:10.777709 info[fractal.cpp:143] [34m[INFO] Under epsilon in 1 attempts.
2019-Mar-03 22:12:10.789926 info[fractal.cpp:152] [34m[INFO] Actual epsilon = 0.000005
2019-Mar-03 22:12:10.790058 info[fractal.cpp:86] [34m[INFO] Adding monomer at point (192.546019, -225.673471, 75.261975)
2019-Mar-03 22:12:10.790156 info[fractal.cpp:175] [34m[INFO] Fractal parameters updated.
2019-Mar-03 22:12:10.790218 info[fractal.cpp:73] [34m[INFO] Adding new monomer to fractal using Monte Carlo algorithm.
2019-Mar-03 22:12:10.790269 info[fractal.cpp:121] [34m[INFO] Out of range best_monomer = 1560.000000
2019-Mar-03 22:12:10.790360 info[fractal.cpp:143] [34m[INFO] Under epsilon in 1 attempts.
