2019-Mar-03 22:07:50.122631 info[fractal.cpp:86] [34m[INFO] Adding monomer at point (-23.604758, -156.189728, -251.650812)
2019-Mar-03 22:07:50.123320 info[fractal.cpp:175] [34m[INFO] Fractal parameters updated.
2019-Mar-03 22:07:50.123431 info[fractal.cpp:73] [34m[INFO] Adding new monomer to fractal using Monte Carlo algorithm.
2019-Mar-03 22:07:50.123516 info[fractal.cpp:121] [34m[INFO] Out of range best_monomer = 2370.000000
2019-Mar-03 22:07:50.123588 info[fractal.cpp:143] [34m[INFO] Under epsilon in 1 attempts.
2019-Mar-03 22:07:50.156473 info[fractal.cpp:152] [34m[INFO] Actual epsilon = 0.000003
2019-Mar-03 22:07:50.156688 info[fractal.cpp:86] [34m[INFO] Adding monomer at point (-199.794172, 30.297300, 205.634255)
2019-Mar-03 22:07:50.156810 info[fractal.cpp:175] [34m[INFO] Fractal parameters updated.
2019-Mar-03 22:07:50.156910 info[fractal.cpp:73] [34m[INFO] Adding new monomer to fractal using Monte Carlo algorithm.
2019-Mar-03 22:07:50.156996 info[fractal.cpp:121] [34m[INFO] Out of range best_monomer = 2400.000000
2019-Mar-03 22:07:50.157083 info[fractal.cpp:143] [34m[INFO] Under epsilon in 1 attempts.
2019-Mar-03 22:07:50.205431 info[fractal.cpp:152] [34m[INFO] Actual epsilon = 0.000024
2019-Mar-03 22:07:50.205566 info[fractal.cpp:86] [34m[INFO] Adding monomer at point (-210.435928, -119.717092, 163.280391)
2019-Mar-03 22:07:50.205628 info[fractal.cpp:175] [34m[INFO] Fractal parameters updated.
2019-Mar-03 22:07:50.205774 info[fractal.cpp:73] [34m[INFO] Adding new monomer to fractal using Monte Carlo algorithm.
2019-Mar-03 22:07:50.205858 info[fractal.cpp:121] [34m[INFO] Out of range best_monomer = 2430.000000
2019-Mar-03 22:07:50.205945 info[fractal.cpp:143] [34m[INFO] Under epsilon in 1 attempts.
2019-Mar-03 22:07:50.242621 info[fractal.cpp:152] [34m[INFO] Actual epsilon = 0.000006
2019-Mar-03 22:07:50.242765 info[fractal.cpp:86] [34m[INFO] Adding monomer at point (-170.356994, 95.938604, -257.228139)
2019-Mar-03 22:07:50.242863 info[fractal.cpp:175] [34m[INFO] Fractal parameters updated.
2019-Mar-03 22:07:50.242936 info[fractal.cpp:73] [34m[INFO] Adding new monomer to fractal using Monte Carlo algorithm.
2019-Mar-03 22:07:50.242992 info[fractal.cpp:121] [34m[INFO] Out of range best_monomer = 2460.000000
2019-Mar-03 22:07:50.243096 info[fractal.cpp:143] [34m[INFO] Under epsilon in 1 attempts.
2019-Mar-03 22:07:50.278519 info[fractal.cpp:152] [34m[INFO] Actual epsilon = 0.000001
2019-Mar-03 22:07:50.278679 info[fractal.cpp:86] [34m[INFO] Adding monomer at point (-173.345270, 92.474766, 222.108690)
2019-Mar-03 22:07:50.278772 info[fractal.cpp:175] [34m[INFO] Fractal parameters updated.
2019-Mar-03 22:07:50.278930 info[fractal.cpp:73] [34m[INFO] Adding new monomer to fractal using Monte Carlo algorithm.
2019-Mar-03 22:07:50.279290 info[fractal.cpp:121] [34m[INFO] Out of range best_monomer = 2490.000000
2019-Mar-03 22:07:50.279594 info[fractal.cpp:143] [34m[INFO] Under epsilon in 1 attempts.
2019-Mar-03 22:07:50.317678 info[fractal.cpp:152] [34m[INFO] Actual epsilon = 0.000001
2019-Mar-03 22:07:50.317828 info[fractal.cpp:86] [34m[INFO] Adding monomer at point (-50.825984, -112.682558, -284.583270)
2019-Mar-03 22:07:50.317916 info[fractal.cpp:175] [34m[INFO] Fractal parameters updated.
2019-Mar-03 22:07:50.317977 info[fractal.cpp:73] [34m[INFO] Adding new monomer to fractal using Monte Carlo algorithm.
2019-Mar-03 22:07:50.318031 info[fractal.cpp:121] [34m[INFO] Out of range best_monomer = 2520.000000
2019-Mar-03 22:07:50.318140 info[fractal.cpp:143] [34m[INFO] Under epsilon in 1 attempts.
2019-Mar-03 22:07:50.353871 info[fractal.cpp:152] [34m[INFO] Actual epsilon = 0.000012
2019-Mar-03 22:07:50.354042 info[fractal.cpp:86] [34m[INFO] Adding monomer at point (-282.254561, -66.150684, 120.444729)
2019-Mar-03 22:07:50.354146 info[fractal.cpp:175] [34m[INFO] Fractal parameters updated.
2019-Mar-03 22:07:50.354210 info[fractal.cpp:73] [34m[INFO] Adding new monomer to fractal using Monte Carlo algorithm.
2019-Mar-03 22:07:50.354265 info[fractal.cpp:121] [34m[INFO] Out of range best_monomer = 2550.000000
2019-Mar-03 22:07:50.354382 info[fractal.cpp:143] [34m[INFO] Under epsilon in 1 attempts.
2019-Mar-03 22:07:50.389417 info[fractal.cpp:152] [34m[INFO] Actual epsilon = 0.000042
2019-Mar-03 22:07:50.389636 info[fractal.cpp:86] [34m[INFO] Adding monomer at point (98.395764, -149.685266, -233.059579)
2019-Mar-03 22:07:50.389736 info[fractal.cpp:175] [34m[INFO] Fractal parameters updated.
2019-Mar-03 22:07:50.389818 info[fractal.cpp:73] [34m[INFO] Adding new monomer to fractal using Monte Carlo algorithm.
2019-Mar-03 22:07:50.389898 info[fractal.cpp:121] [34m[INFO] Out of range best_monomer = 2580.000000
2019-Mar-03 22:07:50.389983 info[fractal.cpp:143] [34m[INFO] Under epsilon in 1 attempts.
2019-Mar-03 22:07:50.436339 info[fractal.cpp:152] [34m[INFO] Actual epsilon = 0.000006
2019-Mar-03 22:07:50.436478 info[fractal.cpp:86] [34m[INFO] Adding monomer at point (-160.441733, -43.126089, 245.367737)
2019-Mar-03 22:07:50.436585 info[fractal.cpp:175] [34m[INFO] Fractal parameters updated.
2019-Mar-03 22:07:50.436647 info[fractal.cpp:73] [34m[INFO] Adding new monomer to fractal using Monte Carlo algorithm.
2019-Mar-03 22:07:50.436711 info[fractal.cpp:121] [34m[INFO] Out of range best_monomer = 2610.000000
2019-Mar-03 22:07:50.436827 info[fractal.cpp:143] [34m[INFO] Under epsilon in 1 attempts.
2019-Mar-03 22:07:50.476028 info[fractal.cpp:152] [34m[INFO] Actual epsilon = 0.000022
2019-Mar-03 22:07:50.476172 info[fractal.cpp:86] [34m[INFO] Adding monomer at point (-235.525605, 128.129115, 170.545327)
2019-Mar-03 22:07:50.476274 info[fractal.cpp:175] [34m[INFO] Fractal parameters updated.
2019-Mar-03 22:07:50.476358 info[fractal.cpp:73] [34m[INFO] Adding new monomer to fractal using Monte Carlo algorithm.
2019-Mar-03 22:07:50.476417 info[fractal.cpp:121] [34m[INFO] Out of range best_monomer = 2640.000000
2019-Mar-03 22:07:50.476478 info[fractal.cpp:143] [34m[INFO] Under epsilon in 1 attempts.
2019-Mar-03 22:07:50.514466 info[fractal.cpp:152] [34m[INFO] Actual epsilon = 0.000009
2019-Mar-03 22:07:50.514620 info[fractal.cpp:86] [34m[INFO] Adding monomer at point (78.270608, 5.337469, -295.726342)
2019-Mar-03 22:07:50.514713 info[fractal.cpp:175] [34m[INFO] Fractal parameters updated.
2019-Mar-03 22:07:50.514789 info[fractal.cpp:73] [34m[INFO] Adding new monomer to fractal using Monte Carlo algorithm.
2019-Mar-03 22:07:50.514864 info[fractal.cpp:121] [34m[INFO] Out of range best_monomer = 2670.000000
2019-Mar-03 22:07:50.514961 info[fractal.cpp:143] [34m[INFO] Under epsilon in 1 attempts.
2019-Mar-03 22:07:50.558595 info[fractal.cpp:152] [34m[INFO] Actual epsilon = 0.000002
2019-Mar-03 22:07:50.558785 info[fractal.cpp:86] [34m[INFO] Adding monomer at point (52.436537, -98.163493, -290.423390)
2019-Mar-03 22:07:50.558874 info[fractal.cpp:175] [34m[INFO] Fractal parameters updated.
2019-Mar-03 22:07:50.558951 info[fractal.cpp:73] [34m[INFO] Adding new monomer to fractal using Monte Carlo algorithm.
2019-Mar-03 22:07:50.559026 info[fractal.cpp:121] [34m[INFO] Out of range best_monomer = 2700.000000
2019-Mar-03 22:07:50.559115 info[fractal.cpp:143] [34m[INFO] Under epsilon in 1 attempts.
2019-Mar-03 22:07:50.602359 info[fractal.cpp:152] [34m[INFO] Actual epsilon = 0.000017
2019-Mar-03 22:07:50.602492 info[fractal.cpp:86] [34m[INFO] Adding monomer at point (2.873841, -68.762597, 271.272463)
2019-Mar-03 22:07:50.602634 info[fractal.cpp:175] [34m[INFO] Fractal parameters updated.
2019-Mar-03 22:07:50.602707 info[fractal.cpp:73] [34m[INFO] Adding new monomer to fractal using Monte Carlo algorithm.
2019-Mar-03 22:07:50.602763 info[fractal.cpp:121] [34m[INFO] Out of range best_monomer = 2730.000000
2019-Mar-03 22:07:50.602840 info[fractal.cpp:143] [34m[INFO] Under epsilon in 1 attempts.
2019-Mar-03 22:07:50.645863 info[fractal.cpp:152] [34m[INFO] Actual epsilon = 0.000002
2019-Mar-03 22:07:50.646016 info[fractal.cpp:86] [34m[INFO] Adding monomer at point (1.928340, 20.538521, -323.794060)
2019-Mar-03 22:07:50.646124 info[fractal.cpp:175] [34m[INFO] Fractal parameters updated.
2019-Mar-03 22:07:50.646186 info[fractal.cpp:73] [34m[INFO] Adding new monomer to fractal using Monte Carlo algorithm.
2019-Mar-03 22:07:50.646266 info[fractal.cpp:121] [34m[INFO] Out of range best_monomer = 2760.000000
2019-Mar-03 22:07:50.646374 info[fractal.cpp:143] [34m[INFO] Under epsilon in 1 attempts.
2019-Mar-03 22:07:50.690917 info[fractal.cpp:152] [34m[INFO] Actual epsilon = 0.000016
2019-Mar-03 22:07:50.691064 info[fractal.cpp:86] [34m[INFO] Adding monomer at point (136.564355, -180.932220, -198.901322)
2019-Mar-03 22:07:50.691157 info[fractal.cpp:175] [34m[INFO] Fractal parameters updated.
2019-Mar-03 22:07:50.691233 info[fractal.cpp:73] [34m[INFO] Adding new monomer to fractal using Monte Carlo algorithm.
2019-Mar-03 22:07:50.691309 info[fractal.cpp:121] [34m[INFO] Out of range best_monomer = 2790.000000
2019-Mar-03 22:07:50.691400 info[fractal.cpp:143] [34m[INFO] Under epsilon in 1 attempts.
2019-Mar-03 22:07:50.769149 info[fractal.cpp:152] [34m[INFO] Actual epsilon = 0.000012
2019-Mar-03 22:07:50.769319 info[fractal.cpp:86] [34m[INFO] Adding monomer at point (20.384798, -196.849749, -255.068676)
2019-Mar-03 22:07:50.769458 info[fractal.cpp:175] [34m[INFO] Fractal parameters updated.
2019-Mar-03 22:07:50.769554 info[fractal.cpp:73] [34m[INFO] Adding new monomer to fractal using Monte Carlo algorithm.
2019-Mar-03 22:07:50.769641 info[fractal.cpp:121] [34m[INFO] Out of range best_monomer = 2820.000000
2019-Mar-03 22:07:50.769741 info[fractal.cpp:143] [34m[INFO] Under epsilon in 1 attempts.
2019-Mar-03 22:07:50.813143 info[fractal.cpp:152] [34m[INFO] Actual epsilon = 0.000005
2019-Mar-03 22:07:50.813390 info[fractal.cpp:86] [34m[INFO] Adding monomer at point (-121.302692, 140.946257, 237.207286)
2019-Mar-03 22:07:50.813480 info[fractal.cpp:175] [34m[INFO] Fractal parameters updated.
2019-Mar-03 22:07:50.813558 info[fractal.cpp:73] [34m[INFO] Adding new monomer to fractal using Monte Carlo algorithm.
2019-Mar-03 22:07:50.813634 info[fractal.cpp:121] [34m[INFO] Out of range best_monomer = 2850.000000
2019-Mar-03 22:07:50.813716 info[fractal.cpp:143] [34m[INFO] Under epsilon in 1 attempts.
2019-Mar-03 22:07:50.862496 info[fractal.cpp:152] [34m[INFO] Actual epsilon = 0.000027
2019-Mar-03 22:07:50.862659 info[fractal.cpp:86] [34m[INFO] Adding monomer at point (144.279656, -63.493716, -273.354898)
2019-Mar-03 22:07:50.862754 info[fractal.cpp:175] [34m[INFO] Fractal parameters updated.
2019-Mar-03 22:07:50.862832 info[fractal.cpp:73] [34m[INFO] Adding new monomer to fractal using Monte Carlo algorithm.
2019-Mar-03 22:07:50.862908 info[fractal.cpp:121] [34m[INFO] Out of range best_monomer = 2880.000000
2019-Mar-03 22:07:50.862990 info[fractal.cpp:143] [34m[INFO] Under epsilon in 1 attempts.
2019-Mar-03 22:07:50.909780 info[fractal.cpp:152] [34m[INFO] Actual epsilon = 0.000028
2019-Mar-03 22:07:50.909929 info[fractal.cpp:86] [34m[INFO] Adding monomer at point (-150.669084, -187.369225, 194.035941)
2019-Mar-03 22:07:50.910027 info[fractal.cpp:175] [34m[INFO] Fractal parameters updated.
2019-Mar-03 22:07:50.910107 info[fractal.cpp:73] [34m[INFO] Adding new monomer to fractal using Monte Carlo algorithm.
2019-Mar-03 22:07:50.910184 info[fractal.cpp:121] [34m[INFO] Out of range best_monomer = 2910.000000
2019-Mar-03 22:07:50.910277 info[fractal.cpp:143] [34m[INFO] Under epsilon in 1 attempts.
2019-Mar-03 22:07:50.975098 info[fractal.cpp:152] [34m[INFO] Actual epsilon = 0.000012
2019-Mar-03 22:07:50.975250 info[fractal.cpp:86] [34m[INFO] Adding monomer at point (-16.295424, -238.038028, -231.444812)
2019-Mar-03 22:07:50.975371 info[fractal.cpp:175] [34m[INFO] Fractal parameters updated.
2019-Mar-03 22:07:50.975443 info[fractal.cpp:73] [34m[INFO] Adding new monomer to fractal using Monte Carlo algorithm.
2019-Mar-03 22:07:50.975571 info[fractal.cpp:121] [34m[INFO] Out of range best_monomer = 2940.000000
2019-Mar-03 22:07:50.976062 info[fractal.cpp:143] [34m[INFO] Under epsilon in 1 attempts.
2019-Mar-03 22:07:51.031672 info[fractal.cpp:152] [34m[INFO] Actual epsilon = 0.000013
2019-Mar-03 22:07:51.031833 info[fractal.cpp:86] [34m[INFO] Adding monomer at point (162.789990, 20.373046, -275.829749)
2019-Mar-03 22:07:51.031993 info[fractal.cpp:175] [34m[INFO] Fractal parameters updated.
2019-Mar-03 22:07:51.032079 info[fractal.cpp:73] [34m[INFO] Adding new monomer to fractal using Monte Carlo algorithm.
2019-Mar-03 22:07:51.032227 info[fractal.cpp:121] [34m[INFO] Out of range best_monomer = 2970.000000
2019-Mar-03 22:07:51.032310 info[fractal.cpp:143] [34m[INFO] Under epsilon in 1 attempts.
2019-Mar-03 22:07:51.084432 info[fractal.cpp:152] [34m[INFO] Actual epsilon = 0.000001
2019-Mar-03 22:07:51.084568 info[fractal.cpp:86] [34m[INFO] Adding monomer at point (-225.057853, -61.377891, 216.628590)
2019-Mar-03 22:07:51.084695 info[fractal.cpp:175] [34m[INFO] Fractal parameters updated.
2019-Mar-03 22:07:51.084771 info[main.cpp:342] [34m[INFO] Location xyz_filepath: ./run_output/run_20190304_03:07:48.863163/xyz_run_1.txt

