2019-Mar-04 15:24:57.817705 info[fractal.cpp:152] [34m[INFO] Actual epsilon = 0.000017
2019-Mar-04 15:24:57.818333 info[fractal.cpp:86] [34m[INFO] Adding monomer at point (181.840987, 95.660239, -43.020656)
2019-Mar-04 15:24:57.818415 info[fractal.cpp:175] [34m[INFO] Fractal parameters updated.
2019-Mar-04 15:24:57.818509 info[fractal.cpp:73] [34m[INFO] Adding new monomer to fractal using Monte Carlo algorithm.
2019-Mar-04 15:24:57.818595 info[fractal.cpp:121] [34m[INFO] Out of range best_monomer = 1590.000000
2019-Mar-04 15:24:57.818685 info[fractal.cpp:143] [34m[INFO] Under epsilon in 1 attempts.
2019-Mar-04 15:24:57.831630 info[fractal.cpp:152] [34m[INFO] Actual epsilon = 0.000002
2019-Mar-04 15:24:57.831746 info[fractal.cpp:86] [34m[INFO] Adding monomer at point (-8.217450, -198.783816, -141.374192)
2019-Mar-04 15:24:57.831844 info[fractal.cpp:175] [34m[INFO] Fractal parameters updated.
2019-Mar-04 15:24:57.831912 info[fractal.cpp:73] [34m[INFO] Adding new monomer to fractal using Monte Carlo algorithm.
2019-Mar-04 15:24:57.831992 info[fractal.cpp:121] [34m[INFO] Out of range best_monomer = 1620.000000
2019-Mar-04 15:24:57.832083 info[fractal.cpp:143] [34m[INFO] Under epsilon in 1 attempts.
2019-Mar-04 15:24:57.846277 info[fractal.cpp:152] [34m[INFO] Actual epsilon = 0.000032
2019-Mar-04 15:24:57.846448 info[fractal.cpp:86] [34m[INFO] Adding monomer at point (63.637487, -229.196551, -107.429122)
2019-Mar-04 15:24:57.846562 info[fractal.cpp:175] [34m[INFO] Fractal parameters updated.
2019-Mar-04 15:24:57.846652 info[fractal.cpp:73] [34m[INFO] Adding new monomer to fractal using Monte Carlo algorithm.
2019-Mar-04 15:24:57.846739 info[fractal.cpp:121] [34m[INFO] Out of range best_monomer = 1650.000000
2019-Mar-04 15:24:57.846830 info[fractal.cpp:143] [34m[INFO] Under epsilon in 1 attempts.
2019-Mar-04 15:24:57.863183 info[fractal.cpp:152] [34m[INFO] Actual epsilon = 0.000013
2019-Mar-04 15:24:57.863358 info[fractal.cpp:86] [34m[INFO] Adding monomer at point (-48.473501, -259.066190, -72.388662)
2019-Mar-04 15:24:57.863504 info[fractal.cpp:175] [34m[INFO] Fractal parameters updated.
2019-Mar-04 15:24:57.863653 info[fractal.cpp:73] [34m[INFO] Adding new monomer to fractal using Monte Carlo algorithm.
2019-Mar-04 15:24:57.863718 info[fractal.cpp:121] [34m[INFO] Out of range best_monomer = 1680.000000
2019-Mar-04 15:24:57.863805 info[fractal.cpp:143] [34m[INFO] Under epsilon in 1 attempts.
2019-Mar-04 15:24:57.880141 info[fractal.cpp:152] [34m[INFO] Actual epsilon = 0.000005
2019-Mar-04 15:24:57.880245 info[fractal.cpp:86] [34m[INFO] Adding monomer at point (-51.150107, -245.612814, 166.562720)
2019-Mar-04 15:24:57.880331 info[fractal.cpp:175] [34m[INFO] Fractal parameters updated.
2019-Mar-04 15:24:57.880387 info[fractal.cpp:73] [34m[INFO] Adding new monomer to fractal using Monte Carlo algorithm.
2019-Mar-04 15:24:57.880459 info[fractal.cpp:121] [34m[INFO] Out of range best_monomer = 1710.000000
2019-Mar-04 15:24:57.880571 info[fractal.cpp:143] [34m[INFO] Under epsilon in 1 attempts.
2019-Mar-04 15:24:57.897530 info[fractal.cpp:152] [34m[INFO] Actual epsilon = 0.000009
2019-Mar-04 15:24:57.897719 info[fractal.cpp:86] [34m[INFO] Adding monomer at point (84.236600, 184.788744, 51.635581)
2019-Mar-04 15:24:57.897835 info[fractal.cpp:175] [34m[INFO] Fractal parameters updated.
2019-Mar-04 15:24:57.897929 info[fractal.cpp:73] [34m[INFO] Adding new monomer to fractal using Monte Carlo algorithm.
2019-Mar-04 15:24:57.898017 info[fractal.cpp:121] [34m[INFO] Out of range best_monomer = 1740.000000
2019-Mar-04 15:24:57.898110 info[fractal.cpp:143] [34m[INFO] Under epsilon in 1 attempts.
2019-Mar-04 15:24:57.919349 info[fractal.cpp:152] [34m[INFO] Actual epsilon = 0.000029
2019-Mar-04 15:24:57.919484 info[fractal.cpp:86] [34m[INFO] Adding monomer at point (-4.757318, -297.766693, 31.463229)
2019-Mar-04 15:24:57.919584 info[fractal.cpp:175] [34m[INFO] Fractal parameters updated.
2019-Mar-04 15:24:57.919694 info[fractal.cpp:73] [34m[INFO] Adding new monomer to fractal using Monte Carlo algorithm.
2019-Mar-04 15:24:57.919861 info[fractal.cpp:121] [34m[INFO] Out of range best_monomer = 1770.000000
2019-Mar-04 15:24:57.920029 info[fractal.cpp:143] [34m[INFO] Under epsilon in 1 attempts.
2019-Mar-04 15:24:57.940154 info[fractal.cpp:152] [34m[INFO] Actual epsilon = 0.000004
2019-Mar-04 15:24:57.940547 info[fractal.cpp:86] [34m[INFO] Adding monomer at point (14.501828, -281.610507, -71.760827)
2019-Mar-04 15:24:57.940727 info[fractal.cpp:175] [34m[INFO] Fractal parameters updated.
2019-Mar-04 15:24:57.940821 info[fractal.cpp:73] [34m[INFO] Adding new monomer to fractal using Monte Carlo algorithm.
2019-Mar-04 15:24:57.941051 info[fractal.cpp:121] [34m[INFO] Out of range best_monomer = 1800.000000
2019-Mar-04 15:24:57.941154 info[fractal.cpp:143] [34m[INFO] Under epsilon in 1 attempts.
2019-Mar-04 15:24:57.976288 info[fractal.cpp:152] [34m[INFO] Actual epsilon = 0.000029
2019-Mar-04 15:24:57.976450 info[fractal.cpp:86] [34m[INFO] Adding monomer at point (223.776180, 52.874866, -46.314808)
2019-Mar-04 15:24:57.976534 info[fractal.cpp:175] [34m[INFO] Fractal parameters updated.
2019-Mar-04 15:24:57.976615 info[fractal.cpp:73] [34m[INFO] Adding new monomer to fractal using Monte Carlo algorithm.
2019-Mar-04 15:24:57.976693 info[fractal.cpp:121] [34m[INFO] Out of range best_monomer = 1830.000000
2019-Mar-04 15:24:57.976784 info[fractal.cpp:143] [34m[INFO] Under epsilon in 1 attempts.
2019-Mar-04 15:24:58.006253 info[fractal.cpp:152] [34m[INFO] Actual epsilon = 0.000028
2019-Mar-04 15:24:58.006379 info[fractal.cpp:86] [34m[INFO] Adding monomer at point (-32.748805, -300.143165, -27.381501)
2019-Mar-04 15:24:58.006458 info[fractal.cpp:175] [34m[INFO] Fractal parameters updated.
2019-Mar-04 15:24:58.006539 info[fractal.cpp:73] [34m[INFO] Adding new monomer to fractal using Monte Carlo algorithm.
2019-Mar-04 15:24:58.006618 info[fractal.cpp:121] [34m[INFO] Out of range best_monomer = 1860.000000
2019-Mar-04 15:24:58.006720 info[fractal.cpp:143] [34m[INFO] Under epsilon in 1 attempts.
2019-Mar-04 15:24:58.016513 info[fractal.cpp:112] [34m[INFO] Failed to attach to (-8.456385, -245.336065, -29.843226). Trying new monomer.
2019-Mar-04 15:24:58.034449 info[fractal.cpp:152] [34m[INFO] Actual epsilon = 0.000012
2019-Mar-04 15:24:58.034583 info[fractal.cpp:86] [34m[INFO] Adding monomer at point (158.442815, 127.170754, 131.570114)
2019-Mar-04 15:24:58.034670 info[fractal.cpp:175] [34m[INFO] Fractal parameters updated.
2019-Mar-04 15:24:58.034764 info[fractal.cpp:73] [34m[INFO] Adding new monomer to fractal using Monte Carlo algorithm.
2019-Mar-04 15:24:58.034825 info[fractal.cpp:121] [34m[INFO] Out of range best_monomer = 1890.000000
2019-Mar-04 15:24:58.034923 info[fractal.cpp:143] [34m[INFO] Under epsilon in 1 attempts.
2019-Mar-04 15:24:58.063119 info[fractal.cpp:112] [34m[INFO] Failed to attach to (-8.456385, -245.336065, -29.843226). Trying new monomer.
2019-Mar-04 15:24:58.064617 info[fractal.cpp:152] [34m[INFO] Actual epsilon = 0.000031
2019-Mar-04 15:24:58.064704 info[fractal.cpp:86] [34m[INFO] Adding monomer at point (-232.247815, 28.428879, -15.944091)
2019-Mar-04 15:24:58.064764 info[fractal.cpp:175] [34m[INFO] Fractal parameters updated.
2019-Mar-04 15:24:58.064817 info[fractal.cpp:73] [34m[INFO] Adding new monomer to fractal using Monte Carlo algorithm.
2019-Mar-04 15:24:58.064870 info[fractal.cpp:121] [34m[INFO] Out of range best_monomer = 1920.000000
2019-Mar-04 15:24:58.064926 info[fractal.cpp:143] [34m[INFO] Under epsilon in 1 attempts.
2019-Mar-04 15:24:58.090369 info[fractal.cpp:152] [34m[INFO] Actual epsilon = 0.000015
2019-Mar-04 15:24:58.090498 info[fractal.cpp:86] [34m[INFO] Adding monomer at point (8.253701, -308.534069, 89.037329)
2019-Mar-04 15:24:58.090581 info[fractal.cpp:175] [34m[INFO] Fractal parameters updated.
2019-Mar-04 15:24:58.090646 info[fractal.cpp:73] [34m[INFO] Adding new monomer to fractal using Monte Carlo algorithm.
2019-Mar-04 15:24:58.090699 info[fractal.cpp:121] [34m[INFO] Out of range best_monomer = 1950.000000
2019-Mar-04 15:24:58.090776 info[fractal.cpp:143] [34m[INFO] Under epsilon in 1 attempts.
2019-Mar-04 15:24:58.118572 info[fractal.cpp:152] [34m[INFO] Actual epsilon = 0.000001
2019-Mar-04 15:24:58.118714 info[fractal.cpp:86] [34m[INFO] Adding monomer at point (161.438648, 149.961250, -27.686223)
2019-Mar-04 15:24:58.118828 info[fractal.cpp:175] [34m[INFO] Fractal parameters updated.
2019-Mar-04 15:24:58.118892 info[fractal.cpp:73] [34m[INFO] Adding new monomer to fractal using Monte Carlo algorithm.
2019-Mar-04 15:24:58.118948 info[fractal.cpp:121] [34m[INFO] Out of range best_monomer = 1980.000000
2019-Mar-04 15:24:58.119045 info[fractal.cpp:143] [34m[INFO] Under epsilon in 1 attempts.
2019-Mar-04 15:24:58.149696 info[fractal.cpp:152] [34m[INFO] Actual epsilon = 0.000019
2019-Mar-04 15:24:58.149869 info[fractal.cpp:86] [34m[INFO] Adding monomer at point (137.443979, 151.171294, -82.666143)
2019-Mar-04 15:24:58.150013 info[fractal.cpp:175] [34m[INFO] Fractal parameters updated.
2019-Mar-04 15:24:58.150074 info[fractal.cpp:73] [34m[INFO] Adding new monomer to fractal using Monte Carlo algorithm.
2019-Mar-04 15:24:58.150145 info[fractal.cpp:121] [34m[INFO] Out of range best_monomer = 2010.000000
2019-Mar-04 15:24:58.150252 info[fractal.cpp:143] [34m[INFO] Under epsilon in 1 attempts.
2019-Mar-04 15:24:58.151644 info[fractal.cpp:112] [34m[INFO] Failed to attach to (-8.456385, -245.336065, -29.843226). Trying new monomer.
2019-Mar-04 15:24:58.168919 info[fractal.cpp:112] [34m[INFO] Failed to attach to (-8.456385, -245.336065, -29.843226). Trying new monomer.
2019-Mar-04 15:24:58.178404 info[fractal.cpp:152] [34m[INFO] Actual epsilon = 0.000041
2019-Mar-04 15:24:58.178560 info[fractal.cpp:86] [34m[INFO] Adding monomer at point (48.050003, 203.166964, -50.652994)
2019-Mar-04 15:24:58.178685 info[fractal.cpp:175] [34m[INFO] Fractal parameters updated.
2019-Mar-04 15:24:58.178772 info[fractal.cpp:73] [34m[INFO] Adding new monomer to fractal using Monte Carlo algorithm.
2019-Mar-04 15:24:58.178852 info[fractal.cpp:121] [34m[INFO] Out of range best_monomer = 2040.000000
2019-Mar-04 15:24:58.178979 info[fractal.cpp:143] [34m[INFO] Under epsilon in 1 attempts.
2019-Mar-04 15:24:58.185392 info[fractal.cpp:112] [34m[INFO] Failed to attach to (-8.456385, -245.336065, -29.843226). Trying new monomer.
2019-Mar-04 15:24:58.207713 info[fractal.cpp:152] [34m[INFO] Actual epsilon = 0.000005
2019-Mar-04 15:24:58.207883 info[fractal.cpp:86] [34m[INFO] Adding monomer at point (-114.639404, 186.132013, -23.518565)
2019-Mar-04 15:24:58.207986 info[fractal.cpp:175] [34m[INFO] Fractal parameters updated.
2019-Mar-04 15:24:58.208068 info[fractal.cpp:73] [34m[INFO] Adding new monomer to fractal using Monte Carlo algorithm.
2019-Mar-04 15:24:58.208146 info[fractal.cpp:121] [34m[INFO] Out of range best_monomer = 2070.000000
2019-Mar-04 15:24:58.208231 info[fractal.cpp:143] [34m[INFO] Under epsilon in 1 attempts.
2019-Mar-04 15:24:58.236137 info[fractal.cpp:152] [34m[INFO] Actual epsilon = 0.000011
2019-Mar-04 15:24:58.236269 info[fractal.cpp:86] [34m[INFO] Adding monomer at point (199.730627, 104.844641, -99.550361)
2019-Mar-04 15:24:58.236369 info[fractal.cpp:175] [34m[INFO] Fractal parameters updated.
2019-Mar-04 15:24:58.236444 info[fractal.cpp:73] [34m[INFO] Adding new monomer to fractal using Monte Carlo algorithm.
2019-Mar-04 15:24:58.236499 info[fractal.cpp:121] [34m[INFO] Out of range best_monomer = 2100.000000
2019-Mar-04 15:24:58.236595 info[fractal.cpp:143] [34m[INFO] Under epsilon in 1 attempts.
2019-Mar-04 15:24:58.243880 info[fractal.cpp:112] [34m[INFO] Failed to attach to (-8.456385, -245.336065, -29.843226). Trying new monomer.
2019-Mar-04 15:24:58.252733 info[fractal.cpp:112] [34m[INFO] Failed to attach to (-8.456385, -245.336065, -29.843226). Trying new monomer.
2019-Mar-04 15:24:58.264958 info[fractal.cpp:152] [34m[INFO] Actual epsilon = 0.000008
2019-Mar-04 15:24:58.265113 info[fractal.cpp:86] [34m[INFO] Adding monomer at point (135.230320, 142.920780, 184.608937)
2019-Mar-04 15:24:58.265248 info[fractal.cpp:175] [34m[INFO] Fractal parameters updated.
2019-Mar-04 15:24:58.265367 info[fractal.cpp:73] [34m[INFO] Adding new monomer to fractal using Monte Carlo algorithm.
2019-Mar-04 15:24:58.265440 info[fractal.cpp:121] [34m[INFO] Out of range best_monomer = 2130.000000
2019-Mar-04 15:24:58.265555 info[fractal.cpp:143] [34m[INFO] Under epsilon in 1 attempts.
2019-Mar-04 15:24:58.290387 info[fractal.cpp:152] [34m[INFO] Actual epsilon = 0.000001
2019-Mar-04 15:24:58.290523 info[fractal.cpp:86] [34m[INFO] Adding monomer at point (225.950022, 130.308324, -21.715651)
2019-Mar-04 15:24:58.290653 info[fractal.cpp:175] [34m[INFO] Fractal parameters updated.
2019-Mar-04 15:24:58.290712 info[fractal.cpp:73] [34m[INFO] Adding new monomer to fractal using Monte Carlo algorithm.
2019-Mar-04 15:24:58.290801 info[fractal.cpp:121] [34m[INFO] Out of range best_monomer = 2160.000000
2019-Mar-04 15:24:58.290889 info[fractal.cpp:143] [34m[INFO] Under epsilon in 1 attempts.
2019-Mar-04 15:24:58.317066 info[fractal.cpp:152] [34m[INFO] Actual epsilon = 0.000034
2019-Mar-04 15:24:58.317198 info[fractal.cpp:86] [34m[INFO] Adding monomer at point (-151.243128, 183.164787, 23.929964)
2019-Mar-04 15:24:58.317266 info[fractal.cpp:175] [34m[INFO] Fractal parameters updated.
2019-Mar-04 15:24:58.317339 info[fractal.cpp:73] [34m[INFO] Adding new monomer to fractal using Monte Carlo algorithm.
2019-Mar-04 15:24:58.317392 info[fractal.cpp:121] [34m[INFO] Out of range best_monomer = 2190.000000
2019-Mar-04 15:24:58.317449 info[fractal.cpp:143] [34m[INFO] Under epsilon in 1 attempts.
2019-Mar-04 15:24:58.343083 info[fractal.cpp:152] [34m[INFO] Actual epsilon = 0.000025
2019-Mar-04 15:24:58.343187 info[fractal.cpp:86] [34m[INFO] Adding monomer at point (13.877552, 244.477059, 44.147608)
2019-Mar-04 15:24:58.343336 info[fractal.cpp:175] [34m[INFO] Fractal parameters updated.
2019-Mar-04 15:24:58.343430 info[fractal.cpp:73] [34m[INFO] Adding new monomer to fractal using Monte Carlo algorithm.
2019-Mar-04 15:24:58.343504 info[fractal.cpp:121] [34m[INFO] Out of range best_monomer = 2220.000000
2019-Mar-04 15:24:58.343623 info[fractal.cpp:143] [34m[INFO] Under epsilon in 1 attempts.
2019-Mar-04 15:24:58.372648 info[fractal.cpp:152] [34m[INFO] Actual epsilon = 0.000001
2019-Mar-04 15:24:58.372783 info[fractal.cpp:86] [34m[INFO] Adding monomer at point (78.881454, -223.975038, -165.224946)
2019-Mar-04 15:24:58.372898 info[fractal.cpp:175] [34m[INFO] Fractal parameters updated.
2019-Mar-04 15:24:58.372965 info[fractal.cpp:73] [34m[INFO] Adding new monomer to fractal using Monte Carlo algorithm.
2019-Mar-04 15:24:58.373024 info[fractal.cpp:121] [34m[INFO] Out of range best_monomer = 2250.000000
2019-Mar-04 15:24:58.373124 info[fractal.cpp:143] [34m[INFO] Under epsilon in 1 attempts.
2019-Mar-04 15:24:58.400155 info[fractal.cpp:152] [34m[INFO] Actual epsilon = 0.000026
2019-Mar-04 15:24:58.400312 info[fractal.cpp:86] [34m[INFO] Adding monomer at point (57.344540, -304.895155, -33.654077)
2019-Mar-04 15:24:58.400384 info[fractal.cpp:175] [34m[INFO] Fractal parameters updated.
2019-Mar-04 15:24:58.400458 info[fractal.cpp:73] [34m[INFO] Adding new monomer to fractal using Monte Carlo algorithm.
2019-Mar-04 15:24:58.400512 info[fractal.cpp:121] [34m[INFO] Out of range best_monomer = 2280.000000
2019-Mar-04 15:24:58.400584 info[fractal.cpp:143] [34m[INFO] Under epsilon in 1 attempts.
2019-Mar-04 15:24:58.430214 info[fractal.cpp:152] [34m[INFO] Actual epsilon = 0.000010
2019-Mar-04 15:24:58.430347 info[fractal.cpp:86] [34m[INFO] Adding monomer at point (21.489189, -236.637482, -177.299317)
2019-Mar-04 15:24:58.430414 info[fractal.cpp:175] [34m[INFO] Fractal parameters updated.
2019-Mar-04 15:24:58.430488 info[fractal.cpp:73] [34m[INFO] Adding new monomer to fractal using Monte Carlo algorithm.
2019-Mar-04 15:24:58.430541 info[fractal.cpp:121] [34m[INFO] Out of range best_monomer = 2310.000000
2019-Mar-04 15:24:58.430597 info[fractal.cpp:143] [34m[INFO] Under epsilon in 1 attempts.
