2019-Mar-03 22:06:15.608444 info[fractal.cpp:121] [34m[INFO] Out of range best_monomer = 60.000000
2019-Mar-03 22:06:15.610632 fatal[fractal.cpp:155] [31m[FATAL] Best monomer did not satisfy epsilon.
  best_diff / _a = 0.742327
  epsilon = 0.050000
2019-Mar-03 22:06:15.610753 info[fractal.cpp:73] [34m[INFO] Adding new monomer to fractal using Monte Carlo algorithm.
2019-Mar-03 22:06:15.610824 info[fractal.cpp:121] [34m[INFO] Out of range best_monomer = 60.000000
2019-Mar-03 22:06:15.612442 fatal[fractal.cpp:155] [31m[FATAL] Best monomer did not satisfy epsilon.
  best_diff / _a = 0.742201
  epsilon = 0.050000
2019-Mar-03 22:06:15.612519 info[fractal.cpp:73] [34m[INFO] Adding new monomer to fractal using Monte Carlo algorithm.
2019-Mar-03 22:06:15.612564 info[fractal.cpp:121] [34m[INFO] Out of range best_monomer = 60.000000
2019-Mar-03 22:06:15.614024 fatal[fractal.cpp:155] [31m[FATAL] Best monomer did not satisfy epsilon.
  best_diff / _a = 0.742147
  epsilon = 0.050000
2019-Mar-03 22:06:15.614081 info[fractal.cpp:73] [34m[INFO] Adding new monomer to fractal using Monte Carlo algorithm.
2019-Mar-03 22:06:15.614125 info[fractal.cpp:121] [34m[INFO] Out of range best_monomer = 60.000000
2019-Mar-03 22:06:15.615600 fatal[fractal.cpp:155] [31m[FATAL] Best monomer did not satisfy epsilon.
  best_diff / _a = 0.742193
  epsilon = 0.050000
2019-Mar-03 22:06:15.615662 info[fractal.cpp:73] [34m[INFO] Adding new monomer to fractal using Monte Carlo algorithm.
2019-Mar-03 22:06:15.615706 info[fractal.cpp:121] [34m[INFO] Out of range best_monomer = 60.000000
2019-Mar-03 22:06:15.617272 fatal[fractal.cpp:155] [31m[FATAL] Best monomer did not satisfy epsilon.
  best_diff / _a = 0.742173
  epsilon = 0.050000
2019-Mar-03 22:06:15.617347 info[fractal.cpp:73] [34m[INFO] Adding new monomer to fractal using Monte Carlo algorithm.
2019-Mar-03 22:06:15.617392 info[fractal.cpp:121] [34m[INFO] Out of range best_monomer = 60.000000
2019-Mar-03 22:06:15.618824 fatal[fractal.cpp:155] [31m[FATAL] Best monomer did not satisfy epsilon.
  best_diff / _a = 0.742215
  epsilon = 0.050000
2019-Mar-03 22:06:15.618884 info[fractal.cpp:73] [34m[INFO] Adding new monomer to fractal using Monte Carlo algorithm.
2019-Mar-03 22:06:15.618928 info[fractal.cpp:121] [34m[INFO] Out of range best_monomer = 60.000000
2019-Mar-03 22:06:15.620699 fatal[fractal.cpp:155] [31m[FATAL] Best monomer did not satisfy epsilon.
  best_diff / _a = 0.742152
  epsilon = 0.050000
2019-Mar-03 22:06:15.620789 info[fractal.cpp:73] [34m[INFO] Adding new monomer to fractal using Monte Carlo algorithm.
2019-Mar-03 22:06:15.620837 info[fractal.cpp:121] [34m[INFO] Out of range best_monomer = 60.000000
2019-Mar-03 22:06:15.622319 fatal[fractal.cpp:155] [31m[FATAL] Best monomer did not satisfy epsilon.
  best_diff / _a = 0.742222
  epsilon = 0.050000
2019-Mar-03 22:06:15.622381 info[fractal.cpp:73] [34m[INFO] Adding new monomer to fractal using Monte Carlo algorithm.
2019-Mar-03 22:06:15.622426 info[fractal.cpp:121] [34m[INFO] Out of range best_monomer = 60.000000
2019-Mar-03 22:06:15.623917 fatal[fractal.cpp:155] [31m[FATAL] Best monomer did not satisfy epsilon.
  best_diff / _a = 0.742181
  epsilon = 0.050000
2019-Mar-03 22:06:15.623992 info[fractal.cpp:73] [34m[INFO] Adding new monomer to fractal using Monte Carlo algorithm.
2019-Mar-03 22:06:15.624039 info[fractal.cpp:121] [34m[INFO] Out of range best_monomer = 60.000000
2019-Mar-03 22:06:15.625494 fatal[fractal.cpp:155] [31m[FATAL] Best monomer did not satisfy epsilon.
  best_diff / _a = 0.742149
  epsilon = 0.050000
2019-Mar-03 22:06:15.625555 info[fractal.cpp:73] [34m[INFO] Adding new monomer to fractal using Monte Carlo algorithm.
2019-Mar-03 22:06:15.625599 info[fractal.cpp:121] [34m[INFO] Out of range best_monomer = 60.000000
2019-Mar-03 22:06:15.627061 fatal[fractal.cpp:155] [31m[FATAL] Best monomer did not satisfy epsilon.
  best_diff / _a = 0.742181
  epsilon = 0.050000
2019-Mar-03 22:06:15.627121 info[fractal.cpp:73] [34m[INFO] Adding new monomer to fractal using Monte Carlo algorithm.
2019-Mar-03 22:06:15.627165 info[fractal.cpp:121] [34m[INFO] Out of range best_monomer = 60.000000
2019-Mar-03 22:06:15.628655 fatal[fractal.cpp:155] [31m[FATAL] Best monomer did not satisfy epsilon.
  best_diff / _a = 0.742198
  epsilon = 0.050000
2019-Mar-03 22:06:15.628718 info[fractal.cpp:73] [34m[INFO] Adding new monomer to fractal using Monte Carlo algorithm.
2019-Mar-03 22:06:15.628761 info[fractal.cpp:121] [34m[INFO] Out of range best_monomer = 60.000000
2019-Mar-03 22:06:15.630230 fatal[fractal.cpp:155] [31m[FATAL] Best monomer did not satisfy epsilon.
  best_diff / _a = 0.742220
  epsilon = 0.050000
2019-Mar-03 22:06:15.630288 info[fractal.cpp:73] [34m[INFO] Adding new monomer to fractal using Monte Carlo algorithm.
2019-Mar-03 22:06:15.630332 info[fractal.cpp:121] [34m[INFO] Out of range best_monomer = 60.000000
2019-Mar-03 22:06:15.631854 fatal[fractal.cpp:155] [31m[FATAL] Best monomer did not satisfy epsilon.
  best_diff / _a = 0.742198
  epsilon = 0.050000
2019-Mar-03 22:06:15.631923 info[fractal.cpp:73] [34m[INFO] Adding new monomer to fractal using Monte Carlo algorithm.
2019-Mar-03 22:06:15.632014 info[fractal.cpp:121] [34m[INFO] Out of range best_monomer = 60.000000
2019-Mar-03 22:06:15.633568 fatal[fractal.cpp:155] [31m[FATAL] Best monomer did not satisfy epsilon.
  best_diff / _a = 0.742201
  epsilon = 0.050000
2019-Mar-03 22:06:15.633727 info[fractal.cpp:73] [34m[INFO] Adding new monomer to fractal using Monte Carlo algorithm.
2019-Mar-03 22:06:15.633810 info[fractal.cpp:121] [34m[INFO] Out of range best_monomer = 60.000000
2019-Mar-03 22:06:15.635667 fatal[fractal.cpp:155] [31m[FATAL] Best monomer did not satisfy epsilon.
  best_diff / _a = 0.742174
  epsilon = 0.050000
2019-Mar-03 22:06:15.635767 info[fractal.cpp:73] [34m[INFO] Adding new monomer to fractal using Monte Carlo algorithm.
2019-Mar-03 22:06:15.635815 info[fractal.cpp:121] [34m[INFO] Out of range best_monomer = 60.000000
2019-Mar-03 22:06:15.637265 fatal[fractal.cpp:155] [31m[FATAL] Best monomer did not satisfy epsilon.
  best_diff / _a = 0.742208
  epsilon = 0.050000
2019-Mar-03 22:06:15.637324 info[fractal.cpp:73] [34m[INFO] Adding new monomer to fractal using Monte Carlo algorithm.
2019-Mar-03 22:06:15.637368 info[fractal.cpp:121] [34m[INFO] Out of range best_monomer = 60.000000
2019-Mar-03 22:06:15.638884 fatal[fractal.cpp:155] [31m[FATAL] Best monomer did not satisfy epsilon.
  best_diff / _a = 0.742157
  epsilon = 0.050000
2019-Mar-03 22:06:15.638951 info[fractal.cpp:73] [34m[INFO] Adding new monomer to fractal using Monte Carlo algorithm.
2019-Mar-03 22:06:15.638996 info[fractal.cpp:121] [34m[INFO] Out of range best_monomer = 60.000000
2019-Mar-03 22:06:15.640587 fatal[fractal.cpp:155] [31m[FATAL] Best monomer did not satisfy epsilon.
  best_diff / _a = 0.742193
  epsilon = 0.050000
2019-Mar-03 22:06:15.640686 info[fractal.cpp:73] [34m[INFO] Adding new monomer to fractal using Monte Carlo algorithm.
2019-Mar-03 22:06:15.640750 info[fractal.cpp:121] [34m[INFO] Out of range best_monomer = 60.000000
2019-Mar-03 22:06:15.642818 fatal[fractal.cpp:155] [31m[FATAL] Best monomer did not satisfy epsilon.
  best_diff / _a = 0.742172
  epsilon = 0.050000
2019-Mar-03 22:06:15.642934 info[fractal.cpp:73] [34m[INFO] Adding new monomer to fractal using Monte Carlo algorithm.
2019-Mar-03 22:06:15.642982 info[fractal.cpp:121] [34m[INFO] Out of range best_monomer = 60.000000
2019-Mar-03 22:06:15.644440 fatal[fractal.cpp:155] [31m[FATAL] Best monomer did not satisfy epsilon.
  best_diff / _a = 0.742155
  epsilon = 0.050000
2019-Mar-03 22:06:15.644516 info[fractal.cpp:73] [34m[INFO] Adding new monomer to fractal using Monte Carlo algorithm.
2019-Mar-03 22:06:15.644561 info[fractal.cpp:121] [34m[INFO] Out of range best_monomer = 60.000000
2019-Mar-03 22:06:15.646007 fatal[fractal.cpp:155] [31m[FATAL] Best monomer did not satisfy epsilon.
  best_diff / _a = 0.742148
  epsilon = 0.050000
2019-Mar-03 22:06:15.646078 info[fractal.cpp:73] [34m[INFO] Adding new monomer to fractal using Monte Carlo algorithm.
2019-Mar-03 22:06:15.646121 info[fractal.cpp:121] [34m[INFO] Out of range best_monomer = 60.000000
2019-Mar-03 22:06:15.647603 fatal[fractal.cpp:155] [31m[FATAL] Best monomer did not satisfy epsilon.
  best_diff / _a = 0.742172
  epsilon = 0.050000
2019-Mar-03 22:06:15.647679 info[fractal.cpp:73] [34m[INFO] Adding new monomer to fractal using Monte Carlo algorithm.
2019-Mar-03 22:06:15.647723 info[fractal.cpp:121] [34m[INFO] Out of range best_monomer = 60.000000
2019-Mar-03 22:06:15.649575 fatal[fractal.cpp:155] [31m[FATAL] Best monomer did not satisfy epsilon.
  best_diff / _a = 0.742193
  epsilon = 0.050000
2019-Mar-03 22:06:15.649673 info[fractal.cpp:73] [34m[INFO] Adding new monomer to fractal using Monte Carlo algorithm.
2019-Mar-03 22:06:15.649740 info[fractal.cpp:121] [34m[INFO] Out of range best_monomer = 60.000000
2019-Mar-03 22:06:15.651633 fatal[fractal.cpp:155] [31m[FATAL] Best monomer did not satisfy epsilon.
  best_diff / _a = 0.742147
  epsilon = 0.050000
2019-Mar-03 22:06:15.651908 info[fractal.cpp:73] [34m[INFO] Adding new monomer to fractal using Monte Carlo algorithm.
2019-Mar-03 22:06:15.651984 info[fractal.cpp:121] [34m[INFO] Out of range best_monomer = 60.000000
2019-Mar-03 22:06:15.653587 fatal[fractal.cpp:155] [31m[FATAL] Best monomer did not satisfy epsilon.
  best_diff / _a = 0.742277
  epsilon = 0.050000
2019-Mar-03 22:06:15.653663 info[fractal.cpp:73] [34m[INFO] Adding new monomer to fractal using Monte Carlo algorithm.
2019-Mar-03 22:06:15.653710 info[fractal.cpp:121] [34m[INFO] Out of range best_monomer = 60.000000
2019-Mar-03 22:06:15.655197 fatal[fractal.cpp:155] [31m[FATAL] Best monomer did not satisfy epsilon.
  best_diff / _a = 0.742257
  epsilon = 0.050000
2019-Mar-03 22:06:15.655264 info[fractal.cpp:73] [34m[INFO] Adding new monomer to fractal using Monte Carlo algorithm.
2019-Mar-03 22:06:15.655311 info[fractal.cpp:121] [34m[INFO] Out of range best_monomer = 60.000000
2019-Mar-03 22:06:15.656994 fatal[fractal.cpp:155] [31m[FATAL] Best monomer did not satisfy epsilon.
  best_diff / _a = 0.742236
  epsilon = 0.050000
2019-Mar-03 22:06:15.657107 info[fractal.cpp:73] [34m[INFO] Adding new monomer to fractal using Monte Carlo algorithm.
2019-Mar-03 22:06:15.657176 info[fractal.cpp:121] [34m[INFO] Out of range best_monomer = 60.000000
2019-Mar-03 22:06:15.658757 fatal[fractal.cpp:155] [31m[FATAL] Best monomer did not satisfy epsilon.
  best_diff / _a = 0.742171
  epsilon = 0.050000
2019-Mar-03 22:06:15.658821 info[fractal.cpp:73] [34m[INFO] Adding new monomer to fractal using Monte Carlo algorithm.
2019-Mar-03 22:06:15.658866 info[fractal.cpp:121] [34m[INFO] Out of range best_monomer = 60.000000
2019-Mar-03 22:06:15.660327 fatal[fractal.cpp:155] [31m[FATAL] Best monomer did not satisfy epsilon.
  best_diff / _a = 0.742154
  epsilon = 0.050000
2019-Mar-03 22:06:15.660393 info[fractal.cpp:73] [34m[INFO] Adding new monomer to fractal using Monte Carlo algorithm.
2019-Mar-03 22:06:15.660437 info[fractal.cpp:121] [34m[INFO] Out of range best_monomer = 60.000000
2019-Mar-03 22:06:15.662014 fatal[fractal.cpp:155] [31m[FATAL] Best monomer did not satisfy epsilon.
  best_diff / _a = 0.742203
  epsilon = 0.050000
2019-Mar-03 22:06:15.662091 info[fractal.cpp:73] [34m[INFO] Adding new monomer to fractal using Monte Carlo algorithm.
2019-Mar-03 22:06:15.662159 info[fractal.cpp:121] [34m[INFO] Out of range best_monomer = 60.000000
2019-Mar-03 22:06:15.663824 fatal[fractal.cpp:155] [31m[FATAL] Best monomer did not satisfy epsilon.
  best_diff / _a = 0.742183
  epsilon = 0.050000
2019-Mar-03 22:06:15.663891 info[fractal.cpp:73] [34m[INFO] Adding new monomer to fractal using Monte Carlo algorithm.
2019-Mar-03 22:06:15.663936 info[fractal.cpp:121] [34m[INFO] Out of range best_monomer = 60.000000
2019-Mar-03 22:06:15.665497 fatal[fractal.cpp:155] [31m[FATAL] Best monomer did not satisfy epsilon.
  best_diff / _a = 0.742170
  epsilon = 0.050000
2019-Mar-03 22:06:15.665564 info[fractal.cpp:73] [34m[INFO] Adding new monomer to fractal using Monte Carlo algorithm.
2019-Mar-03 22:06:15.665608 info[fractal.cpp:121] [34m[INFO] Out of range best_monomer = 60.000000
2019-Mar-03 22:06:15.667240 fatal[fractal.cpp:155] [31m[FATAL] Best monomer did not satisfy epsilon.
  best_diff / _a = 0.742156
  epsilon = 0.050000
2019-Mar-03 22:06:15.667314 info[fractal.cpp:73] [34m[INFO] Adding new monomer to fractal using Monte Carlo algorithm.
2019-Mar-03 22:06:15.667359 info[fractal.cpp:121] [34m[INFO] Out of range best_monomer = 60.000000
2019-Mar-03 22:06:15.668899 fatal[fractal.cpp:155] [31m[FATAL] Best monomer did not satisfy epsilon.
  best_diff / _a = 0.742191
  epsilon = 0.050000
2019-Mar-03 22:06:15.668966 info[fractal.cpp:73] [34m[INFO] Adding new monomer to fractal using Monte Carlo algorithm.
2019-Mar-03 22:06:15.669013 info[fractal.cpp:121] [34m[INFO] Out of range best_monomer = 60.000000
2019-Mar-03 22:06:15.670426 fatal[fractal.cpp:155] [31m[FATAL] Best monomer did not satisfy epsilon.
  best_diff / _a = 0.742156
  epsilon = 0.050000
2019-Mar-03 22:06:15.670471 info[fractal.cpp:73] [34m[INFO] Adding new monomer to fractal using Monte Carlo algorithm.
2019-Mar-03 22:06:15.670512 info[fractal.cpp:121] [34m[INFO] Out of range best_monomer = 60.000000
2019-Mar-03 22:06:15.671847 fatal[fractal.cpp:155] [31m[FATAL] Best monomer did not satisfy epsilon.
  best_diff / _a = 0.742153
  epsilon = 0.050000
2019-Mar-03 22:06:15.671890 info[fractal.cpp:73] [34m[INFO] Adding new monomer to fractal using Monte Carlo algorithm.
2019-Mar-03 22:06:15.671930 info[fractal.cpp:121] [34m[INFO] Out of range best_monomer = 60.000000
2019-Mar-03 22:06:15.673277 fatal[fractal.cpp:155] [31m[FATAL] Best monomer did not satisfy epsilon.
  best_diff / _a = 0.742163
  epsilon = 0.050000
2019-Mar-03 22:06:15.673320 info[fractal.cpp:73] [34m[INFO] Adding new monomer to fractal using Monte Carlo algorithm.
2019-Mar-03 22:06:15.673359 info[fractal.cpp:121] [34m[INFO] Out of range best_monomer = 60.000000
2019-Mar-03 22:06:15.674691 fatal[fractal.cpp:155] [31m[FATAL] Best monomer did not satisfy epsilon.
  best_diff / _a = 0.742161
  epsilon = 0.050000
2019-Mar-03 22:06:15.674734 info[fractal.cpp:73] [34m[INFO] Adding new monomer to fractal using Monte Carlo algorithm.
2019-Mar-03 22:06:15.674774 info[fractal.cpp:121] [34m[INFO] Out of range best_monomer = 60.000000
2019-Mar-03 22:06:15.676128 fatal[fractal.cpp:155] [31m[FATAL] Best monomer did not satisfy epsilon.
  best_diff / _a = 0.742165
  epsilon = 0.050000
2019-Mar-03 22:06:15.676171 info[fractal.cpp:73] [34m[INFO] Adding new monomer to fractal using Monte Carlo algorithm.
2019-Mar-03 22:06:15.676211 info[fractal.cpp:121] [34m[INFO] Out of range best_monomer = 60.000000
2019-Mar-03 22:06:15.677559 fatal[fractal.cpp:155] [31m[FATAL] Best monomer did not satisfy epsilon.
  best_diff / _a = 0.742191
  epsilon = 0.050000
2019-Mar-03 22:06:15.677602 info[fractal.cpp:73] [34m[INFO] Adding new monomer to fractal using Monte Carlo algorithm.
2019-Mar-03 22:06:15.677642 info[fractal.cpp:121] [34m[INFO] Out of range best_monomer = 60.000000
2019-Mar-03 22:06:15.679026 fatal[fractal.cpp:155] [31m[FATAL] Best monomer did not satisfy epsilon.
  best_diff / _a = 0.742181
  epsilon = 0.050000
2019-Mar-03 22:06:15.679071 info[fractal.cpp:73] [34m[INFO] Adding new monomer to fractal using Monte Carlo algorithm.
2019-Mar-03 22:06:15.679112 info[fractal.cpp:121] [34m[INFO] Out of range best_monomer = 60.000000
2019-Mar-03 22:06:15.680668 fatal[fractal.cpp:155] [31m[FATAL] Best monomer did not satisfy epsilon.
  best_diff / _a = 0.742275
  epsilon = 0.050000
2019-Mar-03 22:06:15.680730 info[fractal.cpp:73] [34m[INFO] Adding new monomer to fractal using Monte Carlo algorithm.
2019-Mar-03 22:06:15.680772 info[fractal.cpp:121] [34m[INFO] Out of range best_monomer = 60.000000
2019-Mar-03 22:06:15.682156 fatal[fractal.cpp:155] [31m[FATAL] Best monomer did not satisfy epsilon.
  best_diff / _a = 0.742152
  epsilon = 0.050000
2019-Mar-03 22:06:15.682203 info[fractal.cpp:73] [34m[INFO] Adding new monomer to fractal using Monte Carlo algorithm.
