2019-Mar-04 15:26:55.717464 info[fractal.cpp:121] [34m[INFO] Out of range best_monomer = 60.000000
2019-Mar-04 15:26:55.721341 fatal[fractal.cpp:155] [31m[FATAL] Best monomer did not satisfy epsilon.
  best_diff / _a = 0.742164
  epsilon = 0.500000
2019-Mar-04 15:26:55.721470 info[fractal.cpp:73] [34m[INFO] Adding new monomer to fractal using Monte Carlo algorithm.
2019-Mar-04 15:26:55.721527 info[fractal.cpp:121] [34m[INFO] Out of range best_monomer = 60.000000
2019-Mar-04 15:26:55.723065 fatal[fractal.cpp:155] [31m[FATAL] Best monomer did not satisfy epsilon.
  best_diff / _a = 0.742170
  epsilon = 0.500000
2019-Mar-04 15:26:55.723121 info[fractal.cpp:73] [34m[INFO] Adding new monomer to fractal using Monte Carlo algorithm.
2019-Mar-04 15:26:55.723173 info[fractal.cpp:121] [34m[INFO] Out of range best_monomer = 60.000000
2019-Mar-04 15:26:55.724848 fatal[fractal.cpp:155] [31m[FATAL] Best monomer did not satisfy epsilon.
  best_diff / _a = 0.742160
  epsilon = 0.500000
2019-Mar-04 15:26:55.724970 info[fractal.cpp:73] [34m[INFO] Adding new monomer to fractal using Monte Carlo algorithm.
2019-Mar-04 15:26:55.725087 info[fractal.cpp:121] [34m[INFO] Out of range best_monomer = 60.000000
2019-Mar-04 15:26:55.726662 fatal[fractal.cpp:155] [31m[FATAL] Best monomer did not satisfy epsilon.
  best_diff / _a = 0.742164
  epsilon = 0.500000
2019-Mar-04 15:26:55.726816 info[fractal.cpp:73] [34m[INFO] Adding new monomer to fractal using Monte Carlo algorithm.
2019-Mar-04 15:26:55.726890 info[fractal.cpp:121] [34m[INFO] Out of range best_monomer = 60.000000
2019-Mar-04 15:26:55.728445 fatal[fractal.cpp:155] [31m[FATAL] Best monomer did not satisfy epsilon.
  best_diff / _a = 0.742152
  epsilon = 0.500000
2019-Mar-04 15:26:55.728645 info[fractal.cpp:73] [34m[INFO] Adding new monomer to fractal using Monte Carlo algorithm.
2019-Mar-04 15:26:55.728822 info[fractal.cpp:121] [34m[INFO] Out of range best_monomer = 60.000000
2019-Mar-04 15:26:55.731019 fatal[fractal.cpp:155] [31m[FATAL] Best monomer did not satisfy epsilon.
  best_diff / _a = 0.742188
  epsilon = 0.500000
2019-Mar-04 15:26:55.731172 info[fractal.cpp:73] [34m[INFO] Adding new monomer to fractal using Monte Carlo algorithm.
2019-Mar-04 15:26:55.731252 info[fractal.cpp:121] [34m[INFO] Out of range best_monomer = 60.000000
2019-Mar-04 15:26:55.733035 fatal[fractal.cpp:155] [31m[FATAL] Best monomer did not satisfy epsilon.
  best_diff / _a = 0.742194
  epsilon = 0.500000
2019-Mar-04 15:26:55.733120 info[fractal.cpp:73] [34m[INFO] Adding new monomer to fractal using Monte Carlo algorithm.
2019-Mar-04 15:26:55.733172 info[fractal.cpp:121] [34m[INFO] Out of range best_monomer = 60.000000
2019-Mar-04 15:26:55.734877 fatal[fractal.cpp:155] [31m[FATAL] Best monomer did not satisfy epsilon.
  best_diff / _a = 0.742161
  epsilon = 0.500000
2019-Mar-04 15:26:55.735006 info[fractal.cpp:73] [34m[INFO] Adding new monomer to fractal using Monte Carlo algorithm.
2019-Mar-04 15:26:55.735089 info[fractal.cpp:121] [34m[INFO] Out of range best_monomer = 60.000000
2019-Mar-04 15:26:55.737410 fatal[fractal.cpp:155] [31m[FATAL] Best monomer did not satisfy epsilon.
  best_diff / _a = 0.742253
  epsilon = 0.500000
2019-Mar-04 15:26:55.737533 info[fractal.cpp:73] [34m[INFO] Adding new monomer to fractal using Monte Carlo algorithm.
2019-Mar-04 15:26:55.737587 info[fractal.cpp:121] [34m[INFO] Out of range best_monomer = 60.000000
2019-Mar-04 15:26:55.739136 fatal[fractal.cpp:155] [31m[FATAL] Best monomer did not satisfy epsilon.
  best_diff / _a = 0.742156
  epsilon = 0.500000
2019-Mar-04 15:26:55.739195 info[fractal.cpp:73] [34m[INFO] Adding new monomer to fractal using Monte Carlo algorithm.
2019-Mar-04 15:26:55.739245 info[fractal.cpp:121] [34m[INFO] Out of range best_monomer = 60.000000
2019-Mar-04 15:26:55.740800 fatal[fractal.cpp:155] [31m[FATAL] Best monomer did not satisfy epsilon.
  best_diff / _a = 0.742235
  epsilon = 0.500000
2019-Mar-04 15:26:55.740873 info[fractal.cpp:73] [34m[INFO] Adding new monomer to fractal using Monte Carlo algorithm.
2019-Mar-04 15:26:55.740924 info[fractal.cpp:121] [34m[INFO] Out of range best_monomer = 60.000000
2019-Mar-04 15:26:55.742999 fatal[fractal.cpp:155] [31m[FATAL] Best monomer did not satisfy epsilon.
  best_diff / _a = 0.742164
  epsilon = 0.500000
2019-Mar-04 15:26:55.743105 info[fractal.cpp:73] [34m[INFO] Adding new monomer to fractal using Monte Carlo algorithm.
2019-Mar-04 15:26:55.743191 info[fractal.cpp:121] [34m[INFO] Out of range best_monomer = 60.000000
2019-Mar-04 15:26:55.745319 fatal[fractal.cpp:155] [31m[FATAL] Best monomer did not satisfy epsilon.
  best_diff / _a = 0.742261
  epsilon = 0.500000
2019-Mar-04 15:26:55.745400 info[fractal.cpp:73] [34m[INFO] Adding new monomer to fractal using Monte Carlo algorithm.
2019-Mar-04 15:26:55.745453 info[fractal.cpp:121] [34m[INFO] Out of range best_monomer = 60.000000
2019-Mar-04 15:26:55.748323 fatal[fractal.cpp:155] [31m[FATAL] Best monomer did not satisfy epsilon.
  best_diff / _a = 0.742191
  epsilon = 0.500000
2019-Mar-04 15:26:55.748445 info[fractal.cpp:73] [34m[INFO] Adding new monomer to fractal using Monte Carlo algorithm.
2019-Mar-04 15:26:55.748501 info[fractal.cpp:121] [34m[INFO] Out of range best_monomer = 60.000000
2019-Mar-04 15:26:55.750123 fatal[fractal.cpp:155] [31m[FATAL] Best monomer did not satisfy epsilon.
  best_diff / _a = 0.742193
  epsilon = 0.500000
2019-Mar-04 15:26:55.750208 info[fractal.cpp:73] [34m[INFO] Adding new monomer to fractal using Monte Carlo algorithm.
2019-Mar-04 15:26:55.750264 info[fractal.cpp:121] [34m[INFO] Out of range best_monomer = 60.000000
2019-Mar-04 15:26:55.751834 fatal[fractal.cpp:155] [31m[FATAL] Best monomer did not satisfy epsilon.
  best_diff / _a = 0.742196
  epsilon = 0.500000
2019-Mar-04 15:26:55.751938 info[fractal.cpp:73] [34m[INFO] Adding new monomer to fractal using Monte Carlo algorithm.
2019-Mar-04 15:26:55.751992 info[fractal.cpp:121] [34m[INFO] Out of range best_monomer = 60.000000
2019-Mar-04 15:26:55.753971 fatal[fractal.cpp:155] [31m[FATAL] Best monomer did not satisfy epsilon.
  best_diff / _a = 0.742175
  epsilon = 0.500000
2019-Mar-04 15:26:55.754124 info[fractal.cpp:73] [34m[INFO] Adding new monomer to fractal using Monte Carlo algorithm.
2019-Mar-04 15:26:55.754182 info[fractal.cpp:121] [34m[INFO] Out of range best_monomer = 60.000000
2019-Mar-04 15:26:55.755737 fatal[fractal.cpp:155] [31m[FATAL] Best monomer did not satisfy epsilon.
  best_diff / _a = 0.742152
  epsilon = 0.500000
2019-Mar-04 15:26:55.755810 info[fractal.cpp:73] [34m[INFO] Adding new monomer to fractal using Monte Carlo algorithm.
2019-Mar-04 15:26:55.755862 info[fractal.cpp:121] [34m[INFO] Out of range best_monomer = 60.000000
2019-Mar-04 15:26:55.757385 fatal[fractal.cpp:155] [31m[FATAL] Best monomer did not satisfy epsilon.
  best_diff / _a = 0.742169
  epsilon = 0.500000
2019-Mar-04 15:26:55.757456 info[fractal.cpp:73] [34m[INFO] Adding new monomer to fractal using Monte Carlo algorithm.
2019-Mar-04 15:26:55.757505 info[fractal.cpp:121] [34m[INFO] Out of range best_monomer = 60.000000
2019-Mar-04 15:26:55.759033 fatal[fractal.cpp:155] [31m[FATAL] Best monomer did not satisfy epsilon.
  best_diff / _a = 0.742166
  epsilon = 0.500000
2019-Mar-04 15:26:55.759087 info[fractal.cpp:73] [34m[INFO] Adding new monomer to fractal using Monte Carlo algorithm.
2019-Mar-04 15:26:55.759137 info[fractal.cpp:121] [34m[INFO] Out of range best_monomer = 60.000000
2019-Mar-04 15:26:55.760881 fatal[fractal.cpp:155] [31m[FATAL] Best monomer did not satisfy epsilon.
  best_diff / _a = 0.742229
  epsilon = 0.500000
2019-Mar-04 15:26:55.760986 info[fractal.cpp:73] [34m[INFO] Adding new monomer to fractal using Monte Carlo algorithm.
2019-Mar-04 15:26:55.761065 info[fractal.cpp:121] [34m[INFO] Out of range best_monomer = 60.000000
2019-Mar-04 15:26:55.762667 fatal[fractal.cpp:155] [31m[FATAL] Best monomer did not satisfy epsilon.
  best_diff / _a = 0.742212
  epsilon = 0.500000
2019-Mar-04 15:26:55.762752 info[fractal.cpp:73] [34m[INFO] Adding new monomer to fractal using Monte Carlo algorithm.
2019-Mar-04 15:26:55.762804 info[fractal.cpp:121] [34m[INFO] Out of range best_monomer = 60.000000
2019-Mar-04 15:26:55.764801 fatal[fractal.cpp:155] [31m[FATAL] Best monomer did not satisfy epsilon.
  best_diff / _a = 0.742220
  epsilon = 0.500000
2019-Mar-04 15:26:55.764941 info[fractal.cpp:73] [34m[INFO] Adding new monomer to fractal using Monte Carlo algorithm.
2019-Mar-04 15:26:55.765019 info[fractal.cpp:121] [34m[INFO] Out of range best_monomer = 60.000000
2019-Mar-04 15:26:55.766632 fatal[fractal.cpp:155] [31m[FATAL] Best monomer did not satisfy epsilon.
  best_diff / _a = 0.742183
  epsilon = 0.500000
2019-Mar-04 15:26:55.766725 info[fractal.cpp:73] [34m[INFO] Adding new monomer to fractal using Monte Carlo algorithm.
2019-Mar-04 15:26:55.766778 info[fractal.cpp:121] [34m[INFO] Out of range best_monomer = 60.000000
2019-Mar-04 15:26:55.768716 fatal[fractal.cpp:155] [31m[FATAL] Best monomer did not satisfy epsilon.
  best_diff / _a = 0.742197
  epsilon = 0.500000
2019-Mar-04 15:26:55.768863 info[fractal.cpp:73] [34m[INFO] Adding new monomer to fractal using Monte Carlo algorithm.
2019-Mar-04 15:26:55.768918 info[fractal.cpp:121] [34m[INFO] Out of range best_monomer = 60.000000
2019-Mar-04 15:26:55.770464 fatal[fractal.cpp:155] [31m[FATAL] Best monomer did not satisfy epsilon.
  best_diff / _a = 0.742160
  epsilon = 0.500000
2019-Mar-04 15:26:55.770569 info[fractal.cpp:73] [34m[INFO] Adding new monomer to fractal using Monte Carlo algorithm.
2019-Mar-04 15:26:55.770620 info[fractal.cpp:121] [34m[INFO] Out of range best_monomer = 60.000000
2019-Mar-04 15:26:55.772176 fatal[fractal.cpp:155] [31m[FATAL] Best monomer did not satisfy epsilon.
  best_diff / _a = 0.742220
  epsilon = 0.500000
2019-Mar-04 15:26:55.772249 info[fractal.cpp:73] [34m[INFO] Adding new monomer to fractal using Monte Carlo algorithm.
2019-Mar-04 15:26:55.772300 info[fractal.cpp:121] [34m[INFO] Out of range best_monomer = 60.000000
2019-Mar-04 15:26:55.773885 fatal[fractal.cpp:155] [31m[FATAL] Best monomer did not satisfy epsilon.
  best_diff / _a = 0.742164
  epsilon = 0.500000
2019-Mar-04 15:26:55.773965 info[fractal.cpp:73] [34m[INFO] Adding new monomer to fractal using Monte Carlo algorithm.
2019-Mar-04 15:26:55.774016 info[fractal.cpp:121] [34m[INFO] Out of range best_monomer = 60.000000
2019-Mar-04 15:26:55.775701 fatal[fractal.cpp:155] [31m[FATAL] Best monomer did not satisfy epsilon.
  best_diff / _a = 0.742338
  epsilon = 0.500000
2019-Mar-04 15:26:55.775803 info[fractal.cpp:73] [34m[INFO] Adding new monomer to fractal using Monte Carlo algorithm.
2019-Mar-04 15:26:55.775906 info[fractal.cpp:121] [34m[INFO] Out of range best_monomer = 60.000000
2019-Mar-04 15:26:55.777497 fatal[fractal.cpp:155] [31m[FATAL] Best monomer did not satisfy epsilon.
  best_diff / _a = 0.742174
  epsilon = 0.500000
2019-Mar-04 15:26:55.777582 info[fractal.cpp:73] [34m[INFO] Adding new monomer to fractal using Monte Carlo algorithm.
2019-Mar-04 15:26:55.777708 info[fractal.cpp:121] [34m[INFO] Out of range best_monomer = 60.000000
2019-Mar-04 15:26:55.779299 fatal[fractal.cpp:155] [31m[FATAL] Best monomer did not satisfy epsilon.
  best_diff / _a = 0.742217
  epsilon = 0.500000
2019-Mar-04 15:26:55.779356 info[fractal.cpp:73] [34m[INFO] Adding new monomer to fractal using Monte Carlo algorithm.
2019-Mar-04 15:26:55.779407 info[fractal.cpp:121] [34m[INFO] Out of range best_monomer = 60.000000
2019-Mar-04 15:26:55.781218 fatal[fractal.cpp:155] [31m[FATAL] Best monomer did not satisfy epsilon.
  best_diff / _a = 0.742259
  epsilon = 0.500000
2019-Mar-04 15:26:55.781311 info[fractal.cpp:73] [34m[INFO] Adding new monomer to fractal using Monte Carlo algorithm.
2019-Mar-04 15:26:55.781365 info[fractal.cpp:121] [34m[INFO] Out of range best_monomer = 60.000000
2019-Mar-04 15:26:55.783036 fatal[fractal.cpp:155] [31m[FATAL] Best monomer did not satisfy epsilon.
  best_diff / _a = 0.742230
  epsilon = 0.500000
2019-Mar-04 15:26:55.783141 info[fractal.cpp:73] [34m[INFO] Adding new monomer to fractal using Monte Carlo algorithm.
2019-Mar-04 15:26:55.783193 info[fractal.cpp:121] [34m[INFO] Out of range best_monomer = 60.000000
2019-Mar-04 15:26:55.786658 fatal[fractal.cpp:155] [31m[FATAL] Best monomer did not satisfy epsilon.
  best_diff / _a = 0.742198
  epsilon = 0.500000
2019-Mar-04 15:26:55.786790 info[fractal.cpp:73] [34m[INFO] Adding new monomer to fractal using Monte Carlo algorithm.
2019-Mar-04 15:26:55.786859 info[fractal.cpp:121] [34m[INFO] Out of range best_monomer = 60.000000
2019-Mar-04 15:26:55.788415 fatal[fractal.cpp:155] [31m[FATAL] Best monomer did not satisfy epsilon.
  best_diff / _a = 0.742171
  epsilon = 0.500000
2019-Mar-04 15:26:55.788477 info[fractal.cpp:73] [34m[INFO] Adding new monomer to fractal using Monte Carlo algorithm.
2019-Mar-04 15:26:55.788527 info[fractal.cpp:121] [34m[INFO] Out of range best_monomer = 60.000000
2019-Mar-04 15:26:55.790092 fatal[fractal.cpp:155] [31m[FATAL] Best monomer did not satisfy epsilon.
  best_diff / _a = 0.742251
  epsilon = 0.500000
2019-Mar-04 15:26:55.790153 info[fractal.cpp:73] [34m[INFO] Adding new monomer to fractal using Monte Carlo algorithm.
2019-Mar-04 15:26:55.790203 info[fractal.cpp:121] [34m[INFO] Out of range best_monomer = 60.000000
2019-Mar-04 15:26:55.791748 fatal[fractal.cpp:155] [31m[FATAL] Best monomer did not satisfy epsilon.
  best_diff / _a = 0.742148
  epsilon = 0.500000
2019-Mar-04 15:26:55.791892 info[fractal.cpp:73] [34m[INFO] Adding new monomer to fractal using Monte Carlo algorithm.
2019-Mar-04 15:26:55.791977 info[fractal.cpp:121] [34m[INFO] Out of range best_monomer = 60.000000
2019-Mar-04 15:26:55.794232 fatal[fractal.cpp:155] [31m[FATAL] Best monomer did not satisfy epsilon.
  best_diff / _a = 0.742315
  epsilon = 0.500000
2019-Mar-04 15:26:55.794361 info[fractal.cpp:73] [34m[INFO] Adding new monomer to fractal using Monte Carlo algorithm.
2019-Mar-04 15:26:55.794416 info[fractal.cpp:121] [34m[INFO] Out of range best_monomer = 60.000000
2019-Mar-04 15:26:55.796094 fatal[fractal.cpp:155] [31m[FATAL] Best monomer did not satisfy epsilon.
  best_diff / _a = 0.742233
  epsilon = 0.500000
2019-Mar-04 15:26:55.796232 info[fractal.cpp:73] [34m[INFO] Adding new monomer to fractal using Monte Carlo algorithm.
2019-Mar-04 15:26:55.796319 info[fractal.cpp:121] [34m[INFO] Out of range best_monomer = 60.000000
2019-Mar-04 15:26:55.798058 fatal[fractal.cpp:155] [31m[FATAL] Best monomer did not satisfy epsilon.
  best_diff / _a = 0.742212
  epsilon = 0.500000
2019-Mar-04 15:26:55.798143 info[fractal.cpp:73] [34m[INFO] Adding new monomer to fractal using Monte Carlo algorithm.
2019-Mar-04 15:26:55.798195 info[fractal.cpp:121] [34m[INFO] Out of range best_monomer = 60.000000
2019-Mar-04 15:26:55.799812 fatal[fractal.cpp:155] [31m[FATAL] Best monomer did not satisfy epsilon.
  best_diff / _a = 0.742230
  epsilon = 0.500000
2019-Mar-04 15:26:55.799894 info[fractal.cpp:73] [34m[INFO] Adding new monomer to fractal using Monte Carlo algorithm.
2019-Mar-04 15:26:55.799950 info[fractal.cpp:121] [34m[INFO] Out of range best_monomer = 60.000000
2019-Mar-04 15:26:55.801613 fatal[fractal.cpp:155] [31m[FATAL] Best monomer did not satisfy epsilon.
  best_diff / _a = 0.742261
  epsilon = 0.500000
2019-Mar-04 15:26:55.801737 info[fractal.cpp:73] [34m[INFO] Adding new monomer to fractal using Monte Carlo algorithm.
2019-Mar-04 15:26:55.801813 info[fractal.cpp:121] [34m[INFO] Out of range best_monomer = 60.000000
2019-Mar-04 15:26:55.803736 fatal[fractal.cpp:155] [31m[FATAL] Best monomer did not satisfy epsilon.
  best_diff / _a = 0.742157
  epsilon = 0.500000
2019-Mar-04 15:26:55.803854 info[fractal.cpp:73] [34m[INFO] Adding new monomer to fractal using Monte Carlo algorithm.
2019-Mar-04 15:26:55.803907 info[fractal.cpp:121] [34m[INFO] Out of range best_monomer = 60.000000
2019-Mar-04 15:26:55.805470 fatal[fractal.cpp:155] [31m[FATAL] Best monomer did not satisfy epsilon.
  best_diff / _a = 0.742199
  epsilon = 0.500000
2019-Mar-04 15:26:55.805538 info[fractal.cpp:73] [34m[INFO] Adding new monomer to fractal using Monte Carlo algorithm.
