2019-Mar-03 22:11:51.679680 info[fractal.cpp:152] [34m[INFO] Actual epsilon = 0.000000
2019-Mar-03 22:11:51.680184 info[fractal.cpp:86] [34m[INFO] Adding monomer at point (13.894695, 236.402047, 63.273456)
2019-Mar-03 22:11:51.680292 info[fractal.cpp:175] [34m[INFO] Fractal parameters updated.
2019-Mar-03 22:11:51.680388 info[fractal.cpp:73] [34m[INFO] Adding new monomer to fractal using Monte Carlo algorithm.
2019-Mar-03 22:11:51.680444 info[fractal.cpp:121] [34m[INFO] Out of range best_monomer = 1590.000000
2019-Mar-03 22:11:51.680506 info[fractal.cpp:143] [34m[INFO] Under epsilon in 1 attempts.
2019-Mar-03 22:11:51.692090 info[fractal.cpp:152] [34m[INFO] Actual epsilon = 0.000051
2019-Mar-03 22:11:51.692259 info[fractal.cpp:86] [34m[INFO] Adding monomer at point (239.762389, -310.550867, -160.246283)
2019-Mar-03 22:11:51.692343 info[fractal.cpp:175] [34m[INFO] Fractal parameters updated.
2019-Mar-03 22:11:51.692420 info[fractal.cpp:73] [34m[INFO] Adding new monomer to fractal using Monte Carlo algorithm.
2019-Mar-03 22:11:51.692479 info[fractal.cpp:121] [34m[INFO] Out of range best_monomer = 1620.000000
2019-Mar-03 22:11:51.692534 info[fractal.cpp:143] [34m[INFO] Under epsilon in 1 attempts.
2019-Mar-03 22:11:51.705260 info[fractal.cpp:152] [34m[INFO] Actual epsilon = 0.000013
2019-Mar-03 22:11:51.705401 info[fractal.cpp:86] [34m[INFO] Adding monomer at point (228.379863, -337.743671, -126.464135)
2019-Mar-03 22:11:51.705460 info[fractal.cpp:175] [34m[INFO] Fractal parameters updated.
2019-Mar-03 22:11:51.705511 info[fractal.cpp:73] [34m[INFO] Adding new monomer to fractal using Monte Carlo algorithm.
2019-Mar-03 22:11:51.705560 info[fractal.cpp:121] [34m[INFO] Out of range best_monomer = 1650.000000
2019-Mar-03 22:11:51.705614 info[fractal.cpp:143] [34m[INFO] Under epsilon in 1 attempts.
2019-Mar-03 22:11:51.726627 info[fractal.cpp:152] [34m[INFO] Actual epsilon = 0.000041
2019-Mar-03 22:11:51.726787 info[fractal.cpp:86] [34m[INFO] Adding monomer at point (35.094147, 274.737595, -65.099456)
2019-Mar-03 22:11:51.726882 info[fractal.cpp:175] [34m[INFO] Fractal parameters updated.
2019-Mar-03 22:11:51.726964 info[fractal.cpp:73] [34m[INFO] Adding new monomer to fractal using Monte Carlo algorithm.
2019-Mar-03 22:11:51.727045 info[fractal.cpp:121] [34m[INFO] Out of range best_monomer = 1680.000000
2019-Mar-03 22:11:51.727132 info[fractal.cpp:143] [34m[INFO] Under epsilon in 1 attempts.
2019-Mar-03 22:11:51.748471 info[fractal.cpp:152] [34m[INFO] Actual epsilon = 0.000002
2019-Mar-03 22:11:51.748643 info[fractal.cpp:86] [34m[INFO] Adding monomer at point (179.202758, -357.772417, -174.763465)
2019-Mar-03 22:11:51.748780 info[fractal.cpp:175] [34m[INFO] Fractal parameters updated.
2019-Mar-03 22:11:51.748861 info[fractal.cpp:73] [34m[INFO] Adding new monomer to fractal using Monte Carlo algorithm.
2019-Mar-03 22:11:51.748972 info[fractal.cpp:121] [34m[INFO] Out of range best_monomer = 1710.000000
2019-Mar-03 22:11:51.749065 info[fractal.cpp:143] [34m[INFO] Under epsilon in 1 attempts.
2019-Mar-03 22:11:51.763820 info[fractal.cpp:152] [34m[INFO] Actual epsilon = 0.000003
2019-Mar-03 22:11:51.763993 info[fractal.cpp:86] [34m[INFO] Adding monomer at point (-20.766050, 249.508146, 43.503203)
2019-Mar-03 22:11:51.764094 info[fractal.cpp:175] [34m[INFO] Fractal parameters updated.
2019-Mar-03 22:11:51.764183 info[fractal.cpp:73] [34m[INFO] Adding new monomer to fractal using Monte Carlo algorithm.
2019-Mar-03 22:11:51.764270 info[fractal.cpp:121] [34m[INFO] Out of range best_monomer = 1740.000000
2019-Mar-03 22:11:51.764361 info[fractal.cpp:143] [34m[INFO] Under epsilon in 1 attempts.
2019-Mar-03 22:11:51.778922 info[fractal.cpp:152] [34m[INFO] Actual epsilon = 0.000022
2019-Mar-03 22:11:51.779064 info[fractal.cpp:86] [34m[INFO] Adding monomer at point (87.567116, 283.702160, -9.117480)
2019-Mar-03 22:11:51.779126 info[fractal.cpp:175] [34m[INFO] Fractal parameters updated.
2019-Mar-03 22:11:51.779177 info[fractal.cpp:73] [34m[INFO] Adding new monomer to fractal using Monte Carlo algorithm.
2019-Mar-03 22:11:51.779253 info[fractal.cpp:121] [34m[INFO] Out of range best_monomer = 1770.000000
2019-Mar-03 22:11:51.779311 info[fractal.cpp:143] [34m[INFO] Under epsilon in 1 attempts.
2019-Mar-03 22:11:51.793798 info[fractal.cpp:152] [34m[INFO] Actual epsilon = 0.000033
2019-Mar-03 22:11:51.793929 info[fractal.cpp:86] [34m[INFO] Adding monomer at point (129.135102, 287.807173, -13.505120)
2019-Mar-03 22:11:51.793989 info[fractal.cpp:175] [34m[INFO] Fractal parameters updated.
2019-Mar-03 22:11:51.794040 info[fractal.cpp:73] [34m[INFO] Adding new monomer to fractal using Monte Carlo algorithm.
2019-Mar-03 22:11:51.794090 info[fractal.cpp:121] [34m[INFO] Out of range best_monomer = 1800.000000
2019-Mar-03 22:11:51.794146 info[fractal.cpp:143] [34m[INFO] Under epsilon in 1 attempts.
2019-Mar-03 22:11:51.808148 info[fractal.cpp:152] [34m[INFO] Actual epsilon = 0.000009
2019-Mar-03 22:11:51.808279 info[fractal.cpp:86] [34m[INFO] Adding monomer at point (5.664565, 303.696860, -57.401357)
2019-Mar-03 22:11:51.808348 info[fractal.cpp:175] [34m[INFO] Fractal parameters updated.
2019-Mar-03 22:11:51.808428 info[fractal.cpp:73] [34m[INFO] Adding new monomer to fractal using Monte Carlo algorithm.
2019-Mar-03 22:11:51.808500 info[fractal.cpp:121] [34m[INFO] Out of range best_monomer = 1830.000000
2019-Mar-03 22:11:51.808576 info[fractal.cpp:143] [34m[INFO] Under epsilon in 1 attempts.
2019-Mar-03 22:11:51.822071 info[fractal.cpp:152] [34m[INFO] Actual epsilon = 0.000005
2019-Mar-03 22:11:51.822204 info[fractal.cpp:86] [34m[INFO] Adding monomer at point (80.356417, 314.939539, -36.251075)
2019-Mar-03 22:11:51.822264 info[fractal.cpp:175] [34m[INFO] Fractal parameters updated.
2019-Mar-03 22:11:51.822315 info[fractal.cpp:73] [34m[INFO] Adding new monomer to fractal using Monte Carlo algorithm.
2019-Mar-03 22:11:51.822364 info[fractal.cpp:121] [34m[INFO] Out of range best_monomer = 1860.000000
2019-Mar-03 22:11:51.822419 info[fractal.cpp:143] [34m[INFO] Under epsilon in 1 attempts.
2019-Mar-03 22:11:51.837575 info[fractal.cpp:152] [34m[INFO] Actual epsilon = 0.000005
2019-Mar-03 22:11:51.837701 info[fractal.cpp:86] [34m[INFO] Adding monomer at point (103.402589, -378.918158, -151.876947)
2019-Mar-03 22:11:51.837775 info[fractal.cpp:175] [34m[INFO] Fractal parameters updated.
2019-Mar-03 22:11:51.837856 info[fractal.cpp:73] [34m[INFO] Adding new monomer to fractal using Monte Carlo algorithm.
2019-Mar-03 22:11:51.837941 info[fractal.cpp:121] [34m[INFO] Out of range best_monomer = 1890.000000
2019-Mar-03 22:11:51.838037 info[fractal.cpp:143] [34m[INFO] Under epsilon in 1 attempts.
2019-Mar-03 22:11:51.852541 info[fractal.cpp:152] [34m[INFO] Actual epsilon = 0.000008
2019-Mar-03 22:11:51.852674 info[fractal.cpp:86] [34m[INFO] Adding monomer at point (258.995256, -339.670033, -97.776388)
2019-Mar-03 22:11:51.852733 info[fractal.cpp:175] [34m[INFO] Fractal parameters updated.
2019-Mar-03 22:11:51.852784 info[fractal.cpp:73] [34m[INFO] Adding new monomer to fractal using Monte Carlo algorithm.
2019-Mar-03 22:11:51.852833 info[fractal.cpp:121] [34m[INFO] Out of range best_monomer = 1920.000000
2019-Mar-03 22:11:51.852888 info[fractal.cpp:143] [34m[INFO] Under epsilon in 1 attempts.
2019-Mar-03 22:11:51.868426 info[fractal.cpp:152] [34m[INFO] Actual epsilon = 0.000015
2019-Mar-03 22:11:51.868565 info[fractal.cpp:86] [34m[INFO] Adding monomer at point (-11.284201, 287.594058, 58.455054)
2019-Mar-03 22:11:51.868633 info[fractal.cpp:175] [34m[INFO] Fractal parameters updated.
2019-Mar-03 22:11:51.868686 info[fractal.cpp:73] [34m[INFO] Adding new monomer to fractal using Monte Carlo algorithm.
2019-Mar-03 22:11:51.868735 info[fractal.cpp:121] [34m[INFO] Out of range best_monomer = 1950.000000
2019-Mar-03 22:11:51.868789 info[fractal.cpp:143] [34m[INFO] Under epsilon in 1 attempts.
2019-Mar-03 22:11:51.883387 info[fractal.cpp:152] [34m[INFO] Actual epsilon = 0.000008
2019-Mar-03 22:11:51.883511 info[fractal.cpp:86] [34m[INFO] Adding monomer at point (34.850729, 326.887767, -38.053240)
2019-Mar-03 22:11:51.883571 info[fractal.cpp:175] [34m[INFO] Fractal parameters updated.
2019-Mar-03 22:11:51.883645 info[fractal.cpp:73] [34m[INFO] Adding new monomer to fractal using Monte Carlo algorithm.
2019-Mar-03 22:11:51.883697 info[fractal.cpp:121] [34m[INFO] Out of range best_monomer = 1980.000000
2019-Mar-03 22:11:51.883753 info[fractal.cpp:143] [34m[INFO] Under epsilon in 1 attempts.
2019-Mar-03 22:11:51.897975 info[fractal.cpp:152] [34m[INFO] Actual epsilon = 0.000099
2019-Mar-03 22:11:51.898109 info[fractal.cpp:86] [34m[INFO] Adding monomer at point (-5.990671, 287.791565, 100.119662)
2019-Mar-03 22:11:51.898169 info[fractal.cpp:175] [34m[INFO] Fractal parameters updated.
2019-Mar-03 22:11:51.898220 info[fractal.cpp:73] [34m[INFO] Adding new monomer to fractal using Monte Carlo algorithm.
2019-Mar-03 22:11:51.898270 info[fractal.cpp:121] [34m[INFO] Out of range best_monomer = 2010.000000
2019-Mar-03 22:11:51.898325 info[fractal.cpp:143] [34m[INFO] Under epsilon in 1 attempts.
2019-Mar-03 22:11:51.914325 info[fractal.cpp:152] [34m[INFO] Actual epsilon = 0.000020
2019-Mar-03 22:11:51.914441 info[fractal.cpp:86] [34m[INFO] Adding monomer at point (219.273389, -342.932870, -191.080641)
2019-Mar-03 22:11:51.914501 info[fractal.cpp:175] [34m[INFO] Fractal parameters updated.
2019-Mar-03 22:11:51.914552 info[fractal.cpp:73] [34m[INFO] Adding new monomer to fractal using Monte Carlo algorithm.
2019-Mar-03 22:11:51.914602 info[fractal.cpp:121] [34m[INFO] Out of range best_monomer = 2040.000000
2019-Mar-03 22:11:51.914656 info[fractal.cpp:143] [34m[INFO] Under epsilon in 1 attempts.
2019-Mar-03 22:11:51.930030 info[fractal.cpp:152] [34m[INFO] Actual epsilon = 0.000024
2019-Mar-03 22:11:51.930170 info[fractal.cpp:86] [34m[INFO] Adding monomer at point (56.294634, 343.817334, -69.952279)
2019-Mar-03 22:11:51.930246 info[fractal.cpp:175] [34m[INFO] Fractal parameters updated.
2019-Mar-03 22:11:51.930309 info[fractal.cpp:73] [34m[INFO] Adding new monomer to fractal using Monte Carlo algorithm.
2019-Mar-03 22:11:51.930377 info[fractal.cpp:121] [34m[INFO] Out of range best_monomer = 2070.000000
2019-Mar-03 22:11:51.930470 info[fractal.cpp:143] [34m[INFO] Under epsilon in 1 attempts.
2019-Mar-03 22:11:51.945196 info[fractal.cpp:152] [34m[INFO] Actual epsilon = 0.000047
2019-Mar-03 22:11:51.945362 info[fractal.cpp:86] [34m[INFO] Adding monomer at point (144.581530, -386.701735, -154.653755)
2019-Mar-03 22:11:51.945442 info[fractal.cpp:175] [34m[INFO] Fractal parameters updated.
2019-Mar-03 22:11:51.945502 info[fractal.cpp:73] [34m[INFO] Adding new monomer to fractal using Monte Carlo algorithm.
2019-Mar-03 22:11:51.945558 info[fractal.cpp:121] [34m[INFO] Out of range best_monomer = 2100.000000
2019-Mar-03 22:11:51.945618 info[fractal.cpp:143] [34m[INFO] Under epsilon in 1 attempts.
2019-Mar-03 22:11:51.964315 info[fractal.cpp:152] [34m[INFO] Actual epsilon = 0.000048
2019-Mar-03 22:11:51.964458 info[fractal.cpp:86] [34m[INFO] Adding monomer at point (247.446983, -355.244223, -159.542459)
2019-Mar-03 22:11:51.964517 info[fractal.cpp:175] [34m[INFO] Fractal parameters updated.
2019-Mar-03 22:11:51.964568 info[fractal.cpp:73] [34m[INFO] Adding new monomer to fractal using Monte Carlo algorithm.
2019-Mar-03 22:11:51.964618 info[fractal.cpp:121] [34m[INFO] Out of range best_monomer = 2130.000000
2019-Mar-03 22:11:51.964741 info[fractal.cpp:143] [34m[INFO] Under epsilon in 1 attempts.
2019-Mar-03 22:11:51.985651 info[fractal.cpp:152] [34m[INFO] Actual epsilon = 0.000038
2019-Mar-03 22:11:51.985786 info[fractal.cpp:86] [34m[INFO] Adding monomer at point (43.569978, 339.965538, 0.894759)
2019-Mar-03 22:11:51.985858 info[fractal.cpp:175] [34m[INFO] Fractal parameters updated.
2019-Mar-03 22:11:51.985936 info[fractal.cpp:73] [34m[INFO] Adding new monomer to fractal using Monte Carlo algorithm.
2019-Mar-03 22:11:51.986014 info[fractal.cpp:121] [34m[INFO] Out of range best_monomer = 2160.000000
2019-Mar-03 22:11:51.986100 info[fractal.cpp:143] [34m[INFO] Under epsilon in 1 attempts.
2019-Mar-03 22:11:52.006448 info[fractal.cpp:152] [34m[INFO] Actual epsilon = 0.000035
2019-Mar-03 22:11:52.011978 info[fractal.cpp:86] [34m[INFO] Adding monomer at point (282.494997, -345.955452, -138.344455)
2019-Mar-03 22:11:52.012127 info[fractal.cpp:175] [34m[INFO] Fractal parameters updated.
2019-Mar-03 22:11:52.012210 info[fractal.cpp:73] [34m[INFO] Adding new monomer to fractal using Monte Carlo algorithm.
2019-Mar-03 22:11:52.012281 info[fractal.cpp:121] [34m[INFO] Out of range best_monomer = 2190.000000
2019-Mar-03 22:11:52.012364 info[fractal.cpp:143] [34m[INFO] Under epsilon in 1 attempts.
2019-Mar-03 22:11:52.032346 info[fractal.cpp:152] [34m[INFO] Actual epsilon = 0.000024
2019-Mar-03 22:11:52.032498 info[fractal.cpp:86] [34m[INFO] Adding monomer at point (206.144023, -369.704552, -220.659295)
2019-Mar-03 22:11:52.032585 info[fractal.cpp:175] [34m[INFO] Fractal parameters updated.
2019-Mar-03 22:11:52.032645 info[fractal.cpp:73] [34m[INFO] Adding new monomer to fractal using Monte Carlo algorithm.
2019-Mar-03 22:11:52.032695 info[fractal.cpp:121] [34m[INFO] Out of range best_monomer = 2220.000000
2019-Mar-03 22:11:52.032754 info[fractal.cpp:143] [34m[INFO] Under epsilon in 1 attempts.
2019-Mar-03 22:11:52.052209 info[fractal.cpp:152] [34m[INFO] Actual epsilon = 0.000035
2019-Mar-03 22:11:52.052365 info[fractal.cpp:86] [34m[INFO] Adding monomer at point (160.745521, -404.713193, -188.980316)
2019-Mar-03 22:11:52.052451 info[fractal.cpp:175] [34m[INFO] Fractal parameters updated.
2019-Mar-03 22:11:52.052545 info[fractal.cpp:73] [34m[INFO] Adding new monomer to fractal using Monte Carlo algorithm.
2019-Mar-03 22:11:52.052628 info[fractal.cpp:121] [34m[INFO] Out of range best_monomer = 2250.000000
2019-Mar-03 22:11:52.052707 info[fractal.cpp:143] [34m[INFO] Under epsilon in 1 attempts.
2019-Mar-03 22:11:52.071859 info[fractal.cpp:152] [34m[INFO] Actual epsilon = 0.000022
2019-Mar-03 22:11:52.072012 info[fractal.cpp:86] [34m[INFO] Adding monomer at point (12.919978, 345.676427, -68.549607)
2019-Mar-03 22:11:52.072106 info[fractal.cpp:175] [34m[INFO] Fractal parameters updated.
2019-Mar-03 22:11:52.072190 info[fractal.cpp:73] [34m[INFO] Adding new monomer to fractal using Monte Carlo algorithm.
2019-Mar-03 22:11:52.072269 info[fractal.cpp:121] [34m[INFO] Out of range best_monomer = 2280.000000
2019-Mar-03 22:11:52.072357 info[fractal.cpp:143] [34m[INFO] Under epsilon in 1 attempts.
2019-Mar-03 22:11:52.089471 info[fractal.cpp:152] [34m[INFO] Actual epsilon = 0.000019
2019-Mar-03 22:11:52.089604 info[fractal.cpp:86] [34m[INFO] Adding monomer at point (121.049885, -415.247449, -197.771557)
2019-Mar-03 22:11:52.089666 info[fractal.cpp:175] [34m[INFO] Fractal parameters updated.
2019-Mar-03 22:11:52.089718 info[fractal.cpp:73] [34m[INFO] Adding new monomer to fractal using Monte Carlo algorithm.
2019-Mar-03 22:11:52.089768 info[fractal.cpp:121] [34m[INFO] Out of range best_monomer = 2310.000000
2019-Mar-03 22:11:52.089824 info[fractal.cpp:143] [34m[INFO] Under epsilon in 1 attempts.
2019-Mar-03 22:11:52.107965 info[fractal.cpp:152] [34m[INFO] Actual epsilon = 0.000022
2019-Mar-03 22:11:52.108105 info[fractal.cpp:86] [34m[INFO] Adding monomer at point (87.476285, 351.264318, -16.406228)
2019-Mar-03 22:11:52.108165 info[fractal.cpp:175] [34m[INFO] Fractal parameters updated.
2019-Mar-03 22:11:52.108216 info[fractal.cpp:73] [34m[INFO] Adding new monomer to fractal using Monte Carlo algorithm.
2019-Mar-03 22:11:52.108267 info[fractal.cpp:121] [34m[INFO] Out of range best_monomer = 2340.000000
2019-Mar-03 22:11:52.108331 info[fractal.cpp:143] [34m[INFO] Under epsilon in 1 attempts.
2019-Mar-03 22:11:52.127615 info[fractal.cpp:152] [34m[INFO] Actual epsilon = 0.000007
2019-Mar-03 22:11:52.127777 info[fractal.cpp:86] [34m[INFO] Adding monomer at point (92.362653, 363.306315, -60.826622)
2019-Mar-03 22:11:52.127867 info[fractal.cpp:175] [34m[INFO] Fractal parameters updated.
2019-Mar-03 22:11:52.127942 info[fractal.cpp:73] [34m[INFO] Adding new monomer to fractal using Monte Carlo algorithm.
