2019-Mar-03 22:15:55.551465 info[fractal.cpp:112] [34m[INFO] Failed to attach to (24.067707, 156.354919, -98.742765). Trying new monomer.
2019-Mar-03 22:15:55.552882 info[fractal.cpp:112] [34m[INFO] Failed to attach to (24.067707, 156.354919, -98.742765). Trying new monomer.
2019-Mar-03 22:15:55.554800 info[fractal.cpp:112] [34m[INFO] Failed to attach to (24.067707, 156.354919, -98.742765). Trying new monomer.
2019-Mar-03 22:15:55.556747 info[fractal.cpp:112] [34m[INFO] Failed to attach to (-48.688645, 101.113703, -81.046310). Trying new monomer.
2019-Mar-03 22:15:55.557285 info[fractal.cpp:112] [34m[INFO] Failed to attach to (-94.023067, -126.603114, 69.316017). Trying new monomer.
2019-Mar-03 22:15:55.558541 info[fractal.cpp:112] [34m[INFO] Failed to attach to (24.067707, 156.354919, -98.742765). Trying new monomer.
2019-Mar-03 22:15:55.565638 info[fractal.cpp:112] [34m[INFO] Failed to attach to (24.067707, 156.354919, -98.742765). Trying new monomer.
2019-Mar-03 22:15:55.567022 info[fractal.cpp:112] [34m[INFO] Failed to attach to (24.067707, 156.354919, -98.742765). Trying new monomer.
2019-Mar-03 22:15:55.567766 info[fractal.cpp:112] [34m[INFO] Failed to attach to (-48.688645, 101.113703, -81.046310). Trying new monomer.
2019-Mar-03 22:15:55.568453 info[fractal.cpp:112] [34m[INFO] Failed to attach to (-48.688645, 101.113703, -81.046310). Trying new monomer.
2019-Mar-03 22:15:55.575325 info[fractal.cpp:112] [34m[INFO] Failed to attach to (24.067707, 156.354919, -98.742765). Trying new monomer.
2019-Mar-03 22:15:55.576376 info[fractal.cpp:112] [34m[INFO] Failed to attach to (96.978315, -97.251432, -36.640158). Trying new monomer.
2019-Mar-03 22:15:55.589701 info[fractal.cpp:112] [34m[INFO] Failed to attach to (24.067707, 156.354919, -98.742765). Trying new monomer.
2019-Mar-03 22:15:55.591242 info[fractal.cpp:112] [34m[INFO] Failed to attach to (24.067707, 156.354919, -98.742765). Trying new monomer.
2019-Mar-03 22:15:55.594562 info[fractal.cpp:112] [34m[INFO] Failed to attach to (24.067707, 156.354919, -98.742765). Trying new monomer.
2019-Mar-03 22:15:55.599194 info[fractal.cpp:112] [34m[INFO] Failed to attach to (24.067707, 156.354919, -98.742765). Trying new monomer.
2019-Mar-03 22:15:55.600522 info[fractal.cpp:112] [34m[INFO] Failed to attach to (24.067707, 156.354919, -98.742765). Trying new monomer.
2019-Mar-03 22:15:55.600938 info[fractal.cpp:152] [34m[INFO] Actual epsilon = 0.000011
2019-Mar-03 22:15:55.601030 info[fractal.cpp:86] [34m[INFO] Adding monomer at point (-259.054316, -188.171864, 56.520201)
2019-Mar-03 22:15:55.601155 info[fractal.cpp:175] [34m[INFO] Fractal parameters updated.
2019-Mar-03 22:15:55.601213 info[fractal.cpp:73] [34m[INFO] Adding new monomer to fractal using Monte Carlo algorithm.
2019-Mar-03 22:15:55.601269 info[fractal.cpp:121] [34m[INFO] Out of range best_monomer = 3840.000000
2019-Mar-03 22:15:55.601330 info[fractal.cpp:143] [34m[INFO] Under epsilon in 1 attempts.
2019-Mar-03 22:15:55.602651 info[fractal.cpp:112] [34m[INFO] Failed to attach to (-48.688645, 101.113703, -81.046310). Trying new monomer.
2019-Mar-03 22:15:55.606161 info[fractal.cpp:112] [34m[INFO] Failed to attach to (-48.688645, 101.113703, -81.046310). Trying new monomer.
2019-Mar-03 22:15:55.607793 info[fractal.cpp:112] [34m[INFO] Failed to attach to (24.067707, 156.354919, -98.742765). Trying new monomer.
2019-Mar-03 22:15:55.610979 info[fractal.cpp:112] [34m[INFO] Failed to attach to (24.067707, 156.354919, -98.742765). Trying new monomer.
2019-Mar-03 22:15:55.612242 info[fractal.cpp:112] [34m[INFO] Failed to attach to (24.067707, 156.354919, -98.742765). Trying new monomer.
2019-Mar-03 22:15:55.614338 info[fractal.cpp:112] [34m[INFO] Failed to attach to (24.067707, 156.354919, -98.742765). Trying new monomer.
2019-Mar-03 22:15:55.616553 info[fractal.cpp:112] [34m[INFO] Failed to attach to (24.067707, 156.354919, -98.742765). Trying new monomer.
2019-Mar-03 22:15:55.618568 info[fractal.cpp:112] [34m[INFO] Failed to attach to (-48.688645, 101.113703, -81.046310). Trying new monomer.
2019-Mar-03 22:15:55.620341 info[fractal.cpp:112] [34m[INFO] Failed to attach to (24.067707, 156.354919, -98.742765). Trying new monomer.
2019-Mar-03 22:15:55.621398 info[fractal.cpp:112] [34m[INFO] Failed to attach to (-48.688645, 101.113703, -81.046310). Trying new monomer.
2019-Mar-03 22:15:55.622847 info[fractal.cpp:112] [34m[INFO] Failed to attach to (-48.688645, 101.113703, -81.046310). Trying new monomer.
2019-Mar-03 22:15:55.624595 info[fractal.cpp:112] [34m[INFO] Failed to attach to (24.067707, 156.354919, -98.742765). Trying new monomer.
2019-Mar-03 22:15:55.630351 info[fractal.cpp:112] [34m[INFO] Failed to attach to (24.067707, 156.354919, -98.742765). Trying new monomer.
2019-Mar-03 22:15:55.632994 info[fractal.cpp:112] [34m[INFO] Failed to attach to (-48.688645, 101.113703, -81.046310). Trying new monomer.
2019-Mar-03 22:15:55.636756 info[fractal.cpp:112] [34m[INFO] Failed to attach to (24.067707, 156.354919, -98.742765). Trying new monomer.
2019-Mar-03 22:15:55.637604 info[fractal.cpp:112] [34m[INFO] Failed to attach to (-48.688645, 101.113703, -81.046310). Trying new monomer.
2019-Mar-03 22:15:55.638787 info[fractal.cpp:112] [34m[INFO] Failed to attach to (-48.688645, 101.113703, -81.046310). Trying new monomer.
2019-Mar-03 22:15:55.642063 info[fractal.cpp:112] [34m[INFO] Failed to attach to (24.067707, 156.354919, -98.742765). Trying new monomer.
2019-Mar-03 22:15:55.645193 info[fractal.cpp:112] [34m[INFO] Failed to attach to (24.067707, 156.354919, -98.742765). Trying new monomer.
2019-Mar-03 22:15:55.647535 info[fractal.cpp:112] [34m[INFO] Failed to attach to (24.067707, 156.354919, -98.742765). Trying new monomer.
2019-Mar-03 22:15:55.650058 info[fractal.cpp:112] [34m[INFO] Failed to attach to (24.067707, 156.354919, -98.742765). Trying new monomer.
2019-Mar-03 22:15:55.652545 info[fractal.cpp:112] [34m[INFO] Failed to attach to (24.067707, 156.354919, -98.742765). Trying new monomer.
2019-Mar-03 22:15:55.656428 info[fractal.cpp:112] [34m[INFO] Failed to attach to (-48.688645, 101.113703, -81.046310). Trying new monomer.
2019-Mar-03 22:15:55.658144 info[fractal.cpp:112] [34m[INFO] Failed to attach to (-48.688645, 101.113703, -81.046310). Trying new monomer.
2019-Mar-03 22:15:55.658779 info[fractal.cpp:112] [34m[INFO] Failed to attach to (-48.688645, 101.113703, -81.046310). Trying new monomer.
2019-Mar-03 22:15:55.661371 info[fractal.cpp:112] [34m[INFO] Failed to attach to (24.067707, 156.354919, -98.742765). Trying new monomer.
2019-Mar-03 22:15:55.663863 info[fractal.cpp:112] [34m[INFO] Failed to attach to (-48.688645, 101.113703, -81.046310). Trying new monomer.
2019-Mar-03 22:15:55.665555 info[fractal.cpp:112] [34m[INFO] Failed to attach to (24.067707, 156.354919, -98.742765). Trying new monomer.
2019-Mar-03 22:15:55.667533 info[fractal.cpp:112] [34m[INFO] Failed to attach to (24.067707, 156.354919, -98.742765). Trying new monomer.
2019-Mar-03 22:15:55.670122 info[fractal.cpp:112] [34m[INFO] Failed to attach to (24.067707, 156.354919, -98.742765). Trying new monomer.
2019-Mar-03 22:15:55.672488 info[fractal.cpp:112] [34m[INFO] Failed to attach to (24.067707, 156.354919, -98.742765). Trying new monomer.
2019-Mar-03 22:15:55.673339 info[fractal.cpp:112] [34m[INFO] Failed to attach to (-48.688645, 101.113703, -81.046310). Trying new monomer.
2019-Mar-03 22:15:55.674239 info[fractal.cpp:112] [34m[INFO] Failed to attach to (-48.688645, 101.113703, -81.046310). Trying new monomer.
2019-Mar-03 22:15:55.676194 info[fractal.cpp:112] [34m[INFO] Failed to attach to (24.067707, 156.354919, -98.742765). Trying new monomer.
2019-Mar-03 22:15:55.679054 info[fractal.cpp:112] [34m[INFO] Failed to attach to (24.067707, 156.354919, -98.742765). Trying new monomer.
2019-Mar-03 22:15:55.683598 info[fractal.cpp:112] [34m[INFO] Failed to attach to (24.067707, 156.354919, -98.742765). Trying new monomer.
2019-Mar-03 22:15:55.687672 info[fractal.cpp:112] [34m[INFO] Failed to attach to (24.067707, 156.354919, -98.742765). Trying new monomer.
2019-Mar-03 22:15:55.691394 info[fractal.cpp:112] [34m[INFO] Failed to attach to (24.067707, 156.354919, -98.742765). Trying new monomer.
2019-Mar-03 22:15:55.692774 info[fractal.cpp:112] [34m[INFO] Failed to attach to (24.067707, 156.354919, -98.742765). Trying new monomer.
2019-Mar-03 22:15:55.695419 info[fractal.cpp:112] [34m[INFO] Failed to attach to (24.067707, 156.354919, -98.742765). Trying new monomer.
2019-Mar-03 22:15:55.697874 info[fractal.cpp:112] [34m[INFO] Failed to attach to (24.067707, 156.354919, -98.742765). Trying new monomer.
2019-Mar-03 22:15:55.699289 info[fractal.cpp:112] [34m[INFO] Failed to attach to (24.067707, 156.354919, -98.742765). Trying new monomer.
2019-Mar-03 22:15:55.701457 info[fractal.cpp:112] [34m[INFO] Failed to attach to (24.067707, 156.354919, -98.742765). Trying new monomer.
2019-Mar-03 22:15:55.706084 info[fractal.cpp:112] [34m[INFO] Failed to attach to (24.067707, 156.354919, -98.742765). Trying new monomer.
2019-Mar-03 22:15:55.711878 info[fractal.cpp:112] [34m[INFO] Failed to attach to (14.023263, -93.466371, -27.819683). Trying new monomer.
2019-Mar-03 22:15:55.714071 info[fractal.cpp:112] [34m[INFO] Failed to attach to (-94.023067, -126.603114, 69.316017). Trying new monomer.
2019-Mar-03 22:15:55.716573 info[fractal.cpp:112] [34m[INFO] Failed to attach to (24.067707, 156.354919, -98.742765). Trying new monomer.
2019-Mar-03 22:15:55.746828 info[fractal.cpp:112] [34m[INFO] Failed to attach to (24.067707, 156.354919, -98.742765). Trying new monomer.
2019-Mar-03 22:15:55.747960 info[fractal.cpp:112] [34m[INFO] Failed to attach to (-48.688645, 101.113703, -81.046310). Trying new monomer.
2019-Mar-03 22:15:55.752693 info[fractal.cpp:112] [34m[INFO] Failed to attach to (24.067707, 156.354919, -98.742765). Trying new monomer.
2019-Mar-03 22:15:55.754445 info[fractal.cpp:112] [34m[INFO] Failed to attach to (24.067707, 156.354919, -98.742765). Trying new monomer.
2019-Mar-03 22:15:55.756545 info[fractal.cpp:112] [34m[INFO] Failed to attach to (24.067707, 156.354919, -98.742765). Trying new monomer.
2019-Mar-03 22:15:55.757763 info[fractal.cpp:112] [34m[INFO] Failed to attach to (24.067707, 156.354919, -98.742765). Trying new monomer.
2019-Mar-03 22:15:55.759259 info[fractal.cpp:112] [34m[INFO] Failed to attach to (24.067707, 156.354919, -98.742765). Trying new monomer.
2019-Mar-03 22:15:55.763481 info[fractal.cpp:112] [34m[INFO] Failed to attach to (24.067707, 156.354919, -98.742765). Trying new monomer.
2019-Mar-03 22:15:55.764681 info[fractal.cpp:112] [34m[INFO] Failed to attach to (24.067707, 156.354919, -98.742765). Trying new monomer.
2019-Mar-03 22:15:55.765733 info[fractal.cpp:112] [34m[INFO] Failed to attach to (-48.688645, 101.113703, -81.046310). Trying new monomer.
2019-Mar-03 22:15:55.766301 info[fractal.cpp:112] [34m[INFO] Failed to attach to (-48.688645, 101.113703, -81.046310). Trying new monomer.
2019-Mar-03 22:15:55.768930 info[fractal.cpp:112] [34m[INFO] Failed to attach to (-48.688645, 101.113703, -81.046310). Trying new monomer.
2019-Mar-03 22:15:55.771030 info[fractal.cpp:112] [34m[INFO] Failed to attach to (24.067707, 156.354919, -98.742765). Trying new monomer.
2019-Mar-03 22:15:55.771627 info[fractal.cpp:112] [34m[INFO] Failed to attach to (-48.688645, 101.113703, -81.046310). Trying new monomer.
2019-Mar-03 22:15:55.772269 info[fractal.cpp:152] [34m[INFO] Actual epsilon = 0.000002
2019-Mar-03 22:15:55.772340 info[fractal.cpp:86] [34m[INFO] Adding monomer at point (-187.463887, 176.178285, 91.126557)
2019-Mar-03 22:15:55.772400 info[fractal.cpp:175] [34m[INFO] Fractal parameters updated.
2019-Mar-03 22:15:55.772453 info[fractal.cpp:73] [34m[INFO] Adding new monomer to fractal using Monte Carlo algorithm.
2019-Mar-03 22:15:55.772505 info[fractal.cpp:121] [34m[INFO] Out of range best_monomer = 3870.000000
2019-Mar-03 22:15:55.772562 info[fractal.cpp:143] [34m[INFO] Under epsilon in 1 attempts.
2019-Mar-03 22:15:55.777268 info[fractal.cpp:112] [34m[INFO] Failed to attach to (24.067707, 156.354919, -98.742765). Trying new monomer.
2019-Mar-03 22:15:55.778484 info[fractal.cpp:112] [34m[INFO] Failed to attach to (24.067707, 156.354919, -98.742765). Trying new monomer.
2019-Mar-03 22:15:55.780338 info[fractal.cpp:112] [34m[INFO] Failed to attach to (24.067707, 156.354919, -98.742765). Trying new monomer.
2019-Mar-03 22:15:55.782520 info[fractal.cpp:112] [34m[INFO] Failed to attach to (24.067707, 156.354919, -98.742765). Trying new monomer.
2019-Mar-03 22:15:55.788738 info[fractal.cpp:112] [34m[INFO] Failed to attach to (24.067707, 156.354919, -98.742765). Trying new monomer.
2019-Mar-03 22:15:55.791244 info[fractal.cpp:112] [34m[INFO] Failed to attach to (14.023263, -93.466371, -27.819683). Trying new monomer.
2019-Mar-03 22:15:55.794222 info[fractal.cpp:112] [34m[INFO] Failed to attach to (24.067707, 156.354919, -98.742765). Trying new monomer.
2019-Mar-03 22:15:55.797776 info[fractal.cpp:112] [34m[INFO] Failed to attach to (24.067707, 156.354919, -98.742765). Trying new monomer.
2019-Mar-03 22:15:55.801293 info[fractal.cpp:112] [34m[INFO] Failed to attach to (24.067707, 156.354919, -98.742765). Trying new monomer.
2019-Mar-03 22:15:55.803885 info[fractal.cpp:112] [34m[INFO] Failed to attach to (24.067707, 156.354919, -98.742765). Trying new monomer.
2019-Mar-03 22:15:55.805519 info[fractal.cpp:112] [34m[INFO] Failed to attach to (24.067707, 156.354919, -98.742765). Trying new monomer.
2019-Mar-03 22:15:55.806795 info[fractal.cpp:112] [34m[INFO] Failed to attach to (24.067707, 156.354919, -98.742765). Trying new monomer.
2019-Mar-03 22:15:55.807690 info[fractal.cpp:112] [34m[INFO] Failed to attach to (14.023263, -93.466371, -27.819683). Trying new monomer.
2019-Mar-03 22:15:55.808667 info[fractal.cpp:112] [34m[INFO] Failed to attach to (24.067707, 156.354919, -98.742765). Trying new monomer.
2019-Mar-03 22:15:55.818317 info[fractal.cpp:112] [34m[INFO] Failed to attach to (24.067707, 156.354919, -98.742765). Trying new monomer.
2019-Mar-03 22:15:55.822216 info[fractal.cpp:112] [34m[INFO] Failed to attach to (24.067707, 156.354919, -98.742765). Trying new monomer.
2019-Mar-03 22:15:55.824295 info[fractal.cpp:112] [34m[INFO] Failed to attach to (24.067707, 156.354919, -98.742765). Trying new monomer.
2019-Mar-03 22:15:55.827511 info[fractal.cpp:112] [34m[INFO] Failed to attach to (24.067707, 156.354919, -98.742765). Trying new monomer.
2019-Mar-03 22:15:55.829327 info[fractal.cpp:112] [34m[INFO] Failed to attach to (-48.688645, 101.113703, -81.046310). Trying new monomer.
2019-Mar-03 22:15:55.831581 info[fractal.cpp:112] [34m[INFO] Failed to attach to (24.067707, 156.354919, -98.742765). Trying new monomer.
2019-Mar-03 22:15:55.833404 info[fractal.cpp:112] [34m[INFO] Failed to attach to (24.067707, 156.354919, -98.742765). Trying new monomer.
2019-Mar-03 22:15:55.834270 info[fractal.cpp:112] [34m[INFO] Failed to attach to (-48.688645, 101.113703, -81.046310). Trying new monomer.
2019-Mar-03 22:15:55.835910 info[fractal.cpp:112] [34m[INFO] Failed to attach to (24.067707, 156.354919, -98.742765). Trying new monomer.
2019-Mar-03 22:15:55.838378 info[fractal.cpp:112] [34m[INFO] Failed to attach to (24.067707, 156.354919, -98.742765). Trying new monomer.
2019-Mar-03 22:15:55.840557 info[fractal.cpp:112] [34m[INFO] Failed to attach to (24.067707, 156.354919, -98.742765). Trying new monomer.
2019-Mar-03 22:15:55.841083 info[fractal.cpp:112] [34m[INFO] Failed to attach to (-48.688645, 101.113703, -81.046310). Trying new monomer.
2019-Mar-03 22:15:55.847383 info[fractal.cpp:112] [34m[INFO] Failed to attach to (24.067707, 156.354919, -98.742765). Trying new monomer.
2019-Mar-03 22:15:55.849374 info[fractal.cpp:112] [34m[INFO] Failed to attach to (96.978315, -97.251432, -36.640158). Trying new monomer.
2019-Mar-03 22:15:55.854415 info[fractal.cpp:112] [34m[INFO] Failed to attach to (24.067707, 156.354919, -98.742765). Trying new monomer.
2019-Mar-03 22:15:55.857307 info[fractal.cpp:112] [34m[INFO] Failed to attach to (24.067707, 156.354919, -98.742765). Trying new monomer.
