2019-Mar-03 22:06:10.090515 info[fractal.cpp:121] [34m[INFO] Out of range best_monomer = 60.000000
2019-Mar-03 22:06:10.092265 fatal[fractal.cpp:155] [31m[FATAL] Best monomer did not satisfy epsilon.
  best_diff / _a = 0.742181
  epsilon = 0.050000
2019-Mar-03 22:06:10.092319 info[fractal.cpp:73] [34m[INFO] Adding new monomer to fractal using Monte Carlo algorithm.
2019-Mar-03 22:06:10.092363 info[fractal.cpp:121] [34m[INFO] Out of range best_monomer = 60.000000
2019-Mar-03 22:06:10.093919 fatal[fractal.cpp:155] [31m[FATAL] Best monomer did not satisfy epsilon.
  best_diff / _a = 0.742167
  epsilon = 0.050000
2019-Mar-03 22:06:10.094011 info[fractal.cpp:73] [34m[INFO] Adding new monomer to fractal using Monte Carlo algorithm.
2019-Mar-03 22:06:10.094063 info[fractal.cpp:121] [34m[INFO] Out of range best_monomer = 60.000000
2019-Mar-03 22:06:10.095513 fatal[fractal.cpp:155] [31m[FATAL] Best monomer did not satisfy epsilon.
  best_diff / _a = 0.742151
  epsilon = 0.050000
2019-Mar-03 22:06:10.095561 info[fractal.cpp:73] [34m[INFO] Adding new monomer to fractal using Monte Carlo algorithm.
2019-Mar-03 22:06:10.095604 info[fractal.cpp:121] [34m[INFO] Out of range best_monomer = 60.000000
2019-Mar-03 22:06:10.097056 fatal[fractal.cpp:155] [31m[FATAL] Best monomer did not satisfy epsilon.
  best_diff / _a = 0.742213
  epsilon = 0.050000
2019-Mar-03 22:06:10.097105 info[fractal.cpp:73] [34m[INFO] Adding new monomer to fractal using Monte Carlo algorithm.
2019-Mar-03 22:06:10.097148 info[fractal.cpp:121] [34m[INFO] Out of range best_monomer = 60.000000
2019-Mar-03 22:06:10.098577 fatal[fractal.cpp:155] [31m[FATAL] Best monomer did not satisfy epsilon.
  best_diff / _a = 0.742149
  epsilon = 0.050000
2019-Mar-03 22:06:10.098623 info[fractal.cpp:73] [34m[INFO] Adding new monomer to fractal using Monte Carlo algorithm.
2019-Mar-03 22:06:10.098666 info[fractal.cpp:121] [34m[INFO] Out of range best_monomer = 60.000000
2019-Mar-03 22:06:10.100106 fatal[fractal.cpp:155] [31m[FATAL] Best monomer did not satisfy epsilon.
  best_diff / _a = 0.742199
  epsilon = 0.050000
2019-Mar-03 22:06:10.100152 info[fractal.cpp:73] [34m[INFO] Adding new monomer to fractal using Monte Carlo algorithm.
2019-Mar-03 22:06:10.100195 info[fractal.cpp:121] [34m[INFO] Out of range best_monomer = 60.000000
2019-Mar-03 22:06:10.101660 fatal[fractal.cpp:155] [31m[FATAL] Best monomer did not satisfy epsilon.
  best_diff / _a = 0.742151
  epsilon = 0.050000
2019-Mar-03 22:06:10.101729 info[fractal.cpp:73] [34m[INFO] Adding new monomer to fractal using Monte Carlo algorithm.
2019-Mar-03 22:06:10.101806 info[fractal.cpp:121] [34m[INFO] Out of range best_monomer = 60.000000
2019-Mar-03 22:06:10.103382 fatal[fractal.cpp:155] [31m[FATAL] Best monomer did not satisfy epsilon.
  best_diff / _a = 0.742161
  epsilon = 0.050000
2019-Mar-03 22:06:10.103435 info[fractal.cpp:73] [34m[INFO] Adding new monomer to fractal using Monte Carlo algorithm.
2019-Mar-03 22:06:10.103478 info[fractal.cpp:121] [34m[INFO] Out of range best_monomer = 60.000000
2019-Mar-03 22:06:10.104918 fatal[fractal.cpp:155] [31m[FATAL] Best monomer did not satisfy epsilon.
  best_diff / _a = 0.742154
  epsilon = 0.050000
2019-Mar-03 22:06:10.104963 info[fractal.cpp:73] [34m[INFO] Adding new monomer to fractal using Monte Carlo algorithm.
2019-Mar-03 22:06:10.105006 info[fractal.cpp:121] [34m[INFO] Out of range best_monomer = 60.000000
2019-Mar-03 22:06:10.106445 fatal[fractal.cpp:155] [31m[FATAL] Best monomer did not satisfy epsilon.
  best_diff / _a = 0.742147
  epsilon = 0.050000
2019-Mar-03 22:06:10.106495 info[fractal.cpp:73] [34m[INFO] Adding new monomer to fractal using Monte Carlo algorithm.
2019-Mar-03 22:06:10.106538 info[fractal.cpp:121] [34m[INFO] Out of range best_monomer = 60.000000
2019-Mar-03 22:06:10.108384 fatal[fractal.cpp:155] [31m[FATAL] Best monomer did not satisfy epsilon.
  best_diff / _a = 0.742152
  epsilon = 0.050000
2019-Mar-03 22:06:10.108463 info[fractal.cpp:73] [34m[INFO] Adding new monomer to fractal using Monte Carlo algorithm.
2019-Mar-03 22:06:10.108508 info[fractal.cpp:121] [34m[INFO] Out of range best_monomer = 60.000000
2019-Mar-03 22:06:10.109972 fatal[fractal.cpp:155] [31m[FATAL] Best monomer did not satisfy epsilon.
  best_diff / _a = 0.742234
  epsilon = 0.050000
2019-Mar-03 22:06:10.110022 info[fractal.cpp:73] [34m[INFO] Adding new monomer to fractal using Monte Carlo algorithm.
2019-Mar-03 22:06:10.110066 info[fractal.cpp:121] [34m[INFO] Out of range best_monomer = 60.000000
2019-Mar-03 22:06:10.111508 fatal[fractal.cpp:155] [31m[FATAL] Best monomer did not satisfy epsilon.
  best_diff / _a = 0.742163
  epsilon = 0.050000
2019-Mar-03 22:06:10.111554 info[fractal.cpp:73] [34m[INFO] Adding new monomer to fractal using Monte Carlo algorithm.
2019-Mar-03 22:06:10.111597 info[fractal.cpp:121] [34m[INFO] Out of range best_monomer = 60.000000
2019-Mar-03 22:06:10.113036 fatal[fractal.cpp:155] [31m[FATAL] Best monomer did not satisfy epsilon.
  best_diff / _a = 0.742150
  epsilon = 0.050000
2019-Mar-03 22:06:10.113082 info[fractal.cpp:73] [34m[INFO] Adding new monomer to fractal using Monte Carlo algorithm.
2019-Mar-03 22:06:10.113125 info[fractal.cpp:121] [34m[INFO] Out of range best_monomer = 60.000000
2019-Mar-03 22:06:10.114553 fatal[fractal.cpp:155] [31m[FATAL] Best monomer did not satisfy epsilon.
  best_diff / _a = 0.742167
  epsilon = 0.050000
2019-Mar-03 22:06:10.114598 info[fractal.cpp:73] [34m[INFO] Adding new monomer to fractal using Monte Carlo algorithm.
2019-Mar-03 22:06:10.114641 info[fractal.cpp:121] [34m[INFO] Out of range best_monomer = 60.000000
2019-Mar-03 22:06:10.116078 fatal[fractal.cpp:155] [31m[FATAL] Best monomer did not satisfy epsilon.
  best_diff / _a = 0.742158
  epsilon = 0.050000
2019-Mar-03 22:06:10.116123 info[fractal.cpp:73] [34m[INFO] Adding new monomer to fractal using Monte Carlo algorithm.
2019-Mar-03 22:06:10.116166 info[fractal.cpp:121] [34m[INFO] Out of range best_monomer = 60.000000
2019-Mar-03 22:06:10.117601 fatal[fractal.cpp:155] [31m[FATAL] Best monomer did not satisfy epsilon.
  best_diff / _a = 0.742199
  epsilon = 0.050000
2019-Mar-03 22:06:10.117647 info[fractal.cpp:73] [34m[INFO] Adding new monomer to fractal using Monte Carlo algorithm.
2019-Mar-03 22:06:10.117690 info[fractal.cpp:121] [34m[INFO] Out of range best_monomer = 60.000000
2019-Mar-03 22:06:10.119168 fatal[fractal.cpp:155] [31m[FATAL] Best monomer did not satisfy epsilon.
  best_diff / _a = 0.742189
  epsilon = 0.050000
2019-Mar-03 22:06:10.119218 info[fractal.cpp:73] [34m[INFO] Adding new monomer to fractal using Monte Carlo algorithm.
2019-Mar-03 22:06:10.119261 info[fractal.cpp:121] [34m[INFO] Out of range best_monomer = 60.000000
2019-Mar-03 22:06:10.120703 fatal[fractal.cpp:155] [31m[FATAL] Best monomer did not satisfy epsilon.
  best_diff / _a = 0.742243
  epsilon = 0.050000
2019-Mar-03 22:06:10.120749 info[fractal.cpp:73] [34m[INFO] Adding new monomer to fractal using Monte Carlo algorithm.
2019-Mar-03 22:06:10.120792 info[fractal.cpp:121] [34m[INFO] Out of range best_monomer = 60.000000
2019-Mar-03 22:06:10.122204 fatal[fractal.cpp:155] [31m[FATAL] Best monomer did not satisfy epsilon.
  best_diff / _a = 0.742249
  epsilon = 0.050000
2019-Mar-03 22:06:10.122249 info[fractal.cpp:73] [34m[INFO] Adding new monomer to fractal using Monte Carlo algorithm.
2019-Mar-03 22:06:10.122292 info[fractal.cpp:121] [34m[INFO] Out of range best_monomer = 60.000000
2019-Mar-03 22:06:10.123719 fatal[fractal.cpp:155] [31m[FATAL] Best monomer did not satisfy epsilon.
  best_diff / _a = 0.742163
  epsilon = 0.050000
2019-Mar-03 22:06:10.123765 info[fractal.cpp:73] [34m[INFO] Adding new monomer to fractal using Monte Carlo algorithm.
2019-Mar-03 22:06:10.123808 info[fractal.cpp:121] [34m[INFO] Out of range best_monomer = 60.000000
2019-Mar-03 22:06:10.125237 fatal[fractal.cpp:155] [31m[FATAL] Best monomer did not satisfy epsilon.
  best_diff / _a = 0.742151
  epsilon = 0.050000
2019-Mar-03 22:06:10.125282 info[fractal.cpp:73] [34m[INFO] Adding new monomer to fractal using Monte Carlo algorithm.
2019-Mar-03 22:06:10.125325 info[fractal.cpp:121] [34m[INFO] Out of range best_monomer = 60.000000
2019-Mar-03 22:06:10.126872 fatal[fractal.cpp:155] [31m[FATAL] Best monomer did not satisfy epsilon.
  best_diff / _a = 0.742167
  epsilon = 0.050000
2019-Mar-03 22:06:10.126930 info[fractal.cpp:73] [34m[INFO] Adding new monomer to fractal using Monte Carlo algorithm.
2019-Mar-03 22:06:10.126979 info[fractal.cpp:121] [34m[INFO] Out of range best_monomer = 60.000000
2019-Mar-03 22:06:10.128487 fatal[fractal.cpp:155] [31m[FATAL] Best monomer did not satisfy epsilon.
  best_diff / _a = 0.742258
  epsilon = 0.050000
2019-Mar-03 22:06:10.128541 info[fractal.cpp:73] [34m[INFO] Adding new monomer to fractal using Monte Carlo algorithm.
2019-Mar-03 22:06:10.128609 info[fractal.cpp:121] [34m[INFO] Out of range best_monomer = 60.000000
2019-Mar-03 22:06:10.130129 fatal[fractal.cpp:155] [31m[FATAL] Best monomer did not satisfy epsilon.
  best_diff / _a = 0.742156
  epsilon = 0.050000
2019-Mar-03 22:06:10.130181 info[fractal.cpp:73] [34m[INFO] Adding new monomer to fractal using Monte Carlo algorithm.
2019-Mar-03 22:06:10.130225 info[fractal.cpp:121] [34m[INFO] Out of range best_monomer = 60.000000
2019-Mar-03 22:06:10.132006 fatal[fractal.cpp:155] [31m[FATAL] Best monomer did not satisfy epsilon.
  best_diff / _a = 0.742162
  epsilon = 0.050000
2019-Mar-03 22:06:10.132072 info[fractal.cpp:73] [34m[INFO] Adding new monomer to fractal using Monte Carlo algorithm.
2019-Mar-03 22:06:10.132116 info[fractal.cpp:121] [34m[INFO] Out of range best_monomer = 60.000000
2019-Mar-03 22:06:10.133546 fatal[fractal.cpp:155] [31m[FATAL] Best monomer did not satisfy epsilon.
  best_diff / _a = 0.742149
  epsilon = 0.050000
2019-Mar-03 22:06:10.133591 info[fractal.cpp:73] [34m[INFO] Adding new monomer to fractal using Monte Carlo algorithm.
2019-Mar-03 22:06:10.133634 info[fractal.cpp:121] [34m[INFO] Out of range best_monomer = 60.000000
2019-Mar-03 22:06:10.135073 fatal[fractal.cpp:155] [31m[FATAL] Best monomer did not satisfy epsilon.
  best_diff / _a = 0.742157
  epsilon = 0.050000
2019-Mar-03 22:06:10.135119 info[fractal.cpp:73] [34m[INFO] Adding new monomer to fractal using Monte Carlo algorithm.
2019-Mar-03 22:06:10.135162 info[fractal.cpp:121] [34m[INFO] Out of range best_monomer = 60.000000
2019-Mar-03 22:06:10.136662 fatal[fractal.cpp:155] [31m[FATAL] Best monomer did not satisfy epsilon.
  best_diff / _a = 0.742193
  epsilon = 0.050000
2019-Mar-03 22:06:10.136724 info[fractal.cpp:73] [34m[INFO] Adding new monomer to fractal using Monte Carlo algorithm.
2019-Mar-03 22:06:10.136782 info[fractal.cpp:121] [34m[INFO] Out of range best_monomer = 60.000000
2019-Mar-03 22:06:10.138722 fatal[fractal.cpp:155] [31m[FATAL] Best monomer did not satisfy epsilon.
  best_diff / _a = 0.742166
  epsilon = 0.050000
2019-Mar-03 22:06:10.138810 info[fractal.cpp:73] [34m[INFO] Adding new monomer to fractal using Monte Carlo algorithm.
2019-Mar-03 22:06:10.138872 info[fractal.cpp:121] [34m[INFO] Out of range best_monomer = 60.000000
2019-Mar-03 22:06:10.140767 fatal[fractal.cpp:155] [31m[FATAL] Best monomer did not satisfy epsilon.
  best_diff / _a = 0.742197
  epsilon = 0.050000
2019-Mar-03 22:06:10.140824 info[fractal.cpp:73] [34m[INFO] Adding new monomer to fractal using Monte Carlo algorithm.
2019-Mar-03 22:06:10.140875 info[fractal.cpp:121] [34m[INFO] Out of range best_monomer = 60.000000
2019-Mar-03 22:06:10.142561 fatal[fractal.cpp:155] [31m[FATAL] Best monomer did not satisfy epsilon.
  best_diff / _a = 0.742159
  epsilon = 0.050000
2019-Mar-03 22:06:10.142616 info[fractal.cpp:73] [34m[INFO] Adding new monomer to fractal using Monte Carlo algorithm.
2019-Mar-03 22:06:10.142666 info[fractal.cpp:121] [34m[INFO] Out of range best_monomer = 60.000000
2019-Mar-03 22:06:10.144330 fatal[fractal.cpp:155] [31m[FATAL] Best monomer did not satisfy epsilon.
  best_diff / _a = 0.742172
  epsilon = 0.050000
2019-Mar-03 22:06:10.144384 info[fractal.cpp:73] [34m[INFO] Adding new monomer to fractal using Monte Carlo algorithm.
2019-Mar-03 22:06:10.144433 info[fractal.cpp:121] [34m[INFO] Out of range best_monomer = 60.000000
2019-Mar-03 22:06:10.146130 fatal[fractal.cpp:155] [31m[FATAL] Best monomer did not satisfy epsilon.
  best_diff / _a = 0.742147
  epsilon = 0.050000
2019-Mar-03 22:06:10.146186 info[fractal.cpp:73] [34m[INFO] Adding new monomer to fractal using Monte Carlo algorithm.
2019-Mar-03 22:06:10.146236 info[fractal.cpp:121] [34m[INFO] Out of range best_monomer = 60.000000
2019-Mar-03 22:06:10.147820 fatal[fractal.cpp:155] [31m[FATAL] Best monomer did not satisfy epsilon.
  best_diff / _a = 0.742167
  epsilon = 0.050000
2019-Mar-03 22:06:10.147867 info[fractal.cpp:73] [34m[INFO] Adding new monomer to fractal using Monte Carlo algorithm.
2019-Mar-03 22:06:10.147911 info[fractal.cpp:121] [34m[INFO] Out of range best_monomer = 60.000000
2019-Mar-03 22:06:10.149410 fatal[fractal.cpp:155] [31m[FATAL] Best monomer did not satisfy epsilon.
  best_diff / _a = 0.742168
  epsilon = 0.050000
2019-Mar-03 22:06:10.149458 info[fractal.cpp:73] [34m[INFO] Adding new monomer to fractal using Monte Carlo algorithm.
2019-Mar-03 22:06:10.149503 info[fractal.cpp:121] [34m[INFO] Out of range best_monomer = 60.000000
2019-Mar-03 22:06:10.151018 fatal[fractal.cpp:155] [31m[FATAL] Best monomer did not satisfy epsilon.
  best_diff / _a = 0.742147
  epsilon = 0.050000
2019-Mar-03 22:06:10.151073 info[fractal.cpp:73] [34m[INFO] Adding new monomer to fractal using Monte Carlo algorithm.
2019-Mar-03 22:06:10.151136 info[fractal.cpp:121] [34m[INFO] Out of range best_monomer = 60.000000
2019-Mar-03 22:06:10.152634 fatal[fractal.cpp:155] [31m[FATAL] Best monomer did not satisfy epsilon.
  best_diff / _a = 0.742183
  epsilon = 0.050000
2019-Mar-03 22:06:10.152686 info[fractal.cpp:73] [34m[INFO] Adding new monomer to fractal using Monte Carlo algorithm.
2019-Mar-03 22:06:10.152730 info[fractal.cpp:121] [34m[INFO] Out of range best_monomer = 60.000000
2019-Mar-03 22:06:10.154345 fatal[fractal.cpp:155] [31m[FATAL] Best monomer did not satisfy epsilon.
  best_diff / _a = 0.742150
  epsilon = 0.050000
2019-Mar-03 22:06:10.154412 info[fractal.cpp:73] [34m[INFO] Adding new monomer to fractal using Monte Carlo algorithm.
2019-Mar-03 22:06:10.154458 info[fractal.cpp:121] [34m[INFO] Out of range best_monomer = 60.000000
2019-Mar-03 22:06:10.155890 fatal[fractal.cpp:155] [31m[FATAL] Best monomer did not satisfy epsilon.
  best_diff / _a = 0.742185
  epsilon = 0.050000
2019-Mar-03 22:06:10.155936 info[fractal.cpp:73] [34m[INFO] Adding new monomer to fractal using Monte Carlo algorithm.
2019-Mar-03 22:06:10.155979 info[fractal.cpp:121] [34m[INFO] Out of range best_monomer = 60.000000
2019-Mar-03 22:06:10.157464 fatal[fractal.cpp:155] [31m[FATAL] Best monomer did not satisfy epsilon.
  best_diff / _a = 0.742169
  epsilon = 0.050000
2019-Mar-03 22:06:10.157516 info[fractal.cpp:73] [34m[INFO] Adding new monomer to fractal using Monte Carlo algorithm.
2019-Mar-03 22:06:10.157560 info[fractal.cpp:121] [34m[INFO] Out of range best_monomer = 60.000000
2019-Mar-03 22:06:10.158991 fatal[fractal.cpp:155] [31m[FATAL] Best monomer did not satisfy epsilon.
  best_diff / _a = 0.742159
  epsilon = 0.050000
2019-Mar-03 22:06:10.159037 info[fractal.cpp:73] [34m[INFO] Adding new monomer to fractal using Monte Carlo algorithm.
2019-Mar-03 22:06:10.159080 info[fractal.cpp:121] [34m[INFO] Out of range best_monomer = 60.000000
2019-Mar-03 22:06:10.160516 fatal[fractal.cpp:155] [31m[FATAL] Best monomer did not satisfy epsilon.
  best_diff / _a = 0.742177
  epsilon = 0.050000
2019-Mar-03 22:06:10.160562 info[fractal.cpp:73] [34m[INFO] Adding new monomer to fractal using Monte Carlo algorithm.
2019-Mar-03 22:06:10.160605 info[fractal.cpp:121] [34m[INFO] Out of range best_monomer = 60.000000
2019-Mar-03 22:06:10.162036 fatal[fractal.cpp:155] [31m[FATAL] Best monomer did not satisfy epsilon.
  best_diff / _a = 0.742259
  epsilon = 0.050000
2019-Mar-03 22:06:10.162083 info[fractal.cpp:73] [34m[INFO] Adding new monomer to fractal using Monte Carlo algorithm.
