2019-Mar-03 22:14:36.669624 info[fractal.cpp:112] [34m[INFO] Failed to attach to (196.272536, -233.789046, -77.117836). Trying new monomer.
2019-Mar-03 22:14:36.680226 info[fractal.cpp:112] [34m[INFO] Failed to attach to (174.147588, -218.546625, -123.995514). Trying new monomer.
2019-Mar-03 22:14:36.687973 info[fractal.cpp:112] [34m[INFO] Failed to attach to (259.618799, -214.883658, -145.934349). Trying new monomer.
2019-Mar-03 22:14:36.693554 info[fractal.cpp:112] [34m[INFO] Failed to attach to (218.861522, -238.701374, -25.550451). Trying new monomer.
2019-Mar-03 22:14:36.695732 info[fractal.cpp:112] [34m[INFO] Failed to attach to (-215.725771, 165.028728, -141.616493). Trying new monomer.
2019-Mar-03 22:14:36.701500 info[fractal.cpp:112] [34m[INFO] Failed to attach to (-99.670150, 317.585358, -193.005745). Trying new monomer.
2019-Mar-03 22:14:36.707149 info[fractal.cpp:112] [34m[INFO] Failed to attach to (174.147588, -218.546625, -123.995514). Trying new monomer.
2019-Mar-03 22:14:36.712781 info[fractal.cpp:112] [34m[INFO] Failed to attach to (-215.725771, 165.028728, -141.616493). Trying new monomer.
2019-Mar-03 22:14:36.715190 info[fractal.cpp:152] [34m[INFO] Actual epsilon = 0.000013
2019-Mar-03 22:14:36.715947 info[fractal.cpp:86] [34m[INFO] Adding monomer at point (170.917194, -353.134230, 103.586517)
2019-Mar-03 22:14:36.716316 info[fractal.cpp:175] [34m[INFO] Fractal parameters updated.
2019-Mar-03 22:14:36.716639 info[fractal.cpp:73] [34m[INFO] Adding new monomer to fractal using Monte Carlo algorithm.
2019-Mar-03 22:14:36.716733 info[fractal.cpp:121] [34m[INFO] Out of range best_monomer = 10560.000000
2019-Mar-03 22:14:36.742620 info[fractal.cpp:112] [34m[INFO] Failed to attach to (222.999395, -182.796676, -112.325158). Trying new monomer.
2019-Mar-03 22:14:36.752126 info[fractal.cpp:143] [34m[INFO] Under epsilon in 2 attempts.
2019-Mar-03 22:14:36.763996 info[fractal.cpp:112] [34m[INFO] Failed to attach to (196.272536, -233.789046, -77.117836). Trying new monomer.
2019-Mar-03 22:14:36.768059 info[fractal.cpp:112] [34m[INFO] Failed to attach to (256.104654, -220.488579, -92.341107). Trying new monomer.
2019-Mar-03 22:14:36.778153 info[fractal.cpp:112] [34m[INFO] Failed to attach to (174.147588, -218.546625, -123.995514). Trying new monomer.
2019-Mar-03 22:14:36.780090 info[fractal.cpp:112] [34m[INFO] Failed to attach to (-215.725771, 165.028728, -141.616493). Trying new monomer.
2019-Mar-03 22:14:36.783072 info[fractal.cpp:112] [34m[INFO] Failed to attach to (259.618799, -214.883658, -145.934349). Trying new monomer.
2019-Mar-03 22:14:36.786063 info[fractal.cpp:112] [34m[INFO] Failed to attach to (187.741458, -262.167493, 61.037181). Trying new monomer.
2019-Mar-03 22:14:36.794680 info[fractal.cpp:112] [34m[INFO] Failed to attach to (208.832442, -265.048999, 110.664465). Trying new monomer.
2019-Mar-03 22:14:36.800593 info[fractal.cpp:112] [34m[INFO] Failed to attach to (267.737989, -255.993538, -40.652504). Trying new monomer.
2019-Mar-03 22:14:36.802955 info[fractal.cpp:112] [34m[INFO] Failed to attach to (187.741458, -262.167493, 61.037181). Trying new monomer.
2019-Mar-03 22:14:36.806159 info[fractal.cpp:112] [34m[INFO] Failed to attach to (256.104654, -220.488579, -92.341107). Trying new monomer.
2019-Mar-03 22:14:36.809290 info[fractal.cpp:112] [34m[INFO] Failed to attach to (259.618799, -214.883658, -145.934349). Trying new monomer.
2019-Mar-03 22:14:36.812832 info[fractal.cpp:112] [34m[INFO] Failed to attach to (218.861522, -238.701374, -25.550451). Trying new monomer.
2019-Mar-03 22:14:36.815119 info[fractal.cpp:112] [34m[INFO] Failed to attach to (218.861522, -238.701374, -25.550451). Trying new monomer.
2019-Mar-03 22:14:36.816957 info[fractal.cpp:112] [34m[INFO] Failed to attach to (-215.725771, 165.028728, -141.616493). Trying new monomer.
2019-Mar-03 22:14:36.822453 info[fractal.cpp:112] [34m[INFO] Failed to attach to (218.861522, -238.701374, -25.550451). Trying new monomer.
2019-Mar-03 22:14:36.825293 info[fractal.cpp:112] [34m[INFO] Failed to attach to (256.104654, -220.488579, -92.341107). Trying new monomer.
2019-Mar-03 22:14:36.829398 info[fractal.cpp:112] [34m[INFO] Failed to attach to (208.832442, -265.048999, 110.664465). Trying new monomer.
2019-Mar-03 22:14:36.831387 info[fractal.cpp:112] [34m[INFO] Failed to attach to (219.511802, -179.242287, -58.555250). Trying new monomer.
2019-Mar-03 22:14:36.837291 info[fractal.cpp:112] [34m[INFO] Failed to attach to (256.104654, -220.488579, -92.341107). Trying new monomer.
2019-Mar-03 22:14:36.840315 info[fractal.cpp:112] [34m[INFO] Failed to attach to (187.741458, -262.167493, 61.037181). Trying new monomer.
2019-Mar-03 22:14:36.843742 info[fractal.cpp:112] [34m[INFO] Failed to attach to (218.861522, -238.701374, -25.550451). Trying new monomer.
2019-Mar-03 22:14:36.846591 info[fractal.cpp:112] [34m[INFO] Failed to attach to (208.832442, -265.048999, 110.664465). Trying new monomer.
2019-Mar-03 22:14:36.854763 info[fractal.cpp:112] [34m[INFO] Failed to attach to (146.923497, -208.108927, -78.543304). Trying new monomer.
2019-Mar-03 22:14:36.856713 info[fractal.cpp:112] [34m[INFO] Failed to attach to (-215.725771, 165.028728, -141.616493). Trying new monomer.
2019-Mar-03 22:14:36.861466 info[fractal.cpp:112] [34m[INFO] Failed to attach to (259.618799, -214.883658, -145.934349). Trying new monomer.
2019-Mar-03 22:14:36.864456 info[fractal.cpp:112] [34m[INFO] Failed to attach to (259.618799, -214.883658, -145.934349). Trying new monomer.
2019-Mar-03 22:14:36.866519 info[fractal.cpp:112] [34m[INFO] Failed to attach to (-215.725771, 165.028728, -141.616493). Trying new monomer.
2019-Mar-03 22:14:36.869458 info[fractal.cpp:112] [34m[INFO] Failed to attach to (196.272536, -233.789046, -77.117836). Trying new monomer.
2019-Mar-03 22:14:36.872260 info[fractal.cpp:112] [34m[INFO] Failed to attach to (-215.725771, 165.028728, -141.616493). Trying new monomer.
2019-Mar-03 22:14:36.880282 info[fractal.cpp:112] [34m[INFO] Failed to attach to (222.999395, -182.796676, -112.325158). Trying new monomer.
2019-Mar-03 22:14:36.886404 info[fractal.cpp:112] [34m[INFO] Failed to attach to (218.861522, -238.701374, -25.550451). Trying new monomer.
2019-Mar-03 22:14:36.892458 info[fractal.cpp:112] [34m[INFO] Failed to attach to (150.426596, -261.873883, -82.156857). Trying new monomer.
2019-Mar-03 22:14:36.902697 info[fractal.cpp:112] [34m[INFO] Failed to attach to (259.618799, -214.883658, -145.934349). Trying new monomer.
2019-Mar-03 22:14:36.910656 info[fractal.cpp:112] [34m[INFO] Failed to attach to (218.861522, -238.701374, -25.550451). Trying new monomer.
2019-Mar-03 22:14:36.915181 info[fractal.cpp:112] [34m[INFO] Failed to attach to (174.147588, -218.546625, -123.995514). Trying new monomer.
2019-Mar-03 22:14:36.918042 info[fractal.cpp:112] [34m[INFO] Failed to attach to (196.272536, -233.789046, -77.117836). Trying new monomer.
2019-Mar-03 22:14:36.919823 info[fractal.cpp:112] [34m[INFO] Failed to attach to (146.923497, -208.108927, -78.543304). Trying new monomer.
2019-Mar-03 22:14:36.922683 info[fractal.cpp:112] [34m[INFO] Failed to attach to (-215.725771, 165.028728, -141.616493). Trying new monomer.
2019-Mar-03 22:14:36.926775 info[fractal.cpp:112] [34m[INFO] Failed to attach to (-146.340014, 295.569440, 217.941129). Trying new monomer.
2019-Mar-03 22:14:36.929941 info[fractal.cpp:112] [34m[INFO] Failed to attach to (146.923497, -208.108927, -78.543304). Trying new monomer.
2019-Mar-03 22:14:36.932246 info[fractal.cpp:112] [34m[INFO] Failed to attach to (174.147588, -218.546625, -123.995514). Trying new monomer.
2019-Mar-03 22:14:36.934861 info[fractal.cpp:112] [34m[INFO] Failed to attach to (-215.725771, 165.028728, -141.616493). Trying new monomer.
2019-Mar-03 22:14:36.949897 info[fractal.cpp:112] [34m[INFO] Failed to attach to (-99.670150, 317.585358, -193.005745). Trying new monomer.
2019-Mar-03 22:14:36.964136 info[fractal.cpp:112] [34m[INFO] Failed to attach to (256.104654, -220.488579, -92.341107). Trying new monomer.
2019-Mar-03 22:14:36.969489 info[fractal.cpp:112] [34m[INFO] Failed to attach to (208.832442, -265.048999, 110.664465). Trying new monomer.
2019-Mar-03 22:14:36.979795 info[fractal.cpp:112] [34m[INFO] Failed to attach to (150.426596, -261.873883, -82.156857). Trying new monomer.
2019-Mar-03 22:14:36.985192 info[fractal.cpp:112] [34m[INFO] Failed to attach to (256.104654, -220.488579, -92.341107). Trying new monomer.
2019-Mar-03 22:14:36.991283 info[fractal.cpp:112] [34m[INFO] Failed to attach to (259.618799, -214.883658, -145.934349). Trying new monomer.
2019-Mar-03 22:14:36.995483 info[fractal.cpp:112] [34m[INFO] Failed to attach to (222.999395, -182.796676, -112.325158). Trying new monomer.
2019-Mar-03 22:14:37.000232 info[fractal.cpp:112] [34m[INFO] Failed to attach to (-215.725771, 165.028728, -141.616493). Trying new monomer.
2019-Mar-03 22:14:37.007694 info[fractal.cpp:112] [34m[INFO] Failed to attach to (-99.670150, 317.585358, -193.005745). Trying new monomer.
2019-Mar-03 22:14:37.015635 info[fractal.cpp:112] [34m[INFO] Failed to attach to (-215.725771, 165.028728, -141.616493). Trying new monomer.
2019-Mar-03 22:14:37.022170 info[fractal.cpp:112] [34m[INFO] Failed to attach to (174.147588, -218.546625, -123.995514). Trying new monomer.
2019-Mar-03 22:14:37.025609 info[fractal.cpp:112] [34m[INFO] Failed to attach to (146.923497, -208.108927, -78.543304). Trying new monomer.
2019-Mar-03 22:14:37.036660 info[fractal.cpp:112] [34m[INFO] Failed to attach to (256.104654, -220.488579, -92.341107). Trying new monomer.
2019-Mar-03 22:14:37.040667 info[fractal.cpp:112] [34m[INFO] Failed to attach to (146.923497, -208.108927, -78.543304). Trying new monomer.
2019-Mar-03 22:14:37.045408 info[fractal.cpp:112] [34m[INFO] Failed to attach to (174.147588, -218.546625, -123.995514). Trying new monomer.
2019-Mar-03 22:14:37.078934 info[fractal.cpp:112] [34m[INFO] Failed to attach to (196.272536, -233.789046, -77.117836). Trying new monomer.
2019-Mar-03 22:14:37.082469 info[fractal.cpp:112] [34m[INFO] Failed to attach to (146.923497, -208.108927, -78.543304). Trying new monomer.
2019-Mar-03 22:14:37.087463 info[fractal.cpp:112] [34m[INFO] Failed to attach to (187.741458, -262.167493, 61.037181). Trying new monomer.
2019-Mar-03 22:14:37.094432 info[fractal.cpp:112] [34m[INFO] Failed to attach to (218.861522, -238.701374, -25.550451). Trying new monomer.
2019-Mar-03 22:14:37.106860 info[fractal.cpp:112] [34m[INFO] Failed to attach to (-146.340014, 295.569440, 217.941129). Trying new monomer.
2019-Mar-03 22:14:37.122044 info[fractal.cpp:112] [34m[INFO] Failed to attach to (174.147588, -218.546625, -123.995514). Trying new monomer.
2019-Mar-03 22:14:37.125320 info[fractal.cpp:112] [34m[INFO] Failed to attach to (187.741458, -262.167493, 61.037181). Trying new monomer.
2019-Mar-03 22:14:37.133111 info[fractal.cpp:112] [34m[INFO] Failed to attach to (146.923497, -208.108927, -78.543304). Trying new monomer.
2019-Mar-03 22:14:37.138899 info[fractal.cpp:112] [34m[INFO] Failed to attach to (-63.999484, 255.154414, 45.321008). Trying new monomer.
2019-Mar-03 22:14:37.142813 info[fractal.cpp:112] [34m[INFO] Failed to attach to (259.618799, -214.883658, -145.934349). Trying new monomer.
2019-Mar-03 22:14:37.145841 info[fractal.cpp:112] [34m[INFO] Failed to attach to (256.104654, -220.488579, -92.341107). Trying new monomer.
2019-Mar-03 22:14:37.148705 info[fractal.cpp:112] [34m[INFO] Failed to attach to (222.999395, -182.796676, -112.325158). Trying new monomer.
2019-Mar-03 22:14:37.151471 info[fractal.cpp:112] [34m[INFO] Failed to attach to (222.999395, -182.796676, -112.325158). Trying new monomer.
2019-Mar-03 22:14:37.156595 info[fractal.cpp:112] [34m[INFO] Failed to attach to (187.741458, -262.167493, 61.037181). Trying new monomer.
2019-Mar-03 22:14:37.161097 info[fractal.cpp:112] [34m[INFO] Failed to attach to (218.861522, -238.701374, -25.550451). Trying new monomer.
2019-Mar-03 22:14:37.168006 info[fractal.cpp:112] [34m[INFO] Failed to attach to (196.272536, -233.789046, -77.117836). Trying new monomer.
2019-Mar-03 22:14:37.171399 info[fractal.cpp:112] [34m[INFO] Failed to attach to (174.147588, -218.546625, -123.995514). Trying new monomer.
2019-Mar-03 22:14:37.178680 info[fractal.cpp:112] [34m[INFO] Failed to attach to (146.923497, -208.108927, -78.543304). Trying new monomer.
2019-Mar-03 22:14:37.180961 info[fractal.cpp:112] [34m[INFO] Failed to attach to (-215.725771, 165.028728, -141.616493). Trying new monomer.
2019-Mar-03 22:14:37.183223 info[fractal.cpp:112] [34m[INFO] Failed to attach to (146.923497, -208.108927, -78.543304). Trying new monomer.
2019-Mar-03 22:14:37.187032 info[fractal.cpp:112] [34m[INFO] Failed to attach to (256.104654, -220.488579, -92.341107). Trying new monomer.
2019-Mar-03 22:14:37.191076 info[fractal.cpp:112] [34m[INFO] Failed to attach to (256.104654, -220.488579, -92.341107). Trying new monomer.
2019-Mar-03 22:14:37.192687 info[fractal.cpp:112] [34m[INFO] Failed to attach to (146.923497, -208.108927, -78.543304). Trying new monomer.
2019-Mar-03 22:14:37.196187 info[fractal.cpp:112] [34m[INFO] Failed to attach to (196.272536, -233.789046, -77.117836). Trying new monomer.
2019-Mar-03 22:14:37.201031 info[fractal.cpp:112] [34m[INFO] Failed to attach to (174.147588, -218.546625, -123.995514). Trying new monomer.
2019-Mar-03 22:14:37.207746 info[fractal.cpp:112] [34m[INFO] Failed to attach to (187.741458, -262.167493, 61.037181). Trying new monomer.
2019-Mar-03 22:14:37.210674 info[fractal.cpp:112] [34m[INFO] Failed to attach to (222.999395, -182.796676, -112.325158). Trying new monomer.
2019-Mar-03 22:14:37.223852 info[fractal.cpp:112] [34m[INFO] Failed to attach to (146.923497, -208.108927, -78.543304). Trying new monomer.
2019-Mar-03 22:14:37.226416 info[fractal.cpp:112] [34m[INFO] Failed to attach to (219.511802, -179.242287, -58.555250). Trying new monomer.
2019-Mar-03 22:14:37.230387 info[fractal.cpp:112] [34m[INFO] Failed to attach to (222.999395, -182.796676, -112.325158). Trying new monomer.
2019-Mar-03 22:14:37.232163 info[fractal.cpp:112] [34m[INFO] Failed to attach to (-215.725771, 165.028728, -141.616493). Trying new monomer.
2019-Mar-03 22:14:37.234723 info[fractal.cpp:112] [34m[INFO] Failed to attach to (146.923497, -208.108927, -78.543304). Trying new monomer.
2019-Mar-03 22:14:37.238063 info[fractal.cpp:112] [34m[INFO] Failed to attach to (174.147588, -218.546625, -123.995514). Trying new monomer.
2019-Mar-03 22:14:37.241631 info[fractal.cpp:112] [34m[INFO] Failed to attach to (222.999395, -182.796676, -112.325158). Trying new monomer.
2019-Mar-03 22:14:37.245788 info[fractal.cpp:112] [34m[INFO] Failed to attach to (-63.999484, 255.154414, 45.321008). Trying new monomer.
2019-Mar-03 22:14:37.248730 info[fractal.cpp:112] [34m[INFO] Failed to attach to (-215.725771, 165.028728, -141.616493). Trying new monomer.
2019-Mar-03 22:14:37.250703 info[fractal.cpp:112] [34m[INFO] Failed to attach to (-215.725771, 165.028728, -141.616493). Trying new monomer.
2019-Mar-03 22:14:37.253196 info[fractal.cpp:112] [34m[INFO] Failed to attach to (146.923497, -208.108927, -78.543304). Trying new monomer.
2019-Mar-03 22:14:37.255372 info[fractal.cpp:112] [34m[INFO] Failed to attach to (146.923497, -208.108927, -78.543304). Trying new monomer.
2019-Mar-03 22:14:37.259322 info[fractal.cpp:112] [34m[INFO] Failed to attach to (208.832442, -265.048999, 110.664465). Trying new monomer.
2019-Mar-03 22:14:37.261104 info[fractal.cpp:112] [34m[INFO] Failed to attach to (146.923497, -208.108927, -78.543304). Trying new monomer.
2019-Mar-03 22:14:37.267639 info[fractal.cpp:112] [34m[INFO] Failed to attach to (187.741458, -262.167493, 61.037181). Trying new monomer.
2019-Mar-03 22:14:37.274408 info[fractal.cpp:112] [34m[INFO] Failed to attach to (146.923497, -208.108927, -78.543304). Trying new monomer.
2019-Mar-03 22:14:37.277690 info[fractal.cpp:112] [34m[INFO] Failed to attach to (187.741458, -262.167493, 61.037181). Trying new monomer.
2019-Mar-03 22:14:37.280126 info[fractal.cpp:112] [34m[INFO] Failed to attach to (222.999395, -182.796676, -112.325158). Trying new monomer.
