2019-Mar-03 22:15:59.195938 info[fractal.cpp:112] [34m[INFO] Failed to attach to (24.067707, 156.354919, -98.742765). Trying new monomer.
2019-Mar-03 22:15:59.200700 info[fractal.cpp:112] [34m[INFO] Failed to attach to (24.067707, 156.354919, -98.742765). Trying new monomer.
2019-Mar-03 22:15:59.201298 info[fractal.cpp:112] [34m[INFO] Failed to attach to (-48.688645, 101.113703, -81.046310). Trying new monomer.
2019-Mar-03 22:15:59.207437 info[fractal.cpp:112] [34m[INFO] Failed to attach to (-48.688645, 101.113703, -81.046310). Trying new monomer.
2019-Mar-03 22:15:59.211724 info[fractal.cpp:112] [34m[INFO] Failed to attach to (24.067707, 156.354919, -98.742765). Trying new monomer.
2019-Mar-03 22:15:59.216303 info[fractal.cpp:112] [34m[INFO] Failed to attach to (24.067707, 156.354919, -98.742765). Trying new monomer.
2019-Mar-03 22:15:59.218078 info[fractal.cpp:112] [34m[INFO] Failed to attach to (24.067707, 156.354919, -98.742765). Trying new monomer.
2019-Mar-03 22:15:59.219354 info[fractal.cpp:112] [34m[INFO] Failed to attach to (24.067707, 156.354919, -98.742765). Trying new monomer.
2019-Mar-03 22:15:59.222581 info[fractal.cpp:112] [34m[INFO] Failed to attach to (24.067707, 156.354919, -98.742765). Trying new monomer.
2019-Mar-03 22:15:59.224780 info[fractal.cpp:112] [34m[INFO] Failed to attach to (24.067707, 156.354919, -98.742765). Trying new monomer.
2019-Mar-03 22:15:59.227766 info[fractal.cpp:112] [34m[INFO] Failed to attach to (24.067707, 156.354919, -98.742765). Trying new monomer.
2019-Mar-03 22:15:59.229107 info[fractal.cpp:112] [34m[INFO] Failed to attach to (24.067707, 156.354919, -98.742765). Trying new monomer.
2019-Mar-03 22:15:59.231044 info[fractal.cpp:112] [34m[INFO] Failed to attach to (24.067707, 156.354919, -98.742765). Trying new monomer.
2019-Mar-03 22:15:59.232093 info[fractal.cpp:112] [34m[INFO] Failed to attach to (24.067707, 156.354919, -98.742765). Trying new monomer.
2019-Mar-03 22:15:59.234731 info[fractal.cpp:112] [34m[INFO] Failed to attach to (24.067707, 156.354919, -98.742765). Trying new monomer.
2019-Mar-03 22:15:59.235829 info[fractal.cpp:112] [34m[INFO] Failed to attach to (-48.688645, 101.113703, -81.046310). Trying new monomer.
2019-Mar-03 22:15:59.236848 info[fractal.cpp:112] [34m[INFO] Failed to attach to (-48.688645, 101.113703, -81.046310). Trying new monomer.
2019-Mar-03 22:15:59.239272 info[fractal.cpp:112] [34m[INFO] Failed to attach to (-48.688645, 101.113703, -81.046310). Trying new monomer.
2019-Mar-03 22:15:59.241376 info[fractal.cpp:112] [34m[INFO] Failed to attach to (24.067707, 156.354919, -98.742765). Trying new monomer.
2019-Mar-03 22:15:59.242718 info[fractal.cpp:112] [34m[INFO] Failed to attach to (24.067707, 156.354919, -98.742765). Trying new monomer.
2019-Mar-03 22:15:59.244140 info[fractal.cpp:112] [34m[INFO] Failed to attach to (24.067707, 156.354919, -98.742765). Trying new monomer.
2019-Mar-03 22:15:59.245599 info[fractal.cpp:112] [34m[INFO] Failed to attach to (-48.688645, 101.113703, -81.046310). Trying new monomer.
2019-Mar-03 22:15:59.247745 info[fractal.cpp:112] [34m[INFO] Failed to attach to (24.067707, 156.354919, -98.742765). Trying new monomer.
2019-Mar-03 22:15:59.248422 info[fractal.cpp:112] [34m[INFO] Failed to attach to (-48.688645, 101.113703, -81.046310). Trying new monomer.
2019-Mar-03 22:15:59.251956 info[fractal.cpp:112] [34m[INFO] Failed to attach to (24.067707, 156.354919, -98.742765). Trying new monomer.
2019-Mar-03 22:15:59.255367 info[fractal.cpp:112] [34m[INFO] Failed to attach to (24.067707, 156.354919, -98.742765). Trying new monomer.
2019-Mar-03 22:15:59.256585 info[fractal.cpp:112] [34m[INFO] Failed to attach to (-48.688645, 101.113703, -81.046310). Trying new monomer.
2019-Mar-03 22:15:59.260922 info[fractal.cpp:112] [34m[INFO] Failed to attach to (24.067707, 156.354919, -98.742765). Trying new monomer.
2019-Mar-03 22:15:59.265183 info[fractal.cpp:112] [34m[INFO] Failed to attach to (24.067707, 156.354919, -98.742765). Trying new monomer.
2019-Mar-03 22:15:59.271113 info[fractal.cpp:112] [34m[INFO] Failed to attach to (24.067707, 156.354919, -98.742765). Trying new monomer.
2019-Mar-03 22:15:59.272078 info[fractal.cpp:112] [34m[INFO] Failed to attach to (-48.688645, 101.113703, -81.046310). Trying new monomer.
2019-Mar-03 22:15:59.274166 info[fractal.cpp:152] [34m[INFO] Actual epsilon = 0.000013
2019-Mar-03 22:15:59.274414 info[fractal.cpp:86] [34m[INFO] Adding monomer at point (-318.648653, 49.377962, 86.236546)
2019-Mar-03 22:15:59.274509 info[fractal.cpp:175] [34m[INFO] Fractal parameters updated.
2019-Mar-03 22:15:59.274565 info[fractal.cpp:73] [34m[INFO] Adding new monomer to fractal using Monte Carlo algorithm.
2019-Mar-03 22:15:59.274677 info[fractal.cpp:121] [34m[INFO] Out of range best_monomer = 4590.000000
2019-Mar-03 22:15:59.274799 info[fractal.cpp:143] [34m[INFO] Under epsilon in 1 attempts.
2019-Mar-03 22:15:59.282051 info[fractal.cpp:112] [34m[INFO] Failed to attach to (-55.066682, -117.896593, 241.280677). Trying new monomer.
2019-Mar-03 22:15:59.283053 info[fractal.cpp:112] [34m[INFO] Failed to attach to (-48.688645, 101.113703, -81.046310). Trying new monomer.
2019-Mar-03 22:15:59.286734 info[fractal.cpp:112] [34m[INFO] Failed to attach to (24.067707, 156.354919, -98.742765). Trying new monomer.
2019-Mar-03 22:15:59.291906 info[fractal.cpp:112] [34m[INFO] Failed to attach to (24.067707, 156.354919, -98.742765). Trying new monomer.
2019-Mar-03 22:15:59.294606 info[fractal.cpp:112] [34m[INFO] Failed to attach to (24.067707, 156.354919, -98.742765). Trying new monomer.
2019-Mar-03 22:15:59.298574 info[fractal.cpp:112] [34m[INFO] Failed to attach to (-48.688645, 101.113703, -81.046310). Trying new monomer.
2019-Mar-03 22:15:59.300107 info[fractal.cpp:112] [34m[INFO] Failed to attach to (14.023263, -93.466371, -27.819683). Trying new monomer.
2019-Mar-03 22:15:59.301449 info[fractal.cpp:112] [34m[INFO] Failed to attach to (-48.688645, 101.113703, -81.046310). Trying new monomer.
2019-Mar-03 22:15:59.303347 info[fractal.cpp:112] [34m[INFO] Failed to attach to (24.067707, 156.354919, -98.742765). Trying new monomer.
2019-Mar-03 22:15:59.305593 info[fractal.cpp:112] [34m[INFO] Failed to attach to (24.067707, 156.354919, -98.742765). Trying new monomer.
2019-Mar-03 22:15:59.312992 info[fractal.cpp:112] [34m[INFO] Failed to attach to (24.067707, 156.354919, -98.742765). Trying new monomer.
2019-Mar-03 22:15:59.314668 info[fractal.cpp:112] [34m[INFO] Failed to attach to (24.067707, 156.354919, -98.742765). Trying new monomer.
2019-Mar-03 22:15:59.316643 info[fractal.cpp:112] [34m[INFO] Failed to attach to (24.067707, 156.354919, -98.742765). Trying new monomer.
2019-Mar-03 22:15:59.319855 info[fractal.cpp:112] [34m[INFO] Failed to attach to (24.067707, 156.354919, -98.742765). Trying new monomer.
2019-Mar-03 22:15:59.323223 info[fractal.cpp:112] [34m[INFO] Failed to attach to (24.067707, 156.354919, -98.742765). Trying new monomer.
2019-Mar-03 22:15:59.326408 info[fractal.cpp:112] [34m[INFO] Failed to attach to (-55.066682, -117.896593, 241.280677). Trying new monomer.
2019-Mar-03 22:15:59.328586 info[fractal.cpp:112] [34m[INFO] Failed to attach to (24.067707, 156.354919, -98.742765). Trying new monomer.
2019-Mar-03 22:15:59.329694 info[fractal.cpp:112] [34m[INFO] Failed to attach to (24.067707, 156.354919, -98.742765). Trying new monomer.
2019-Mar-03 22:15:59.331302 info[fractal.cpp:112] [34m[INFO] Failed to attach to (24.067707, 156.354919, -98.742765). Trying new monomer.
2019-Mar-03 22:15:59.335762 info[fractal.cpp:112] [34m[INFO] Failed to attach to (-48.688645, 101.113703, -81.046310). Trying new monomer.
2019-Mar-03 22:15:59.338989 info[fractal.cpp:112] [34m[INFO] Failed to attach to (24.067707, 156.354919, -98.742765). Trying new monomer.
2019-Mar-03 22:15:59.340939 info[fractal.cpp:112] [34m[INFO] Failed to attach to (24.067707, 156.354919, -98.742765). Trying new monomer.
2019-Mar-03 22:15:59.342095 info[fractal.cpp:112] [34m[INFO] Failed to attach to (24.067707, 156.354919, -98.742765). Trying new monomer.
2019-Mar-03 22:15:59.344093 info[fractal.cpp:112] [34m[INFO] Failed to attach to (-48.688645, 101.113703, -81.046310). Trying new monomer.
2019-Mar-03 22:15:59.346499 info[fractal.cpp:112] [34m[INFO] Failed to attach to (24.067707, 156.354919, -98.742765). Trying new monomer.
2019-Mar-03 22:15:59.350050 info[fractal.cpp:112] [34m[INFO] Failed to attach to (-48.688645, 101.113703, -81.046310). Trying new monomer.
2019-Mar-03 22:15:59.352952 info[fractal.cpp:112] [34m[INFO] Failed to attach to (24.067707, 156.354919, -98.742765). Trying new monomer.
2019-Mar-03 22:15:59.357546 info[fractal.cpp:112] [34m[INFO] Failed to attach to (24.067707, 156.354919, -98.742765). Trying new monomer.
2019-Mar-03 22:15:59.360154 info[fractal.cpp:112] [34m[INFO] Failed to attach to (-55.066682, -117.896593, 241.280677). Trying new monomer.
2019-Mar-03 22:15:59.361815 info[fractal.cpp:112] [34m[INFO] Failed to attach to (24.067707, 156.354919, -98.742765). Trying new monomer.
2019-Mar-03 22:15:59.365018 info[fractal.cpp:112] [34m[INFO] Failed to attach to (24.067707, 156.354919, -98.742765). Trying new monomer.
2019-Mar-03 22:15:59.366421 info[fractal.cpp:112] [34m[INFO] Failed to attach to (24.067707, 156.354919, -98.742765). Trying new monomer.
2019-Mar-03 22:15:59.369440 info[fractal.cpp:112] [34m[INFO] Failed to attach to (24.067707, 156.354919, -98.742765). Trying new monomer.
2019-Mar-03 22:15:59.370127 info[fractal.cpp:112] [34m[INFO] Failed to attach to (-48.688645, 101.113703, -81.046310). Trying new monomer.
2019-Mar-03 22:15:59.371138 info[fractal.cpp:112] [34m[INFO] Failed to attach to (-48.688645, 101.113703, -81.046310). Trying new monomer.
2019-Mar-03 22:15:59.374770 info[fractal.cpp:112] [34m[INFO] Failed to attach to (24.067707, 156.354919, -98.742765). Trying new monomer.
2019-Mar-03 22:15:59.378734 info[fractal.cpp:112] [34m[INFO] Failed to attach to (24.067707, 156.354919, -98.742765). Trying new monomer.
2019-Mar-03 22:15:59.383340 info[fractal.cpp:112] [34m[INFO] Failed to attach to (24.067707, 156.354919, -98.742765). Trying new monomer.
2019-Mar-03 22:15:59.384168 info[fractal.cpp:112] [34m[INFO] Failed to attach to (-48.688645, 101.113703, -81.046310). Trying new monomer.
2019-Mar-03 22:15:59.384806 info[fractal.cpp:112] [34m[INFO] Failed to attach to (-48.688645, 101.113703, -81.046310). Trying new monomer.
2019-Mar-03 22:15:59.386253 info[fractal.cpp:112] [34m[INFO] Failed to attach to (-48.688645, 101.113703, -81.046310). Trying new monomer.
2019-Mar-03 22:15:59.392176 info[fractal.cpp:112] [34m[INFO] Failed to attach to (24.067707, 156.354919, -98.742765). Trying new monomer.
2019-Mar-03 22:15:59.394775 info[fractal.cpp:112] [34m[INFO] Failed to attach to (24.067707, 156.354919, -98.742765). Trying new monomer.
2019-Mar-03 22:15:59.405500 info[fractal.cpp:112] [34m[INFO] Failed to attach to (24.067707, 156.354919, -98.742765). Trying new monomer.
2019-Mar-03 22:15:59.410233 info[fractal.cpp:112] [34m[INFO] Failed to attach to (-48.688645, 101.113703, -81.046310). Trying new monomer.
2019-Mar-03 22:15:59.413453 info[fractal.cpp:152] [34m[INFO] Actual epsilon = 0.000001
2019-Mar-03 22:15:59.413603 info[fractal.cpp:86] [34m[INFO] Adding monomer at point (33.890014, 131.449180, -230.029464)
2019-Mar-03 22:15:59.413728 info[fractal.cpp:175] [34m[INFO] Fractal parameters updated.
2019-Mar-03 22:15:59.413838 info[fractal.cpp:73] [34m[INFO] Adding new monomer to fractal using Monte Carlo algorithm.
2019-Mar-03 22:15:59.413921 info[fractal.cpp:121] [34m[INFO] Out of range best_monomer = 4620.000000
2019-Mar-03 22:15:59.414017 info[fractal.cpp:143] [34m[INFO] Under epsilon in 1 attempts.
2019-Mar-03 22:15:59.416636 info[fractal.cpp:112] [34m[INFO] Failed to attach to (24.067707, 156.354919, -98.742765). Trying new monomer.
2019-Mar-03 22:15:59.418473 info[fractal.cpp:112] [34m[INFO] Failed to attach to (-55.066682, -117.896593, 241.280677). Trying new monomer.
2019-Mar-03 22:15:59.419670 info[fractal.cpp:112] [34m[INFO] Failed to attach to (24.067707, 156.354919, -98.742765). Trying new monomer.
2019-Mar-03 22:15:59.424473 info[fractal.cpp:112] [34m[INFO] Failed to attach to (24.067707, 156.354919, -98.742765). Trying new monomer.
2019-Mar-03 22:15:59.425985 info[fractal.cpp:112] [34m[INFO] Failed to attach to (24.067707, 156.354919, -98.742765). Trying new monomer.
2019-Mar-03 22:15:59.429049 info[fractal.cpp:112] [34m[INFO] Failed to attach to (24.067707, 156.354919, -98.742765). Trying new monomer.
2019-Mar-03 22:15:59.430827 info[fractal.cpp:112] [34m[INFO] Failed to attach to (96.978315, -97.251432, -36.640158). Trying new monomer.
2019-Mar-03 22:15:59.434064 info[fractal.cpp:112] [34m[INFO] Failed to attach to (24.067707, 156.354919, -98.742765). Trying new monomer.
2019-Mar-03 22:15:59.435948 info[fractal.cpp:112] [34m[INFO] Failed to attach to (24.067707, 156.354919, -98.742765). Trying new monomer.
2019-Mar-03 22:15:59.437461 info[fractal.cpp:112] [34m[INFO] Failed to attach to (24.067707, 156.354919, -98.742765). Trying new monomer.
2019-Mar-03 22:15:59.439332 info[fractal.cpp:112] [34m[INFO] Failed to attach to (-48.688645, 101.113703, -81.046310). Trying new monomer.
2019-Mar-03 22:15:59.441534 info[fractal.cpp:112] [34m[INFO] Failed to attach to (24.067707, 156.354919, -98.742765). Trying new monomer.
2019-Mar-03 22:15:59.443770 info[fractal.cpp:112] [34m[INFO] Failed to attach to (24.067707, 156.354919, -98.742765). Trying new monomer.
2019-Mar-03 22:15:59.445474 info[fractal.cpp:112] [34m[INFO] Failed to attach to (-55.066682, -117.896593, 241.280677). Trying new monomer.
2019-Mar-03 22:15:59.449142 info[fractal.cpp:112] [34m[INFO] Failed to attach to (24.067707, 156.354919, -98.742765). Trying new monomer.
2019-Mar-03 22:15:59.451425 info[fractal.cpp:112] [34m[INFO] Failed to attach to (24.067707, 156.354919, -98.742765). Trying new monomer.
2019-Mar-03 22:15:59.461876 info[fractal.cpp:112] [34m[INFO] Failed to attach to (24.067707, 156.354919, -98.742765). Trying new monomer.
2019-Mar-03 22:15:59.464004 info[fractal.cpp:112] [34m[INFO] Failed to attach to (24.067707, 156.354919, -98.742765). Trying new monomer.
2019-Mar-03 22:15:59.465456 info[fractal.cpp:112] [34m[INFO] Failed to attach to (24.067707, 156.354919, -98.742765). Trying new monomer.
2019-Mar-03 22:15:59.466801 info[fractal.cpp:112] [34m[INFO] Failed to attach to (24.067707, 156.354919, -98.742765). Trying new monomer.
2019-Mar-03 22:15:59.467375 info[fractal.cpp:112] [34m[INFO] Failed to attach to (-48.688645, 101.113703, -81.046310). Trying new monomer.
2019-Mar-03 22:15:59.468687 info[fractal.cpp:112] [34m[INFO] Failed to attach to (24.067707, 156.354919, -98.742765). Trying new monomer.
2019-Mar-03 22:15:59.469935 info[fractal.cpp:112] [34m[INFO] Failed to attach to (24.067707, 156.354919, -98.742765). Trying new monomer.
2019-Mar-03 22:15:59.476555 info[fractal.cpp:112] [34m[INFO] Failed to attach to (24.067707, 156.354919, -98.742765). Trying new monomer.
2019-Mar-03 22:15:59.477743 info[fractal.cpp:112] [34m[INFO] Failed to attach to (24.067707, 156.354919, -98.742765). Trying new monomer.
2019-Mar-03 22:15:59.480482 info[fractal.cpp:112] [34m[INFO] Failed to attach to (-48.688645, 101.113703, -81.046310). Trying new monomer.
2019-Mar-03 22:15:59.482900 info[fractal.cpp:112] [34m[INFO] Failed to attach to (-55.066682, -117.896593, 241.280677). Trying new monomer.
2019-Mar-03 22:15:59.485760 info[fractal.cpp:112] [34m[INFO] Failed to attach to (24.067707, 156.354919, -98.742765). Trying new monomer.
2019-Mar-03 22:15:59.490578 info[fractal.cpp:112] [34m[INFO] Failed to attach to (24.067707, 156.354919, -98.742765). Trying new monomer.
2019-Mar-03 22:15:59.492044 info[fractal.cpp:112] [34m[INFO] Failed to attach to (24.067707, 156.354919, -98.742765). Trying new monomer.
2019-Mar-03 22:15:59.493896 info[fractal.cpp:112] [34m[INFO] Failed to attach to (24.067707, 156.354919, -98.742765). Trying new monomer.
2019-Mar-03 22:15:59.497889 info[fractal.cpp:112] [34m[INFO] Failed to attach to (-48.688645, 101.113703, -81.046310). Trying new monomer.
