2019-Mar-03 22:13:41.694088 info[fractal.cpp:112] [34m[INFO] Failed to attach to (219.511802, -179.242287, -58.555250). Trying new monomer.
2019-Mar-03 22:13:41.696814 info[fractal.cpp:112] [34m[INFO] Failed to attach to (-215.725771, 165.028728, -141.616493). Trying new monomer.
2019-Mar-03 22:13:41.699359 info[fractal.cpp:112] [34m[INFO] Failed to attach to (146.923497, -208.108927, -78.543304). Trying new monomer.
2019-Mar-03 22:13:41.704762 info[fractal.cpp:112] [34m[INFO] Failed to attach to (219.511802, -179.242287, -58.555250). Trying new monomer.
2019-Mar-03 22:13:41.712428 info[fractal.cpp:112] [34m[INFO] Failed to attach to (146.923497, -208.108927, -78.543304). Trying new monomer.
2019-Mar-03 22:13:41.752331 info[fractal.cpp:112] [34m[INFO] Failed to attach to (219.511802, -179.242287, -58.555250). Trying new monomer.
2019-Mar-03 22:13:41.756305 info[fractal.cpp:112] [34m[INFO] Failed to attach to (219.511802, -179.242287, -58.555250). Trying new monomer.
2019-Mar-03 22:13:41.763200 info[fractal.cpp:112] [34m[INFO] Failed to attach to (-215.725771, 165.028728, -141.616493). Trying new monomer.
2019-Mar-03 22:13:41.765769 info[fractal.cpp:112] [34m[INFO] Failed to attach to (-215.725771, 165.028728, -141.616493). Trying new monomer.
2019-Mar-03 22:13:41.767942 info[fractal.cpp:112] [34m[INFO] Failed to attach to (219.511802, -179.242287, -58.555250). Trying new monomer.
2019-Mar-03 22:13:41.770329 info[fractal.cpp:112] [34m[INFO] Failed to attach to (146.923497, -208.108927, -78.543304). Trying new monomer.
2019-Mar-03 22:13:41.772870 info[fractal.cpp:112] [34m[INFO] Failed to attach to (-215.725771, 165.028728, -141.616493). Trying new monomer.
2019-Mar-03 22:13:41.774851 info[fractal.cpp:112] [34m[INFO] Failed to attach to (219.511802, -179.242287, -58.555250). Trying new monomer.
2019-Mar-03 22:13:41.785565 info[fractal.cpp:112] [34m[INFO] Failed to attach to (174.147588, -218.546625, -123.995514). Trying new monomer.
2019-Mar-03 22:13:41.788478 info[fractal.cpp:112] [34m[INFO] Failed to attach to (146.923497, -208.108927, -78.543304). Trying new monomer.
2019-Mar-03 22:13:41.792909 info[fractal.cpp:112] [34m[INFO] Failed to attach to (174.147588, -218.546625, -123.995514). Trying new monomer.
2019-Mar-03 22:13:41.796577 info[fractal.cpp:112] [34m[INFO] Failed to attach to (174.147588, -218.546625, -123.995514). Trying new monomer.
2019-Mar-03 22:13:41.808055 info[fractal.cpp:112] [34m[INFO] Failed to attach to (146.923497, -208.108927, -78.543304). Trying new monomer.
2019-Mar-03 22:13:41.812980 info[fractal.cpp:112] [34m[INFO] Failed to attach to (174.147588, -218.546625, -123.995514). Trying new monomer.
2019-Mar-03 22:13:41.820059 info[fractal.cpp:112] [34m[INFO] Failed to attach to (174.147588, -218.546625, -123.995514). Trying new monomer.
2019-Mar-03 22:13:41.822043 info[fractal.cpp:112] [34m[INFO] Failed to attach to (146.923497, -208.108927, -78.543304). Trying new monomer.
2019-Mar-03 22:13:41.831720 info[fractal.cpp:112] [34m[INFO] Failed to attach to (146.923497, -208.108927, -78.543304). Trying new monomer.
2019-Mar-03 22:13:41.834511 info[fractal.cpp:112] [34m[INFO] Failed to attach to (146.923497, -208.108927, -78.543304). Trying new monomer.
2019-Mar-03 22:13:41.836064 info[fractal.cpp:112] [34m[INFO] Failed to attach to (146.923497, -208.108927, -78.543304). Trying new monomer.
2019-Mar-03 22:13:41.838872 info[fractal.cpp:112] [34m[INFO] Failed to attach to (-215.725771, 165.028728, -141.616493). Trying new monomer.
2019-Mar-03 22:13:41.843021 info[fractal.cpp:112] [34m[INFO] Failed to attach to (174.147588, -218.546625, -123.995514). Trying new monomer.
2019-Mar-03 22:13:41.851149 info[fractal.cpp:112] [34m[INFO] Failed to attach to (174.147588, -218.546625, -123.995514). Trying new monomer.
2019-Mar-03 22:13:41.854084 info[fractal.cpp:112] [34m[INFO] Failed to attach to (174.147588, -218.546625, -123.995514). Trying new monomer.
2019-Mar-03 22:13:41.856277 info[fractal.cpp:112] [34m[INFO] Failed to attach to (219.511802, -179.242287, -58.555250). Trying new monomer.
2019-Mar-03 22:13:41.860676 info[fractal.cpp:112] [34m[INFO] Failed to attach to (-215.725771, 165.028728, -141.616493). Trying new monomer.
2019-Mar-03 22:13:41.867142 info[fractal.cpp:112] [34m[INFO] Failed to attach to (219.511802, -179.242287, -58.555250). Trying new monomer.
2019-Mar-03 22:13:41.873621 info[fractal.cpp:112] [34m[INFO] Failed to attach to (174.147588, -218.546625, -123.995514). Trying new monomer.
2019-Mar-03 22:13:41.879781 info[fractal.cpp:112] [34m[INFO] Failed to attach to (146.923497, -208.108927, -78.543304). Trying new monomer.
2019-Mar-03 22:13:41.883621 info[fractal.cpp:112] [34m[INFO] Failed to attach to (219.511802, -179.242287, -58.555250). Trying new monomer.
2019-Mar-03 22:13:41.890479 info[fractal.cpp:112] [34m[INFO] Failed to attach to (146.923497, -208.108927, -78.543304). Trying new monomer.
2019-Mar-03 22:13:41.894656 info[fractal.cpp:112] [34m[INFO] Failed to attach to (174.147588, -218.546625, -123.995514). Trying new monomer.
2019-Mar-03 22:13:41.902139 info[fractal.cpp:112] [34m[INFO] Failed to attach to (-215.725771, 165.028728, -141.616493). Trying new monomer.
2019-Mar-03 22:13:41.907270 info[fractal.cpp:112] [34m[INFO] Failed to attach to (-215.725771, 165.028728, -141.616493). Trying new monomer.
2019-Mar-03 22:13:41.915525 info[fractal.cpp:112] [34m[INFO] Failed to attach to (174.147588, -218.546625, -123.995514). Trying new monomer.
2019-Mar-03 22:13:41.918152 info[fractal.cpp:112] [34m[INFO] Failed to attach to (-215.725771, 165.028728, -141.616493). Trying new monomer.
2019-Mar-03 22:13:41.923555 info[fractal.cpp:112] [34m[INFO] Failed to attach to (-215.725771, 165.028728, -141.616493). Trying new monomer.
2019-Mar-03 22:13:41.933627 info[fractal.cpp:112] [34m[INFO] Failed to attach to (-215.725771, 165.028728, -141.616493). Trying new monomer.
2019-Mar-03 22:13:41.939047 info[fractal.cpp:152] [34m[INFO] Actual epsilon = 0.000015
2019-Mar-03 22:13:41.939176 info[fractal.cpp:86] [34m[INFO] Adding monomer at point (272.302278, -100.045924, 212.262085)
2019-Mar-03 22:13:41.939236 info[fractal.cpp:175] [34m[INFO] Fractal parameters updated.
2019-Mar-03 22:13:41.939288 info[fractal.cpp:73] [34m[INFO] Adding new monomer to fractal using Monte Carlo algorithm.
2019-Mar-03 22:13:41.939340 info[fractal.cpp:121] [34m[INFO] Out of range best_monomer = 7200.000000
2019-Mar-03 22:13:41.939416 info[fractal.cpp:143] [34m[INFO] Under epsilon in 1 attempts.
2019-Mar-03 22:13:41.943609 info[fractal.cpp:112] [34m[INFO] Failed to attach to (174.147588, -218.546625, -123.995514). Trying new monomer.
2019-Mar-03 22:13:41.946787 info[fractal.cpp:112] [34m[INFO] Failed to attach to (174.147588, -218.546625, -123.995514). Trying new monomer.
2019-Mar-03 22:13:41.949052 info[fractal.cpp:112] [34m[INFO] Failed to attach to (174.147588, -218.546625, -123.995514). Trying new monomer.
2019-Mar-03 22:13:41.958338 info[fractal.cpp:112] [34m[INFO] Failed to attach to (146.923497, -208.108927, -78.543304). Trying new monomer.
2019-Mar-03 22:13:41.963723 info[fractal.cpp:112] [34m[INFO] Failed to attach to (219.511802, -179.242287, -58.555250). Trying new monomer.
2019-Mar-03 22:13:41.967468 info[fractal.cpp:112] [34m[INFO] Failed to attach to (146.923497, -208.108927, -78.543304). Trying new monomer.
2019-Mar-03 22:13:41.982050 info[fractal.cpp:112] [34m[INFO] Failed to attach to (146.923497, -208.108927, -78.543304). Trying new monomer.
2019-Mar-03 22:13:41.986013 info[fractal.cpp:112] [34m[INFO] Failed to attach to (174.147588, -218.546625, -123.995514). Trying new monomer.
2019-Mar-03 22:13:41.999043 info[fractal.cpp:112] [34m[INFO] Failed to attach to (146.923497, -208.108927, -78.543304). Trying new monomer.
2019-Mar-03 22:13:42.003045 info[fractal.cpp:112] [34m[INFO] Failed to attach to (219.511802, -179.242287, -58.555250). Trying new monomer.
2019-Mar-03 22:13:42.011845 info[fractal.cpp:112] [34m[INFO] Failed to attach to (146.923497, -208.108927, -78.543304). Trying new monomer.
2019-Mar-03 22:13:42.017130 info[fractal.cpp:112] [34m[INFO] Failed to attach to (146.923497, -208.108927, -78.543304). Trying new monomer.
2019-Mar-03 22:13:42.019585 info[fractal.cpp:112] [34m[INFO] Failed to attach to (-215.725771, 165.028728, -141.616493). Trying new monomer.
2019-Mar-03 22:13:42.023419 info[fractal.cpp:112] [34m[INFO] Failed to attach to (146.923497, -208.108927, -78.543304). Trying new monomer.
2019-Mar-03 22:13:42.028460 info[fractal.cpp:112] [34m[INFO] Failed to attach to (-215.725771, 165.028728, -141.616493). Trying new monomer.
2019-Mar-03 22:13:42.032034 info[fractal.cpp:112] [34m[INFO] Failed to attach to (174.147588, -218.546625, -123.995514). Trying new monomer.
2019-Mar-03 22:13:42.034052 info[fractal.cpp:112] [34m[INFO] Failed to attach to (-215.725771, 165.028728, -141.616493). Trying new monomer.
2019-Mar-03 22:13:42.039171 info[fractal.cpp:112] [34m[INFO] Failed to attach to (219.511802, -179.242287, -58.555250). Trying new monomer.
2019-Mar-03 22:13:42.041825 info[fractal.cpp:112] [34m[INFO] Failed to attach to (-215.725771, 165.028728, -141.616493). Trying new monomer.
2019-Mar-03 22:13:42.057627 info[fractal.cpp:112] [34m[INFO] Failed to attach to (219.511802, -179.242287, -58.555250). Trying new monomer.
2019-Mar-03 22:13:42.063096 info[fractal.cpp:112] [34m[INFO] Failed to attach to (146.923497, -208.108927, -78.543304). Trying new monomer.
2019-Mar-03 22:13:42.074818 info[fractal.cpp:112] [34m[INFO] Failed to attach to (219.511802, -179.242287, -58.555250). Trying new monomer.
2019-Mar-03 22:13:42.077248 info[fractal.cpp:112] [34m[INFO] Failed to attach to (-215.725771, 165.028728, -141.616493). Trying new monomer.
2019-Mar-03 22:13:42.079395 info[fractal.cpp:112] [34m[INFO] Failed to attach to (174.147588, -218.546625, -123.995514). Trying new monomer.
2019-Mar-03 22:13:42.081797 info[fractal.cpp:112] [34m[INFO] Failed to attach to (-215.725771, 165.028728, -141.616493). Trying new monomer.
2019-Mar-03 22:13:42.087343 info[fractal.cpp:112] [34m[INFO] Failed to attach to (174.147588, -218.546625, -123.995514). Trying new monomer.
2019-Mar-03 22:13:42.091897 info[fractal.cpp:112] [34m[INFO] Failed to attach to (-215.725771, 165.028728, -141.616493). Trying new monomer.
2019-Mar-03 22:13:42.095530 info[fractal.cpp:112] [34m[INFO] Failed to attach to (-215.725771, 165.028728, -141.616493). Trying new monomer.
2019-Mar-03 22:13:42.101764 info[fractal.cpp:112] [34m[INFO] Failed to attach to (-215.725771, 165.028728, -141.616493). Trying new monomer.
2019-Mar-03 22:13:42.106103 info[fractal.cpp:112] [34m[INFO] Failed to attach to (-215.725771, 165.028728, -141.616493). Trying new monomer.
2019-Mar-03 22:13:42.108081 info[fractal.cpp:112] [34m[INFO] Failed to attach to (-215.725771, 165.028728, -141.616493). Trying new monomer.
2019-Mar-03 22:13:42.110138 info[fractal.cpp:112] [34m[INFO] Failed to attach to (219.511802, -179.242287, -58.555250). Trying new monomer.
2019-Mar-03 22:13:42.121499 info[fractal.cpp:112] [34m[INFO] Failed to attach to (146.923497, -208.108927, -78.543304). Trying new monomer.
2019-Mar-03 22:13:42.124519 info[fractal.cpp:112] [34m[INFO] Failed to attach to (146.923497, -208.108927, -78.543304). Trying new monomer.
2019-Mar-03 22:13:42.130546 info[fractal.cpp:112] [34m[INFO] Failed to attach to (-215.725771, 165.028728, -141.616493). Trying new monomer.
2019-Mar-03 22:13:42.134620 info[fractal.cpp:112] [34m[INFO] Failed to attach to (219.511802, -179.242287, -58.555250). Trying new monomer.
2019-Mar-03 22:13:42.136285 info[fractal.cpp:112] [34m[INFO] Failed to attach to (-215.725771, 165.028728, -141.616493). Trying new monomer.
2019-Mar-03 22:13:42.144600 info[fractal.cpp:112] [34m[INFO] Failed to attach to (-215.725771, 165.028728, -141.616493). Trying new monomer.
2019-Mar-03 22:13:42.147969 info[fractal.cpp:112] [34m[INFO] Failed to attach to (174.147588, -218.546625, -123.995514). Trying new monomer.
2019-Mar-03 22:13:42.155273 info[fractal.cpp:112] [34m[INFO] Failed to attach to (-215.725771, 165.028728, -141.616493). Trying new monomer.
2019-Mar-03 22:13:42.157645 info[fractal.cpp:112] [34m[INFO] Failed to attach to (174.147588, -218.546625, -123.995514). Trying new monomer.
2019-Mar-03 22:13:42.160861 info[fractal.cpp:112] [34m[INFO] Failed to attach to (174.147588, -218.546625, -123.995514). Trying new monomer.
2019-Mar-03 22:13:42.164024 info[fractal.cpp:112] [34m[INFO] Failed to attach to (146.923497, -208.108927, -78.543304). Trying new monomer.
2019-Mar-03 22:13:42.167969 info[fractal.cpp:112] [34m[INFO] Failed to attach to (174.147588, -218.546625, -123.995514). Trying new monomer.
2019-Mar-03 22:13:42.175096 info[fractal.cpp:112] [34m[INFO] Failed to attach to (146.923497, -208.108927, -78.543304). Trying new monomer.
2019-Mar-03 22:13:42.177706 info[fractal.cpp:112] [34m[INFO] Failed to attach to (146.923497, -208.108927, -78.543304). Trying new monomer.
2019-Mar-03 22:13:42.190372 info[fractal.cpp:112] [34m[INFO] Failed to attach to (219.511802, -179.242287, -58.555250). Trying new monomer.
2019-Mar-03 22:13:42.193819 info[fractal.cpp:112] [34m[INFO] Failed to attach to (-63.999484, 255.154414, 45.321008). Trying new monomer.
2019-Mar-03 22:13:42.197940 info[fractal.cpp:112] [34m[INFO] Failed to attach to (174.147588, -218.546625, -123.995514). Trying new monomer.
2019-Mar-03 22:13:42.201839 info[fractal.cpp:112] [34m[INFO] Failed to attach to (174.147588, -218.546625, -123.995514). Trying new monomer.
2019-Mar-03 22:13:42.208917 info[fractal.cpp:112] [34m[INFO] Failed to attach to (146.923497, -208.108927, -78.543304). Trying new monomer.
2019-Mar-03 22:13:42.212905 info[fractal.cpp:112] [34m[INFO] Failed to attach to (-215.725771, 165.028728, -141.616493). Trying new monomer.
2019-Mar-03 22:13:42.217022 info[fractal.cpp:112] [34m[INFO] Failed to attach to (146.923497, -208.108927, -78.543304). Trying new monomer.
2019-Mar-03 22:13:42.223971 info[fractal.cpp:112] [34m[INFO] Failed to attach to (-215.725771, 165.028728, -141.616493). Trying new monomer.
2019-Mar-03 22:13:42.229397 info[fractal.cpp:112] [34m[INFO] Failed to attach to (-215.725771, 165.028728, -141.616493). Trying new monomer.
2019-Mar-03 22:13:42.231572 info[fractal.cpp:112] [34m[INFO] Failed to attach to (146.923497, -208.108927, -78.543304). Trying new monomer.
2019-Mar-03 22:13:42.234244 info[fractal.cpp:112] [34m[INFO] Failed to attach to (-215.725771, 165.028728, -141.616493). Trying new monomer.
2019-Mar-03 22:13:42.237634 info[fractal.cpp:112] [34m[INFO] Failed to attach to (219.511802, -179.242287, -58.555250). Trying new monomer.
2019-Mar-03 22:13:42.239918 info[fractal.cpp:112] [34m[INFO] Failed to attach to (-215.725771, 165.028728, -141.616493). Trying new monomer.
2019-Mar-03 22:13:42.242330 info[fractal.cpp:112] [34m[INFO] Failed to attach to (146.923497, -208.108927, -78.543304). Trying new monomer.
2019-Mar-03 22:13:42.247189 info[fractal.cpp:112] [34m[INFO] Failed to attach to (146.923497, -208.108927, -78.543304). Trying new monomer.
2019-Mar-03 22:13:42.250753 info[fractal.cpp:112] [34m[INFO] Failed to attach to (-215.725771, 165.028728, -141.616493). Trying new monomer.
2019-Mar-03 22:13:42.252429 info[fractal.cpp:112] [34m[INFO] Failed to attach to (-63.999484, 255.154414, 45.321008). Trying new monomer.
2019-Mar-03 22:13:42.254564 info[fractal.cpp:112] [34m[INFO] Failed to attach to (174.147588, -218.546625, -123.995514). Trying new monomer.
2019-Mar-03 22:13:42.257365 info[fractal.cpp:112] [34m[INFO] Failed to attach to (174.147588, -218.546625, -123.995514). Trying new monomer.
2019-Mar-03 22:13:42.259993 info[fractal.cpp:112] [34m[INFO] Failed to attach to (146.923497, -208.108927, -78.543304). Trying new monomer.
2019-Mar-03 22:13:42.260282 info[fractal.cpp:152] [34m[INFO] Actual epsilon = 0.000001
2019-Mar-03 22:13:42.260342 info[fractal.cpp:86] [34m[INFO] Adding monomer at point (-335.428356, -27.888540, -148.703924)
2019-Mar-03 22:13:42.260397 info[fractal.cpp:175] [34m[INFO] Fractal parameters updated.
2019-Mar-03 22:13:42.260447 info[fractal.cpp:73] [34m[INFO] Adding new monomer to fractal using Monte Carlo algorithm.
