2019-Mar-04 15:26:55.027175 info[fractal.cpp:121] [34m[INFO] Out of range best_monomer = 60.000000
2019-Mar-04 15:26:55.030064 fatal[fractal.cpp:155] [31m[FATAL] Best monomer did not satisfy epsilon.
  best_diff / _a = 0.742232
  epsilon = 0.500000
2019-Mar-04 15:26:55.030177 info[fractal.cpp:73] [34m[INFO] Adding new monomer to fractal using Monte Carlo algorithm.
2019-Mar-04 15:26:55.030232 info[fractal.cpp:121] [34m[INFO] Out of range best_monomer = 60.000000
2019-Mar-04 15:26:55.031767 fatal[fractal.cpp:155] [31m[FATAL] Best monomer did not satisfy epsilon.
  best_diff / _a = 0.742166
  epsilon = 0.500000
2019-Mar-04 15:26:55.031821 info[fractal.cpp:73] [34m[INFO] Adding new monomer to fractal using Monte Carlo algorithm.
2019-Mar-04 15:26:55.031871 info[fractal.cpp:121] [34m[INFO] Out of range best_monomer = 60.000000
2019-Mar-04 15:26:55.033433 fatal[fractal.cpp:155] [31m[FATAL] Best monomer did not satisfy epsilon.
  best_diff / _a = 0.742156
  epsilon = 0.500000
2019-Mar-04 15:26:55.033487 info[fractal.cpp:73] [34m[INFO] Adding new monomer to fractal using Monte Carlo algorithm.
2019-Mar-04 15:26:55.033536 info[fractal.cpp:121] [34m[INFO] Out of range best_monomer = 60.000000
2019-Mar-04 15:26:55.035489 fatal[fractal.cpp:155] [31m[FATAL] Best monomer did not satisfy epsilon.
  best_diff / _a = 0.742199
  epsilon = 0.500000
2019-Mar-04 15:26:55.035625 info[fractal.cpp:73] [34m[INFO] Adding new monomer to fractal using Monte Carlo algorithm.
2019-Mar-04 15:26:55.035710 info[fractal.cpp:121] [34m[INFO] Out of range best_monomer = 60.000000
2019-Mar-04 15:26:55.037926 fatal[fractal.cpp:155] [31m[FATAL] Best monomer did not satisfy epsilon.
  best_diff / _a = 0.742172
  epsilon = 0.500000
2019-Mar-04 15:26:55.038081 info[fractal.cpp:73] [34m[INFO] Adding new monomer to fractal using Monte Carlo algorithm.
2019-Mar-04 15:26:55.038182 info[fractal.cpp:121] [34m[INFO] Out of range best_monomer = 60.000000
2019-Mar-04 15:26:55.040082 fatal[fractal.cpp:155] [31m[FATAL] Best monomer did not satisfy epsilon.
  best_diff / _a = 0.742158
  epsilon = 0.500000
2019-Mar-04 15:26:55.040180 info[fractal.cpp:73] [34m[INFO] Adding new monomer to fractal using Monte Carlo algorithm.
2019-Mar-04 15:26:55.040233 info[fractal.cpp:121] [34m[INFO] Out of range best_monomer = 60.000000
2019-Mar-04 15:26:55.041851 fatal[fractal.cpp:155] [31m[FATAL] Best monomer did not satisfy epsilon.
  best_diff / _a = 0.742212
  epsilon = 0.500000
2019-Mar-04 15:26:55.041939 info[fractal.cpp:73] [34m[INFO] Adding new monomer to fractal using Monte Carlo algorithm.
2019-Mar-04 15:26:55.041992 info[fractal.cpp:121] [34m[INFO] Out of range best_monomer = 60.000000
2019-Mar-04 15:26:55.043506 fatal[fractal.cpp:155] [31m[FATAL] Best monomer did not satisfy epsilon.
  best_diff / _a = 0.742148
  epsilon = 0.500000
2019-Mar-04 15:26:55.043559 info[fractal.cpp:73] [34m[INFO] Adding new monomer to fractal using Monte Carlo algorithm.
2019-Mar-04 15:26:55.043609 info[fractal.cpp:121] [34m[INFO] Out of range best_monomer = 60.000000
2019-Mar-04 15:26:55.045470 fatal[fractal.cpp:155] [31m[FATAL] Best monomer did not satisfy epsilon.
  best_diff / _a = 0.742162
  epsilon = 0.500000
2019-Mar-04 15:26:55.045597 info[fractal.cpp:73] [34m[INFO] Adding new monomer to fractal using Monte Carlo algorithm.
2019-Mar-04 15:26:55.045674 info[fractal.cpp:121] [34m[INFO] Out of range best_monomer = 60.000000
2019-Mar-04 15:26:55.047213 fatal[fractal.cpp:155] [31m[FATAL] Best monomer did not satisfy epsilon.
  best_diff / _a = 0.742175
  epsilon = 0.500000
2019-Mar-04 15:26:55.047293 info[fractal.cpp:73] [34m[INFO] Adding new monomer to fractal using Monte Carlo algorithm.
2019-Mar-04 15:26:55.047345 info[fractal.cpp:121] [34m[INFO] Out of range best_monomer = 60.000000
2019-Mar-04 15:26:55.048895 fatal[fractal.cpp:155] [31m[FATAL] Best monomer did not satisfy epsilon.
  best_diff / _a = 0.742209
  epsilon = 0.500000
2019-Mar-04 15:26:55.048948 info[fractal.cpp:73] [34m[INFO] Adding new monomer to fractal using Monte Carlo algorithm.
2019-Mar-04 15:26:55.048998 info[fractal.cpp:121] [34m[INFO] Out of range best_monomer = 60.000000
2019-Mar-04 15:26:55.050570 fatal[fractal.cpp:155] [31m[FATAL] Best monomer did not satisfy epsilon.
  best_diff / _a = 0.742165
  epsilon = 0.500000
2019-Mar-04 15:26:55.050632 info[fractal.cpp:73] [34m[INFO] Adding new monomer to fractal using Monte Carlo algorithm.
2019-Mar-04 15:26:55.050689 info[fractal.cpp:121] [34m[INFO] Out of range best_monomer = 60.000000
2019-Mar-04 15:26:55.052181 fatal[fractal.cpp:155] [31m[FATAL] Best monomer did not satisfy epsilon.
  best_diff / _a = 0.742217
  epsilon = 0.500000
2019-Mar-04 15:26:55.052510 info[fractal.cpp:73] [34m[INFO] Adding new monomer to fractal using Monte Carlo algorithm.
2019-Mar-04 15:26:55.052648 info[fractal.cpp:121] [34m[INFO] Out of range best_monomer = 60.000000
2019-Mar-04 15:26:55.054589 fatal[fractal.cpp:155] [31m[FATAL] Best monomer did not satisfy epsilon.
  best_diff / _a = 0.742158
  epsilon = 0.500000
2019-Mar-04 15:26:55.054765 info[fractal.cpp:73] [34m[INFO] Adding new monomer to fractal using Monte Carlo algorithm.
2019-Mar-04 15:26:55.054843 info[fractal.cpp:121] [34m[INFO] Out of range best_monomer = 60.000000
2019-Mar-04 15:26:55.056377 fatal[fractal.cpp:155] [31m[FATAL] Best monomer did not satisfy epsilon.
  best_diff / _a = 0.742155
  epsilon = 0.500000
2019-Mar-04 15:26:55.056447 info[fractal.cpp:73] [34m[INFO] Adding new monomer to fractal using Monte Carlo algorithm.
2019-Mar-04 15:26:55.056498 info[fractal.cpp:121] [34m[INFO] Out of range best_monomer = 60.000000
2019-Mar-04 15:26:55.058026 fatal[fractal.cpp:155] [31m[FATAL] Best monomer did not satisfy epsilon.
  best_diff / _a = 0.742205
  epsilon = 0.500000
2019-Mar-04 15:26:55.058078 info[fractal.cpp:73] [34m[INFO] Adding new monomer to fractal using Monte Carlo algorithm.
2019-Mar-04 15:26:55.058127 info[fractal.cpp:121] [34m[INFO] Out of range best_monomer = 60.000000
2019-Mar-04 15:26:55.059691 fatal[fractal.cpp:155] [31m[FATAL] Best monomer did not satisfy epsilon.
  best_diff / _a = 0.742149
  epsilon = 0.500000
2019-Mar-04 15:26:55.059796 info[fractal.cpp:73] [34m[INFO] Adding new monomer to fractal using Monte Carlo algorithm.
2019-Mar-04 15:26:55.059883 info[fractal.cpp:121] [34m[INFO] Out of range best_monomer = 60.000000
2019-Mar-04 15:26:55.061832 fatal[fractal.cpp:155] [31m[FATAL] Best monomer did not satisfy epsilon.
  best_diff / _a = 0.742160
  epsilon = 0.500000
2019-Mar-04 15:26:55.061944 info[fractal.cpp:73] [34m[INFO] Adding new monomer to fractal using Monte Carlo algorithm.
2019-Mar-04 15:26:55.062021 info[fractal.cpp:121] [34m[INFO] Out of range best_monomer = 60.000000
2019-Mar-04 15:26:55.063718 fatal[fractal.cpp:155] [31m[FATAL] Best monomer did not satisfy epsilon.
  best_diff / _a = 0.742160
  epsilon = 0.500000
2019-Mar-04 15:26:55.063821 info[fractal.cpp:73] [34m[INFO] Adding new monomer to fractal using Monte Carlo algorithm.
2019-Mar-04 15:26:55.063875 info[fractal.cpp:121] [34m[INFO] Out of range best_monomer = 60.000000
2019-Mar-04 15:26:55.065501 fatal[fractal.cpp:155] [31m[FATAL] Best monomer did not satisfy epsilon.
  best_diff / _a = 0.742148
  epsilon = 0.500000
2019-Mar-04 15:26:55.065592 info[fractal.cpp:73] [34m[INFO] Adding new monomer to fractal using Monte Carlo algorithm.
2019-Mar-04 15:26:55.065644 info[fractal.cpp:121] [34m[INFO] Out of range best_monomer = 60.000000
2019-Mar-04 15:26:55.067184 fatal[fractal.cpp:155] [31m[FATAL] Best monomer did not satisfy epsilon.
  best_diff / _a = 0.742178
  epsilon = 0.500000
2019-Mar-04 15:26:55.067257 info[fractal.cpp:73] [34m[INFO] Adding new monomer to fractal using Monte Carlo algorithm.
2019-Mar-04 15:26:55.067309 info[fractal.cpp:121] [34m[INFO] Out of range best_monomer = 60.000000
2019-Mar-04 15:26:55.069046 fatal[fractal.cpp:155] [31m[FATAL] Best monomer did not satisfy epsilon.
  best_diff / _a = 0.742167
  epsilon = 0.500000
2019-Mar-04 15:26:55.069180 info[fractal.cpp:73] [34m[INFO] Adding new monomer to fractal using Monte Carlo algorithm.
2019-Mar-04 15:26:55.069256 info[fractal.cpp:121] [34m[INFO] Out of range best_monomer = 60.000000
2019-Mar-04 15:26:55.070944 fatal[fractal.cpp:155] [31m[FATAL] Best monomer did not satisfy epsilon.
  best_diff / _a = 0.742163
  epsilon = 0.500000
2019-Mar-04 15:26:55.071090 info[fractal.cpp:73] [34m[INFO] Adding new monomer to fractal using Monte Carlo algorithm.
2019-Mar-04 15:26:55.071166 info[fractal.cpp:121] [34m[INFO] Out of range best_monomer = 60.000000
2019-Mar-04 15:26:55.073799 fatal[fractal.cpp:155] [31m[FATAL] Best monomer did not satisfy epsilon.
  best_diff / _a = 0.742159
  epsilon = 0.500000
2019-Mar-04 15:26:55.073951 info[fractal.cpp:73] [34m[INFO] Adding new monomer to fractal using Monte Carlo algorithm.
2019-Mar-04 15:26:55.074039 info[fractal.cpp:121] [34m[INFO] Out of range best_monomer = 60.000000
2019-Mar-04 15:26:55.077602 fatal[fractal.cpp:155] [31m[FATAL] Best monomer did not satisfy epsilon.
  best_diff / _a = 0.742267
  epsilon = 0.500000
2019-Mar-04 15:26:55.077765 info[fractal.cpp:73] [34m[INFO] Adding new monomer to fractal using Monte Carlo algorithm.
2019-Mar-04 15:26:55.077859 info[fractal.cpp:121] [34m[INFO] Out of range best_monomer = 60.000000
2019-Mar-04 15:26:55.080360 fatal[fractal.cpp:155] [31m[FATAL] Best monomer did not satisfy epsilon.
  best_diff / _a = 0.742147
  epsilon = 0.500000
2019-Mar-04 15:26:55.080521 info[fractal.cpp:73] [34m[INFO] Adding new monomer to fractal using Monte Carlo algorithm.
2019-Mar-04 15:26:55.080616 info[fractal.cpp:121] [34m[INFO] Out of range best_monomer = 60.000000
2019-Mar-04 15:26:55.082867 fatal[fractal.cpp:155] [31m[FATAL] Best monomer did not satisfy epsilon.
  best_diff / _a = 0.742321
  epsilon = 0.500000
2019-Mar-04 15:26:55.083012 info[fractal.cpp:73] [34m[INFO] Adding new monomer to fractal using Monte Carlo algorithm.
2019-Mar-04 15:26:55.083158 info[fractal.cpp:121] [34m[INFO] Out of range best_monomer = 60.000000
2019-Mar-04 15:26:55.085175 fatal[fractal.cpp:155] [31m[FATAL] Best monomer did not satisfy epsilon.
  best_diff / _a = 0.742167
  epsilon = 0.500000
2019-Mar-04 15:26:55.085321 info[fractal.cpp:73] [34m[INFO] Adding new monomer to fractal using Monte Carlo algorithm.
2019-Mar-04 15:26:55.085446 info[fractal.cpp:121] [34m[INFO] Out of range best_monomer = 60.000000
2019-Mar-04 15:26:55.087203 fatal[fractal.cpp:155] [31m[FATAL] Best monomer did not satisfy epsilon.
  best_diff / _a = 0.742262
  epsilon = 0.500000
2019-Mar-04 15:26:55.087544 info[fractal.cpp:73] [34m[INFO] Adding new monomer to fractal using Monte Carlo algorithm.
2019-Mar-04 15:26:55.087637 info[fractal.cpp:121] [34m[INFO] Out of range best_monomer = 60.000000
2019-Mar-04 15:26:55.089125 fatal[fractal.cpp:155] [31m[FATAL] Best monomer did not satisfy epsilon.
  best_diff / _a = 0.742265
  epsilon = 0.500000
2019-Mar-04 15:26:55.089194 info[fractal.cpp:73] [34m[INFO] Adding new monomer to fractal using Monte Carlo algorithm.
2019-Mar-04 15:26:55.089244 info[fractal.cpp:121] [34m[INFO] Out of range best_monomer = 60.000000
2019-Mar-04 15:26:55.090787 fatal[fractal.cpp:155] [31m[FATAL] Best monomer did not satisfy epsilon.
  best_diff / _a = 0.742153
  epsilon = 0.500000
2019-Mar-04 15:26:55.090880 info[fractal.cpp:73] [34m[INFO] Adding new monomer to fractal using Monte Carlo algorithm.
2019-Mar-04 15:26:55.090938 info[fractal.cpp:121] [34m[INFO] Out of range best_monomer = 60.000000
2019-Mar-04 15:26:55.092514 fatal[fractal.cpp:155] [31m[FATAL] Best monomer did not satisfy epsilon.
  best_diff / _a = 0.742149
  epsilon = 0.500000
2019-Mar-04 15:26:55.092644 info[fractal.cpp:73] [34m[INFO] Adding new monomer to fractal using Monte Carlo algorithm.
2019-Mar-04 15:26:55.092802 info[fractal.cpp:121] [34m[INFO] Out of range best_monomer = 60.000000
2019-Mar-04 15:26:55.094529 fatal[fractal.cpp:155] [31m[FATAL] Best monomer did not satisfy epsilon.
  best_diff / _a = 0.742189
  epsilon = 0.500000
2019-Mar-04 15:26:55.094625 info[fractal.cpp:73] [34m[INFO] Adding new monomer to fractal using Monte Carlo algorithm.
2019-Mar-04 15:26:55.094755 info[fractal.cpp:121] [34m[INFO] Out of range best_monomer = 60.000000
2019-Mar-04 15:26:55.096315 fatal[fractal.cpp:155] [31m[FATAL] Best monomer did not satisfy epsilon.
  best_diff / _a = 0.742147
  epsilon = 0.500000
2019-Mar-04 15:26:55.096374 info[fractal.cpp:73] [34m[INFO] Adding new monomer to fractal using Monte Carlo algorithm.
2019-Mar-04 15:26:55.096424 info[fractal.cpp:121] [34m[INFO] Out of range best_monomer = 60.000000
2019-Mar-04 15:26:55.098019 fatal[fractal.cpp:155] [31m[FATAL] Best monomer did not satisfy epsilon.
  best_diff / _a = 0.742193
  epsilon = 0.500000
2019-Mar-04 15:26:55.098085 info[fractal.cpp:73] [34m[INFO] Adding new monomer to fractal using Monte Carlo algorithm.
2019-Mar-04 15:26:55.098155 info[fractal.cpp:121] [34m[INFO] Out of range best_monomer = 60.000000
2019-Mar-04 15:26:55.099686 fatal[fractal.cpp:155] [31m[FATAL] Best monomer did not satisfy epsilon.
  best_diff / _a = 0.742194
  epsilon = 0.500000
2019-Mar-04 15:26:55.099751 info[fractal.cpp:73] [34m[INFO] Adding new monomer to fractal using Monte Carlo algorithm.
2019-Mar-04 15:26:55.099801 info[fractal.cpp:121] [34m[INFO] Out of range best_monomer = 60.000000
2019-Mar-04 15:26:55.101835 fatal[fractal.cpp:155] [31m[FATAL] Best monomer did not satisfy epsilon.
  best_diff / _a = 0.742239
  epsilon = 0.500000
2019-Mar-04 15:26:55.101980 info[fractal.cpp:73] [34m[INFO] Adding new monomer to fractal using Monte Carlo algorithm.
2019-Mar-04 15:26:55.102081 info[fractal.cpp:121] [34m[INFO] Out of range best_monomer = 60.000000
2019-Mar-04 15:26:55.103570 fatal[fractal.cpp:155] [31m[FATAL] Best monomer did not satisfy epsilon.
  best_diff / _a = 0.742162
  epsilon = 0.500000
2019-Mar-04 15:26:55.103640 info[fractal.cpp:73] [34m[INFO] Adding new monomer to fractal using Monte Carlo algorithm.
2019-Mar-04 15:26:55.103690 info[fractal.cpp:121] [34m[INFO] Out of range best_monomer = 60.000000
2019-Mar-04 15:26:55.105198 fatal[fractal.cpp:155] [31m[FATAL] Best monomer did not satisfy epsilon.
  best_diff / _a = 0.742164
  epsilon = 0.500000
2019-Mar-04 15:26:55.105268 info[fractal.cpp:73] [34m[INFO] Adding new monomer to fractal using Monte Carlo algorithm.
2019-Mar-04 15:26:55.105318 info[fractal.cpp:121] [34m[INFO] Out of range best_monomer = 60.000000
2019-Mar-04 15:26:55.106855 fatal[fractal.cpp:155] [31m[FATAL] Best monomer did not satisfy epsilon.
  best_diff / _a = 0.742197
  epsilon = 0.500000
2019-Mar-04 15:26:55.106908 info[fractal.cpp:73] [34m[INFO] Adding new monomer to fractal using Monte Carlo algorithm.
2019-Mar-04 15:26:55.106958 info[fractal.cpp:121] [34m[INFO] Out of range best_monomer = 60.000000
2019-Mar-04 15:26:55.108610 fatal[fractal.cpp:155] [31m[FATAL] Best monomer did not satisfy epsilon.
  best_diff / _a = 0.742191
  epsilon = 0.500000
2019-Mar-04 15:26:55.108787 info[fractal.cpp:73] [34m[INFO] Adding new monomer to fractal using Monte Carlo algorithm.
2019-Mar-04 15:26:55.108906 info[fractal.cpp:121] [34m[INFO] Out of range best_monomer = 60.000000
2019-Mar-04 15:26:55.110563 fatal[fractal.cpp:155] [31m[FATAL] Best monomer did not satisfy epsilon.
  best_diff / _a = 0.742160
  epsilon = 0.500000
2019-Mar-04 15:26:55.110648 info[fractal.cpp:73] [34m[INFO] Adding new monomer to fractal using Monte Carlo algorithm.
2019-Mar-04 15:26:55.110773 info[fractal.cpp:121] [34m[INFO] Out of range best_monomer = 60.000000
2019-Mar-04 15:26:55.112336 fatal[fractal.cpp:155] [31m[FATAL] Best monomer did not satisfy epsilon.
  best_diff / _a = 0.742192
  epsilon = 0.500000
2019-Mar-04 15:26:55.112392 info[fractal.cpp:73] [34m[INFO] Adding new monomer to fractal using Monte Carlo algorithm.
2019-Mar-04 15:26:55.112444 info[fractal.cpp:121] [34m[INFO] Out of range best_monomer = 60.000000
2019-Mar-04 15:26:55.113987 fatal[fractal.cpp:155] [31m[FATAL] Best monomer did not satisfy epsilon.
  best_diff / _a = 0.742201
  epsilon = 0.500000
2019-Mar-04 15:26:55.114040 info[fractal.cpp:73] [34m[INFO] Adding new monomer to fractal using Monte Carlo algorithm.
