2019-Mar-03 22:09:02.997156 info[fractal.cpp:121] [34m[INFO] Out of range best_monomer = 60.000000
2019-Mar-03 22:09:02.999068 fatal[fractal.cpp:155] [31m[FATAL] Best monomer did not satisfy epsilon.
  best_diff / _a = 0.578849
  epsilon = 0.500000
2019-Mar-03 22:09:02.999226 info[fractal.cpp:73] [34m[INFO] Adding new monomer to fractal using Monte Carlo algorithm.
2019-Mar-03 22:09:02.999306 info[fractal.cpp:121] [34m[INFO] Out of range best_monomer = 60.000000
2019-Mar-03 22:09:03.000853 fatal[fractal.cpp:155] [31m[FATAL] Best monomer did not satisfy epsilon.
  best_diff / _a = 0.578854
  epsilon = 0.500000
2019-Mar-03 22:09:03.001139 info[fractal.cpp:73] [34m[INFO] Adding new monomer to fractal using Monte Carlo algorithm.
2019-Mar-03 22:09:03.001232 info[fractal.cpp:121] [34m[INFO] Out of range best_monomer = 60.000000
2019-Mar-03 22:09:03.003266 fatal[fractal.cpp:155] [31m[FATAL] Best monomer did not satisfy epsilon.
  best_diff / _a = 0.578920
  epsilon = 0.500000
2019-Mar-03 22:09:03.003426 info[fractal.cpp:73] [34m[INFO] Adding new monomer to fractal using Monte Carlo algorithm.
2019-Mar-03 22:09:03.003660 info[fractal.cpp:121] [34m[INFO] Out of range best_monomer = 60.000000
2019-Mar-03 22:09:03.005360 fatal[fractal.cpp:155] [31m[FATAL] Best monomer did not satisfy epsilon.
  best_diff / _a = 0.578893
  epsilon = 0.500000
2019-Mar-03 22:09:03.005507 info[fractal.cpp:73] [34m[INFO] Adding new monomer to fractal using Monte Carlo algorithm.
2019-Mar-03 22:09:03.005581 info[fractal.cpp:121] [34m[INFO] Out of range best_monomer = 60.000000
2019-Mar-03 22:09:03.007197 fatal[fractal.cpp:155] [31m[FATAL] Best monomer did not satisfy epsilon.
  best_diff / _a = 0.578912
  epsilon = 0.500000
2019-Mar-03 22:09:03.007415 info[fractal.cpp:73] [34m[INFO] Adding new monomer to fractal using Monte Carlo algorithm.
2019-Mar-03 22:09:03.007489 info[fractal.cpp:121] [34m[INFO] Out of range best_monomer = 60.000000
2019-Mar-03 22:09:03.009186 fatal[fractal.cpp:155] [31m[FATAL] Best monomer did not satisfy epsilon.
  best_diff / _a = 0.578891
  epsilon = 0.500000
2019-Mar-03 22:09:03.009329 info[fractal.cpp:73] [34m[INFO] Adding new monomer to fractal using Monte Carlo algorithm.
2019-Mar-03 22:09:03.009400 info[fractal.cpp:121] [34m[INFO] Out of range best_monomer = 60.000000
2019-Mar-03 22:09:03.011342 fatal[fractal.cpp:155] [31m[FATAL] Best monomer did not satisfy epsilon.
  best_diff / _a = 0.579023
  epsilon = 0.500000
2019-Mar-03 22:09:03.011928 info[fractal.cpp:73] [34m[INFO] Adding new monomer to fractal using Monte Carlo algorithm.
2019-Mar-03 22:09:03.012144 info[fractal.cpp:121] [34m[INFO] Out of range best_monomer = 60.000000
2019-Mar-03 22:09:03.014760 fatal[fractal.cpp:155] [31m[FATAL] Best monomer did not satisfy epsilon.
  best_diff / _a = 0.578857
  epsilon = 0.500000
2019-Mar-03 22:09:03.014901 info[fractal.cpp:73] [34m[INFO] Adding new monomer to fractal using Monte Carlo algorithm.
2019-Mar-03 22:09:03.014971 info[fractal.cpp:121] [34m[INFO] Out of range best_monomer = 60.000000
2019-Mar-03 22:09:03.017711 fatal[fractal.cpp:155] [31m[FATAL] Best monomer did not satisfy epsilon.
  best_diff / _a = 0.578890
  epsilon = 0.500000
2019-Mar-03 22:09:03.017874 info[fractal.cpp:73] [34m[INFO] Adding new monomer to fractal using Monte Carlo algorithm.
2019-Mar-03 22:09:03.017963 info[fractal.cpp:121] [34m[INFO] Out of range best_monomer = 60.000000
2019-Mar-03 22:09:03.021667 fatal[fractal.cpp:155] [31m[FATAL] Best monomer did not satisfy epsilon.
  best_diff / _a = 0.578849
  epsilon = 0.500000
2019-Mar-03 22:09:03.021920 info[fractal.cpp:73] [34m[INFO] Adding new monomer to fractal using Monte Carlo algorithm.
2019-Mar-03 22:09:03.022011 info[fractal.cpp:121] [34m[INFO] Out of range best_monomer = 60.000000
2019-Mar-03 22:09:03.025582 fatal[fractal.cpp:155] [31m[FATAL] Best monomer did not satisfy epsilon.
  best_diff / _a = 0.578995
  epsilon = 0.500000
2019-Mar-03 22:09:03.025730 info[fractal.cpp:73] [34m[INFO] Adding new monomer to fractal using Monte Carlo algorithm.
2019-Mar-03 22:09:03.025801 info[fractal.cpp:121] [34m[INFO] Out of range best_monomer = 60.000000
2019-Mar-03 22:09:03.028045 fatal[fractal.cpp:155] [31m[FATAL] Best monomer did not satisfy epsilon.
  best_diff / _a = 0.579080
  epsilon = 0.500000
2019-Mar-03 22:09:03.028190 info[fractal.cpp:73] [34m[INFO] Adding new monomer to fractal using Monte Carlo algorithm.
2019-Mar-03 22:09:03.028258 info[fractal.cpp:121] [34m[INFO] Out of range best_monomer = 60.000000
2019-Mar-03 22:09:03.029846 fatal[fractal.cpp:155] [31m[FATAL] Best monomer did not satisfy epsilon.
  best_diff / _a = 0.578850
  epsilon = 0.500000
2019-Mar-03 22:09:03.030007 info[fractal.cpp:73] [34m[INFO] Adding new monomer to fractal using Monte Carlo algorithm.
2019-Mar-03 22:09:03.030225 info[fractal.cpp:121] [34m[INFO] Out of range best_monomer = 60.000000
2019-Mar-03 22:09:03.031655 fatal[fractal.cpp:155] [31m[FATAL] Best monomer did not satisfy epsilon.
  best_diff / _a = 0.578876
  epsilon = 0.500000
2019-Mar-03 22:09:03.031825 info[fractal.cpp:73] [34m[INFO] Adding new monomer to fractal using Monte Carlo algorithm.
2019-Mar-03 22:09:03.031901 info[fractal.cpp:121] [34m[INFO] Out of range best_monomer = 60.000000
2019-Mar-03 22:09:03.033521 fatal[fractal.cpp:155] [31m[FATAL] Best monomer did not satisfy epsilon.
  best_diff / _a = 0.578968
  epsilon = 0.500000
2019-Mar-03 22:09:03.033678 info[fractal.cpp:73] [34m[INFO] Adding new monomer to fractal using Monte Carlo algorithm.
2019-Mar-03 22:09:03.033758 info[fractal.cpp:121] [34m[INFO] Out of range best_monomer = 60.000000
2019-Mar-03 22:09:03.035031 fatal[fractal.cpp:155] [31m[FATAL] Best monomer did not satisfy epsilon.
  best_diff / _a = 0.578860
  epsilon = 0.500000
2019-Mar-03 22:09:03.035170 info[fractal.cpp:73] [34m[INFO] Adding new monomer to fractal using Monte Carlo algorithm.
2019-Mar-03 22:09:03.035246 info[fractal.cpp:121] [34m[INFO] Out of range best_monomer = 60.000000
2019-Mar-03 22:09:03.036851 fatal[fractal.cpp:155] [31m[FATAL] Best monomer did not satisfy epsilon.
  best_diff / _a = 0.578852
  epsilon = 0.500000
2019-Mar-03 22:09:03.036999 info[fractal.cpp:73] [34m[INFO] Adding new monomer to fractal using Monte Carlo algorithm.
2019-Mar-03 22:09:03.037068 info[fractal.cpp:121] [34m[INFO] Out of range best_monomer = 60.000000
2019-Mar-03 22:09:03.039225 fatal[fractal.cpp:155] [31m[FATAL] Best monomer did not satisfy epsilon.
  best_diff / _a = 0.578872
  epsilon = 0.500000
2019-Mar-03 22:09:03.039603 info[fractal.cpp:73] [34m[INFO] Adding new monomer to fractal using Monte Carlo algorithm.
2019-Mar-03 22:09:03.039705 info[fractal.cpp:121] [34m[INFO] Out of range best_monomer = 60.000000
2019-Mar-03 22:09:03.041373 fatal[fractal.cpp:155] [31m[FATAL] Best monomer did not satisfy epsilon.
  best_diff / _a = 0.578951
  epsilon = 0.500000
2019-Mar-03 22:09:03.041537 info[fractal.cpp:73] [34m[INFO] Adding new monomer to fractal using Monte Carlo algorithm.
2019-Mar-03 22:09:03.041621 info[fractal.cpp:121] [34m[INFO] Out of range best_monomer = 60.000000
2019-Mar-03 22:09:03.043013 fatal[fractal.cpp:155] [31m[FATAL] Best monomer did not satisfy epsilon.
  best_diff / _a = 0.578854
  epsilon = 0.500000
2019-Mar-03 22:09:03.043172 info[fractal.cpp:73] [34m[INFO] Adding new monomer to fractal using Monte Carlo algorithm.
2019-Mar-03 22:09:03.043292 info[fractal.cpp:121] [34m[INFO] Out of range best_monomer = 60.000000
2019-Mar-03 22:09:03.044770 fatal[fractal.cpp:155] [31m[FATAL] Best monomer did not satisfy epsilon.
  best_diff / _a = 0.578891
  epsilon = 0.500000
2019-Mar-03 22:09:03.044930 info[fractal.cpp:73] [34m[INFO] Adding new monomer to fractal using Monte Carlo algorithm.
2019-Mar-03 22:09:03.045009 info[fractal.cpp:121] [34m[INFO] Out of range best_monomer = 60.000000
2019-Mar-03 22:09:03.046338 fatal[fractal.cpp:155] [31m[FATAL] Best monomer did not satisfy epsilon.
  best_diff / _a = 0.578874
  epsilon = 0.500000
2019-Mar-03 22:09:03.046487 info[fractal.cpp:73] [34m[INFO] Adding new monomer to fractal using Monte Carlo algorithm.
2019-Mar-03 22:09:03.046570 info[fractal.cpp:121] [34m[INFO] Out of range best_monomer = 60.000000
2019-Mar-03 22:09:03.047961 fatal[fractal.cpp:155] [31m[FATAL] Best monomer did not satisfy epsilon.
  best_diff / _a = 0.578926
  epsilon = 0.500000
2019-Mar-03 22:09:03.048115 info[fractal.cpp:73] [34m[INFO] Adding new monomer to fractal using Monte Carlo algorithm.
2019-Mar-03 22:09:03.048192 info[fractal.cpp:121] [34m[INFO] Out of range best_monomer = 60.000000
2019-Mar-03 22:09:03.050033 fatal[fractal.cpp:155] [31m[FATAL] Best monomer did not satisfy epsilon.
  best_diff / _a = 0.578946
  epsilon = 0.500000
2019-Mar-03 22:09:03.050183 info[fractal.cpp:73] [34m[INFO] Adding new monomer to fractal using Monte Carlo algorithm.
2019-Mar-03 22:09:03.050260 info[fractal.cpp:121] [34m[INFO] Out of range best_monomer = 60.000000
2019-Mar-03 22:09:03.052071 fatal[fractal.cpp:155] [31m[FATAL] Best monomer did not satisfy epsilon.
  best_diff / _a = 0.578878
  epsilon = 0.500000
2019-Mar-03 22:09:03.052192 info[fractal.cpp:73] [34m[INFO] Adding new monomer to fractal using Monte Carlo algorithm.
2019-Mar-03 22:09:03.052280 info[fractal.cpp:121] [34m[INFO] Out of range best_monomer = 60.000000
2019-Mar-03 22:09:03.053656 fatal[fractal.cpp:155] [31m[FATAL] Best monomer did not satisfy epsilon.
  best_diff / _a = 0.578870
  epsilon = 0.500000
2019-Mar-03 22:09:03.053817 info[fractal.cpp:73] [34m[INFO] Adding new monomer to fractal using Monte Carlo algorithm.
2019-Mar-03 22:09:03.053958 info[fractal.cpp:121] [34m[INFO] Out of range best_monomer = 60.000000
2019-Mar-03 22:09:03.055291 fatal[fractal.cpp:155] [31m[FATAL] Best monomer did not satisfy epsilon.
  best_diff / _a = 0.579002
  epsilon = 0.500000
2019-Mar-03 22:09:03.055430 info[fractal.cpp:73] [34m[INFO] Adding new monomer to fractal using Monte Carlo algorithm.
2019-Mar-03 22:09:03.055505 info[fractal.cpp:121] [34m[INFO] Out of range best_monomer = 60.000000
2019-Mar-03 22:09:03.057331 fatal[fractal.cpp:155] [31m[FATAL] Best monomer did not satisfy epsilon.
  best_diff / _a = 0.578876
  epsilon = 0.500000
2019-Mar-03 22:09:03.057483 info[fractal.cpp:73] [34m[INFO] Adding new monomer to fractal using Monte Carlo algorithm.
2019-Mar-03 22:09:03.057565 info[fractal.cpp:121] [34m[INFO] Out of range best_monomer = 60.000000
2019-Mar-03 22:09:03.058873 fatal[fractal.cpp:155] [31m[FATAL] Best monomer did not satisfy epsilon.
  best_diff / _a = 0.578874
  epsilon = 0.500000
2019-Mar-03 22:09:03.059031 info[fractal.cpp:73] [34m[INFO] Adding new monomer to fractal using Monte Carlo algorithm.
2019-Mar-03 22:09:03.059106 info[fractal.cpp:121] [34m[INFO] Out of range best_monomer = 60.000000
2019-Mar-03 22:09:03.061036 fatal[fractal.cpp:155] [31m[FATAL] Best monomer did not satisfy epsilon.
  best_diff / _a = 0.578852
  epsilon = 0.500000
2019-Mar-03 22:09:03.061174 info[fractal.cpp:73] [34m[INFO] Adding new monomer to fractal using Monte Carlo algorithm.
2019-Mar-03 22:09:03.061247 info[fractal.cpp:121] [34m[INFO] Out of range best_monomer = 60.000000
2019-Mar-03 22:09:03.063116 fatal[fractal.cpp:155] [31m[FATAL] Best monomer did not satisfy epsilon.
  best_diff / _a = 0.578922
  epsilon = 0.500000
2019-Mar-03 22:09:03.063683 info[fractal.cpp:73] [34m[INFO] Adding new monomer to fractal using Monte Carlo algorithm.
2019-Mar-03 22:09:03.063772 info[fractal.cpp:121] [34m[INFO] Out of range best_monomer = 60.000000
2019-Mar-03 22:09:03.067344 fatal[fractal.cpp:155] [31m[FATAL] Best monomer did not satisfy epsilon.
  best_diff / _a = 0.578985
  epsilon = 0.500000
2019-Mar-03 22:09:03.067575 info[fractal.cpp:73] [34m[INFO] Adding new monomer to fractal using Monte Carlo algorithm.
2019-Mar-03 22:09:03.067655 info[fractal.cpp:121] [34m[INFO] Out of range best_monomer = 60.000000
2019-Mar-03 22:09:03.069470 fatal[fractal.cpp:155] [31m[FATAL] Best monomer did not satisfy epsilon.
  best_diff / _a = 0.578852
  epsilon = 0.500000
2019-Mar-03 22:09:03.069617 info[fractal.cpp:73] [34m[INFO] Adding new monomer to fractal using Monte Carlo algorithm.
2019-Mar-03 22:09:03.069692 info[fractal.cpp:121] [34m[INFO] Out of range best_monomer = 60.000000
2019-Mar-03 22:09:03.071669 fatal[fractal.cpp:155] [31m[FATAL] Best monomer did not satisfy epsilon.
  best_diff / _a = 0.578876
  epsilon = 0.500000
2019-Mar-03 22:09:03.071838 info[fractal.cpp:73] [34m[INFO] Adding new monomer to fractal using Monte Carlo algorithm.
2019-Mar-03 22:09:03.071940 info[fractal.cpp:121] [34m[INFO] Out of range best_monomer = 60.000000
2019-Mar-03 22:09:03.074185 fatal[fractal.cpp:155] [31m[FATAL] Best monomer did not satisfy epsilon.
  best_diff / _a = 0.578970
  epsilon = 0.500000
2019-Mar-03 22:09:03.074355 info[fractal.cpp:73] [34m[INFO] Adding new monomer to fractal using Monte Carlo algorithm.
2019-Mar-03 22:09:03.074438 info[fractal.cpp:121] [34m[INFO] Out of range best_monomer = 60.000000
2019-Mar-03 22:09:03.075794 fatal[fractal.cpp:155] [31m[FATAL] Best monomer did not satisfy epsilon.
  best_diff / _a = 0.578856
  epsilon = 0.500000
2019-Mar-03 22:09:03.075941 info[fractal.cpp:73] [34m[INFO] Adding new monomer to fractal using Monte Carlo algorithm.
2019-Mar-03 22:09:03.076017 info[fractal.cpp:121] [34m[INFO] Out of range best_monomer = 60.000000
2019-Mar-03 22:09:03.077793 fatal[fractal.cpp:155] [31m[FATAL] Best monomer did not satisfy epsilon.
  best_diff / _a = 0.578881
  epsilon = 0.500000
2019-Mar-03 22:09:03.077970 info[fractal.cpp:73] [34m[INFO] Adding new monomer to fractal using Monte Carlo algorithm.
2019-Mar-03 22:09:03.078048 info[fractal.cpp:121] [34m[INFO] Out of range best_monomer = 60.000000
2019-Mar-03 22:09:03.079419 fatal[fractal.cpp:155] [31m[FATAL] Best monomer did not satisfy epsilon.
  best_diff / _a = 0.579033
  epsilon = 0.500000
2019-Mar-03 22:09:03.079557 info[fractal.cpp:73] [34m[INFO] Adding new monomer to fractal using Monte Carlo algorithm.
2019-Mar-03 22:09:03.079647 info[fractal.cpp:121] [34m[INFO] Out of range best_monomer = 60.000000
2019-Mar-03 22:09:03.080990 fatal[fractal.cpp:155] [31m[FATAL] Best monomer did not satisfy epsilon.
  best_diff / _a = 0.578882
  epsilon = 0.500000
2019-Mar-03 22:09:03.081136 info[fractal.cpp:73] [34m[INFO] Adding new monomer to fractal using Monte Carlo algorithm.
2019-Mar-03 22:09:03.081215 info[fractal.cpp:121] [34m[INFO] Out of range best_monomer = 60.000000
2019-Mar-03 22:09:03.082456 fatal[fractal.cpp:155] [31m[FATAL] Best monomer did not satisfy epsilon.
  best_diff / _a = 0.578857
  epsilon = 0.500000
2019-Mar-03 22:09:03.082560 info[fractal.cpp:73] [34m[INFO] Adding new monomer to fractal using Monte Carlo algorithm.
2019-Mar-03 22:09:03.082703 info[fractal.cpp:121] [34m[INFO] Out of range best_monomer = 60.000000
2019-Mar-03 22:09:03.083939 fatal[fractal.cpp:155] [31m[FATAL] Best monomer did not satisfy epsilon.
  best_diff / _a = 0.578872
  epsilon = 0.500000
2019-Mar-03 22:09:03.084001 info[fractal.cpp:73] [34m[INFO] Adding new monomer to fractal using Monte Carlo algorithm.
2019-Mar-03 22:09:03.084052 info[fractal.cpp:121] [34m[INFO] Out of range best_monomer = 60.000000
2019-Mar-03 22:09:03.085281 fatal[fractal.cpp:155] [31m[FATAL] Best monomer did not satisfy epsilon.
  best_diff / _a = 0.578866
  epsilon = 0.500000
2019-Mar-03 22:09:03.085340 info[fractal.cpp:73] [34m[INFO] Adding new monomer to fractal using Monte Carlo algorithm.
2019-Mar-03 22:09:03.085390 info[fractal.cpp:121] [34m[INFO] Out of range best_monomer = 60.000000
2019-Mar-03 22:09:03.086806 fatal[fractal.cpp:155] [31m[FATAL] Best monomer did not satisfy epsilon.
  best_diff / _a = 0.578873
  epsilon = 0.500000
2019-Mar-03 22:09:03.086939 info[fractal.cpp:73] [34m[INFO] Adding new monomer to fractal using Monte Carlo algorithm.
2019-Mar-03 22:09:03.087026 info[fractal.cpp:121] [34m[INFO] Out of range best_monomer = 60.000000
2019-Mar-03 22:09:03.088629 fatal[fractal.cpp:155] [31m[FATAL] Best monomer did not satisfy epsilon.
  best_diff / _a = 0.578891
  epsilon = 0.500000
2019-Mar-03 22:09:03.089038 info[fractal.cpp:73] [34m[INFO] Adding new monomer to fractal using Monte Carlo algorithm.
