2019-Mar-04 15:26:56.090467 info[fractal.cpp:121] [34m[INFO] Out of range best_monomer = 60.000000
2019-Mar-04 15:26:56.092413 fatal[fractal.cpp:155] [31m[FATAL] Best monomer did not satisfy epsilon.
  best_diff / _a = 0.742171
  epsilon = 0.500000
2019-Mar-04 15:26:56.092517 info[fractal.cpp:73] [34m[INFO] Adding new monomer to fractal using Monte Carlo algorithm.
2019-Mar-04 15:26:56.092639 info[fractal.cpp:121] [34m[INFO] Out of range best_monomer = 60.000000
2019-Mar-04 15:26:56.094164 fatal[fractal.cpp:155] [31m[FATAL] Best monomer did not satisfy epsilon.
  best_diff / _a = 0.742187
  epsilon = 0.500000
2019-Mar-04 15:26:56.094233 info[fractal.cpp:73] [34m[INFO] Adding new monomer to fractal using Monte Carlo algorithm.
2019-Mar-04 15:26:56.094284 info[fractal.cpp:121] [34m[INFO] Out of range best_monomer = 60.000000
2019-Mar-04 15:26:56.095824 fatal[fractal.cpp:155] [31m[FATAL] Best monomer did not satisfy epsilon.
  best_diff / _a = 0.742158
  epsilon = 0.500000
2019-Mar-04 15:26:56.095877 info[fractal.cpp:73] [34m[INFO] Adding new monomer to fractal using Monte Carlo algorithm.
2019-Mar-04 15:26:56.095926 info[fractal.cpp:121] [34m[INFO] Out of range best_monomer = 60.000000
2019-Mar-04 15:26:56.097766 fatal[fractal.cpp:155] [31m[FATAL] Best monomer did not satisfy epsilon.
  best_diff / _a = 0.742186
  epsilon = 0.500000
2019-Mar-04 15:26:56.097881 info[fractal.cpp:73] [34m[INFO] Adding new monomer to fractal using Monte Carlo algorithm.
2019-Mar-04 15:26:56.097936 info[fractal.cpp:121] [34m[INFO] Out of range best_monomer = 60.000000
2019-Mar-04 15:26:56.099518 fatal[fractal.cpp:155] [31m[FATAL] Best monomer did not satisfy epsilon.
  best_diff / _a = 0.742241
  epsilon = 0.500000
2019-Mar-04 15:26:56.099599 info[fractal.cpp:73] [34m[INFO] Adding new monomer to fractal using Monte Carlo algorithm.
2019-Mar-04 15:26:56.099653 info[fractal.cpp:121] [34m[INFO] Out of range best_monomer = 60.000000
2019-Mar-04 15:26:56.101588 fatal[fractal.cpp:155] [31m[FATAL] Best monomer did not satisfy epsilon.
  best_diff / _a = 0.742149
  epsilon = 0.500000
2019-Mar-04 15:26:56.101709 info[fractal.cpp:73] [34m[INFO] Adding new monomer to fractal using Monte Carlo algorithm.
2019-Mar-04 15:26:56.101765 info[fractal.cpp:121] [34m[INFO] Out of range best_monomer = 60.000000
2019-Mar-04 15:26:56.103470 fatal[fractal.cpp:155] [31m[FATAL] Best monomer did not satisfy epsilon.
  best_diff / _a = 0.742226
  epsilon = 0.500000
2019-Mar-04 15:26:56.103568 info[fractal.cpp:73] [34m[INFO] Adding new monomer to fractal using Monte Carlo algorithm.
2019-Mar-04 15:26:56.103621 info[fractal.cpp:121] [34m[INFO] Out of range best_monomer = 60.000000
2019-Mar-04 15:26:56.105521 fatal[fractal.cpp:155] [31m[FATAL] Best monomer did not satisfy epsilon.
  best_diff / _a = 0.742171
  epsilon = 0.500000
2019-Mar-04 15:26:56.105628 info[fractal.cpp:73] [34m[INFO] Adding new monomer to fractal using Monte Carlo algorithm.
2019-Mar-04 15:26:56.105687 info[fractal.cpp:121] [34m[INFO] Out of range best_monomer = 60.000000
2019-Mar-04 15:26:56.107175 fatal[fractal.cpp:155] [31m[FATAL] Best monomer did not satisfy epsilon.
  best_diff / _a = 0.742213
  epsilon = 0.500000
2019-Mar-04 15:26:56.107241 info[fractal.cpp:73] [34m[INFO] Adding new monomer to fractal using Monte Carlo algorithm.
2019-Mar-04 15:26:56.107291 info[fractal.cpp:121] [34m[INFO] Out of range best_monomer = 60.000000
2019-Mar-04 15:26:56.108826 fatal[fractal.cpp:155] [31m[FATAL] Best monomer did not satisfy epsilon.
  best_diff / _a = 0.742171
  epsilon = 0.500000
2019-Mar-04 15:26:56.108899 info[fractal.cpp:73] [34m[INFO] Adding new monomer to fractal using Monte Carlo algorithm.
2019-Mar-04 15:26:56.108951 info[fractal.cpp:121] [34m[INFO] Out of range best_monomer = 60.000000
2019-Mar-04 15:26:56.110499 fatal[fractal.cpp:155] [31m[FATAL] Best monomer did not satisfy epsilon.
  best_diff / _a = 0.742157
  epsilon = 0.500000
2019-Mar-04 15:26:56.110552 info[fractal.cpp:73] [34m[INFO] Adding new monomer to fractal using Monte Carlo algorithm.
2019-Mar-04 15:26:56.110602 info[fractal.cpp:121] [34m[INFO] Out of range best_monomer = 60.000000
2019-Mar-04 15:26:56.112258 fatal[fractal.cpp:155] [31m[FATAL] Best monomer did not satisfy epsilon.
  best_diff / _a = 0.742210
  epsilon = 0.500000
2019-Mar-04 15:26:56.112394 info[fractal.cpp:73] [34m[INFO] Adding new monomer to fractal using Monte Carlo algorithm.
2019-Mar-04 15:26:56.112450 info[fractal.cpp:121] [34m[INFO] Out of range best_monomer = 60.000000
2019-Mar-04 15:26:56.114775 fatal[fractal.cpp:155] [31m[FATAL] Best monomer did not satisfy epsilon.
  best_diff / _a = 0.742163
  epsilon = 0.500000
2019-Mar-04 15:26:56.114922 info[fractal.cpp:73] [34m[INFO] Adding new monomer to fractal using Monte Carlo algorithm.
2019-Mar-04 15:26:56.114997 info[fractal.cpp:121] [34m[INFO] Out of range best_monomer = 60.000000
2019-Mar-04 15:26:56.117238 fatal[fractal.cpp:155] [31m[FATAL] Best monomer did not satisfy epsilon.
  best_diff / _a = 0.742226
  epsilon = 0.500000
2019-Mar-04 15:26:56.117375 info[fractal.cpp:73] [34m[INFO] Adding new monomer to fractal using Monte Carlo algorithm.
2019-Mar-04 15:26:56.117447 info[fractal.cpp:121] [34m[INFO] Out of range best_monomer = 60.000000
2019-Mar-04 15:26:56.120067 fatal[fractal.cpp:155] [31m[FATAL] Best monomer did not satisfy epsilon.
  best_diff / _a = 0.742148
  epsilon = 0.500000
2019-Mar-04 15:26:56.120212 info[fractal.cpp:73] [34m[INFO] Adding new monomer to fractal using Monte Carlo algorithm.
2019-Mar-04 15:26:56.120292 info[fractal.cpp:121] [34m[INFO] Out of range best_monomer = 60.000000
2019-Mar-04 15:26:56.122656 fatal[fractal.cpp:155] [31m[FATAL] Best monomer did not satisfy epsilon.
  best_diff / _a = 0.742203
  epsilon = 0.500000
2019-Mar-04 15:26:56.122801 info[fractal.cpp:73] [34m[INFO] Adding new monomer to fractal using Monte Carlo algorithm.
2019-Mar-04 15:26:56.122881 info[fractal.cpp:121] [34m[INFO] Out of range best_monomer = 60.000000
2019-Mar-04 15:26:56.125220 fatal[fractal.cpp:155] [31m[FATAL] Best monomer did not satisfy epsilon.
  best_diff / _a = 0.742165
  epsilon = 0.500000
2019-Mar-04 15:26:56.125346 info[fractal.cpp:73] [34m[INFO] Adding new monomer to fractal using Monte Carlo algorithm.
2019-Mar-04 15:26:56.125405 info[fractal.cpp:121] [34m[INFO] Out of range best_monomer = 60.000000
2019-Mar-04 15:26:56.126954 fatal[fractal.cpp:155] [31m[FATAL] Best monomer did not satisfy epsilon.
  best_diff / _a = 0.742150
  epsilon = 0.500000
2019-Mar-04 15:26:56.127010 info[fractal.cpp:73] [34m[INFO] Adding new monomer to fractal using Monte Carlo algorithm.
2019-Mar-04 15:26:56.127060 info[fractal.cpp:121] [34m[INFO] Out of range best_monomer = 60.000000
2019-Mar-04 15:26:56.129542 fatal[fractal.cpp:155] [31m[FATAL] Best monomer did not satisfy epsilon.
  best_diff / _a = 0.742331
  epsilon = 0.500000
2019-Mar-04 15:26:56.129694 info[fractal.cpp:73] [34m[INFO] Adding new monomer to fractal using Monte Carlo algorithm.
2019-Mar-04 15:26:56.129786 info[fractal.cpp:121] [34m[INFO] Out of range best_monomer = 60.000000
2019-Mar-04 15:26:56.131986 fatal[fractal.cpp:155] [31m[FATAL] Best monomer did not satisfy epsilon.
  best_diff / _a = 0.742194
  epsilon = 0.500000
2019-Mar-04 15:26:56.132135 info[fractal.cpp:73] [34m[INFO] Adding new monomer to fractal using Monte Carlo algorithm.
2019-Mar-04 15:26:56.132229 info[fractal.cpp:121] [34m[INFO] Out of range best_monomer = 60.000000
2019-Mar-04 15:26:56.135018 fatal[fractal.cpp:155] [31m[FATAL] Best monomer did not satisfy epsilon.
  best_diff / _a = 0.742163
  epsilon = 0.500000
2019-Mar-04 15:26:56.135187 info[fractal.cpp:73] [34m[INFO] Adding new monomer to fractal using Monte Carlo algorithm.
2019-Mar-04 15:26:56.135272 info[fractal.cpp:121] [34m[INFO] Out of range best_monomer = 60.000000
2019-Mar-04 15:26:56.137808 fatal[fractal.cpp:155] [31m[FATAL] Best monomer did not satisfy epsilon.
  best_diff / _a = 0.742147
  epsilon = 0.500000
2019-Mar-04 15:26:56.138051 info[fractal.cpp:73] [34m[INFO] Adding new monomer to fractal using Monte Carlo algorithm.
2019-Mar-04 15:26:56.138141 info[fractal.cpp:121] [34m[INFO] Out of range best_monomer = 60.000000
2019-Mar-04 15:26:56.139868 fatal[fractal.cpp:155] [31m[FATAL] Best monomer did not satisfy epsilon.
  best_diff / _a = 0.742162
  epsilon = 0.500000
2019-Mar-04 15:26:56.139948 info[fractal.cpp:73] [34m[INFO] Adding new monomer to fractal using Monte Carlo algorithm.
2019-Mar-04 15:26:56.140001 info[fractal.cpp:121] [34m[INFO] Out of range best_monomer = 60.000000
2019-Mar-04 15:26:56.141671 fatal[fractal.cpp:155] [31m[FATAL] Best monomer did not satisfy epsilon.
  best_diff / _a = 0.742284
  epsilon = 0.500000
2019-Mar-04 15:26:56.141799 info[fractal.cpp:73] [34m[INFO] Adding new monomer to fractal using Monte Carlo algorithm.
2019-Mar-04 15:26:56.141850 info[fractal.cpp:121] [34m[INFO] Out of range best_monomer = 60.000000
2019-Mar-04 15:26:56.143546 fatal[fractal.cpp:155] [31m[FATAL] Best monomer did not satisfy epsilon.
  best_diff / _a = 0.742175
  epsilon = 0.500000
2019-Mar-04 15:26:56.143653 info[fractal.cpp:73] [34m[INFO] Adding new monomer to fractal using Monte Carlo algorithm.
2019-Mar-04 15:26:56.143703 info[fractal.cpp:121] [34m[INFO] Out of range best_monomer = 60.000000
2019-Mar-04 15:26:56.145505 fatal[fractal.cpp:155] [31m[FATAL] Best monomer did not satisfy epsilon.
  best_diff / _a = 0.742153
  epsilon = 0.500000
2019-Mar-04 15:26:56.145608 info[fractal.cpp:73] [34m[INFO] Adding new monomer to fractal using Monte Carlo algorithm.
2019-Mar-04 15:26:56.145662 info[fractal.cpp:121] [34m[INFO] Out of range best_monomer = 60.000000
2019-Mar-04 15:26:56.147278 fatal[fractal.cpp:155] [31m[FATAL] Best monomer did not satisfy epsilon.
  best_diff / _a = 0.742156
  epsilon = 0.500000
2019-Mar-04 15:26:56.147347 info[fractal.cpp:73] [34m[INFO] Adding new monomer to fractal using Monte Carlo algorithm.
2019-Mar-04 15:26:56.147398 info[fractal.cpp:121] [34m[INFO] Out of range best_monomer = 60.000000
2019-Mar-04 15:26:56.149129 fatal[fractal.cpp:155] [31m[FATAL] Best monomer did not satisfy epsilon.
  best_diff / _a = 0.742195
  epsilon = 0.500000
2019-Mar-04 15:26:56.149234 info[fractal.cpp:73] [34m[INFO] Adding new monomer to fractal using Monte Carlo algorithm.
2019-Mar-04 15:26:56.149313 info[fractal.cpp:121] [34m[INFO] Out of range best_monomer = 60.000000
2019-Mar-04 15:26:56.150877 fatal[fractal.cpp:155] [31m[FATAL] Best monomer did not satisfy epsilon.
  best_diff / _a = 0.742174
  epsilon = 0.500000
2019-Mar-04 15:26:56.150952 info[fractal.cpp:73] [34m[INFO] Adding new monomer to fractal using Monte Carlo algorithm.
2019-Mar-04 15:26:56.151003 info[fractal.cpp:121] [34m[INFO] Out of range best_monomer = 60.000000
2019-Mar-04 15:26:56.152637 fatal[fractal.cpp:155] [31m[FATAL] Best monomer did not satisfy epsilon.
  best_diff / _a = 0.742149
  epsilon = 0.500000
2019-Mar-04 15:26:56.152765 info[fractal.cpp:73] [34m[INFO] Adding new monomer to fractal using Monte Carlo algorithm.
2019-Mar-04 15:26:56.152846 info[fractal.cpp:121] [34m[INFO] Out of range best_monomer = 60.000000
2019-Mar-04 15:26:56.154455 fatal[fractal.cpp:155] [31m[FATAL] Best monomer did not satisfy epsilon.
  best_diff / _a = 0.742224
  epsilon = 0.500000
2019-Mar-04 15:26:56.154540 info[fractal.cpp:73] [34m[INFO] Adding new monomer to fractal using Monte Carlo algorithm.
2019-Mar-04 15:26:56.154595 info[fractal.cpp:121] [34m[INFO] Out of range best_monomer = 60.000000
2019-Mar-04 15:26:56.156241 fatal[fractal.cpp:155] [31m[FATAL] Best monomer did not satisfy epsilon.
  best_diff / _a = 0.742151
  epsilon = 0.500000
2019-Mar-04 15:26:56.156332 info[fractal.cpp:73] [34m[INFO] Adding new monomer to fractal using Monte Carlo algorithm.
2019-Mar-04 15:26:56.156386 info[fractal.cpp:121] [34m[INFO] Out of range best_monomer = 60.000000
2019-Mar-04 15:26:56.157934 fatal[fractal.cpp:155] [31m[FATAL] Best monomer did not satisfy epsilon.
  best_diff / _a = 0.742179
  epsilon = 0.500000
2019-Mar-04 15:26:56.157988 info[fractal.cpp:73] [34m[INFO] Adding new monomer to fractal using Monte Carlo algorithm.
2019-Mar-04 15:26:56.158040 info[fractal.cpp:121] [34m[INFO] Out of range best_monomer = 60.000000
2019-Mar-04 15:26:56.159830 fatal[fractal.cpp:155] [31m[FATAL] Best monomer did not satisfy epsilon.
  best_diff / _a = 0.742275
  epsilon = 0.500000
2019-Mar-04 15:26:56.159960 info[fractal.cpp:73] [34m[INFO] Adding new monomer to fractal using Monte Carlo algorithm.
2019-Mar-04 15:26:56.160038 info[fractal.cpp:121] [34m[INFO] Out of range best_monomer = 60.000000
2019-Mar-04 15:26:56.161744 fatal[fractal.cpp:155] [31m[FATAL] Best monomer did not satisfy epsilon.
  best_diff / _a = 0.742171
  epsilon = 0.500000
2019-Mar-04 15:26:56.161827 info[fractal.cpp:73] [34m[INFO] Adding new monomer to fractal using Monte Carlo algorithm.
2019-Mar-04 15:26:56.161879 info[fractal.cpp:121] [34m[INFO] Out of range best_monomer = 60.000000
2019-Mar-04 15:26:56.163737 fatal[fractal.cpp:155] [31m[FATAL] Best monomer did not satisfy epsilon.
  best_diff / _a = 0.742186
  epsilon = 0.500000
2019-Mar-04 15:26:56.163824 info[fractal.cpp:73] [34m[INFO] Adding new monomer to fractal using Monte Carlo algorithm.
2019-Mar-04 15:26:56.163897 info[fractal.cpp:121] [34m[INFO] Out of range best_monomer = 60.000000
2019-Mar-04 15:26:56.166086 fatal[fractal.cpp:155] [31m[FATAL] Best monomer did not satisfy epsilon.
  best_diff / _a = 0.742180
  epsilon = 0.500000
2019-Mar-04 15:26:56.166171 info[fractal.cpp:73] [34m[INFO] Adding new monomer to fractal using Monte Carlo algorithm.
2019-Mar-04 15:26:56.166225 info[fractal.cpp:121] [34m[INFO] Out of range best_monomer = 60.000000
2019-Mar-04 15:26:56.167788 fatal[fractal.cpp:155] [31m[FATAL] Best monomer did not satisfy epsilon.
  best_diff / _a = 0.742250
  epsilon = 0.500000
2019-Mar-04 15:26:56.167847 info[fractal.cpp:73] [34m[INFO] Adding new monomer to fractal using Monte Carlo algorithm.
2019-Mar-04 15:26:56.167898 info[fractal.cpp:121] [34m[INFO] Out of range best_monomer = 60.000000
2019-Mar-04 15:26:56.169800 fatal[fractal.cpp:155] [31m[FATAL] Best monomer did not satisfy epsilon.
  best_diff / _a = 0.742179
  epsilon = 0.500000
2019-Mar-04 15:26:56.169939 info[fractal.cpp:73] [34m[INFO] Adding new monomer to fractal using Monte Carlo algorithm.
2019-Mar-04 15:26:56.169996 info[fractal.cpp:121] [34m[INFO] Out of range best_monomer = 60.000000
2019-Mar-04 15:26:56.171541 fatal[fractal.cpp:155] [31m[FATAL] Best monomer did not satisfy epsilon.
  best_diff / _a = 0.742162
  epsilon = 0.500000
2019-Mar-04 15:26:56.171595 info[fractal.cpp:73] [34m[INFO] Adding new monomer to fractal using Monte Carlo algorithm.
2019-Mar-04 15:26:56.171644 info[fractal.cpp:121] [34m[INFO] Out of range best_monomer = 60.000000
2019-Mar-04 15:26:56.173239 fatal[fractal.cpp:155] [31m[FATAL] Best monomer did not satisfy epsilon.
  best_diff / _a = 0.742165
  epsilon = 0.500000
2019-Mar-04 15:26:56.173304 info[fractal.cpp:73] [34m[INFO] Adding new monomer to fractal using Monte Carlo algorithm.
2019-Mar-04 15:26:56.173355 info[fractal.cpp:121] [34m[INFO] Out of range best_monomer = 60.000000
2019-Mar-04 15:26:56.175392 fatal[fractal.cpp:155] [31m[FATAL] Best monomer did not satisfy epsilon.
  best_diff / _a = 0.742196
  epsilon = 0.500000
2019-Mar-04 15:26:56.175496 info[fractal.cpp:73] [34m[INFO] Adding new monomer to fractal using Monte Carlo algorithm.
2019-Mar-04 15:26:56.175598 info[fractal.cpp:121] [34m[INFO] Out of range best_monomer = 60.000000
2019-Mar-04 15:26:56.177157 fatal[fractal.cpp:155] [31m[FATAL] Best monomer did not satisfy epsilon.
  best_diff / _a = 0.742177
  epsilon = 0.500000
2019-Mar-04 15:26:56.177230 info[fractal.cpp:73] [34m[INFO] Adding new monomer to fractal using Monte Carlo algorithm.
2019-Mar-04 15:26:56.177282 info[fractal.cpp:121] [34m[INFO] Out of range best_monomer = 60.000000
2019-Mar-04 15:26:56.178821 fatal[fractal.cpp:155] [31m[FATAL] Best monomer did not satisfy epsilon.
  best_diff / _a = 0.742166
  epsilon = 0.500000
2019-Mar-04 15:26:56.178874 info[fractal.cpp:73] [34m[INFO] Adding new monomer to fractal using Monte Carlo algorithm.
