2019-Mar-03 22:16:00.376709 info[fractal.cpp:112] [34m[INFO] Failed to attach to (24.067707, 156.354919, -98.742765). Trying new monomer.
2019-Mar-03 22:16:00.378160 info[fractal.cpp:112] [34m[INFO] Failed to attach to (-48.688645, 101.113703, -81.046310). Trying new monomer.
2019-Mar-03 22:16:00.379742 info[fractal.cpp:112] [34m[INFO] Failed to attach to (14.023263, -93.466371, -27.819683). Trying new monomer.
2019-Mar-03 22:16:00.382168 info[fractal.cpp:112] [34m[INFO] Failed to attach to (24.067707, 156.354919, -98.742765). Trying new monomer.
2019-Mar-03 22:16:00.384247 info[fractal.cpp:112] [34m[INFO] Failed to attach to (24.067707, 156.354919, -98.742765). Trying new monomer.
2019-Mar-03 22:16:00.385482 info[fractal.cpp:112] [34m[INFO] Failed to attach to (24.067707, 156.354919, -98.742765). Trying new monomer.
2019-Mar-03 22:16:00.386086 info[fractal.cpp:112] [34m[INFO] Failed to attach to (-48.688645, 101.113703, -81.046310). Trying new monomer.
2019-Mar-03 22:16:00.389211 info[fractal.cpp:112] [34m[INFO] Failed to attach to (-61.717169, 78.193195, -218.276937). Trying new monomer.
2019-Mar-03 22:16:00.390431 info[fractal.cpp:112] [34m[INFO] Failed to attach to (24.067707, 156.354919, -98.742765). Trying new monomer.
2019-Mar-03 22:16:00.391271 info[fractal.cpp:112] [34m[INFO] Failed to attach to (-48.688645, 101.113703, -81.046310). Trying new monomer.
2019-Mar-03 22:16:00.392546 info[fractal.cpp:112] [34m[INFO] Failed to attach to (-48.688645, 101.113703, -81.046310). Trying new monomer.
2019-Mar-03 22:16:00.394729 info[fractal.cpp:112] [34m[INFO] Failed to attach to (24.067707, 156.354919, -98.742765). Trying new monomer.
2019-Mar-03 22:16:00.396519 info[fractal.cpp:112] [34m[INFO] Failed to attach to (24.067707, 156.354919, -98.742765). Trying new monomer.
2019-Mar-03 22:16:00.399514 info[fractal.cpp:112] [34m[INFO] Failed to attach to (24.067707, 156.354919, -98.742765). Trying new monomer.
2019-Mar-03 22:16:00.401797 info[fractal.cpp:112] [34m[INFO] Failed to attach to (-61.717169, 78.193195, -218.276937). Trying new monomer.
2019-Mar-03 22:16:00.404543 info[fractal.cpp:112] [34m[INFO] Failed to attach to (-61.717169, 78.193195, -218.276937). Trying new monomer.
2019-Mar-03 22:16:00.408437 info[fractal.cpp:112] [34m[INFO] Failed to attach to (-61.717169, 78.193195, -218.276937). Trying new monomer.
2019-Mar-03 22:16:00.412675 info[fractal.cpp:112] [34m[INFO] Failed to attach to (-61.717169, 78.193195, -218.276937). Trying new monomer.
2019-Mar-03 22:16:00.414059 info[fractal.cpp:112] [34m[INFO] Failed to attach to (-48.688645, 101.113703, -81.046310). Trying new monomer.
2019-Mar-03 22:16:00.414898 info[fractal.cpp:112] [34m[INFO] Failed to attach to (-48.688645, 101.113703, -81.046310). Trying new monomer.
2019-Mar-03 22:16:00.416196 info[fractal.cpp:112] [34m[INFO] Failed to attach to (24.067707, 156.354919, -98.742765). Trying new monomer.
2019-Mar-03 22:16:00.417818 info[fractal.cpp:112] [34m[INFO] Failed to attach to (-48.688645, 101.113703, -81.046310). Trying new monomer.
2019-Mar-03 22:16:00.419927 info[fractal.cpp:112] [34m[INFO] Failed to attach to (-61.717169, 78.193195, -218.276937). Trying new monomer.
2019-Mar-03 22:16:00.421942 info[fractal.cpp:112] [34m[INFO] Failed to attach to (-61.717169, 78.193195, -218.276937). Trying new monomer.
2019-Mar-03 22:16:00.423601 info[fractal.cpp:112] [34m[INFO] Failed to attach to (-61.717169, 78.193195, -218.276937). Trying new monomer.
2019-Mar-03 22:16:00.425094 info[fractal.cpp:112] [34m[INFO] Failed to attach to (24.067707, 156.354919, -98.742765). Trying new monomer.
2019-Mar-03 22:16:00.426771 info[fractal.cpp:112] [34m[INFO] Failed to attach to (24.067707, 156.354919, -98.742765). Trying new monomer.
2019-Mar-03 22:16:00.429502 info[fractal.cpp:112] [34m[INFO] Failed to attach to (24.067707, 156.354919, -98.742765). Trying new monomer.
2019-Mar-03 22:16:00.430495 info[fractal.cpp:112] [34m[INFO] Failed to attach to (-48.688645, 101.113703, -81.046310). Trying new monomer.
2019-Mar-03 22:16:00.432318 info[fractal.cpp:112] [34m[INFO] Failed to attach to (-61.717169, 78.193195, -218.276937). Trying new monomer.
2019-Mar-03 22:16:00.434439 info[fractal.cpp:112] [34m[INFO] Failed to attach to (-61.717169, 78.193195, -218.276937). Trying new monomer.
2019-Mar-03 22:16:00.435243 info[fractal.cpp:112] [34m[INFO] Failed to attach to (-48.688645, 101.113703, -81.046310). Trying new monomer.
2019-Mar-03 22:16:00.437533 info[fractal.cpp:112] [34m[INFO] Failed to attach to (24.067707, 156.354919, -98.742765). Trying new monomer.
2019-Mar-03 22:16:00.439295 info[fractal.cpp:112] [34m[INFO] Failed to attach to (-55.066682, -117.896593, 241.280677). Trying new monomer.
2019-Mar-03 22:16:00.441375 info[fractal.cpp:112] [34m[INFO] Failed to attach to (-61.717169, 78.193195, -218.276937). Trying new monomer.
2019-Mar-03 22:16:00.443611 info[fractal.cpp:112] [34m[INFO] Failed to attach to (-48.688645, 101.113703, -81.046310). Trying new monomer.
2019-Mar-03 22:16:00.444417 info[fractal.cpp:112] [34m[INFO] Failed to attach to (-48.688645, 101.113703, -81.046310). Trying new monomer.
2019-Mar-03 22:16:00.448190 info[fractal.cpp:112] [34m[INFO] Failed to attach to (-61.717169, 78.193195, -218.276937). Trying new monomer.
2019-Mar-03 22:16:00.450144 info[fractal.cpp:112] [34m[INFO] Failed to attach to (-48.688645, 101.113703, -81.046310). Trying new monomer.
2019-Mar-03 22:16:00.453711 info[fractal.cpp:112] [34m[INFO] Failed to attach to (24.067707, 156.354919, -98.742765). Trying new monomer.
2019-Mar-03 22:16:00.456925 info[fractal.cpp:112] [34m[INFO] Failed to attach to (24.067707, 156.354919, -98.742765). Trying new monomer.
2019-Mar-03 22:16:00.459261 info[fractal.cpp:112] [34m[INFO] Failed to attach to (-61.717169, 78.193195, -218.276937). Trying new monomer.
2019-Mar-03 22:16:00.461260 info[fractal.cpp:112] [34m[INFO] Failed to attach to (24.067707, 156.354919, -98.742765). Trying new monomer.
2019-Mar-03 22:16:00.463967 info[fractal.cpp:112] [34m[INFO] Failed to attach to (24.067707, 156.354919, -98.742765). Trying new monomer.
2019-Mar-03 22:16:00.465654 info[fractal.cpp:112] [34m[INFO] Failed to attach to (-61.717169, 78.193195, -218.276937). Trying new monomer.
2019-Mar-03 22:16:00.466979 info[fractal.cpp:112] [34m[INFO] Failed to attach to (-61.717169, 78.193195, -218.276937). Trying new monomer.
2019-Mar-03 22:16:00.468525 info[fractal.cpp:112] [34m[INFO] Failed to attach to (-61.717169, 78.193195, -218.276937). Trying new monomer.
2019-Mar-03 22:16:00.470565 info[fractal.cpp:112] [34m[INFO] Failed to attach to (24.067707, 156.354919, -98.742765). Trying new monomer.
2019-Mar-03 22:16:00.472535 info[fractal.cpp:112] [34m[INFO] Failed to attach to (-61.717169, 78.193195, -218.276937). Trying new monomer.
2019-Mar-03 22:16:00.474292 info[fractal.cpp:112] [34m[INFO] Failed to attach to (-61.717169, 78.193195, -218.276937). Trying new monomer.
2019-Mar-03 22:16:00.478829 info[fractal.cpp:112] [34m[INFO] Failed to attach to (24.067707, 156.354919, -98.742765). Trying new monomer.
2019-Mar-03 22:16:00.480460 info[fractal.cpp:112] [34m[INFO] Failed to attach to (-61.717169, 78.193195, -218.276937). Trying new monomer.
2019-Mar-03 22:16:00.481680 info[fractal.cpp:112] [34m[INFO] Failed to attach to (24.067707, 156.354919, -98.742765). Trying new monomer.
2019-Mar-03 22:16:00.482524 info[fractal.cpp:152] [34m[INFO] Actual epsilon = 0.000008
2019-Mar-03 22:16:00.482619 info[fractal.cpp:86] [34m[INFO] Adding monomer at point (243.782926, -57.513085, 110.254549)
2019-Mar-03 22:16:00.482749 info[fractal.cpp:175] [34m[INFO] Fractal parameters updated.
2019-Mar-03 22:16:00.482810 info[fractal.cpp:73] [34m[INFO] Adding new monomer to fractal using Monte Carlo algorithm.
2019-Mar-03 22:16:00.482864 info[fractal.cpp:121] [34m[INFO] Out of range best_monomer = 4800.000000
2019-Mar-03 22:16:00.482951 info[fractal.cpp:143] [34m[INFO] Under epsilon in 1 attempts.
2019-Mar-03 22:16:00.484158 info[fractal.cpp:112] [34m[INFO] Failed to attach to (24.067707, 156.354919, -98.742765). Trying new monomer.
2019-Mar-03 22:16:00.485911 info[fractal.cpp:112] [34m[INFO] Failed to attach to (24.067707, 156.354919, -98.742765). Trying new monomer.
2019-Mar-03 22:16:00.488256 info[fractal.cpp:112] [34m[INFO] Failed to attach to (-48.688645, 101.113703, -81.046310). Trying new monomer.
2019-Mar-03 22:16:00.490166 info[fractal.cpp:112] [34m[INFO] Failed to attach to (-61.717169, 78.193195, -218.276937). Trying new monomer.
2019-Mar-03 22:16:00.491730 info[fractal.cpp:112] [34m[INFO] Failed to attach to (24.067707, 156.354919, -98.742765). Trying new monomer.
2019-Mar-03 22:16:00.493665 info[fractal.cpp:112] [34m[INFO] Failed to attach to (24.067707, 156.354919, -98.742765). Trying new monomer.
2019-Mar-03 22:16:00.497384 info[fractal.cpp:112] [34m[INFO] Failed to attach to (-48.688645, 101.113703, -81.046310). Trying new monomer.
2019-Mar-03 22:16:00.499700 info[fractal.cpp:112] [34m[INFO] Failed to attach to (24.067707, 156.354919, -98.742765). Trying new monomer.
2019-Mar-03 22:16:00.500517 info[fractal.cpp:112] [34m[INFO] Failed to attach to (-48.688645, 101.113703, -81.046310). Trying new monomer.
2019-Mar-03 22:16:00.502610 info[fractal.cpp:112] [34m[INFO] Failed to attach to (-61.717169, 78.193195, -218.276937). Trying new monomer.
2019-Mar-03 22:16:00.504356 info[fractal.cpp:112] [34m[INFO] Failed to attach to (24.067707, 156.354919, -98.742765). Trying new monomer.
2019-Mar-03 22:16:00.508181 info[fractal.cpp:112] [34m[INFO] Failed to attach to (24.067707, 156.354919, -98.742765). Trying new monomer.
2019-Mar-03 22:16:00.510598 info[fractal.cpp:112] [34m[INFO] Failed to attach to (24.067707, 156.354919, -98.742765). Trying new monomer.
2019-Mar-03 22:16:00.517967 info[fractal.cpp:112] [34m[INFO] Failed to attach to (24.067707, 156.354919, -98.742765). Trying new monomer.
2019-Mar-03 22:16:00.520315 info[fractal.cpp:112] [34m[INFO] Failed to attach to (24.067707, 156.354919, -98.742765). Trying new monomer.
2019-Mar-03 22:16:00.522346 info[fractal.cpp:112] [34m[INFO] Failed to attach to (-61.717169, 78.193195, -218.276937). Trying new monomer.
2019-Mar-03 22:16:00.523644 info[fractal.cpp:112] [34m[INFO] Failed to attach to (24.067707, 156.354919, -98.742765). Trying new monomer.
2019-Mar-03 22:16:00.527349 info[fractal.cpp:112] [34m[INFO] Failed to attach to (-61.717169, 78.193195, -218.276937). Trying new monomer.
2019-Mar-03 22:16:00.532114 info[fractal.cpp:112] [34m[INFO] Failed to attach to (24.067707, 156.354919, -98.742765). Trying new monomer.
2019-Mar-03 22:16:00.534303 info[fractal.cpp:112] [34m[INFO] Failed to attach to (-61.717169, 78.193195, -218.276937). Trying new monomer.
2019-Mar-03 22:16:00.535553 info[fractal.cpp:112] [34m[INFO] Failed to attach to (-61.717169, 78.193195, -218.276937). Trying new monomer.
2019-Mar-03 22:16:00.537041 info[fractal.cpp:112] [34m[INFO] Failed to attach to (-48.688645, 101.113703, -81.046310). Trying new monomer.
2019-Mar-03 22:16:00.540703 info[fractal.cpp:112] [34m[INFO] Failed to attach to (-61.717169, 78.193195, -218.276937). Trying new monomer.
2019-Mar-03 22:16:00.542424 info[fractal.cpp:112] [34m[INFO] Failed to attach to (24.067707, 156.354919, -98.742765). Trying new monomer.
2019-Mar-03 22:16:00.544992 info[fractal.cpp:112] [34m[INFO] Failed to attach to (24.067707, 156.354919, -98.742765). Trying new monomer.
2019-Mar-03 22:16:00.547971 info[fractal.cpp:112] [34m[INFO] Failed to attach to (96.978315, -97.251432, -36.640158). Trying new monomer.
2019-Mar-03 22:16:00.550466 info[fractal.cpp:112] [34m[INFO] Failed to attach to (-48.688645, 101.113703, -81.046310). Trying new monomer.
2019-Mar-03 22:16:00.552223 info[fractal.cpp:112] [34m[INFO] Failed to attach to (24.067707, 156.354919, -98.742765). Trying new monomer.
2019-Mar-03 22:16:00.554738 info[fractal.cpp:112] [34m[INFO] Failed to attach to (24.067707, 156.354919, -98.742765). Trying new monomer.
2019-Mar-03 22:16:00.558064 info[fractal.cpp:112] [34m[INFO] Failed to attach to (24.067707, 156.354919, -98.742765). Trying new monomer.
2019-Mar-03 22:16:00.559950 info[fractal.cpp:112] [34m[INFO] Failed to attach to (-61.717169, 78.193195, -218.276937). Trying new monomer.
2019-Mar-03 22:16:00.561888 info[fractal.cpp:112] [34m[INFO] Failed to attach to (-61.717169, 78.193195, -218.276937). Trying new monomer.
2019-Mar-03 22:16:00.563962 info[fractal.cpp:112] [34m[INFO] Failed to attach to (24.067707, 156.354919, -98.742765). Trying new monomer.
2019-Mar-03 22:16:00.565036 info[fractal.cpp:112] [34m[INFO] Failed to attach to (24.067707, 156.354919, -98.742765). Trying new monomer.
2019-Mar-03 22:16:00.567378 info[fractal.cpp:112] [34m[INFO] Failed to attach to (-61.717169, 78.193195, -218.276937). Trying new monomer.
2019-Mar-03 22:16:00.570788 info[fractal.cpp:112] [34m[INFO] Failed to attach to (-48.688645, 101.113703, -81.046310). Trying new monomer.
2019-Mar-03 22:16:00.575393 info[fractal.cpp:112] [34m[INFO] Failed to attach to (24.067707, 156.354919, -98.742765). Trying new monomer.
2019-Mar-03 22:16:00.580812 info[fractal.cpp:112] [34m[INFO] Failed to attach to (-48.688645, 101.113703, -81.046310). Trying new monomer.
2019-Mar-03 22:16:00.581421 info[fractal.cpp:112] [34m[INFO] Failed to attach to (-48.688645, 101.113703, -81.046310). Trying new monomer.
2019-Mar-03 22:16:00.586082 info[fractal.cpp:112] [34m[INFO] Failed to attach to (-48.688645, 101.113703, -81.046310). Trying new monomer.
2019-Mar-03 22:16:00.587967 info[fractal.cpp:112] [34m[INFO] Failed to attach to (14.023263, -93.466371, -27.819683). Trying new monomer.
2019-Mar-03 22:16:00.590729 info[fractal.cpp:112] [34m[INFO] Failed to attach to (-61.717169, 78.193195, -218.276937). Trying new monomer.
2019-Mar-03 22:16:00.593045 info[fractal.cpp:112] [34m[INFO] Failed to attach to (24.067707, 156.354919, -98.742765). Trying new monomer.
2019-Mar-03 22:16:00.597809 info[fractal.cpp:112] [34m[INFO] Failed to attach to (-61.717169, 78.193195, -218.276937). Trying new monomer.
2019-Mar-03 22:16:00.601621 info[fractal.cpp:112] [34m[INFO] Failed to attach to (-61.717169, 78.193195, -218.276937). Trying new monomer.
2019-Mar-03 22:16:00.605084 info[fractal.cpp:112] [34m[INFO] Failed to attach to (-61.717169, 78.193195, -218.276937). Trying new monomer.
2019-Mar-03 22:16:00.605949 info[fractal.cpp:112] [34m[INFO] Failed to attach to (-48.688645, 101.113703, -81.046310). Trying new monomer.
2019-Mar-03 22:16:00.607248 info[fractal.cpp:112] [34m[INFO] Failed to attach to (-61.717169, 78.193195, -218.276937). Trying new monomer.
2019-Mar-03 22:16:00.609440 info[fractal.cpp:112] [34m[INFO] Failed to attach to (24.067707, 156.354919, -98.742765). Trying new monomer.
2019-Mar-03 22:16:00.610701 info[fractal.cpp:112] [34m[INFO] Failed to attach to (24.067707, 156.354919, -98.742765). Trying new monomer.
2019-Mar-03 22:16:00.611403 info[fractal.cpp:112] [34m[INFO] Failed to attach to (-48.688645, 101.113703, -81.046310). Trying new monomer.
2019-Mar-03 22:16:00.612593 info[fractal.cpp:112] [34m[INFO] Failed to attach to (24.067707, 156.354919, -98.742765). Trying new monomer.
2019-Mar-03 22:16:00.617341 info[fractal.cpp:112] [34m[INFO] Failed to attach to (14.023263, -93.466371, -27.819683). Trying new monomer.
2019-Mar-03 22:16:00.620346 info[fractal.cpp:112] [34m[INFO] Failed to attach to (-61.717169, 78.193195, -218.276937). Trying new monomer.
2019-Mar-03 22:16:00.622879 info[fractal.cpp:112] [34m[INFO] Failed to attach to (24.067707, 156.354919, -98.742765). Trying new monomer.
2019-Mar-03 22:16:00.623683 info[fractal.cpp:112] [34m[INFO] Failed to attach to (-48.688645, 101.113703, -81.046310). Trying new monomer.
2019-Mar-03 22:16:00.624425 info[fractal.cpp:112] [34m[INFO] Failed to attach to (-48.688645, 101.113703, -81.046310). Trying new monomer.
2019-Mar-03 22:16:00.625607 info[fractal.cpp:112] [34m[INFO] Failed to attach to (24.067707, 156.354919, -98.742765). Trying new monomer.
2019-Mar-03 22:16:00.627281 info[fractal.cpp:112] [34m[INFO] Failed to attach to (24.067707, 156.354919, -98.742765). Trying new monomer.
2019-Mar-03 22:16:00.628901 info[fractal.cpp:112] [34m[INFO] Failed to attach to (24.067707, 156.354919, -98.742765). Trying new monomer.
