2019-Mar-03 22:15:15.140728 info[fractal.cpp:121] [34m[INFO] Out of range best_monomer = 6360.000000
2019-Mar-03 22:15:15.141270 info[fractal.cpp:143] [34m[INFO] Under epsilon in 1 attempts.
2019-Mar-03 22:15:15.147076 info[fractal.cpp:112] [34m[INFO] Failed to attach to (-6.075802, -76.898974, 8.667190). Trying new monomer.
2019-Mar-03 22:15:15.150277 info[fractal.cpp:112] [34m[INFO] Failed to attach to (-6.075802, -76.898974, 8.667190). Trying new monomer.
2019-Mar-03 22:15:15.152696 info[fractal.cpp:112] [34m[INFO] Failed to attach to (-6.075802, -76.898974, 8.667190). Trying new monomer.
2019-Mar-03 22:15:15.160771 info[fractal.cpp:112] [34m[INFO] Failed to attach to (22.074154, -73.561121, -25.787908). Trying new monomer.
2019-Mar-03 22:15:15.161730 info[fractal.cpp:112] [34m[INFO] Failed to attach to (-6.075802, -76.898974, 8.667190). Trying new monomer.
2019-Mar-03 22:15:15.165289 info[fractal.cpp:112] [34m[INFO] Failed to attach to (-6.075802, -76.898974, 8.667190). Trying new monomer.
2019-Mar-03 22:15:15.171792 info[fractal.cpp:112] [34m[INFO] Failed to attach to (-6.075802, -76.898974, 8.667190). Trying new monomer.
2019-Mar-03 22:15:15.177551 info[fractal.cpp:112] [34m[INFO] Failed to attach to (-6.075802, -76.898974, 8.667190). Trying new monomer.
2019-Mar-03 22:15:15.178407 info[fractal.cpp:112] [34m[INFO] Failed to attach to (-6.075802, -76.898974, 8.667190). Trying new monomer.
2019-Mar-03 22:15:15.180567 info[fractal.cpp:112] [34m[INFO] Failed to attach to (-6.075802, -76.898974, 8.667190). Trying new monomer.
2019-Mar-03 22:15:15.189408 info[fractal.cpp:112] [34m[INFO] Failed to attach to (-6.075802, -76.898974, 8.667190). Trying new monomer.
2019-Mar-03 22:15:15.190398 info[fractal.cpp:112] [34m[INFO] Failed to attach to (-6.075802, -76.898974, 8.667190). Trying new monomer.
2019-Mar-03 22:15:15.194175 info[fractal.cpp:112] [34m[INFO] Failed to attach to (-6.075802, -76.898974, 8.667190). Trying new monomer.
2019-Mar-03 22:15:15.196928 info[fractal.cpp:112] [34m[INFO] Failed to attach to (-6.075802, -76.898974, 8.667190). Trying new monomer.
2019-Mar-03 22:15:15.199046 info[fractal.cpp:112] [34m[INFO] Failed to attach to (-6.075802, -76.898974, 8.667190). Trying new monomer.
2019-Mar-03 22:15:15.204863 info[fractal.cpp:112] [34m[INFO] Failed to attach to (-6.075802, -76.898974, 8.667190). Trying new monomer.
2019-Mar-03 22:15:15.210886 info[fractal.cpp:112] [34m[INFO] Failed to attach to (-6.075802, -76.898974, 8.667190). Trying new monomer.
2019-Mar-03 22:15:15.212769 info[fractal.cpp:112] [34m[INFO] Failed to attach to (-6.075802, -76.898974, 8.667190). Trying new monomer.
2019-Mar-03 22:15:15.216386 info[fractal.cpp:112] [34m[INFO] Failed to attach to (-6.075802, -76.898974, 8.667190). Trying new monomer.
2019-Mar-03 22:15:15.217373 info[fractal.cpp:112] [34m[INFO] Failed to attach to (-6.075802, -76.898974, 8.667190). Trying new monomer.
2019-Mar-03 22:15:15.218334 info[fractal.cpp:112] [34m[INFO] Failed to attach to (-6.075802, -76.898974, 8.667190). Trying new monomer.
2019-Mar-03 22:15:15.232778 info[fractal.cpp:112] [34m[INFO] Failed to attach to (-6.075802, -76.898974, 8.667190). Trying new monomer.
2019-Mar-03 22:15:15.235243 info[fractal.cpp:112] [34m[INFO] Failed to attach to (-6.075802, -76.898974, 8.667190). Trying new monomer.
2019-Mar-03 22:15:15.244283 info[fractal.cpp:112] [34m[INFO] Failed to attach to (-6.075802, -76.898974, 8.667190). Trying new monomer.
2019-Mar-03 22:15:15.245705 info[fractal.cpp:112] [34m[INFO] Failed to attach to (-6.075802, -76.898974, 8.667190). Trying new monomer.
2019-Mar-03 22:15:15.247237 info[fractal.cpp:112] [34m[INFO] Failed to attach to (-6.075802, -76.898974, 8.667190). Trying new monomer.
2019-Mar-03 22:15:15.250317 info[fractal.cpp:112] [34m[INFO] Failed to attach to (-6.075802, -76.898974, 8.667190). Trying new monomer.
2019-Mar-03 22:15:15.252445 info[fractal.cpp:112] [34m[INFO] Failed to attach to (-6.075802, -76.898974, 8.667190). Trying new monomer.
2019-Mar-03 22:15:15.257237 info[fractal.cpp:112] [34m[INFO] Failed to attach to (-6.075802, -76.898974, 8.667190). Trying new monomer.
2019-Mar-03 22:15:15.261807 info[fractal.cpp:152] [34m[INFO] Actual epsilon = 0.000001
2019-Mar-03 22:15:15.261976 info[fractal.cpp:86] [34m[INFO] Adding monomer at point (88.521598, -239.533779, -145.294512)
2019-Mar-03 22:15:15.262049 info[fractal.cpp:175] [34m[INFO] Fractal parameters updated.
2019-Mar-03 22:15:15.262102 info[fractal.cpp:73] [34m[INFO] Adding new monomer to fractal using Monte Carlo algorithm.
2019-Mar-03 22:15:15.262152 info[fractal.cpp:121] [34m[INFO] Out of range best_monomer = 6390.000000
2019-Mar-03 22:15:15.262256 info[fractal.cpp:143] [34m[INFO] Under epsilon in 1 attempts.
2019-Mar-03 22:15:15.263682 info[fractal.cpp:112] [34m[INFO] Failed to attach to (-6.075802, -76.898974, 8.667190). Trying new monomer.
2019-Mar-03 22:15:15.270018 info[fractal.cpp:112] [34m[INFO] Failed to attach to (-6.075802, -76.898974, 8.667190). Trying new monomer.
2019-Mar-03 22:15:15.280274 info[fractal.cpp:112] [34m[INFO] Failed to attach to (-6.075802, -76.898974, 8.667190). Trying new monomer.
2019-Mar-03 22:15:15.281042 info[fractal.cpp:112] [34m[INFO] Failed to attach to (-6.075802, -76.898974, 8.667190). Trying new monomer.
2019-Mar-03 22:15:15.285286 info[fractal.cpp:112] [34m[INFO] Failed to attach to (-6.075802, -76.898974, 8.667190). Trying new monomer.
2019-Mar-03 22:15:15.292180 info[fractal.cpp:112] [34m[INFO] Failed to attach to (-6.075802, -76.898974, 8.667190). Trying new monomer.
2019-Mar-03 22:15:15.294625 info[fractal.cpp:112] [34m[INFO] Failed to attach to (22.074154, -73.561121, -25.787908). Trying new monomer.
2019-Mar-03 22:15:15.301760 info[fractal.cpp:112] [34m[INFO] Failed to attach to (-6.075802, -76.898974, 8.667190). Trying new monomer.
2019-Mar-03 22:15:15.302691 info[fractal.cpp:112] [34m[INFO] Failed to attach to (-6.075802, -76.898974, 8.667190). Trying new monomer.
2019-Mar-03 22:15:15.305627 info[fractal.cpp:112] [34m[INFO] Failed to attach to (-6.075802, -76.898974, 8.667190). Trying new monomer.
2019-Mar-03 22:15:15.308215 info[fractal.cpp:112] [34m[INFO] Failed to attach to (-6.075802, -76.898974, 8.667190). Trying new monomer.
2019-Mar-03 22:15:15.309796 info[fractal.cpp:112] [34m[INFO] Failed to attach to (-6.075802, -76.898974, 8.667190). Trying new monomer.
2019-Mar-03 22:15:15.310872 info[fractal.cpp:112] [34m[INFO] Failed to attach to (-6.075802, -76.898974, 8.667190). Trying new monomer.
2019-Mar-03 22:15:15.311958 info[fractal.cpp:112] [34m[INFO] Failed to attach to (-6.075802, -76.898974, 8.667190). Trying new monomer.
2019-Mar-03 22:15:15.314434 info[fractal.cpp:112] [34m[INFO] Failed to attach to (-6.075802, -76.898974, 8.667190). Trying new monomer.
2019-Mar-03 22:15:15.318055 info[fractal.cpp:112] [34m[INFO] Failed to attach to (-6.075802, -76.898974, 8.667190). Trying new monomer.
2019-Mar-03 22:15:15.325828 info[fractal.cpp:112] [34m[INFO] Failed to attach to (-6.075802, -76.898974, 8.667190). Trying new monomer.
2019-Mar-03 22:15:15.328772 info[fractal.cpp:112] [34m[INFO] Failed to attach to (-6.075802, -76.898974, 8.667190). Trying new monomer.
2019-Mar-03 22:15:15.332369 info[fractal.cpp:112] [34m[INFO] Failed to attach to (-6.075802, -76.898974, 8.667190). Trying new monomer.
2019-Mar-03 22:15:15.337599 info[fractal.cpp:112] [34m[INFO] Failed to attach to (22.074154, -73.561121, -25.787908). Trying new monomer.
2019-Mar-03 22:15:15.338352 info[fractal.cpp:112] [34m[INFO] Failed to attach to (-6.075802, -76.898974, 8.667190). Trying new monomer.
2019-Mar-03 22:15:15.346254 info[fractal.cpp:112] [34m[INFO] Failed to attach to (-6.075802, -76.898974, 8.667190). Trying new monomer.
2019-Mar-03 22:15:15.351495 info[fractal.cpp:112] [34m[INFO] Failed to attach to (-6.075802, -76.898974, 8.667190). Trying new monomer.
2019-Mar-03 22:15:15.362323 info[fractal.cpp:112] [34m[INFO] Failed to attach to (-6.075802, -76.898974, 8.667190). Trying new monomer.
2019-Mar-03 22:15:15.366923 info[fractal.cpp:152] [34m[INFO] Actual epsilon = 0.000000
2019-Mar-03 22:15:15.367055 info[fractal.cpp:86] [34m[INFO] Adding monomer at point (-352.188429, 438.036805, 211.587701)
2019-Mar-03 22:15:15.367198 info[fractal.cpp:175] [34m[INFO] Fractal parameters updated.
2019-Mar-03 22:15:15.367274 info[fractal.cpp:73] [34m[INFO] Adding new monomer to fractal using Monte Carlo algorithm.
2019-Mar-03 22:15:15.367378 info[fractal.cpp:121] [34m[INFO] Out of range best_monomer = 6420.000000
2019-Mar-03 22:15:15.367463 info[fractal.cpp:143] [34m[INFO] Under epsilon in 1 attempts.
2019-Mar-03 22:15:15.369159 info[fractal.cpp:112] [34m[INFO] Failed to attach to (-6.075802, -76.898974, 8.667190). Trying new monomer.
2019-Mar-03 22:15:15.372182 info[fractal.cpp:112] [34m[INFO] Failed to attach to (-6.075802, -76.898974, 8.667190). Trying new monomer.
2019-Mar-03 22:15:15.380873 info[fractal.cpp:112] [34m[INFO] Failed to attach to (-6.075802, -76.898974, 8.667190). Trying new monomer.
2019-Mar-03 22:15:15.385071 info[fractal.cpp:112] [34m[INFO] Failed to attach to (-6.075802, -76.898974, 8.667190). Trying new monomer.
2019-Mar-03 22:15:15.389265 info[fractal.cpp:112] [34m[INFO] Failed to attach to (-6.075802, -76.898974, 8.667190). Trying new monomer.
2019-Mar-03 22:15:15.393893 info[fractal.cpp:112] [34m[INFO] Failed to attach to (-6.075802, -76.898974, 8.667190). Trying new monomer.
2019-Mar-03 22:15:15.397521 info[fractal.cpp:112] [34m[INFO] Failed to attach to (-6.075802, -76.898974, 8.667190). Trying new monomer.
2019-Mar-03 22:15:15.410189 info[fractal.cpp:112] [34m[INFO] Failed to attach to (-6.075802, -76.898974, 8.667190). Trying new monomer.
2019-Mar-03 22:15:15.411360 info[fractal.cpp:112] [34m[INFO] Failed to attach to (-21.738282, -70.668775, 47.136286). Trying new monomer.
2019-Mar-03 22:15:15.414900 info[fractal.cpp:112] [34m[INFO] Failed to attach to (-21.738282, -70.668775, 47.136286). Trying new monomer.
2019-Mar-03 22:15:15.422327 info[fractal.cpp:112] [34m[INFO] Failed to attach to (-6.075802, -76.898974, 8.667190). Trying new monomer.
2019-Mar-03 22:15:15.433155 info[fractal.cpp:112] [34m[INFO] Failed to attach to (-6.075802, -76.898974, 8.667190). Trying new monomer.
2019-Mar-03 22:15:15.434431 info[fractal.cpp:112] [34m[INFO] Failed to attach to (-6.075802, -76.898974, 8.667190). Trying new monomer.
2019-Mar-03 22:15:15.436582 info[fractal.cpp:112] [34m[INFO] Failed to attach to (-6.075802, -76.898974, 8.667190). Trying new monomer.
2019-Mar-03 22:15:15.445419 info[fractal.cpp:112] [34m[INFO] Failed to attach to (-6.075802, -76.898974, 8.667190). Trying new monomer.
2019-Mar-03 22:15:15.446289 info[fractal.cpp:112] [34m[INFO] Failed to attach to (-6.075802, -76.898974, 8.667190). Trying new monomer.
2019-Mar-03 22:15:15.455890 info[fractal.cpp:112] [34m[INFO] Failed to attach to (-6.075802, -76.898974, 8.667190). Trying new monomer.
2019-Mar-03 22:15:15.458615 info[fractal.cpp:112] [34m[INFO] Failed to attach to (-6.075802, -76.898974, 8.667190). Trying new monomer.
2019-Mar-03 22:15:15.471953 info[fractal.cpp:112] [34m[INFO] Failed to attach to (0.728774, -40.490528, -11.134901). Trying new monomer.
2019-Mar-03 22:15:15.478879 info[fractal.cpp:112] [34m[INFO] Failed to attach to (-6.075802, -76.898974, 8.667190). Trying new monomer.
2019-Mar-03 22:15:15.479359 info[fractal.cpp:152] [34m[INFO] Actual epsilon = 0.000005
2019-Mar-03 22:15:15.479472 info[fractal.cpp:86] [34m[INFO] Adding monomer at point (57.191274, -268.185667, 81.093965)
2019-Mar-03 22:15:15.479590 info[fractal.cpp:175] [34m[INFO] Fractal parameters updated.
2019-Mar-03 22:15:15.479648 info[fractal.cpp:73] [34m[INFO] Adding new monomer to fractal using Monte Carlo algorithm.
2019-Mar-03 22:15:15.479723 info[fractal.cpp:121] [34m[INFO] Out of range best_monomer = 6450.000000
2019-Mar-03 22:15:15.479803 info[fractal.cpp:143] [34m[INFO] Under epsilon in 1 attempts.
2019-Mar-03 22:15:15.488025 info[fractal.cpp:112] [34m[INFO] Failed to attach to (-6.075802, -76.898974, 8.667190). Trying new monomer.
2019-Mar-03 22:15:15.495626 info[fractal.cpp:112] [34m[INFO] Failed to attach to (-6.075802, -76.898974, 8.667190). Trying new monomer.
2019-Mar-03 22:15:15.497062 info[fractal.cpp:112] [34m[INFO] Failed to attach to (-6.075802, -76.898974, 8.667190). Trying new monomer.
2019-Mar-03 22:15:15.500473 info[fractal.cpp:112] [34m[INFO] Failed to attach to (-21.738282, -70.668775, 47.136286). Trying new monomer.
2019-Mar-03 22:15:15.505788 info[fractal.cpp:112] [34m[INFO] Failed to attach to (-6.075802, -76.898974, 8.667190). Trying new monomer.
2019-Mar-03 22:15:15.507466 info[fractal.cpp:112] [34m[INFO] Failed to attach to (-6.075802, -76.898974, 8.667190). Trying new monomer.
2019-Mar-03 22:15:15.524932 info[fractal.cpp:112] [34m[INFO] Failed to attach to (-6.075802, -76.898974, 8.667190). Trying new monomer.
2019-Mar-03 22:15:15.526822 info[fractal.cpp:112] [34m[INFO] Failed to attach to (-6.075802, -76.898974, 8.667190). Trying new monomer.
2019-Mar-03 22:15:15.528680 info[fractal.cpp:112] [34m[INFO] Failed to attach to (-6.075802, -76.898974, 8.667190). Trying new monomer.
2019-Mar-03 22:15:15.531227 info[fractal.cpp:112] [34m[INFO] Failed to attach to (-6.075802, -76.898974, 8.667190). Trying new monomer.
2019-Mar-03 22:15:15.533691 info[fractal.cpp:112] [34m[INFO] Failed to attach to (-6.075802, -76.898974, 8.667190). Trying new monomer.
2019-Mar-03 22:15:15.537278 info[fractal.cpp:112] [34m[INFO] Failed to attach to (-6.075802, -76.898974, 8.667190). Trying new monomer.
2019-Mar-03 22:15:15.542488 info[fractal.cpp:112] [34m[INFO] Failed to attach to (-6.075802, -76.898974, 8.667190). Trying new monomer.
2019-Mar-03 22:15:15.544313 info[fractal.cpp:112] [34m[INFO] Failed to attach to (-6.075802, -76.898974, 8.667190). Trying new monomer.
2019-Mar-03 22:15:15.545790 info[fractal.cpp:112] [34m[INFO] Failed to attach to (-6.075802, -76.898974, 8.667190). Trying new monomer.
2019-Mar-03 22:15:15.553171 info[fractal.cpp:112] [34m[INFO] Failed to attach to (-6.075802, -76.898974, 8.667190). Trying new monomer.
2019-Mar-03 22:15:15.557457 info[fractal.cpp:112] [34m[INFO] Failed to attach to (-6.075802, -76.898974, 8.667190). Trying new monomer.
2019-Mar-03 22:15:15.564641 info[fractal.cpp:112] [34m[INFO] Failed to attach to (-6.075802, -76.898974, 8.667190). Trying new monomer.
2019-Mar-03 22:15:15.572382 info[fractal.cpp:112] [34m[INFO] Failed to attach to (-6.075802, -76.898974, 8.667190). Trying new monomer.
2019-Mar-03 22:15:15.575493 info[fractal.cpp:112] [34m[INFO] Failed to attach to (-6.075802, -76.898974, 8.667190). Trying new monomer.
2019-Mar-03 22:15:15.576933 info[fractal.cpp:152] [34m[INFO] Actual epsilon = 0.000004
2019-Mar-03 22:15:15.577015 info[fractal.cpp:86] [34m[INFO] Adding monomer at point (-313.863838, 501.857297, 159.014640)
2019-Mar-03 22:15:15.577119 info[fractal.cpp:175] [34m[INFO] Fractal parameters updated.
2019-Mar-03 22:15:15.577196 info[fractal.cpp:73] [34m[INFO] Adding new monomer to fractal using Monte Carlo algorithm.
2019-Mar-03 22:15:15.577275 info[fractal.cpp:121] [34m[INFO] Out of range best_monomer = 6480.000000
2019-Mar-03 22:15:15.577365 info[fractal.cpp:143] [34m[INFO] Under epsilon in 1 attempts.
2019-Mar-03 22:15:15.579798 info[fractal.cpp:112] [34m[INFO] Failed to attach to (-6.075802, -76.898974, 8.667190). Trying new monomer.
2019-Mar-03 22:15:15.580591 info[fractal.cpp:112] [34m[INFO] Failed to attach to (-6.075802, -76.898974, 8.667190). Trying new monomer.
2019-Mar-03 22:15:15.586955 info[fractal.cpp:112] [34m[INFO] Failed to attach to (-6.075802, -76.898974, 8.667190). Trying new monomer.
2019-Mar-03 22:15:15.598143 info[fractal.cpp:112] [34m[INFO] Failed to attach to (-6.075802, -76.898974, 8.667190). Trying new monomer.
2019-Mar-03 22:15:15.603842 info[fractal.cpp:112] [34m[INFO] Failed to attach to (-6.075802, -76.898974, 8.667190). Trying new monomer.
2019-Mar-03 22:15:15.617968 info[fractal.cpp:112] [34m[INFO] Failed to attach to (-6.075802, -76.898974, 8.667190). Trying new monomer.
2019-Mar-03 22:15:15.621309 info[fractal.cpp:112] [34m[INFO] Failed to attach to (-6.075802, -76.898974, 8.667190). Trying new monomer.
