2019-Mar-03 22:15:03.670308 info[fractal.cpp:112] [34m[INFO] Failed to attach to (-6.075802, -76.898974, 8.667190). Trying new monomer.
2019-Mar-03 22:15:03.673064 info[fractal.cpp:112] [34m[INFO] Failed to attach to (-6.075802, -76.898974, 8.667190). Trying new monomer.
2019-Mar-03 22:15:03.674716 info[fractal.cpp:112] [34m[INFO] Failed to attach to (-6.075802, -76.898974, 8.667190). Trying new monomer.
2019-Mar-03 22:15:03.677771 info[fractal.cpp:112] [34m[INFO] Failed to attach to (-6.075802, -76.898974, 8.667190). Trying new monomer.
2019-Mar-03 22:15:03.684300 info[fractal.cpp:112] [34m[INFO] Failed to attach to (-6.075802, -76.898974, 8.667190). Trying new monomer.
2019-Mar-03 22:15:03.689824 info[fractal.cpp:112] [34m[INFO] Failed to attach to (-6.075802, -76.898974, 8.667190). Trying new monomer.
2019-Mar-03 22:15:03.692727 info[fractal.cpp:112] [34m[INFO] Failed to attach to (-6.075802, -76.898974, 8.667190). Trying new monomer.
2019-Mar-03 22:15:03.693710 info[fractal.cpp:112] [34m[INFO] Failed to attach to (-6.075802, -76.898974, 8.667190). Trying new monomer.
2019-Mar-03 22:15:03.694475 info[fractal.cpp:112] [34m[INFO] Failed to attach to (-6.075802, -76.898974, 8.667190). Trying new monomer.
2019-Mar-03 22:15:03.696365 info[fractal.cpp:112] [34m[INFO] Failed to attach to (-6.075802, -76.898974, 8.667190). Trying new monomer.
2019-Mar-03 22:15:03.697164 info[fractal.cpp:112] [34m[INFO] Failed to attach to (22.074154, -73.561121, -25.787908). Trying new monomer.
2019-Mar-03 22:15:03.698005 info[fractal.cpp:112] [34m[INFO] Failed to attach to (-6.075802, -76.898974, 8.667190). Trying new monomer.
2019-Mar-03 22:15:03.699242 info[fractal.cpp:112] [34m[INFO] Failed to attach to (-6.075802, -76.898974, 8.667190). Trying new monomer.
2019-Mar-03 22:15:03.701440 info[fractal.cpp:112] [34m[INFO] Failed to attach to (-6.075802, -76.898974, 8.667190). Trying new monomer.
2019-Mar-03 22:15:03.705010 info[fractal.cpp:112] [34m[INFO] Failed to attach to (-6.075802, -76.898974, 8.667190). Trying new monomer.
2019-Mar-03 22:15:03.705810 info[fractal.cpp:112] [34m[INFO] Failed to attach to (-6.075802, -76.898974, 8.667190). Trying new monomer.
2019-Mar-03 22:15:03.706773 info[fractal.cpp:112] [34m[INFO] Failed to attach to (-6.075802, -76.898974, 8.667190). Trying new monomer.
2019-Mar-03 22:15:03.707909 info[fractal.cpp:112] [34m[INFO] Failed to attach to (-6.075802, -76.898974, 8.667190). Trying new monomer.
2019-Mar-03 22:15:03.711560 info[fractal.cpp:112] [34m[INFO] Failed to attach to (-6.075802, -76.898974, 8.667190). Trying new monomer.
2019-Mar-03 22:15:03.739559 info[fractal.cpp:112] [34m[INFO] Failed to attach to (-6.075802, -76.898974, 8.667190). Trying new monomer.
2019-Mar-03 22:15:03.749858 info[fractal.cpp:112] [34m[INFO] Failed to attach to (-6.075802, -76.898974, 8.667190). Trying new monomer.
2019-Mar-03 22:15:03.757804 info[fractal.cpp:112] [34m[INFO] Failed to attach to (-6.075802, -76.898974, 8.667190). Trying new monomer.
2019-Mar-03 22:15:03.759483 info[fractal.cpp:112] [34m[INFO] Failed to attach to (-6.075802, -76.898974, 8.667190). Trying new monomer.
2019-Mar-03 22:15:03.760607 info[fractal.cpp:112] [34m[INFO] Failed to attach to (-6.075802, -76.898974, 8.667190). Trying new monomer.
2019-Mar-03 22:15:03.763206 info[fractal.cpp:112] [34m[INFO] Failed to attach to (-6.075802, -76.898974, 8.667190). Trying new monomer.
2019-Mar-03 22:15:03.763514 info[fractal.cpp:152] [34m[INFO] Actual epsilon = 0.000003
2019-Mar-03 22:15:03.763576 info[fractal.cpp:86] [34m[INFO] Adding monomer at point (-73.792730, -149.547589, -134.651292)
2019-Mar-03 22:15:03.763694 info[fractal.cpp:175] [34m[INFO] Fractal parameters updated.
2019-Mar-03 22:15:03.763776 info[fractal.cpp:73] [34m[INFO] Adding new monomer to fractal using Monte Carlo algorithm.
2019-Mar-03 22:15:03.763830 info[fractal.cpp:121] [34m[INFO] Out of range best_monomer = 3360.000000
2019-Mar-03 22:15:03.763899 info[fractal.cpp:143] [34m[INFO] Under epsilon in 1 attempts.
2019-Mar-03 22:15:03.766608 info[fractal.cpp:112] [34m[INFO] Failed to attach to (-6.075802, -76.898974, 8.667190). Trying new monomer.
2019-Mar-03 22:15:03.768194 info[fractal.cpp:112] [34m[INFO] Failed to attach to (-6.075802, -76.898974, 8.667190). Trying new monomer.
2019-Mar-03 22:15:03.769418 info[fractal.cpp:112] [34m[INFO] Failed to attach to (-6.075802, -76.898974, 8.667190). Trying new monomer.
2019-Mar-03 22:15:03.770518 info[fractal.cpp:112] [34m[INFO] Failed to attach to (-6.075802, -76.898974, 8.667190). Trying new monomer.
2019-Mar-03 22:15:03.771683 info[fractal.cpp:112] [34m[INFO] Failed to attach to (-6.075802, -76.898974, 8.667190). Trying new monomer.
2019-Mar-03 22:15:03.773142 info[fractal.cpp:112] [34m[INFO] Failed to attach to (-6.075802, -76.898974, 8.667190). Trying new monomer.
2019-Mar-03 22:15:03.774393 info[fractal.cpp:112] [34m[INFO] Failed to attach to (-6.075802, -76.898974, 8.667190). Trying new monomer.
2019-Mar-03 22:15:03.777272 info[fractal.cpp:112] [34m[INFO] Failed to attach to (-6.075802, -76.898974, 8.667190). Trying new monomer.
2019-Mar-03 22:15:03.777959 info[fractal.cpp:112] [34m[INFO] Failed to attach to (-6.075802, -76.898974, 8.667190). Trying new monomer.
2019-Mar-03 22:15:03.779731 info[fractal.cpp:112] [34m[INFO] Failed to attach to (-6.075802, -76.898974, 8.667190). Trying new monomer.
2019-Mar-03 22:15:03.780829 info[fractal.cpp:112] [34m[INFO] Failed to attach to (-6.075802, -76.898974, 8.667190). Trying new monomer.
2019-Mar-03 22:15:03.785730 info[fractal.cpp:112] [34m[INFO] Failed to attach to (-6.075802, -76.898974, 8.667190). Trying new monomer.
2019-Mar-03 22:15:03.787674 info[fractal.cpp:112] [34m[INFO] Failed to attach to (-6.075802, -76.898974, 8.667190). Trying new monomer.
2019-Mar-03 22:15:03.790266 info[fractal.cpp:112] [34m[INFO] Failed to attach to (-6.075802, -76.898974, 8.667190). Trying new monomer.
2019-Mar-03 22:15:03.790897 info[fractal.cpp:112] [34m[INFO] Failed to attach to (-6.075802, -76.898974, 8.667190). Trying new monomer.
2019-Mar-03 22:15:03.794495 info[fractal.cpp:112] [34m[INFO] Failed to attach to (-6.075802, -76.898974, 8.667190). Trying new monomer.
2019-Mar-03 22:15:03.795600 info[fractal.cpp:112] [34m[INFO] Failed to attach to (-6.075802, -76.898974, 8.667190). Trying new monomer.
2019-Mar-03 22:15:03.796382 info[fractal.cpp:112] [34m[INFO] Failed to attach to (-6.075802, -76.898974, 8.667190). Trying new monomer.
2019-Mar-03 22:15:03.797569 info[fractal.cpp:112] [34m[INFO] Failed to attach to (-6.075802, -76.898974, 8.667190). Trying new monomer.
2019-Mar-03 22:15:03.799253 info[fractal.cpp:112] [34m[INFO] Failed to attach to (22.074154, -73.561121, -25.787908). Trying new monomer.
2019-Mar-03 22:15:03.803491 info[fractal.cpp:112] [34m[INFO] Failed to attach to (-6.075802, -76.898974, 8.667190). Trying new monomer.
2019-Mar-03 22:15:03.804757 info[fractal.cpp:112] [34m[INFO] Failed to attach to (-6.075802, -76.898974, 8.667190). Trying new monomer.
2019-Mar-03 22:15:03.807902 info[fractal.cpp:112] [34m[INFO] Failed to attach to (-6.075802, -76.898974, 8.667190). Trying new monomer.
2019-Mar-03 22:15:03.809108 info[fractal.cpp:112] [34m[INFO] Failed to attach to (-21.738282, -70.668775, 47.136286). Trying new monomer.
2019-Mar-03 22:15:03.815031 info[fractal.cpp:112] [34m[INFO] Failed to attach to (-6.075802, -76.898974, 8.667190). Trying new monomer.
2019-Mar-03 22:15:03.817915 info[fractal.cpp:112] [34m[INFO] Failed to attach to (-6.075802, -76.898974, 8.667190). Trying new monomer.
2019-Mar-03 22:15:03.819637 info[fractal.cpp:112] [34m[INFO] Failed to attach to (-6.075802, -76.898974, 8.667190). Trying new monomer.
2019-Mar-03 22:15:03.821207 info[fractal.cpp:112] [34m[INFO] Failed to attach to (-6.075802, -76.898974, 8.667190). Trying new monomer.
2019-Mar-03 22:15:03.823111 info[fractal.cpp:112] [34m[INFO] Failed to attach to (-6.075802, -76.898974, 8.667190). Trying new monomer.
2019-Mar-03 22:15:03.824084 info[fractal.cpp:112] [34m[INFO] Failed to attach to (-6.075802, -76.898974, 8.667190). Trying new monomer.
2019-Mar-03 22:15:03.825658 info[fractal.cpp:112] [34m[INFO] Failed to attach to (-6.075802, -76.898974, 8.667190). Trying new monomer.
2019-Mar-03 22:15:03.829561 info[fractal.cpp:112] [34m[INFO] Failed to attach to (-21.738282, -70.668775, 47.136286). Trying new monomer.
2019-Mar-03 22:15:03.832646 info[fractal.cpp:112] [34m[INFO] Failed to attach to (-6.075802, -76.898974, 8.667190). Trying new monomer.
2019-Mar-03 22:15:03.836250 info[fractal.cpp:112] [34m[INFO] Failed to attach to (-6.075802, -76.898974, 8.667190). Trying new monomer.
2019-Mar-03 22:15:03.840613 info[fractal.cpp:112] [34m[INFO] Failed to attach to (-6.075802, -76.898974, 8.667190). Trying new monomer.
2019-Mar-03 22:15:03.841605 info[fractal.cpp:112] [34m[INFO] Failed to attach to (-6.075802, -76.898974, 8.667190). Trying new monomer.
2019-Mar-03 22:15:03.842672 info[fractal.cpp:112] [34m[INFO] Failed to attach to (-6.075802, -76.898974, 8.667190). Trying new monomer.
2019-Mar-03 22:15:03.846739 info[fractal.cpp:112] [34m[INFO] Failed to attach to (-6.075802, -76.898974, 8.667190). Trying new monomer.
2019-Mar-03 22:15:03.848956 info[fractal.cpp:112] [34m[INFO] Failed to attach to (-6.075802, -76.898974, 8.667190). Trying new monomer.
2019-Mar-03 22:15:03.850068 info[fractal.cpp:112] [34m[INFO] Failed to attach to (-6.075802, -76.898974, 8.667190). Trying new monomer.
2019-Mar-03 22:15:03.851075 info[fractal.cpp:112] [34m[INFO] Failed to attach to (-6.075802, -76.898974, 8.667190). Trying new monomer.
2019-Mar-03 22:15:03.854514 info[fractal.cpp:152] [34m[INFO] Actual epsilon = 0.000018
2019-Mar-03 22:15:03.854685 info[fractal.cpp:86] [34m[INFO] Adding monomer at point (-35.197363, -172.546670, -8.841526)
2019-Mar-03 22:15:03.854825 info[fractal.cpp:175] [34m[INFO] Fractal parameters updated.
2019-Mar-03 22:15:03.854884 info[fractal.cpp:73] [34m[INFO] Adding new monomer to fractal using Monte Carlo algorithm.
2019-Mar-03 22:15:03.854962 info[fractal.cpp:121] [34m[INFO] Out of range best_monomer = 3390.000000
2019-Mar-03 22:15:03.855044 info[fractal.cpp:143] [34m[INFO] Under epsilon in 1 attempts.
2019-Mar-03 22:15:03.855726 info[fractal.cpp:112] [34m[INFO] Failed to attach to (-6.075802, -76.898974, 8.667190). Trying new monomer.
2019-Mar-03 22:15:03.856501 info[fractal.cpp:112] [34m[INFO] Failed to attach to (-6.075802, -76.898974, 8.667190). Trying new monomer.
2019-Mar-03 22:15:03.857463 info[fractal.cpp:112] [34m[INFO] Failed to attach to (-6.075802, -76.898974, 8.667190). Trying new monomer.
2019-Mar-03 22:15:03.858037 info[fractal.cpp:112] [34m[INFO] Failed to attach to (-6.075802, -76.898974, 8.667190). Trying new monomer.
2019-Mar-03 22:15:03.861640 info[fractal.cpp:112] [34m[INFO] Failed to attach to (-6.075802, -76.898974, 8.667190). Trying new monomer.
2019-Mar-03 22:15:03.862373 info[fractal.cpp:112] [34m[INFO] Failed to attach to (-6.075802, -76.898974, 8.667190). Trying new monomer.
2019-Mar-03 22:15:03.864983 info[fractal.cpp:112] [34m[INFO] Failed to attach to (-6.075802, -76.898974, 8.667190). Trying new monomer.
2019-Mar-03 22:15:03.865614 info[fractal.cpp:112] [34m[INFO] Failed to attach to (-6.075802, -76.898974, 8.667190). Trying new monomer.
2019-Mar-03 22:15:03.866629 info[fractal.cpp:112] [34m[INFO] Failed to attach to (-6.075802, -76.898974, 8.667190). Trying new monomer.
2019-Mar-03 22:15:03.871737 info[fractal.cpp:112] [34m[INFO] Failed to attach to (-6.075802, -76.898974, 8.667190). Trying new monomer.
2019-Mar-03 22:15:03.872886 info[fractal.cpp:112] [34m[INFO] Failed to attach to (0.728774, -40.490528, -11.134901). Trying new monomer.
2019-Mar-03 22:15:03.874304 info[fractal.cpp:112] [34m[INFO] Failed to attach to (-6.075802, -76.898974, 8.667190). Trying new monomer.
2019-Mar-03 22:15:03.876839 info[fractal.cpp:112] [34m[INFO] Failed to attach to (-6.075802, -76.898974, 8.667190). Trying new monomer.
2019-Mar-03 22:15:03.877983 info[fractal.cpp:112] [34m[INFO] Failed to attach to (-6.075802, -76.898974, 8.667190). Trying new monomer.
2019-Mar-03 22:15:03.881192 info[fractal.cpp:112] [34m[INFO] Failed to attach to (-6.075802, -76.898974, 8.667190). Trying new monomer.
2019-Mar-03 22:15:03.882815 info[fractal.cpp:112] [34m[INFO] Failed to attach to (-6.075802, -76.898974, 8.667190). Trying new monomer.
2019-Mar-03 22:15:03.884630 info[fractal.cpp:112] [34m[INFO] Failed to attach to (-6.075802, -76.898974, 8.667190). Trying new monomer.
2019-Mar-03 22:15:03.886093 info[fractal.cpp:112] [34m[INFO] Failed to attach to (-6.075802, -76.898974, 8.667190). Trying new monomer.
2019-Mar-03 22:15:03.889325 info[fractal.cpp:112] [34m[INFO] Failed to attach to (-6.075802, -76.898974, 8.667190). Trying new monomer.
2019-Mar-03 22:15:03.892417 info[fractal.cpp:112] [34m[INFO] Failed to attach to (-21.738282, -70.668775, 47.136286). Trying new monomer.
2019-Mar-03 22:15:03.894575 info[fractal.cpp:112] [34m[INFO] Failed to attach to (-6.075802, -76.898974, 8.667190). Trying new monomer.
2019-Mar-03 22:15:03.895879 info[fractal.cpp:112] [34m[INFO] Failed to attach to (-6.075802, -76.898974, 8.667190). Trying new monomer.
2019-Mar-03 22:15:03.896927 info[fractal.cpp:112] [34m[INFO] Failed to attach to (-6.075802, -76.898974, 8.667190). Trying new monomer.
2019-Mar-03 22:15:03.897904 info[fractal.cpp:112] [34m[INFO] Failed to attach to (-6.075802, -76.898974, 8.667190). Trying new monomer.
2019-Mar-03 22:15:03.900162 info[fractal.cpp:112] [34m[INFO] Failed to attach to (-6.075802, -76.898974, 8.667190). Trying new monomer.
2019-Mar-03 22:15:03.908405 info[fractal.cpp:112] [34m[INFO] Failed to attach to (-6.075802, -76.898974, 8.667190). Trying new monomer.
2019-Mar-03 22:15:03.909118 info[fractal.cpp:112] [34m[INFO] Failed to attach to (-6.075802, -76.898974, 8.667190). Trying new monomer.
2019-Mar-03 22:15:03.909840 info[fractal.cpp:112] [34m[INFO] Failed to attach to (-6.075802, -76.898974, 8.667190). Trying new monomer.
2019-Mar-03 22:15:03.911220 info[fractal.cpp:112] [34m[INFO] Failed to attach to (-6.075802, -76.898974, 8.667190). Trying new monomer.
2019-Mar-03 22:15:03.913034 info[fractal.cpp:112] [34m[INFO] Failed to attach to (-6.075802, -76.898974, 8.667190). Trying new monomer.
2019-Mar-03 22:15:03.914209 info[fractal.cpp:112] [34m[INFO] Failed to attach to (-6.075802, -76.898974, 8.667190). Trying new monomer.
2019-Mar-03 22:15:03.917121 info[fractal.cpp:112] [34m[INFO] Failed to attach to (-6.075802, -76.898974, 8.667190). Trying new monomer.
2019-Mar-03 22:15:03.918181 info[fractal.cpp:112] [34m[INFO] Failed to attach to (-6.075802, -76.898974, 8.667190). Trying new monomer.
2019-Mar-03 22:15:03.920933 info[fractal.cpp:112] [34m[INFO] Failed to attach to (-6.075802, -76.898974, 8.667190). Trying new monomer.
2019-Mar-03 22:15:03.923369 info[fractal.cpp:112] [34m[INFO] Failed to attach to (-6.075802, -76.898974, 8.667190). Trying new monomer.
2019-Mar-03 22:15:03.926220 info[fractal.cpp:112] [34m[INFO] Failed to attach to (-6.075802, -76.898974, 8.667190). Trying new monomer.
2019-Mar-03 22:15:03.926882 info[fractal.cpp:112] [34m[INFO] Failed to attach to (-6.075802, -76.898974, 8.667190). Trying new monomer.
2019-Mar-03 22:15:03.929164 info[fractal.cpp:112] [34m[INFO] Failed to attach to (-6.075802, -76.898974, 8.667190). Trying new monomer.
2019-Mar-03 22:15:03.933114 info[fractal.cpp:112] [34m[INFO] Failed to attach to (-6.075802, -76.898974, 8.667190). Trying new monomer.
2019-Mar-03 22:15:03.934990 info[fractal.cpp:112] [34m[INFO] Failed to attach to (-6.075802, -76.898974, 8.667190). Trying new monomer.
2019-Mar-03 22:15:03.936505 info[fractal.cpp:112] [34m[INFO] Failed to attach to (-6.075802, -76.898974, 8.667190). Trying new monomer.
2019-Mar-03 22:15:03.937785 info[fractal.cpp:112] [34m[INFO] Failed to attach to (22.074154, -73.561121, -25.787908). Trying new monomer.
2019-Mar-03 22:15:03.942969 info[fractal.cpp:112] [34m[INFO] Failed to attach to (-6.075802, -76.898974, 8.667190). Trying new monomer.
2019-Mar-03 22:15:03.943779 info[fractal.cpp:112] [34m[INFO] Failed to attach to (-6.075802, -76.898974, 8.667190). Trying new monomer.
