2019-Mar-04 16:10:45.624161 info[fractal.cpp:121] [34m[INFO] Out of range best_monomer = 60.000000
2019-Mar-04 16:10:45.626109 fatal[fractal.cpp:155] [31m[FATAL] Best monomer did not satisfy epsilon.
  best_diff / _a = 0.742179
  epsilon = 0.050000
2019-Mar-04 16:10:45.626190 info[fractal.cpp:73] [34m[INFO] Adding new monomer to fractal using Monte Carlo algorithm.
2019-Mar-04 16:10:45.626280 info[fractal.cpp:121] [34m[INFO] Out of range best_monomer = 60.000000
2019-Mar-04 16:10:45.627763 fatal[fractal.cpp:155] [31m[FATAL] Best monomer did not satisfy epsilon.
  best_diff / _a = 0.742274
  epsilon = 0.050000
2019-Mar-04 16:10:45.627842 info[fractal.cpp:73] [34m[INFO] Adding new monomer to fractal using Monte Carlo algorithm.
2019-Mar-04 16:10:45.627963 info[fractal.cpp:121] [34m[INFO] Out of range best_monomer = 60.000000
2019-Mar-04 16:10:45.629448 fatal[fractal.cpp:155] [31m[FATAL] Best monomer did not satisfy epsilon.
  best_diff / _a = 0.742169
  epsilon = 0.050000
2019-Mar-04 16:10:45.629527 info[fractal.cpp:73] [34m[INFO] Adding new monomer to fractal using Monte Carlo algorithm.
2019-Mar-04 16:10:45.629651 info[fractal.cpp:121] [34m[INFO] Out of range best_monomer = 60.000000
2019-Mar-04 16:10:45.631281 fatal[fractal.cpp:155] [31m[FATAL] Best monomer did not satisfy epsilon.
  best_diff / _a = 0.742218
  epsilon = 0.050000
2019-Mar-04 16:10:45.631369 info[fractal.cpp:73] [34m[INFO] Adding new monomer to fractal using Monte Carlo algorithm.
2019-Mar-04 16:10:45.631460 info[fractal.cpp:121] [34m[INFO] Out of range best_monomer = 60.000000
2019-Mar-04 16:10:45.632938 fatal[fractal.cpp:155] [31m[FATAL] Best monomer did not satisfy epsilon.
  best_diff / _a = 0.742199
  epsilon = 0.050000
2019-Mar-04 16:10:45.633018 info[fractal.cpp:73] [34m[INFO] Adding new monomer to fractal using Monte Carlo algorithm.
2019-Mar-04 16:10:45.633142 info[fractal.cpp:121] [34m[INFO] Out of range best_monomer = 60.000000
2019-Mar-04 16:10:45.634718 fatal[fractal.cpp:155] [31m[FATAL] Best monomer did not satisfy epsilon.
  best_diff / _a = 0.742254
  epsilon = 0.050000
2019-Mar-04 16:10:45.634797 info[fractal.cpp:73] [34m[INFO] Adding new monomer to fractal using Monte Carlo algorithm.
2019-Mar-04 16:10:45.634922 info[fractal.cpp:121] [34m[INFO] Out of range best_monomer = 60.000000
2019-Mar-04 16:10:45.636794 fatal[fractal.cpp:155] [31m[FATAL] Best monomer did not satisfy epsilon.
  best_diff / _a = 0.742159
  epsilon = 0.050000
2019-Mar-04 16:10:45.636974 info[fractal.cpp:73] [34m[INFO] Adding new monomer to fractal using Monte Carlo algorithm.
2019-Mar-04 16:10:45.637110 info[fractal.cpp:121] [34m[INFO] Out of range best_monomer = 60.000000
2019-Mar-04 16:10:45.638775 fatal[fractal.cpp:155] [31m[FATAL] Best monomer did not satisfy epsilon.
  best_diff / _a = 0.742169
  epsilon = 0.050000
2019-Mar-04 16:10:45.638863 info[fractal.cpp:73] [34m[INFO] Adding new monomer to fractal using Monte Carlo algorithm.
2019-Mar-04 16:10:45.638985 info[fractal.cpp:121] [34m[INFO] Out of range best_monomer = 60.000000
2019-Mar-04 16:10:45.640482 fatal[fractal.cpp:155] [31m[FATAL] Best monomer did not satisfy epsilon.
  best_diff / _a = 0.742209
  epsilon = 0.050000
2019-Mar-04 16:10:45.640558 info[fractal.cpp:73] [34m[INFO] Adding new monomer to fractal using Monte Carlo algorithm.
2019-Mar-04 16:10:45.640651 info[fractal.cpp:121] [34m[INFO] Out of range best_monomer = 60.000000
2019-Mar-04 16:10:45.642217 fatal[fractal.cpp:155] [31m[FATAL] Best monomer did not satisfy epsilon.
  best_diff / _a = 0.742270
  epsilon = 0.050000
2019-Mar-04 16:10:45.642301 info[fractal.cpp:73] [34m[INFO] Adding new monomer to fractal using Monte Carlo algorithm.
2019-Mar-04 16:10:45.642393 info[fractal.cpp:121] [34m[INFO] Out of range best_monomer = 60.000000
2019-Mar-04 16:10:45.643917 fatal[fractal.cpp:155] [31m[FATAL] Best monomer did not satisfy epsilon.
  best_diff / _a = 0.742148
  epsilon = 0.050000
2019-Mar-04 16:10:45.644007 info[fractal.cpp:73] [34m[INFO] Adding new monomer to fractal using Monte Carlo algorithm.
2019-Mar-04 16:10:45.644107 info[fractal.cpp:121] [34m[INFO] Out of range best_monomer = 60.000000
2019-Mar-04 16:10:45.645618 fatal[fractal.cpp:155] [31m[FATAL] Best monomer did not satisfy epsilon.
  best_diff / _a = 0.742283
  epsilon = 0.050000
2019-Mar-04 16:10:45.645701 info[fractal.cpp:73] [34m[INFO] Adding new monomer to fractal using Monte Carlo algorithm.
2019-Mar-04 16:10:45.645811 info[fractal.cpp:121] [34m[INFO] Out of range best_monomer = 60.000000
2019-Mar-04 16:10:45.647320 fatal[fractal.cpp:155] [31m[FATAL] Best monomer did not satisfy epsilon.
  best_diff / _a = 0.742390
  epsilon = 0.050000
2019-Mar-04 16:10:45.647410 info[fractal.cpp:73] [34m[INFO] Adding new monomer to fractal using Monte Carlo algorithm.
2019-Mar-04 16:10:45.647602 info[fractal.cpp:121] [34m[INFO] Out of range best_monomer = 60.000000
2019-Mar-04 16:10:45.649113 fatal[fractal.cpp:155] [31m[FATAL] Best monomer did not satisfy epsilon.
  best_diff / _a = 0.742188
  epsilon = 0.050000
2019-Mar-04 16:10:45.649193 info[fractal.cpp:73] [34m[INFO] Adding new monomer to fractal using Monte Carlo algorithm.
2019-Mar-04 16:10:45.649317 info[fractal.cpp:121] [34m[INFO] Out of range best_monomer = 60.000000
2019-Mar-04 16:10:45.650922 fatal[fractal.cpp:155] [31m[FATAL] Best monomer did not satisfy epsilon.
  best_diff / _a = 0.742158
  epsilon = 0.050000
2019-Mar-04 16:10:45.651020 info[fractal.cpp:73] [34m[INFO] Adding new monomer to fractal using Monte Carlo algorithm.
2019-Mar-04 16:10:45.651116 info[fractal.cpp:121] [34m[INFO] Out of range best_monomer = 60.000000
2019-Mar-04 16:10:45.652684 fatal[fractal.cpp:155] [31m[FATAL] Best monomer did not satisfy epsilon.
  best_diff / _a = 0.742184
  epsilon = 0.050000
2019-Mar-04 16:10:45.652765 info[fractal.cpp:73] [34m[INFO] Adding new monomer to fractal using Monte Carlo algorithm.
2019-Mar-04 16:10:45.652889 info[fractal.cpp:121] [34m[INFO] Out of range best_monomer = 60.000000
2019-Mar-04 16:10:45.654529 fatal[fractal.cpp:155] [31m[FATAL] Best monomer did not satisfy epsilon.
  best_diff / _a = 0.742200
  epsilon = 0.050000
2019-Mar-04 16:10:45.654614 info[fractal.cpp:73] [34m[INFO] Adding new monomer to fractal using Monte Carlo algorithm.
2019-Mar-04 16:10:45.654711 info[fractal.cpp:121] [34m[INFO] Out of range best_monomer = 60.000000
2019-Mar-04 16:10:45.656291 fatal[fractal.cpp:155] [31m[FATAL] Best monomer did not satisfy epsilon.
  best_diff / _a = 0.742220
  epsilon = 0.050000
2019-Mar-04 16:10:45.656439 info[fractal.cpp:73] [34m[INFO] Adding new monomer to fractal using Monte Carlo algorithm.
2019-Mar-04 16:10:45.656514 info[fractal.cpp:121] [34m[INFO] Out of range best_monomer = 60.000000
2019-Mar-04 16:10:45.658617 fatal[fractal.cpp:155] [31m[FATAL] Best monomer did not satisfy epsilon.
  best_diff / _a = 0.742186
  epsilon = 0.050000
2019-Mar-04 16:10:45.658697 info[fractal.cpp:73] [34m[INFO] Adding new monomer to fractal using Monte Carlo algorithm.
2019-Mar-04 16:10:45.658769 info[fractal.cpp:121] [34m[INFO] Out of range best_monomer = 60.000000
2019-Mar-04 16:10:45.660903 fatal[fractal.cpp:155] [31m[FATAL] Best monomer did not satisfy epsilon.
  best_diff / _a = 0.742168
  epsilon = 0.050000
2019-Mar-04 16:10:45.660984 info[fractal.cpp:73] [34m[INFO] Adding new monomer to fractal using Monte Carlo algorithm.
2019-Mar-04 16:10:45.661056 info[fractal.cpp:121] [34m[INFO] Out of range best_monomer = 60.000000
2019-Mar-04 16:10:45.662893 fatal[fractal.cpp:155] [31m[FATAL] Best monomer did not satisfy epsilon.
  best_diff / _a = 0.742170
  epsilon = 0.050000
2019-Mar-04 16:10:45.663039 info[fractal.cpp:73] [34m[INFO] Adding new monomer to fractal using Monte Carlo algorithm.
2019-Mar-04 16:10:45.663124 info[fractal.cpp:121] [34m[INFO] Out of range best_monomer = 60.000000
2019-Mar-04 16:10:45.664894 fatal[fractal.cpp:155] [31m[FATAL] Best monomer did not satisfy epsilon.
  best_diff / _a = 0.742151
  epsilon = 0.050000
2019-Mar-04 16:10:45.665040 info[fractal.cpp:73] [34m[INFO] Adding new monomer to fractal using Monte Carlo algorithm.
2019-Mar-04 16:10:45.665168 info[fractal.cpp:121] [34m[INFO] Out of range best_monomer = 60.000000
2019-Mar-04 16:10:45.666700 fatal[fractal.cpp:155] [31m[FATAL] Best monomer did not satisfy epsilon.
  best_diff / _a = 0.742161
  epsilon = 0.050000
2019-Mar-04 16:10:45.666780 info[fractal.cpp:73] [34m[INFO] Adding new monomer to fractal using Monte Carlo algorithm.
2019-Mar-04 16:10:45.666901 info[fractal.cpp:121] [34m[INFO] Out of range best_monomer = 60.000000
2019-Mar-04 16:10:45.668602 fatal[fractal.cpp:155] [31m[FATAL] Best monomer did not satisfy epsilon.
  best_diff / _a = 0.742264
  epsilon = 0.050000
2019-Mar-04 16:10:45.668707 info[fractal.cpp:73] [34m[INFO] Adding new monomer to fractal using Monte Carlo algorithm.
2019-Mar-04 16:10:45.668792 info[fractal.cpp:121] [34m[INFO] Out of range best_monomer = 60.000000
2019-Mar-04 16:10:45.670594 fatal[fractal.cpp:155] [31m[FATAL] Best monomer did not satisfy epsilon.
  best_diff / _a = 0.742153
  epsilon = 0.050000
2019-Mar-04 16:10:45.670742 info[fractal.cpp:73] [34m[INFO] Adding new monomer to fractal using Monte Carlo algorithm.
2019-Mar-04 16:10:45.670826 info[fractal.cpp:121] [34m[INFO] Out of range best_monomer = 60.000000
2019-Mar-04 16:10:45.672356 fatal[fractal.cpp:155] [31m[FATAL] Best monomer did not satisfy epsilon.
  best_diff / _a = 0.742167
  epsilon = 0.050000
2019-Mar-04 16:10:45.672434 info[fractal.cpp:73] [34m[INFO] Adding new monomer to fractal using Monte Carlo algorithm.
2019-Mar-04 16:10:45.672561 info[fractal.cpp:121] [34m[INFO] Out of range best_monomer = 60.000000
2019-Mar-04 16:10:45.674093 fatal[fractal.cpp:155] [31m[FATAL] Best monomer did not satisfy epsilon.
  best_diff / _a = 0.742155
  epsilon = 0.050000
2019-Mar-04 16:10:45.674174 info[fractal.cpp:73] [34m[INFO] Adding new monomer to fractal using Monte Carlo algorithm.
2019-Mar-04 16:10:45.674297 info[fractal.cpp:121] [34m[INFO] Out of range best_monomer = 60.000000
2019-Mar-04 16:10:45.675794 fatal[fractal.cpp:155] [31m[FATAL] Best monomer did not satisfy epsilon.
  best_diff / _a = 0.742205
  epsilon = 0.050000
2019-Mar-04 16:10:45.675874 info[fractal.cpp:73] [34m[INFO] Adding new monomer to fractal using Monte Carlo algorithm.
2019-Mar-04 16:10:45.675998 info[fractal.cpp:121] [34m[INFO] Out of range best_monomer = 60.000000
2019-Mar-04 16:10:45.677472 fatal[fractal.cpp:155] [31m[FATAL] Best monomer did not satisfy epsilon.
  best_diff / _a = 0.742209
  epsilon = 0.050000
2019-Mar-04 16:10:45.677553 info[fractal.cpp:73] [34m[INFO] Adding new monomer to fractal using Monte Carlo algorithm.
2019-Mar-04 16:10:45.677689 info[fractal.cpp:121] [34m[INFO] Out of range best_monomer = 60.000000
2019-Mar-04 16:10:45.679406 fatal[fractal.cpp:155] [31m[FATAL] Best monomer did not satisfy epsilon.
  best_diff / _a = 0.742169
  epsilon = 0.050000
2019-Mar-04 16:10:45.679496 info[fractal.cpp:73] [34m[INFO] Adding new monomer to fractal using Monte Carlo algorithm.
2019-Mar-04 16:10:45.679589 info[fractal.cpp:121] [34m[INFO] Out of range best_monomer = 60.000000
2019-Mar-04 16:10:45.681080 fatal[fractal.cpp:155] [31m[FATAL] Best monomer did not satisfy epsilon.
  best_diff / _a = 0.742167
  epsilon = 0.050000
2019-Mar-04 16:10:45.681164 info[fractal.cpp:73] [34m[INFO] Adding new monomer to fractal using Monte Carlo algorithm.
2019-Mar-04 16:10:45.681257 info[fractal.cpp:121] [34m[INFO] Out of range best_monomer = 60.000000
2019-Mar-04 16:10:45.682750 fatal[fractal.cpp:155] [31m[FATAL] Best monomer did not satisfy epsilon.
  best_diff / _a = 0.742240
  epsilon = 0.050000
2019-Mar-04 16:10:45.682828 info[fractal.cpp:73] [34m[INFO] Adding new monomer to fractal using Monte Carlo algorithm.
2019-Mar-04 16:10:45.682954 info[fractal.cpp:121] [34m[INFO] Out of range best_monomer = 60.000000
2019-Mar-04 16:10:45.685092 fatal[fractal.cpp:155] [31m[FATAL] Best monomer did not satisfy epsilon.
  best_diff / _a = 0.742241
  epsilon = 0.050000
2019-Mar-04 16:10:45.685339 info[fractal.cpp:73] [34m[INFO] Adding new monomer to fractal using Monte Carlo algorithm.
2019-Mar-04 16:10:45.685541 info[fractal.cpp:121] [34m[INFO] Out of range best_monomer = 60.000000
2019-Mar-04 16:10:45.688573 fatal[fractal.cpp:155] [31m[FATAL] Best monomer did not satisfy epsilon.
  best_diff / _a = 0.742192
  epsilon = 0.050000
2019-Mar-04 16:10:45.689304 info[fractal.cpp:73] [34m[INFO] Adding new monomer to fractal using Monte Carlo algorithm.
2019-Mar-04 16:10:45.690018 info[fractal.cpp:121] [34m[INFO] Out of range best_monomer = 60.000000
2019-Mar-04 16:10:45.693591 fatal[fractal.cpp:155] [31m[FATAL] Best monomer did not satisfy epsilon.
  best_diff / _a = 0.742156
  epsilon = 0.050000
2019-Mar-04 16:10:45.693739 info[fractal.cpp:73] [34m[INFO] Adding new monomer to fractal using Monte Carlo algorithm.
2019-Mar-04 16:10:45.693884 info[fractal.cpp:121] [34m[INFO] Out of range best_monomer = 60.000000
2019-Mar-04 16:10:45.711340 fatal[fractal.cpp:155] [31m[FATAL] Best monomer did not satisfy epsilon.
  best_diff / _a = 0.742157
  epsilon = 0.050000
2019-Mar-04 16:10:45.711613 info[fractal.cpp:73] [34m[INFO] Adding new monomer to fractal using Monte Carlo algorithm.
2019-Mar-04 16:10:45.711868 info[fractal.cpp:121] [34m[INFO] Out of range best_monomer = 60.000000
2019-Mar-04 16:10:45.716421 fatal[fractal.cpp:155] [31m[FATAL] Best monomer did not satisfy epsilon.
  best_diff / _a = 0.742155
  epsilon = 0.050000
2019-Mar-04 16:10:45.716573 info[fractal.cpp:73] [34m[INFO] Adding new monomer to fractal using Monte Carlo algorithm.
2019-Mar-04 16:10:45.716668 info[fractal.cpp:121] [34m[INFO] Out of range best_monomer = 60.000000
2019-Mar-04 16:10:45.718231 fatal[fractal.cpp:155] [31m[FATAL] Best monomer did not satisfy epsilon.
  best_diff / _a = 0.742155
  epsilon = 0.050000
2019-Mar-04 16:10:45.718307 info[fractal.cpp:73] [34m[INFO] Adding new monomer to fractal using Monte Carlo algorithm.
2019-Mar-04 16:10:45.718359 info[fractal.cpp:121] [34m[INFO] Out of range best_monomer = 60.000000
2019-Mar-04 16:10:45.720151 fatal[fractal.cpp:155] [31m[FATAL] Best monomer did not satisfy epsilon.
  best_diff / _a = 0.742164
  epsilon = 0.050000
2019-Mar-04 16:10:45.720279 info[fractal.cpp:73] [34m[INFO] Adding new monomer to fractal using Monte Carlo algorithm.
2019-Mar-04 16:10:45.720356 info[fractal.cpp:121] [34m[INFO] Out of range best_monomer = 60.000000
2019-Mar-04 16:10:45.721954 fatal[fractal.cpp:155] [31m[FATAL] Best monomer did not satisfy epsilon.
  best_diff / _a = 0.742159
  epsilon = 0.050000
2019-Mar-04 16:10:45.722031 info[fractal.cpp:73] [34m[INFO] Adding new monomer to fractal using Monte Carlo algorithm.
2019-Mar-04 16:10:45.722082 info[fractal.cpp:121] [34m[INFO] Out of range best_monomer = 60.000000
2019-Mar-04 16:10:45.723630 fatal[fractal.cpp:155] [31m[FATAL] Best monomer did not satisfy epsilon.
  best_diff / _a = 0.742205
  epsilon = 0.050000
2019-Mar-04 16:10:45.723703 info[fractal.cpp:73] [34m[INFO] Adding new monomer to fractal using Monte Carlo algorithm.
2019-Mar-04 16:10:45.723842 info[fractal.cpp:121] [34m[INFO] Out of range best_monomer = 60.000000
2019-Mar-04 16:10:45.725493 fatal[fractal.cpp:155] [31m[FATAL] Best monomer did not satisfy epsilon.
  best_diff / _a = 0.742205
  epsilon = 0.050000
2019-Mar-04 16:10:45.725582 info[fractal.cpp:73] [34m[INFO] Adding new monomer to fractal using Monte Carlo algorithm.
2019-Mar-04 16:10:45.725637 info[fractal.cpp:121] [34m[INFO] Out of range best_monomer = 60.000000
2019-Mar-04 16:10:45.727154 fatal[fractal.cpp:155] [31m[FATAL] Best monomer did not satisfy epsilon.
  best_diff / _a = 0.742223
  epsilon = 0.050000
2019-Mar-04 16:10:45.727226 info[fractal.cpp:73] [34m[INFO] Adding new monomer to fractal using Monte Carlo algorithm.
2019-Mar-04 16:10:45.727278 info[fractal.cpp:121] [34m[INFO] Out of range best_monomer = 60.000000
2019-Mar-04 16:10:45.728792 fatal[fractal.cpp:155] [31m[FATAL] Best monomer did not satisfy epsilon.
  best_diff / _a = 0.742152
  epsilon = 0.050000
2019-Mar-04 16:10:45.728845 info[fractal.cpp:73] [34m[INFO] Adding new monomer to fractal using Monte Carlo algorithm.
