2019-Mar-03 22:06:13.478193 info[fractal.cpp:121] [34m[INFO] Out of range best_monomer = 60.000000
2019-Mar-03 22:06:13.480330 fatal[fractal.cpp:155] [31m[FATAL] Best monomer did not satisfy epsilon.
  best_diff / _a = 0.742191
  epsilon = 0.050000
2019-Mar-03 22:06:13.480393 info[fractal.cpp:73] [34m[INFO] Adding new monomer to fractal using Monte Carlo algorithm.
2019-Mar-03 22:06:13.480444 info[fractal.cpp:121] [34m[INFO] Out of range best_monomer = 60.000000
2019-Mar-03 22:06:13.482096 fatal[fractal.cpp:155] [31m[FATAL] Best monomer did not satisfy epsilon.
  best_diff / _a = 0.742176
  epsilon = 0.050000
2019-Mar-03 22:06:13.482149 info[fractal.cpp:73] [34m[INFO] Adding new monomer to fractal using Monte Carlo algorithm.
2019-Mar-03 22:06:13.482198 info[fractal.cpp:121] [34m[INFO] Out of range best_monomer = 60.000000
2019-Mar-03 22:06:13.483844 fatal[fractal.cpp:155] [31m[FATAL] Best monomer did not satisfy epsilon.
  best_diff / _a = 0.742241
  epsilon = 0.050000
2019-Mar-03 22:06:13.483897 info[fractal.cpp:73] [34m[INFO] Adding new monomer to fractal using Monte Carlo algorithm.
2019-Mar-03 22:06:13.483946 info[fractal.cpp:121] [34m[INFO] Out of range best_monomer = 60.000000
2019-Mar-03 22:06:13.485560 fatal[fractal.cpp:155] [31m[FATAL] Best monomer did not satisfy epsilon.
  best_diff / _a = 0.742155
  epsilon = 0.050000
2019-Mar-03 22:06:13.485609 info[fractal.cpp:73] [34m[INFO] Adding new monomer to fractal using Monte Carlo algorithm.
2019-Mar-03 22:06:13.485653 info[fractal.cpp:121] [34m[INFO] Out of range best_monomer = 60.000000
2019-Mar-03 22:06:13.487117 fatal[fractal.cpp:155] [31m[FATAL] Best monomer did not satisfy epsilon.
  best_diff / _a = 0.742162
  epsilon = 0.050000
2019-Mar-03 22:06:13.487164 info[fractal.cpp:73] [34m[INFO] Adding new monomer to fractal using Monte Carlo algorithm.
2019-Mar-03 22:06:13.487208 info[fractal.cpp:121] [34m[INFO] Out of range best_monomer = 60.000000
2019-Mar-03 22:06:13.488783 fatal[fractal.cpp:155] [31m[FATAL] Best monomer did not satisfy epsilon.
  best_diff / _a = 0.742150
  epsilon = 0.050000
2019-Mar-03 22:06:13.488884 info[fractal.cpp:73] [34m[INFO] Adding new monomer to fractal using Monte Carlo algorithm.
2019-Mar-03 22:06:13.488954 info[fractal.cpp:121] [34m[INFO] Out of range best_monomer = 60.000000
2019-Mar-03 22:06:13.490407 fatal[fractal.cpp:155] [31m[FATAL] Best monomer did not satisfy epsilon.
  best_diff / _a = 0.742180
  epsilon = 0.050000
2019-Mar-03 22:06:13.490456 info[fractal.cpp:73] [34m[INFO] Adding new monomer to fractal using Monte Carlo algorithm.
2019-Mar-03 22:06:13.490497 info[fractal.cpp:121] [34m[INFO] Out of range best_monomer = 60.000000
2019-Mar-03 22:06:13.491850 fatal[fractal.cpp:155] [31m[FATAL] Best monomer did not satisfy epsilon.
  best_diff / _a = 0.742204
  epsilon = 0.050000
2019-Mar-03 22:06:13.491893 info[fractal.cpp:73] [34m[INFO] Adding new monomer to fractal using Monte Carlo algorithm.
2019-Mar-03 22:06:13.491933 info[fractal.cpp:121] [34m[INFO] Out of range best_monomer = 60.000000
2019-Mar-03 22:06:13.493332 fatal[fractal.cpp:155] [31m[FATAL] Best monomer did not satisfy epsilon.
  best_diff / _a = 0.742199
  epsilon = 0.050000
2019-Mar-03 22:06:13.493402 info[fractal.cpp:73] [34m[INFO] Adding new monomer to fractal using Monte Carlo algorithm.
2019-Mar-03 22:06:13.493446 info[fractal.cpp:121] [34m[INFO] Out of range best_monomer = 60.000000
2019-Mar-03 22:06:13.494779 fatal[fractal.cpp:155] [31m[FATAL] Best monomer did not satisfy epsilon.
  best_diff / _a = 0.742192
  epsilon = 0.050000
2019-Mar-03 22:06:13.494823 info[fractal.cpp:73] [34m[INFO] Adding new monomer to fractal using Monte Carlo algorithm.
2019-Mar-03 22:06:13.494863 info[fractal.cpp:121] [34m[INFO] Out of range best_monomer = 60.000000
2019-Mar-03 22:06:13.496201 fatal[fractal.cpp:155] [31m[FATAL] Best monomer did not satisfy epsilon.
  best_diff / _a = 0.742168
  epsilon = 0.050000
2019-Mar-03 22:06:13.496244 info[fractal.cpp:73] [34m[INFO] Adding new monomer to fractal using Monte Carlo algorithm.
2019-Mar-03 22:06:13.496284 info[fractal.cpp:121] [34m[INFO] Out of range best_monomer = 60.000000
2019-Mar-03 22:06:13.497867 fatal[fractal.cpp:155] [31m[FATAL] Best monomer did not satisfy epsilon.
  best_diff / _a = 0.742157
  epsilon = 0.050000
2019-Mar-03 22:06:13.497949 info[fractal.cpp:73] [34m[INFO] Adding new monomer to fractal using Monte Carlo algorithm.
2019-Mar-03 22:06:13.497992 info[fractal.cpp:121] [34m[INFO] Out of range best_monomer = 60.000000
2019-Mar-03 22:06:13.499362 fatal[fractal.cpp:155] [31m[FATAL] Best monomer did not satisfy epsilon.
  best_diff / _a = 0.742196
  epsilon = 0.050000
2019-Mar-03 22:06:13.499414 info[fractal.cpp:73] [34m[INFO] Adding new monomer to fractal using Monte Carlo algorithm.
2019-Mar-03 22:06:13.499455 info[fractal.cpp:121] [34m[INFO] Out of range best_monomer = 60.000000
2019-Mar-03 22:06:13.500807 fatal[fractal.cpp:155] [31m[FATAL] Best monomer did not satisfy epsilon.
  best_diff / _a = 0.742151
  epsilon = 0.050000
2019-Mar-03 22:06:13.500853 info[fractal.cpp:73] [34m[INFO] Adding new monomer to fractal using Monte Carlo algorithm.
2019-Mar-03 22:06:13.500893 info[fractal.cpp:121] [34m[INFO] Out of range best_monomer = 60.000000
2019-Mar-03 22:06:13.502243 fatal[fractal.cpp:155] [31m[FATAL] Best monomer did not satisfy epsilon.
  best_diff / _a = 0.742209
  epsilon = 0.050000
2019-Mar-03 22:06:13.502289 info[fractal.cpp:73] [34m[INFO] Adding new monomer to fractal using Monte Carlo algorithm.
2019-Mar-03 22:06:13.502330 info[fractal.cpp:121] [34m[INFO] Out of range best_monomer = 60.000000
2019-Mar-03 22:06:13.503691 fatal[fractal.cpp:155] [31m[FATAL] Best monomer did not satisfy epsilon.
  best_diff / _a = 0.742176
  epsilon = 0.050000
2019-Mar-03 22:06:13.503739 info[fractal.cpp:73] [34m[INFO] Adding new monomer to fractal using Monte Carlo algorithm.
2019-Mar-03 22:06:13.503779 info[fractal.cpp:121] [34m[INFO] Out of range best_monomer = 60.000000
2019-Mar-03 22:06:13.505119 fatal[fractal.cpp:155] [31m[FATAL] Best monomer did not satisfy epsilon.
  best_diff / _a = 0.742269
  epsilon = 0.050000
2019-Mar-03 22:06:13.505162 info[fractal.cpp:73] [34m[INFO] Adding new monomer to fractal using Monte Carlo algorithm.
2019-Mar-03 22:06:13.505202 info[fractal.cpp:121] [34m[INFO] Out of range best_monomer = 60.000000
2019-Mar-03 22:06:13.506556 fatal[fractal.cpp:155] [31m[FATAL] Best monomer did not satisfy epsilon.
  best_diff / _a = 0.742155
  epsilon = 0.050000
2019-Mar-03 22:06:13.506602 info[fractal.cpp:73] [34m[INFO] Adding new monomer to fractal using Monte Carlo algorithm.
2019-Mar-03 22:06:13.506642 info[fractal.cpp:121] [34m[INFO] Out of range best_monomer = 60.000000
2019-Mar-03 22:06:13.507989 fatal[fractal.cpp:155] [31m[FATAL] Best monomer did not satisfy epsilon.
  best_diff / _a = 0.742154
  epsilon = 0.050000
2019-Mar-03 22:06:13.508032 info[fractal.cpp:73] [34m[INFO] Adding new monomer to fractal using Monte Carlo algorithm.
2019-Mar-03 22:06:13.508072 info[fractal.cpp:121] [34m[INFO] Out of range best_monomer = 60.000000
2019-Mar-03 22:06:13.509443 fatal[fractal.cpp:155] [31m[FATAL] Best monomer did not satisfy epsilon.
  best_diff / _a = 0.742248
  epsilon = 0.050000
2019-Mar-03 22:06:13.509493 info[fractal.cpp:73] [34m[INFO] Adding new monomer to fractal using Monte Carlo algorithm.
2019-Mar-03 22:06:13.509534 info[fractal.cpp:121] [34m[INFO] Out of range best_monomer = 60.000000
2019-Mar-03 22:06:13.510898 fatal[fractal.cpp:155] [31m[FATAL] Best monomer did not satisfy epsilon.
  best_diff / _a = 0.742172
  epsilon = 0.050000
2019-Mar-03 22:06:13.510942 info[fractal.cpp:73] [34m[INFO] Adding new monomer to fractal using Monte Carlo algorithm.
2019-Mar-03 22:06:13.510983 info[fractal.cpp:121] [34m[INFO] Out of range best_monomer = 60.000000
2019-Mar-03 22:06:13.512319 fatal[fractal.cpp:155] [31m[FATAL] Best monomer did not satisfy epsilon.
  best_diff / _a = 0.742174
  epsilon = 0.050000
2019-Mar-03 22:06:13.512362 info[fractal.cpp:73] [34m[INFO] Adding new monomer to fractal using Monte Carlo algorithm.
2019-Mar-03 22:06:13.512403 info[fractal.cpp:121] [34m[INFO] Out of range best_monomer = 60.000000
2019-Mar-03 22:06:13.513766 fatal[fractal.cpp:155] [31m[FATAL] Best monomer did not satisfy epsilon.
  best_diff / _a = 0.742199
  epsilon = 0.050000
2019-Mar-03 22:06:13.513811 info[fractal.cpp:73] [34m[INFO] Adding new monomer to fractal using Monte Carlo algorithm.
2019-Mar-03 22:06:13.513852 info[fractal.cpp:121] [34m[INFO] Out of range best_monomer = 60.000000
2019-Mar-03 22:06:13.515196 fatal[fractal.cpp:155] [31m[FATAL] Best monomer did not satisfy epsilon.
  best_diff / _a = 0.742179
  epsilon = 0.050000
2019-Mar-03 22:06:13.515238 info[fractal.cpp:73] [34m[INFO] Adding new monomer to fractal using Monte Carlo algorithm.
2019-Mar-03 22:06:13.515279 info[fractal.cpp:121] [34m[INFO] Out of range best_monomer = 60.000000
2019-Mar-03 22:06:13.516635 fatal[fractal.cpp:155] [31m[FATAL] Best monomer did not satisfy epsilon.
  best_diff / _a = 0.742153
  epsilon = 0.050000
2019-Mar-03 22:06:13.516678 info[fractal.cpp:73] [34m[INFO] Adding new monomer to fractal using Monte Carlo algorithm.
2019-Mar-03 22:06:13.516718 info[fractal.cpp:121] [34m[INFO] Out of range best_monomer = 60.000000
2019-Mar-03 22:06:13.518067 fatal[fractal.cpp:155] [31m[FATAL] Best monomer did not satisfy epsilon.
  best_diff / _a = 0.742212
  epsilon = 0.050000
2019-Mar-03 22:06:13.518109 info[fractal.cpp:73] [34m[INFO] Adding new monomer to fractal using Monte Carlo algorithm.
2019-Mar-03 22:06:13.518351 info[fractal.cpp:121] [34m[INFO] Out of range best_monomer = 60.000000
2019-Mar-03 22:06:13.519795 fatal[fractal.cpp:155] [31m[FATAL] Best monomer did not satisfy epsilon.
  best_diff / _a = 0.742241
  epsilon = 0.050000
2019-Mar-03 22:06:13.519844 info[fractal.cpp:73] [34m[INFO] Adding new monomer to fractal using Monte Carlo algorithm.
2019-Mar-03 22:06:13.519885 info[fractal.cpp:121] [34m[INFO] Out of range best_monomer = 60.000000
2019-Mar-03 22:06:13.521488 fatal[fractal.cpp:155] [31m[FATAL] Best monomer did not satisfy epsilon.
  best_diff / _a = 0.742166
  epsilon = 0.050000
2019-Mar-03 22:06:13.521548 info[fractal.cpp:73] [34m[INFO] Adding new monomer to fractal using Monte Carlo algorithm.
2019-Mar-03 22:06:13.521589 info[fractal.cpp:121] [34m[INFO] Out of range best_monomer = 60.000000
2019-Mar-03 22:06:13.523318 fatal[fractal.cpp:155] [31m[FATAL] Best monomer did not satisfy epsilon.
  best_diff / _a = 0.742160
  epsilon = 0.050000
2019-Mar-03 22:06:13.523404 info[fractal.cpp:73] [34m[INFO] Adding new monomer to fractal using Monte Carlo algorithm.
2019-Mar-03 22:06:13.523449 info[fractal.cpp:121] [34m[INFO] Out of range best_monomer = 60.000000
2019-Mar-03 22:06:13.525045 fatal[fractal.cpp:155] [31m[FATAL] Best monomer did not satisfy epsilon.
  best_diff / _a = 0.742212
  epsilon = 0.050000
2019-Mar-03 22:06:13.525118 info[fractal.cpp:73] [34m[INFO] Adding new monomer to fractal using Monte Carlo algorithm.
2019-Mar-03 22:06:13.525166 info[fractal.cpp:121] [34m[INFO] Out of range best_monomer = 60.000000
2019-Mar-03 22:06:13.526790 fatal[fractal.cpp:155] [31m[FATAL] Best monomer did not satisfy epsilon.
  best_diff / _a = 0.742172
  epsilon = 0.050000
2019-Mar-03 22:06:13.526878 info[fractal.cpp:73] [34m[INFO] Adding new monomer to fractal using Monte Carlo algorithm.
2019-Mar-03 22:06:13.526934 info[fractal.cpp:121] [34m[INFO] Out of range best_monomer = 60.000000
2019-Mar-03 22:06:13.528313 fatal[fractal.cpp:155] [31m[FATAL] Best monomer did not satisfy epsilon.
  best_diff / _a = 0.742147
  epsilon = 0.050000
2019-Mar-03 22:06:13.528357 info[fractal.cpp:73] [34m[INFO] Adding new monomer to fractal using Monte Carlo algorithm.
2019-Mar-03 22:06:13.528398 info[fractal.cpp:121] [34m[INFO] Out of range best_monomer = 60.000000
2019-Mar-03 22:06:13.529741 fatal[fractal.cpp:155] [31m[FATAL] Best monomer did not satisfy epsilon.
  best_diff / _a = 0.742147
  epsilon = 0.050000
2019-Mar-03 22:06:13.529785 info[fractal.cpp:73] [34m[INFO] Adding new monomer to fractal using Monte Carlo algorithm.
2019-Mar-03 22:06:13.529825 info[fractal.cpp:121] [34m[INFO] Out of range best_monomer = 60.000000
2019-Mar-03 22:06:13.531603 fatal[fractal.cpp:155] [31m[FATAL] Best monomer did not satisfy epsilon.
  best_diff / _a = 0.742248
  epsilon = 0.050000
2019-Mar-03 22:06:13.531675 info[fractal.cpp:73] [34m[INFO] Adding new monomer to fractal using Monte Carlo algorithm.
2019-Mar-03 22:06:13.531734 info[fractal.cpp:121] [34m[INFO] Out of range best_monomer = 60.000000
2019-Mar-03 22:06:13.533624 fatal[fractal.cpp:155] [31m[FATAL] Best monomer did not satisfy epsilon.
  best_diff / _a = 0.742202
  epsilon = 0.050000
2019-Mar-03 22:06:13.533685 info[fractal.cpp:73] [34m[INFO] Adding new monomer to fractal using Monte Carlo algorithm.
2019-Mar-03 22:06:13.533742 info[fractal.cpp:121] [34m[INFO] Out of range best_monomer = 60.000000
2019-Mar-03 22:06:13.535543 fatal[fractal.cpp:155] [31m[FATAL] Best monomer did not satisfy epsilon.
  best_diff / _a = 0.742154
  epsilon = 0.050000
2019-Mar-03 22:06:13.535599 info[fractal.cpp:73] [34m[INFO] Adding new monomer to fractal using Monte Carlo algorithm.
2019-Mar-03 22:06:13.535649 info[fractal.cpp:121] [34m[INFO] Out of range best_monomer = 60.000000
2019-Mar-03 22:06:13.537826 fatal[fractal.cpp:155] [31m[FATAL] Best monomer did not satisfy epsilon.
  best_diff / _a = 0.742168
  epsilon = 0.050000
2019-Mar-03 22:06:13.537926 info[fractal.cpp:73] [34m[INFO] Adding new monomer to fractal using Monte Carlo algorithm.
2019-Mar-03 22:06:13.537978 info[fractal.cpp:121] [34m[INFO] Out of range best_monomer = 60.000000
2019-Mar-03 22:06:13.539646 fatal[fractal.cpp:155] [31m[FATAL] Best monomer did not satisfy epsilon.
  best_diff / _a = 0.742196
  epsilon = 0.050000
2019-Mar-03 22:06:13.539700 info[fractal.cpp:73] [34m[INFO] Adding new monomer to fractal using Monte Carlo algorithm.
2019-Mar-03 22:06:13.539751 info[fractal.cpp:121] [34m[INFO] Out of range best_monomer = 60.000000
2019-Mar-03 22:06:13.541407 fatal[fractal.cpp:155] [31m[FATAL] Best monomer did not satisfy epsilon.
  best_diff / _a = 0.742185
  epsilon = 0.050000
2019-Mar-03 22:06:13.541461 info[fractal.cpp:73] [34m[INFO] Adding new monomer to fractal using Monte Carlo algorithm.
2019-Mar-03 22:06:13.541511 info[fractal.cpp:121] [34m[INFO] Out of range best_monomer = 60.000000
2019-Mar-03 22:06:13.543077 fatal[fractal.cpp:155] [31m[FATAL] Best monomer did not satisfy epsilon.
  best_diff / _a = 0.742171
  epsilon = 0.050000
2019-Mar-03 22:06:13.543127 info[fractal.cpp:73] [34m[INFO] Adding new monomer to fractal using Monte Carlo algorithm.
2019-Mar-03 22:06:13.543171 info[fractal.cpp:121] [34m[INFO] Out of range best_monomer = 60.000000
2019-Mar-03 22:06:13.544822 fatal[fractal.cpp:155] [31m[FATAL] Best monomer did not satisfy epsilon.
  best_diff / _a = 0.742180
  epsilon = 0.050000
2019-Mar-03 22:06:13.544886 info[fractal.cpp:73] [34m[INFO] Adding new monomer to fractal using Monte Carlo algorithm.
2019-Mar-03 22:06:13.544932 info[fractal.cpp:121] [34m[INFO] Out of range best_monomer = 60.000000
2019-Mar-03 22:06:13.546397 fatal[fractal.cpp:155] [31m[FATAL] Best monomer did not satisfy epsilon.
  best_diff / _a = 0.742175
  epsilon = 0.050000
2019-Mar-03 22:06:13.546442 info[fractal.cpp:73] [34m[INFO] Adding new monomer to fractal using Monte Carlo algorithm.
2019-Mar-03 22:06:13.546483 info[fractal.cpp:121] [34m[INFO] Out of range best_monomer = 60.000000
2019-Mar-03 22:06:13.547813 fatal[fractal.cpp:155] [31m[FATAL] Best monomer did not satisfy epsilon.
  best_diff / _a = 0.742182
  epsilon = 0.050000
2019-Mar-03 22:06:13.547856 info[fractal.cpp:73] [34m[INFO] Adding new monomer to fractal using Monte Carlo algorithm.
2019-Mar-03 22:06:13.547896 info[fractal.cpp:121] [34m[INFO] Out of range best_monomer = 60.000000
2019-Mar-03 22:06:13.549222 fatal[fractal.cpp:155] [31m[FATAL] Best monomer did not satisfy epsilon.
  best_diff / _a = 0.742164
  epsilon = 0.050000
2019-Mar-03 22:06:13.549265 info[fractal.cpp:73] [34m[INFO] Adding new monomer to fractal using Monte Carlo algorithm.
