2019-Mar-03 22:15:04.674197 info[fractal.cpp:112] [34m[INFO] Failed to attach to (-6.075802, -76.898974, 8.667190). Trying new monomer.
2019-Mar-03 22:15:04.675930 info[fractal.cpp:112] [34m[INFO] Failed to attach to (-6.075802, -76.898974, 8.667190). Trying new monomer.
2019-Mar-03 22:15:04.677918 info[fractal.cpp:112] [34m[INFO] Failed to attach to (-6.075802, -76.898974, 8.667190). Trying new monomer.
2019-Mar-03 22:15:04.678970 info[fractal.cpp:112] [34m[INFO] Failed to attach to (-6.075802, -76.898974, 8.667190). Trying new monomer.
2019-Mar-03 22:15:04.681462 info[fractal.cpp:112] [34m[INFO] Failed to attach to (-6.075802, -76.898974, 8.667190). Trying new monomer.
2019-Mar-03 22:15:04.683530 info[fractal.cpp:112] [34m[INFO] Failed to attach to (-6.075802, -76.898974, 8.667190). Trying new monomer.
2019-Mar-03 22:15:04.686220 info[fractal.cpp:112] [34m[INFO] Failed to attach to (-6.075802, -76.898974, 8.667190). Trying new monomer.
2019-Mar-03 22:15:04.690781 info[fractal.cpp:112] [34m[INFO] Failed to attach to (-6.075802, -76.898974, 8.667190). Trying new monomer.
2019-Mar-03 22:15:04.695589 info[fractal.cpp:112] [34m[INFO] Failed to attach to (-6.075802, -76.898974, 8.667190). Trying new monomer.
2019-Mar-03 22:15:04.699385 info[fractal.cpp:112] [34m[INFO] Failed to attach to (-6.075802, -76.898974, 8.667190). Trying new monomer.
2019-Mar-03 22:15:04.701320 info[fractal.cpp:112] [34m[INFO] Failed to attach to (-6.075802, -76.898974, 8.667190). Trying new monomer.
2019-Mar-03 22:15:04.702280 info[fractal.cpp:112] [34m[INFO] Failed to attach to (-6.075802, -76.898974, 8.667190). Trying new monomer.
2019-Mar-03 22:15:04.705320 info[fractal.cpp:112] [34m[INFO] Failed to attach to (-6.075802, -76.898974, 8.667190). Trying new monomer.
2019-Mar-03 22:15:04.706881 info[fractal.cpp:112] [34m[INFO] Failed to attach to (-6.075802, -76.898974, 8.667190). Trying new monomer.
2019-Mar-03 22:15:04.709594 info[fractal.cpp:112] [34m[INFO] Failed to attach to (-6.075802, -76.898974, 8.667190). Trying new monomer.
2019-Mar-03 22:15:04.711225 info[fractal.cpp:112] [34m[INFO] Failed to attach to (-6.075802, -76.898974, 8.667190). Trying new monomer.
2019-Mar-03 22:15:04.712630 info[fractal.cpp:112] [34m[INFO] Failed to attach to (-6.075802, -76.898974, 8.667190). Trying new monomer.
2019-Mar-03 22:15:04.715193 info[fractal.cpp:112] [34m[INFO] Failed to attach to (-6.075802, -76.898974, 8.667190). Trying new monomer.
2019-Mar-03 22:15:04.721600 info[fractal.cpp:112] [34m[INFO] Failed to attach to (-6.075802, -76.898974, 8.667190). Trying new monomer.
2019-Mar-03 22:15:04.743026 info[fractal.cpp:112] [34m[INFO] Failed to attach to (-6.075802, -76.898974, 8.667190). Trying new monomer.
2019-Mar-03 22:15:04.758934 info[fractal.cpp:112] [34m[INFO] Failed to attach to (-21.738282, -70.668775, 47.136286). Trying new monomer.
2019-Mar-03 22:15:04.760994 info[fractal.cpp:112] [34m[INFO] Failed to attach to (-6.075802, -76.898974, 8.667190). Trying new monomer.
2019-Mar-03 22:15:04.762217 info[fractal.cpp:112] [34m[INFO] Failed to attach to (-6.075802, -76.898974, 8.667190). Trying new monomer.
2019-Mar-03 22:15:04.763869 info[fractal.cpp:112] [34m[INFO] Failed to attach to (-6.075802, -76.898974, 8.667190). Trying new monomer.
2019-Mar-03 22:15:04.764778 info[fractal.cpp:112] [34m[INFO] Failed to attach to (-6.075802, -76.898974, 8.667190). Trying new monomer.
2019-Mar-03 22:15:04.769903 info[fractal.cpp:112] [34m[INFO] Failed to attach to (-6.075802, -76.898974, 8.667190). Trying new monomer.
2019-Mar-03 22:15:04.770876 info[fractal.cpp:112] [34m[INFO] Failed to attach to (-6.075802, -76.898974, 8.667190). Trying new monomer.
2019-Mar-03 22:15:04.772534 info[fractal.cpp:112] [34m[INFO] Failed to attach to (-6.075802, -76.898974, 8.667190). Trying new monomer.
2019-Mar-03 22:15:04.777007 info[fractal.cpp:112] [34m[INFO] Failed to attach to (-6.075802, -76.898974, 8.667190). Trying new monomer.
2019-Mar-03 22:15:04.778940 info[fractal.cpp:112] [34m[INFO] Failed to attach to (0.728774, -40.490528, -11.134901). Trying new monomer.
2019-Mar-03 22:15:04.781763 info[fractal.cpp:112] [34m[INFO] Failed to attach to (-6.075802, -76.898974, 8.667190). Trying new monomer.
2019-Mar-03 22:15:04.783497 info[fractal.cpp:152] [34m[INFO] Actual epsilon = 0.000000
2019-Mar-03 22:15:04.783587 info[fractal.cpp:86] [34m[INFO] Adding monomer at point (-106.563801, 500.725161, -104.077295)
2019-Mar-03 22:15:04.783648 info[fractal.cpp:175] [34m[INFO] Fractal parameters updated.
2019-Mar-03 22:15:04.783699 info[fractal.cpp:73] [34m[INFO] Adding new monomer to fractal using Monte Carlo algorithm.
2019-Mar-03 22:15:04.783751 info[fractal.cpp:121] [34m[INFO] Out of range best_monomer = 3660.000000
2019-Mar-03 22:15:04.783807 info[fractal.cpp:143] [34m[INFO] Under epsilon in 1 attempts.
2019-Mar-03 22:15:04.787836 info[fractal.cpp:112] [34m[INFO] Failed to attach to (-6.075802, -76.898974, 8.667190). Trying new monomer.
2019-Mar-03 22:15:04.792204 info[fractal.cpp:112] [34m[INFO] Failed to attach to (-6.075802, -76.898974, 8.667190). Trying new monomer.
2019-Mar-03 22:15:04.794251 info[fractal.cpp:112] [34m[INFO] Failed to attach to (-6.075802, -76.898974, 8.667190). Trying new monomer.
2019-Mar-03 22:15:04.796119 info[fractal.cpp:112] [34m[INFO] Failed to attach to (-6.075802, -76.898974, 8.667190). Trying new monomer.
2019-Mar-03 22:15:04.801069 info[fractal.cpp:112] [34m[INFO] Failed to attach to (-6.075802, -76.898974, 8.667190). Trying new monomer.
2019-Mar-03 22:15:04.802244 info[fractal.cpp:112] [34m[INFO] Failed to attach to (-6.075802, -76.898974, 8.667190). Trying new monomer.
2019-Mar-03 22:15:04.803505 info[fractal.cpp:112] [34m[INFO] Failed to attach to (-6.075802, -76.898974, 8.667190). Trying new monomer.
2019-Mar-03 22:15:04.806078 info[fractal.cpp:112] [34m[INFO] Failed to attach to (-6.075802, -76.898974, 8.667190). Trying new monomer.
2019-Mar-03 22:15:04.808893 info[fractal.cpp:112] [34m[INFO] Failed to attach to (-6.075802, -76.898974, 8.667190). Trying new monomer.
2019-Mar-03 22:15:04.809688 info[fractal.cpp:112] [34m[INFO] Failed to attach to (-6.075802, -76.898974, 8.667190). Trying new monomer.
2019-Mar-03 22:15:04.810778 info[fractal.cpp:112] [34m[INFO] Failed to attach to (-6.075802, -76.898974, 8.667190). Trying new monomer.
2019-Mar-03 22:15:04.812830 info[fractal.cpp:112] [34m[INFO] Failed to attach to (-6.075802, -76.898974, 8.667190). Trying new monomer.
2019-Mar-03 22:15:04.817689 info[fractal.cpp:112] [34m[INFO] Failed to attach to (-6.075802, -76.898974, 8.667190). Trying new monomer.
2019-Mar-03 22:15:04.820438 info[fractal.cpp:112] [34m[INFO] Failed to attach to (22.074154, -73.561121, -25.787908). Trying new monomer.
2019-Mar-03 22:15:04.822520 info[fractal.cpp:112] [34m[INFO] Failed to attach to (-6.075802, -76.898974, 8.667190). Trying new monomer.
2019-Mar-03 22:15:04.824519 info[fractal.cpp:112] [34m[INFO] Failed to attach to (-6.075802, -76.898974, 8.667190). Trying new monomer.
2019-Mar-03 22:15:04.825278 info[fractal.cpp:112] [34m[INFO] Failed to attach to (-6.075802, -76.898974, 8.667190). Trying new monomer.
2019-Mar-03 22:15:04.826150 info[fractal.cpp:112] [34m[INFO] Failed to attach to (-6.075802, -76.898974, 8.667190). Trying new monomer.
2019-Mar-03 22:15:04.827697 info[fractal.cpp:112] [34m[INFO] Failed to attach to (-6.075802, -76.898974, 8.667190). Trying new monomer.
2019-Mar-03 22:15:04.828901 info[fractal.cpp:112] [34m[INFO] Failed to attach to (-6.075802, -76.898974, 8.667190). Trying new monomer.
2019-Mar-03 22:15:04.830976 info[fractal.cpp:112] [34m[INFO] Failed to attach to (-6.075802, -76.898974, 8.667190). Trying new monomer.
2019-Mar-03 22:15:04.832761 info[fractal.cpp:112] [34m[INFO] Failed to attach to (-6.075802, -76.898974, 8.667190). Trying new monomer.
2019-Mar-03 22:15:04.836662 info[fractal.cpp:112] [34m[INFO] Failed to attach to (-6.075802, -76.898974, 8.667190). Trying new monomer.
2019-Mar-03 22:15:04.841165 info[fractal.cpp:112] [34m[INFO] Failed to attach to (22.074154, -73.561121, -25.787908). Trying new monomer.
2019-Mar-03 22:15:04.842923 info[fractal.cpp:112] [34m[INFO] Failed to attach to (-6.075802, -76.898974, 8.667190). Trying new monomer.
2019-Mar-03 22:15:04.848537 info[fractal.cpp:112] [34m[INFO] Failed to attach to (-6.075802, -76.898974, 8.667190). Trying new monomer.
2019-Mar-03 22:15:04.852345 info[fractal.cpp:112] [34m[INFO] Failed to attach to (-6.075802, -76.898974, 8.667190). Trying new monomer.
2019-Mar-03 22:15:04.856627 info[fractal.cpp:112] [34m[INFO] Failed to attach to (-6.075802, -76.898974, 8.667190). Trying new monomer.
2019-Mar-03 22:15:04.858486 info[fractal.cpp:112] [34m[INFO] Failed to attach to (-6.075802, -76.898974, 8.667190). Trying new monomer.
2019-Mar-03 22:15:04.860825 info[fractal.cpp:112] [34m[INFO] Failed to attach to (-6.075802, -76.898974, 8.667190). Trying new monomer.
2019-Mar-03 22:15:04.864046 info[fractal.cpp:112] [34m[INFO] Failed to attach to (-6.075802, -76.898974, 8.667190). Trying new monomer.
2019-Mar-03 22:15:04.865730 info[fractal.cpp:112] [34m[INFO] Failed to attach to (-6.075802, -76.898974, 8.667190). Trying new monomer.
2019-Mar-03 22:15:04.866397 info[fractal.cpp:112] [34m[INFO] Failed to attach to (-6.075802, -76.898974, 8.667190). Trying new monomer.
2019-Mar-03 22:15:04.867971 info[fractal.cpp:112] [34m[INFO] Failed to attach to (-6.075802, -76.898974, 8.667190). Trying new monomer.
2019-Mar-03 22:15:04.871544 info[fractal.cpp:112] [34m[INFO] Failed to attach to (-6.075802, -76.898974, 8.667190). Trying new monomer.
2019-Mar-03 22:15:04.872380 info[fractal.cpp:112] [34m[INFO] Failed to attach to (-6.075802, -76.898974, 8.667190). Trying new monomer.
2019-Mar-03 22:15:04.874007 info[fractal.cpp:112] [34m[INFO] Failed to attach to (-6.075802, -76.898974, 8.667190). Trying new monomer.
2019-Mar-03 22:15:04.876265 info[fractal.cpp:152] [34m[INFO] Actual epsilon = 0.000000
2019-Mar-03 22:15:04.876383 info[fractal.cpp:86] [34m[INFO] Adding monomer at point (-166.948563, 495.055417, -99.784694)
2019-Mar-03 22:15:04.876507 info[fractal.cpp:175] [34m[INFO] Fractal parameters updated.
2019-Mar-03 22:15:04.876571 info[fractal.cpp:73] [34m[INFO] Adding new monomer to fractal using Monte Carlo algorithm.
2019-Mar-03 22:15:04.876654 info[fractal.cpp:121] [34m[INFO] Out of range best_monomer = 3690.000000
2019-Mar-03 22:15:04.876761 info[fractal.cpp:143] [34m[INFO] Under epsilon in 1 attempts.
2019-Mar-03 22:15:04.882404 info[fractal.cpp:112] [34m[INFO] Failed to attach to (-6.075802, -76.898974, 8.667190). Trying new monomer.
2019-Mar-03 22:15:04.884039 info[fractal.cpp:112] [34m[INFO] Failed to attach to (-6.075802, -76.898974, 8.667190). Trying new monomer.
2019-Mar-03 22:15:04.885842 info[fractal.cpp:112] [34m[INFO] Failed to attach to (-6.075802, -76.898974, 8.667190). Trying new monomer.
2019-Mar-03 22:15:04.889292 info[fractal.cpp:112] [34m[INFO] Failed to attach to (-6.075802, -76.898974, 8.667190). Trying new monomer.
2019-Mar-03 22:15:04.890836 info[fractal.cpp:112] [34m[INFO] Failed to attach to (-6.075802, -76.898974, 8.667190). Trying new monomer.
2019-Mar-03 22:15:04.892916 info[fractal.cpp:112] [34m[INFO] Failed to attach to (-6.075802, -76.898974, 8.667190). Trying new monomer.
2019-Mar-03 22:15:04.900340 info[fractal.cpp:112] [34m[INFO] Failed to attach to (-6.075802, -76.898974, 8.667190). Trying new monomer.
2019-Mar-03 22:15:04.905190 info[fractal.cpp:112] [34m[INFO] Failed to attach to (-6.075802, -76.898974, 8.667190). Trying new monomer.
2019-Mar-03 22:15:04.905834 info[fractal.cpp:112] [34m[INFO] Failed to attach to (-6.075802, -76.898974, 8.667190). Trying new monomer.
2019-Mar-03 22:15:04.907601 info[fractal.cpp:112] [34m[INFO] Failed to attach to (-6.075802, -76.898974, 8.667190). Trying new monomer.
2019-Mar-03 22:15:04.908422 info[fractal.cpp:112] [34m[INFO] Failed to attach to (-6.075802, -76.898974, 8.667190). Trying new monomer.
2019-Mar-03 22:15:04.911026 info[fractal.cpp:112] [34m[INFO] Failed to attach to (-21.738282, -70.668775, 47.136286). Trying new monomer.
2019-Mar-03 22:15:04.912001 info[fractal.cpp:112] [34m[INFO] Failed to attach to (-6.075802, -76.898974, 8.667190). Trying new monomer.
2019-Mar-03 22:15:04.914209 info[fractal.cpp:112] [34m[INFO] Failed to attach to (-6.075802, -76.898974, 8.667190). Trying new monomer.
2019-Mar-03 22:15:04.915288 info[fractal.cpp:112] [34m[INFO] Failed to attach to (-6.075802, -76.898974, 8.667190). Trying new monomer.
2019-Mar-03 22:15:04.916379 info[fractal.cpp:112] [34m[INFO] Failed to attach to (-6.075802, -76.898974, 8.667190). Trying new monomer.
2019-Mar-03 22:15:04.920925 info[fractal.cpp:112] [34m[INFO] Failed to attach to (-6.075802, -76.898974, 8.667190). Trying new monomer.
2019-Mar-03 22:15:04.923563 info[fractal.cpp:112] [34m[INFO] Failed to attach to (-6.075802, -76.898974, 8.667190). Trying new monomer.
2019-Mar-03 22:15:04.924232 info[fractal.cpp:112] [34m[INFO] Failed to attach to (-6.075802, -76.898974, 8.667190). Trying new monomer.
2019-Mar-03 22:15:04.928147 info[fractal.cpp:112] [34m[INFO] Failed to attach to (22.074154, -73.561121, -25.787908). Trying new monomer.
2019-Mar-03 22:15:04.929132 info[fractal.cpp:112] [34m[INFO] Failed to attach to (-6.075802, -76.898974, 8.667190). Trying new monomer.
2019-Mar-03 22:15:04.930250 info[fractal.cpp:112] [34m[INFO] Failed to attach to (-6.075802, -76.898974, 8.667190). Trying new monomer.
2019-Mar-03 22:15:04.930969 info[fractal.cpp:112] [34m[INFO] Failed to attach to (-6.075802, -76.898974, 8.667190). Trying new monomer.
2019-Mar-03 22:15:04.933014 info[fractal.cpp:112] [34m[INFO] Failed to attach to (-6.075802, -76.898974, 8.667190). Trying new monomer.
2019-Mar-03 22:15:04.933715 info[fractal.cpp:112] [34m[INFO] Failed to attach to (-6.075802, -76.898974, 8.667190). Trying new monomer.
2019-Mar-03 22:15:04.934605 info[fractal.cpp:112] [34m[INFO] Failed to attach to (-6.075802, -76.898974, 8.667190). Trying new monomer.
2019-Mar-03 22:15:04.937399 info[fractal.cpp:112] [34m[INFO] Failed to attach to (-6.075802, -76.898974, 8.667190). Trying new monomer.
2019-Mar-03 22:15:04.938808 info[fractal.cpp:112] [34m[INFO] Failed to attach to (-6.075802, -76.898974, 8.667190). Trying new monomer.
2019-Mar-03 22:15:04.941075 info[fractal.cpp:112] [34m[INFO] Failed to attach to (-6.075802, -76.898974, 8.667190). Trying new monomer.
2019-Mar-03 22:15:04.942051 info[fractal.cpp:112] [34m[INFO] Failed to attach to (-6.075802, -76.898974, 8.667190). Trying new monomer.
2019-Mar-03 22:15:04.944593 info[fractal.cpp:112] [34m[INFO] Failed to attach to (-6.075802, -76.898974, 8.667190). Trying new monomer.
2019-Mar-03 22:15:04.945597 info[fractal.cpp:112] [34m[INFO] Failed to attach to (-6.075802, -76.898974, 8.667190). Trying new monomer.
2019-Mar-03 22:15:04.947688 info[fractal.cpp:112] [34m[INFO] Failed to attach to (-6.075802, -76.898974, 8.667190). Trying new monomer.
2019-Mar-03 22:15:04.948523 info[fractal.cpp:112] [34m[INFO] Failed to attach to (-6.075802, -76.898974, 8.667190). Trying new monomer.
2019-Mar-03 22:15:04.950977 info[fractal.cpp:112] [34m[INFO] Failed to attach to (-6.075802, -76.898974, 8.667190). Trying new monomer.
2019-Mar-03 22:15:04.952381 info[fractal.cpp:112] [34m[INFO] Failed to attach to (-6.075802, -76.898974, 8.667190). Trying new monomer.
2019-Mar-03 22:15:04.953306 info[fractal.cpp:112] [34m[INFO] Failed to attach to (-6.075802, -76.898974, 8.667190). Trying new monomer.
2019-Mar-03 22:15:04.955275 info[fractal.cpp:112] [34m[INFO] Failed to attach to (-6.075802, -76.898974, 8.667190). Trying new monomer.
2019-Mar-03 22:15:04.964041 info[fractal.cpp:112] [34m[INFO] Failed to attach to (-6.075802, -76.898974, 8.667190). Trying new monomer.
2019-Mar-03 22:15:04.965427 info[fractal.cpp:112] [34m[INFO] Failed to attach to (-21.738282, -70.668775, 47.136286). Trying new monomer.
2019-Mar-03 22:15:04.967300 info[fractal.cpp:112] [34m[INFO] Failed to attach to (-6.075802, -76.898974, 8.667190). Trying new monomer.
2019-Mar-03 22:15:04.975001 info[fractal.cpp:112] [34m[INFO] Failed to attach to (-6.075802, -76.898974, 8.667190). Trying new monomer.
