2019-Mar-03 22:06:22.353680 info[fractal.cpp:121] [34m[INFO] Out of range best_monomer = 60.000000
2019-Mar-03 22:06:22.355662 fatal[fractal.cpp:155] [31m[FATAL] Best monomer did not satisfy epsilon.
  best_diff / _a = 0.742180
  epsilon = 0.050000
2019-Mar-03 22:06:22.355719 info[fractal.cpp:73] [34m[INFO] Adding new monomer to fractal using Monte Carlo algorithm.
2019-Mar-03 22:06:22.355764 info[fractal.cpp:121] [34m[INFO] Out of range best_monomer = 60.000000
2019-Mar-03 22:06:22.357271 fatal[fractal.cpp:155] [31m[FATAL] Best monomer did not satisfy epsilon.
  best_diff / _a = 0.742168
  epsilon = 0.050000
2019-Mar-03 22:06:22.357318 info[fractal.cpp:73] [34m[INFO] Adding new monomer to fractal using Monte Carlo algorithm.
2019-Mar-03 22:06:22.357362 info[fractal.cpp:121] [34m[INFO] Out of range best_monomer = 60.000000
2019-Mar-03 22:06:22.358850 fatal[fractal.cpp:155] [31m[FATAL] Best monomer did not satisfy epsilon.
  best_diff / _a = 0.742220
  epsilon = 0.050000
2019-Mar-03 22:06:22.358895 info[fractal.cpp:73] [34m[INFO] Adding new monomer to fractal using Monte Carlo algorithm.
2019-Mar-03 22:06:22.358935 info[fractal.cpp:121] [34m[INFO] Out of range best_monomer = 60.000000
2019-Mar-03 22:06:22.360420 fatal[fractal.cpp:155] [31m[FATAL] Best monomer did not satisfy epsilon.
  best_diff / _a = 0.742167
  epsilon = 0.050000
2019-Mar-03 22:06:22.360492 info[fractal.cpp:73] [34m[INFO] Adding new monomer to fractal using Monte Carlo algorithm.
2019-Mar-03 22:06:22.360537 info[fractal.cpp:121] [34m[INFO] Out of range best_monomer = 60.000000
2019-Mar-03 22:06:22.361886 fatal[fractal.cpp:155] [31m[FATAL] Best monomer did not satisfy epsilon.
  best_diff / _a = 0.742253
  epsilon = 0.050000
2019-Mar-03 22:06:22.361930 info[fractal.cpp:73] [34m[INFO] Adding new monomer to fractal using Monte Carlo algorithm.
2019-Mar-03 22:06:22.361970 info[fractal.cpp:121] [34m[INFO] Out of range best_monomer = 60.000000
2019-Mar-03 22:06:22.363354 fatal[fractal.cpp:155] [31m[FATAL] Best monomer did not satisfy epsilon.
  best_diff / _a = 0.742181
  epsilon = 0.050000
2019-Mar-03 22:06:22.363401 info[fractal.cpp:73] [34m[INFO] Adding new monomer to fractal using Monte Carlo algorithm.
2019-Mar-03 22:06:22.363442 info[fractal.cpp:121] [34m[INFO] Out of range best_monomer = 60.000000
2019-Mar-03 22:06:22.365112 fatal[fractal.cpp:155] [31m[FATAL] Best monomer did not satisfy epsilon.
  best_diff / _a = 0.742199
  epsilon = 0.050000
2019-Mar-03 22:06:22.365199 info[fractal.cpp:73] [34m[INFO] Adding new monomer to fractal using Monte Carlo algorithm.
2019-Mar-03 22:06:22.365253 info[fractal.cpp:121] [34m[INFO] Out of range best_monomer = 60.000000
2019-Mar-03 22:06:22.366637 fatal[fractal.cpp:155] [31m[FATAL] Best monomer did not satisfy epsilon.
  best_diff / _a = 0.742247
  epsilon = 0.050000
2019-Mar-03 22:06:22.366681 info[fractal.cpp:73] [34m[INFO] Adding new monomer to fractal using Monte Carlo algorithm.
2019-Mar-03 22:06:22.366722 info[fractal.cpp:121] [34m[INFO] Out of range best_monomer = 60.000000
2019-Mar-03 22:06:22.368234 fatal[fractal.cpp:155] [31m[FATAL] Best monomer did not satisfy epsilon.
  best_diff / _a = 0.742228
  epsilon = 0.050000
2019-Mar-03 22:06:22.368308 info[fractal.cpp:73] [34m[INFO] Adding new monomer to fractal using Monte Carlo algorithm.
2019-Mar-03 22:06:22.368355 info[fractal.cpp:121] [34m[INFO] Out of range best_monomer = 60.000000
2019-Mar-03 22:06:22.369748 fatal[fractal.cpp:155] [31m[FATAL] Best monomer did not satisfy epsilon.
  best_diff / _a = 0.742256
  epsilon = 0.050000
2019-Mar-03 22:06:22.369792 info[fractal.cpp:73] [34m[INFO] Adding new monomer to fractal using Monte Carlo algorithm.
2019-Mar-03 22:06:22.369943 info[fractal.cpp:121] [34m[INFO] Out of range best_monomer = 60.000000
2019-Mar-03 22:06:22.371975 fatal[fractal.cpp:155] [31m[FATAL] Best monomer did not satisfy epsilon.
  best_diff / _a = 0.742360
  epsilon = 0.050000
2019-Mar-03 22:06:22.372041 info[fractal.cpp:73] [34m[INFO] Adding new monomer to fractal using Monte Carlo algorithm.
2019-Mar-03 22:06:22.372099 info[fractal.cpp:121] [34m[INFO] Out of range best_monomer = 60.000000
2019-Mar-03 22:06:22.374033 fatal[fractal.cpp:155] [31m[FATAL] Best monomer did not satisfy epsilon.
  best_diff / _a = 0.742165
  epsilon = 0.050000
2019-Mar-03 22:06:22.374089 info[fractal.cpp:73] [34m[INFO] Adding new monomer to fractal using Monte Carlo algorithm.
2019-Mar-03 22:06:22.374139 info[fractal.cpp:121] [34m[INFO] Out of range best_monomer = 60.000000
2019-Mar-03 22:06:22.375823 fatal[fractal.cpp:155] [31m[FATAL] Best monomer did not satisfy epsilon.
  best_diff / _a = 0.742175
  epsilon = 0.050000
2019-Mar-03 22:06:22.375876 info[fractal.cpp:73] [34m[INFO] Adding new monomer to fractal using Monte Carlo algorithm.
2019-Mar-03 22:06:22.375926 info[fractal.cpp:121] [34m[INFO] Out of range best_monomer = 60.000000
2019-Mar-03 22:06:22.377583 fatal[fractal.cpp:155] [31m[FATAL] Best monomer did not satisfy epsilon.
  best_diff / _a = 0.742157
  epsilon = 0.050000
2019-Mar-03 22:06:22.377636 info[fractal.cpp:73] [34m[INFO] Adding new monomer to fractal using Monte Carlo algorithm.
2019-Mar-03 22:06:22.377686 info[fractal.cpp:121] [34m[INFO] Out of range best_monomer = 60.000000
2019-Mar-03 22:06:22.379340 fatal[fractal.cpp:155] [31m[FATAL] Best monomer did not satisfy epsilon.
  best_diff / _a = 0.742162
  epsilon = 0.050000
2019-Mar-03 22:06:22.379393 info[fractal.cpp:73] [34m[INFO] Adding new monomer to fractal using Monte Carlo algorithm.
2019-Mar-03 22:06:22.379443 info[fractal.cpp:121] [34m[INFO] Out of range best_monomer = 60.000000
2019-Mar-03 22:06:22.381452 fatal[fractal.cpp:155] [31m[FATAL] Best monomer did not satisfy epsilon.
  best_diff / _a = 0.742183
  epsilon = 0.050000
2019-Mar-03 22:06:22.381522 info[fractal.cpp:73] [34m[INFO] Adding new monomer to fractal using Monte Carlo algorithm.
2019-Mar-03 22:06:22.381580 info[fractal.cpp:121] [34m[INFO] Out of range best_monomer = 60.000000
2019-Mar-03 22:06:22.383462 fatal[fractal.cpp:155] [31m[FATAL] Best monomer did not satisfy epsilon.
  best_diff / _a = 0.742164
  epsilon = 0.050000
2019-Mar-03 22:06:22.383523 info[fractal.cpp:73] [34m[INFO] Adding new monomer to fractal using Monte Carlo algorithm.
2019-Mar-03 22:06:22.383580 info[fractal.cpp:121] [34m[INFO] Out of range best_monomer = 60.000000
2019-Mar-03 22:06:22.385324 fatal[fractal.cpp:155] [31m[FATAL] Best monomer did not satisfy epsilon.
  best_diff / _a = 0.742209
  epsilon = 0.050000
2019-Mar-03 22:06:22.385378 info[fractal.cpp:73] [34m[INFO] Adding new monomer to fractal using Monte Carlo algorithm.
2019-Mar-03 22:06:22.385428 info[fractal.cpp:121] [34m[INFO] Out of range best_monomer = 60.000000
2019-Mar-03 22:06:22.387086 fatal[fractal.cpp:155] [31m[FATAL] Best monomer did not satisfy epsilon.
  best_diff / _a = 0.742174
  epsilon = 0.050000
2019-Mar-03 22:06:22.387139 info[fractal.cpp:73] [34m[INFO] Adding new monomer to fractal using Monte Carlo algorithm.
2019-Mar-03 22:06:22.387189 info[fractal.cpp:121] [34m[INFO] Out of range best_monomer = 60.000000
2019-Mar-03 22:06:22.388855 fatal[fractal.cpp:155] [31m[FATAL] Best monomer did not satisfy epsilon.
  best_diff / _a = 0.742179
  epsilon = 0.050000
2019-Mar-03 22:06:22.388908 info[fractal.cpp:73] [34m[INFO] Adding new monomer to fractal using Monte Carlo algorithm.
2019-Mar-03 22:06:22.388958 info[fractal.cpp:121] [34m[INFO] Out of range best_monomer = 60.000000
2019-Mar-03 22:06:22.390775 fatal[fractal.cpp:155] [31m[FATAL] Best monomer did not satisfy epsilon.
  best_diff / _a = 0.742166
  epsilon = 0.050000
2019-Mar-03 22:06:22.390851 info[fractal.cpp:73] [34m[INFO] Adding new monomer to fractal using Monte Carlo algorithm.
2019-Mar-03 22:06:22.390897 info[fractal.cpp:121] [34m[INFO] Out of range best_monomer = 60.000000
2019-Mar-03 22:06:22.392403 fatal[fractal.cpp:155] [31m[FATAL] Best monomer did not satisfy epsilon.
  best_diff / _a = 0.742220
  epsilon = 0.050000
2019-Mar-03 22:06:22.392453 info[fractal.cpp:73] [34m[INFO] Adding new monomer to fractal using Monte Carlo algorithm.
2019-Mar-03 22:06:22.392497 info[fractal.cpp:121] [34m[INFO] Out of range best_monomer = 60.000000
2019-Mar-03 22:06:22.393994 fatal[fractal.cpp:155] [31m[FATAL] Best monomer did not satisfy epsilon.
  best_diff / _a = 0.742158
  epsilon = 0.050000
2019-Mar-03 22:06:22.394043 info[fractal.cpp:73] [34m[INFO] Adding new monomer to fractal using Monte Carlo algorithm.
2019-Mar-03 22:06:22.394087 info[fractal.cpp:121] [34m[INFO] Out of range best_monomer = 60.000000
2019-Mar-03 22:06:22.395515 fatal[fractal.cpp:155] [31m[FATAL] Best monomer did not satisfy epsilon.
  best_diff / _a = 0.742176
  epsilon = 0.050000
2019-Mar-03 22:06:22.395559 info[fractal.cpp:73] [34m[INFO] Adding new monomer to fractal using Monte Carlo algorithm.
2019-Mar-03 22:06:22.395600 info[fractal.cpp:121] [34m[INFO] Out of range best_monomer = 60.000000
2019-Mar-03 22:06:22.396990 fatal[fractal.cpp:155] [31m[FATAL] Best monomer did not satisfy epsilon.
  best_diff / _a = 0.742236
  epsilon = 0.050000
2019-Mar-03 22:06:22.397051 info[fractal.cpp:73] [34m[INFO] Adding new monomer to fractal using Monte Carlo algorithm.
2019-Mar-03 22:06:22.397095 info[fractal.cpp:121] [34m[INFO] Out of range best_monomer = 60.000000
2019-Mar-03 22:06:22.398450 fatal[fractal.cpp:155] [31m[FATAL] Best monomer did not satisfy epsilon.
  best_diff / _a = 0.742256
  epsilon = 0.050000
2019-Mar-03 22:06:22.398494 info[fractal.cpp:73] [34m[INFO] Adding new monomer to fractal using Monte Carlo algorithm.
2019-Mar-03 22:06:22.398534 info[fractal.cpp:121] [34m[INFO] Out of range best_monomer = 60.000000
2019-Mar-03 22:06:22.399868 fatal[fractal.cpp:155] [31m[FATAL] Best monomer did not satisfy epsilon.
  best_diff / _a = 0.742198
  epsilon = 0.050000
2019-Mar-03 22:06:22.399910 info[fractal.cpp:73] [34m[INFO] Adding new monomer to fractal using Monte Carlo algorithm.
2019-Mar-03 22:06:22.399950 info[fractal.cpp:121] [34m[INFO] Out of range best_monomer = 60.000000
2019-Mar-03 22:06:22.401300 fatal[fractal.cpp:155] [31m[FATAL] Best monomer did not satisfy epsilon.
  best_diff / _a = 0.742173
  epsilon = 0.050000
2019-Mar-03 22:06:22.401343 info[fractal.cpp:73] [34m[INFO] Adding new monomer to fractal using Monte Carlo algorithm.
2019-Mar-03 22:06:22.401383 info[fractal.cpp:121] [34m[INFO] Out of range best_monomer = 60.000000
2019-Mar-03 22:06:22.403031 fatal[fractal.cpp:155] [31m[FATAL] Best monomer did not satisfy epsilon.
  best_diff / _a = 0.742191
  epsilon = 0.050000
2019-Mar-03 22:06:22.403147 info[fractal.cpp:73] [34m[INFO] Adding new monomer to fractal using Monte Carlo algorithm.
2019-Mar-03 22:06:22.403212 info[fractal.cpp:121] [34m[INFO] Out of range best_monomer = 60.000000
2019-Mar-03 22:06:22.404776 fatal[fractal.cpp:155] [31m[FATAL] Best monomer did not satisfy epsilon.
  best_diff / _a = 0.742174
  epsilon = 0.050000
2019-Mar-03 22:06:22.404847 info[fractal.cpp:73] [34m[INFO] Adding new monomer to fractal using Monte Carlo algorithm.
2019-Mar-03 22:06:22.404892 info[fractal.cpp:121] [34m[INFO] Out of range best_monomer = 60.000000
2019-Mar-03 22:06:22.406267 fatal[fractal.cpp:155] [31m[FATAL] Best monomer did not satisfy epsilon.
  best_diff / _a = 0.742152
  epsilon = 0.050000
2019-Mar-03 22:06:22.406310 info[fractal.cpp:73] [34m[INFO] Adding new monomer to fractal using Monte Carlo algorithm.
2019-Mar-03 22:06:22.406350 info[fractal.cpp:121] [34m[INFO] Out of range best_monomer = 60.000000
2019-Mar-03 22:06:22.407686 fatal[fractal.cpp:155] [31m[FATAL] Best monomer did not satisfy epsilon.
  best_diff / _a = 0.742147
  epsilon = 0.050000
2019-Mar-03 22:06:22.407729 info[fractal.cpp:73] [34m[INFO] Adding new monomer to fractal using Monte Carlo algorithm.
2019-Mar-03 22:06:22.407769 info[fractal.cpp:121] [34m[INFO] Out of range best_monomer = 60.000000
2019-Mar-03 22:06:22.409107 fatal[fractal.cpp:155] [31m[FATAL] Best monomer did not satisfy epsilon.
  best_diff / _a = 0.742206
  epsilon = 0.050000
2019-Mar-03 22:06:22.409150 info[fractal.cpp:73] [34m[INFO] Adding new monomer to fractal using Monte Carlo algorithm.
2019-Mar-03 22:06:22.409190 info[fractal.cpp:121] [34m[INFO] Out of range best_monomer = 60.000000
2019-Mar-03 22:06:22.410555 fatal[fractal.cpp:155] [31m[FATAL] Best monomer did not satisfy epsilon.
  best_diff / _a = 0.742151
  epsilon = 0.050000
2019-Mar-03 22:06:22.410600 info[fractal.cpp:73] [34m[INFO] Adding new monomer to fractal using Monte Carlo algorithm.
2019-Mar-03 22:06:22.410640 info[fractal.cpp:121] [34m[INFO] Out of range best_monomer = 60.000000
2019-Mar-03 22:06:22.412019 fatal[fractal.cpp:155] [31m[FATAL] Best monomer did not satisfy epsilon.
  best_diff / _a = 0.742238
  epsilon = 0.050000
2019-Mar-03 22:06:22.412063 info[fractal.cpp:73] [34m[INFO] Adding new monomer to fractal using Monte Carlo algorithm.
2019-Mar-03 22:06:22.412103 info[fractal.cpp:121] [34m[INFO] Out of range best_monomer = 60.000000
2019-Mar-03 22:06:22.413450 fatal[fractal.cpp:155] [31m[FATAL] Best monomer did not satisfy epsilon.
  best_diff / _a = 0.742177
  epsilon = 0.050000
2019-Mar-03 22:06:22.413493 info[fractal.cpp:73] [34m[INFO] Adding new monomer to fractal using Monte Carlo algorithm.
2019-Mar-03 22:06:22.413533 info[fractal.cpp:121] [34m[INFO] Out of range best_monomer = 60.000000
2019-Mar-03 22:06:22.415376 fatal[fractal.cpp:155] [31m[FATAL] Best monomer did not satisfy epsilon.
  best_diff / _a = 0.742157
  epsilon = 0.050000
2019-Mar-03 22:06:22.415460 info[fractal.cpp:73] [34m[INFO] Adding new monomer to fractal using Monte Carlo algorithm.
2019-Mar-03 22:06:22.415506 info[fractal.cpp:121] [34m[INFO] Out of range best_monomer = 60.000000
2019-Mar-03 22:06:22.416946 fatal[fractal.cpp:155] [31m[FATAL] Best monomer did not satisfy epsilon.
  best_diff / _a = 0.742194
  epsilon = 0.050000
2019-Mar-03 22:06:22.416993 info[fractal.cpp:73] [34m[INFO] Adding new monomer to fractal using Monte Carlo algorithm.
2019-Mar-03 22:06:22.417036 info[fractal.cpp:121] [34m[INFO] Out of range best_monomer = 60.000000
2019-Mar-03 22:06:22.418471 fatal[fractal.cpp:155] [31m[FATAL] Best monomer did not satisfy epsilon.
  best_diff / _a = 0.742150
  epsilon = 0.050000
2019-Mar-03 22:06:22.418518 info[fractal.cpp:73] [34m[INFO] Adding new monomer to fractal using Monte Carlo algorithm.
2019-Mar-03 22:06:22.418561 info[fractal.cpp:121] [34m[INFO] Out of range best_monomer = 60.000000
2019-Mar-03 22:06:22.419924 fatal[fractal.cpp:155] [31m[FATAL] Best monomer did not satisfy epsilon.
  best_diff / _a = 0.742154
  epsilon = 0.050000
2019-Mar-03 22:06:22.419966 info[fractal.cpp:73] [34m[INFO] Adding new monomer to fractal using Monte Carlo algorithm.
2019-Mar-03 22:06:22.420006 info[fractal.cpp:121] [34m[INFO] Out of range best_monomer = 60.000000
2019-Mar-03 22:06:22.421352 fatal[fractal.cpp:155] [31m[FATAL] Best monomer did not satisfy epsilon.
  best_diff / _a = 0.742261
  epsilon = 0.050000
2019-Mar-03 22:06:22.421395 info[fractal.cpp:73] [34m[INFO] Adding new monomer to fractal using Monte Carlo algorithm.
2019-Mar-03 22:06:22.421435 info[fractal.cpp:121] [34m[INFO] Out of range best_monomer = 60.000000
2019-Mar-03 22:06:22.422813 fatal[fractal.cpp:155] [31m[FATAL] Best monomer did not satisfy epsilon.
  best_diff / _a = 0.742150
  epsilon = 0.050000
2019-Mar-03 22:06:22.422856 info[fractal.cpp:73] [34m[INFO] Adding new monomer to fractal using Monte Carlo algorithm.
2019-Mar-03 22:06:22.422896 info[fractal.cpp:121] [34m[INFO] Out of range best_monomer = 60.000000
2019-Mar-03 22:06:22.424252 fatal[fractal.cpp:155] [31m[FATAL] Best monomer did not satisfy epsilon.
  best_diff / _a = 0.742214
  epsilon = 0.050000
2019-Mar-03 22:06:22.424296 info[fractal.cpp:73] [34m[INFO] Adding new monomer to fractal using Monte Carlo algorithm.
2019-Mar-03 22:06:22.424336 info[fractal.cpp:121] [34m[INFO] Out of range best_monomer = 60.000000
2019-Mar-03 22:06:22.425677 fatal[fractal.cpp:155] [31m[FATAL] Best monomer did not satisfy epsilon.
  best_diff / _a = 0.742244
  epsilon = 0.050000
2019-Mar-03 22:06:22.425720 info[fractal.cpp:73] [34m[INFO] Adding new monomer to fractal using Monte Carlo algorithm.
