2019-Mar-03 22:15:04.213068 info[fractal.cpp:112] [34m[INFO] Failed to attach to (-6.075802, -76.898974, 8.667190). Trying new monomer.
2019-Mar-03 22:15:04.214794 info[fractal.cpp:112] [34m[INFO] Failed to attach to (-6.075802, -76.898974, 8.667190). Trying new monomer.
2019-Mar-03 22:15:04.219275 info[fractal.cpp:112] [34m[INFO] Failed to attach to (-6.075802, -76.898974, 8.667190). Trying new monomer.
2019-Mar-03 22:15:04.220295 info[fractal.cpp:112] [34m[INFO] Failed to attach to (-6.075802, -76.898974, 8.667190). Trying new monomer.
2019-Mar-03 22:15:04.222057 info[fractal.cpp:112] [34m[INFO] Failed to attach to (-6.075802, -76.898974, 8.667190). Trying new monomer.
2019-Mar-03 22:15:04.222971 info[fractal.cpp:112] [34m[INFO] Failed to attach to (-6.075802, -76.898974, 8.667190). Trying new monomer.
2019-Mar-03 22:15:04.225859 info[fractal.cpp:112] [34m[INFO] Failed to attach to (-6.075802, -76.898974, 8.667190). Trying new monomer.
2019-Mar-03 22:15:04.228858 info[fractal.cpp:112] [34m[INFO] Failed to attach to (-6.075802, -76.898974, 8.667190). Trying new monomer.
2019-Mar-03 22:15:04.230668 info[fractal.cpp:112] [34m[INFO] Failed to attach to (-6.075802, -76.898974, 8.667190). Trying new monomer.
2019-Mar-03 22:15:04.231354 info[fractal.cpp:112] [34m[INFO] Failed to attach to (-6.075802, -76.898974, 8.667190). Trying new monomer.
2019-Mar-03 22:15:04.232595 info[fractal.cpp:112] [34m[INFO] Failed to attach to (-21.738282, -70.668775, 47.136286). Trying new monomer.
2019-Mar-03 22:15:04.234039 info[fractal.cpp:112] [34m[INFO] Failed to attach to (-6.075802, -76.898974, 8.667190). Trying new monomer.
2019-Mar-03 22:15:04.236233 info[fractal.cpp:112] [34m[INFO] Failed to attach to (-6.075802, -76.898974, 8.667190). Trying new monomer.
2019-Mar-03 22:15:04.239085 info[fractal.cpp:112] [34m[INFO] Failed to attach to (-6.075802, -76.898974, 8.667190). Trying new monomer.
2019-Mar-03 22:15:04.241223 info[fractal.cpp:112] [34m[INFO] Failed to attach to (-6.075802, -76.898974, 8.667190). Trying new monomer.
2019-Mar-03 22:15:04.245518 info[fractal.cpp:112] [34m[INFO] Failed to attach to (-6.075802, -76.898974, 8.667190). Trying new monomer.
2019-Mar-03 22:15:04.247303 info[fractal.cpp:112] [34m[INFO] Failed to attach to (0.728774, -40.490528, -11.134901). Trying new monomer.
2019-Mar-03 22:15:04.249115 info[fractal.cpp:112] [34m[INFO] Failed to attach to (-6.075802, -76.898974, 8.667190). Trying new monomer.
2019-Mar-03 22:15:04.250249 info[fractal.cpp:112] [34m[INFO] Failed to attach to (-6.075802, -76.898974, 8.667190). Trying new monomer.
2019-Mar-03 22:15:04.253114 info[fractal.cpp:112] [34m[INFO] Failed to attach to (-6.075802, -76.898974, 8.667190). Trying new monomer.
2019-Mar-03 22:15:04.256422 info[fractal.cpp:112] [34m[INFO] Failed to attach to (-6.075802, -76.898974, 8.667190). Trying new monomer.
2019-Mar-03 22:15:04.257502 info[fractal.cpp:152] [34m[INFO] Actual epsilon = 0.000002
2019-Mar-03 22:15:04.257596 info[fractal.cpp:86] [34m[INFO] Adding monomer at point (-231.884516, 436.784309, 115.244313)
2019-Mar-03 22:15:04.257653 info[fractal.cpp:175] [34m[INFO] Fractal parameters updated.
2019-Mar-03 22:15:04.257705 info[fractal.cpp:73] [34m[INFO] Adding new monomer to fractal using Monte Carlo algorithm.
2019-Mar-03 22:15:04.257756 info[fractal.cpp:121] [34m[INFO] Out of range best_monomer = 3510.000000
2019-Mar-03 22:15:04.257849 info[fractal.cpp:143] [34m[INFO] Under epsilon in 1 attempts.
2019-Mar-03 22:15:04.261212 info[fractal.cpp:112] [34m[INFO] Failed to attach to (-6.075802, -76.898974, 8.667190). Trying new monomer.
2019-Mar-03 22:15:04.264968 info[fractal.cpp:112] [34m[INFO] Failed to attach to (-21.738282, -70.668775, 47.136286). Trying new monomer.
2019-Mar-03 22:15:04.266754 info[fractal.cpp:112] [34m[INFO] Failed to attach to (-6.075802, -76.898974, 8.667190). Trying new monomer.
2019-Mar-03 22:15:04.268543 info[fractal.cpp:112] [34m[INFO] Failed to attach to (-6.075802, -76.898974, 8.667190). Trying new monomer.
2019-Mar-03 22:15:04.269167 info[fractal.cpp:112] [34m[INFO] Failed to attach to (-6.075802, -76.898974, 8.667190). Trying new monomer.
2019-Mar-03 22:15:04.269798 info[fractal.cpp:112] [34m[INFO] Failed to attach to (-6.075802, -76.898974, 8.667190). Trying new monomer.
2019-Mar-03 22:15:04.271197 info[fractal.cpp:112] [34m[INFO] Failed to attach to (-6.075802, -76.898974, 8.667190). Trying new monomer.
2019-Mar-03 22:15:04.273134 info[fractal.cpp:112] [34m[INFO] Failed to attach to (-6.075802, -76.898974, 8.667190). Trying new monomer.
2019-Mar-03 22:15:04.273834 info[fractal.cpp:112] [34m[INFO] Failed to attach to (-6.075802, -76.898974, 8.667190). Trying new monomer.
2019-Mar-03 22:15:04.274726 info[fractal.cpp:112] [34m[INFO] Failed to attach to (22.074154, -73.561121, -25.787908). Trying new monomer.
2019-Mar-03 22:15:04.275708 info[fractal.cpp:112] [34m[INFO] Failed to attach to (-6.075802, -76.898974, 8.667190). Trying new monomer.
2019-Mar-03 22:15:04.278021 info[fractal.cpp:112] [34m[INFO] Failed to attach to (-6.075802, -76.898974, 8.667190). Trying new monomer.
2019-Mar-03 22:15:04.278962 info[fractal.cpp:112] [34m[INFO] Failed to attach to (-6.075802, -76.898974, 8.667190). Trying new monomer.
2019-Mar-03 22:15:04.279816 info[fractal.cpp:112] [34m[INFO] Failed to attach to (-6.075802, -76.898974, 8.667190). Trying new monomer.
2019-Mar-03 22:15:04.280499 info[fractal.cpp:112] [34m[INFO] Failed to attach to (-6.075802, -76.898974, 8.667190). Trying new monomer.
2019-Mar-03 22:15:04.283065 info[fractal.cpp:112] [34m[INFO] Failed to attach to (-6.075802, -76.898974, 8.667190). Trying new monomer.
2019-Mar-03 22:15:04.283869 info[fractal.cpp:112] [34m[INFO] Failed to attach to (-6.075802, -76.898974, 8.667190). Trying new monomer.
2019-Mar-03 22:15:04.285820 info[fractal.cpp:112] [34m[INFO] Failed to attach to (-21.738282, -70.668775, 47.136286). Trying new monomer.
2019-Mar-03 22:15:04.289703 info[fractal.cpp:112] [34m[INFO] Failed to attach to (-6.075802, -76.898974, 8.667190). Trying new monomer.
2019-Mar-03 22:15:04.292709 info[fractal.cpp:112] [34m[INFO] Failed to attach to (-6.075802, -76.898974, 8.667190). Trying new monomer.
2019-Mar-03 22:15:04.294480 info[fractal.cpp:112] [34m[INFO] Failed to attach to (-6.075802, -76.898974, 8.667190). Trying new monomer.
2019-Mar-03 22:15:04.296163 info[fractal.cpp:112] [34m[INFO] Failed to attach to (-6.075802, -76.898974, 8.667190). Trying new monomer.
2019-Mar-03 22:15:04.297701 info[fractal.cpp:112] [34m[INFO] Failed to attach to (-6.075802, -76.898974, 8.667190). Trying new monomer.
2019-Mar-03 22:15:04.299188 info[fractal.cpp:112] [34m[INFO] Failed to attach to (-6.075802, -76.898974, 8.667190). Trying new monomer.
2019-Mar-03 22:15:04.300173 info[fractal.cpp:112] [34m[INFO] Failed to attach to (-6.075802, -76.898974, 8.667190). Trying new monomer.
2019-Mar-03 22:15:04.301342 info[fractal.cpp:112] [34m[INFO] Failed to attach to (-6.075802, -76.898974, 8.667190). Trying new monomer.
2019-Mar-03 22:15:04.303589 info[fractal.cpp:112] [34m[INFO] Failed to attach to (-6.075802, -76.898974, 8.667190). Trying new monomer.
2019-Mar-03 22:15:04.306043 info[fractal.cpp:112] [34m[INFO] Failed to attach to (-6.075802, -76.898974, 8.667190). Trying new monomer.
2019-Mar-03 22:15:04.307129 info[fractal.cpp:112] [34m[INFO] Failed to attach to (-6.075802, -76.898974, 8.667190). Trying new monomer.
2019-Mar-03 22:15:04.310940 info[fractal.cpp:112] [34m[INFO] Failed to attach to (-6.075802, -76.898974, 8.667190). Trying new monomer.
2019-Mar-03 22:15:04.312015 info[fractal.cpp:112] [34m[INFO] Failed to attach to (-21.738282, -70.668775, 47.136286). Trying new monomer.
2019-Mar-03 22:15:04.312886 info[fractal.cpp:112] [34m[INFO] Failed to attach to (-6.075802, -76.898974, 8.667190). Trying new monomer.
2019-Mar-03 22:15:04.313360 info[fractal.cpp:112] [34m[INFO] Failed to attach to (0.728774, -40.490528, -11.134901). Trying new monomer.
2019-Mar-03 22:15:04.315560 info[fractal.cpp:112] [34m[INFO] Failed to attach to (-6.075802, -76.898974, 8.667190). Trying new monomer.
2019-Mar-03 22:15:04.319248 info[fractal.cpp:112] [34m[INFO] Failed to attach to (-6.075802, -76.898974, 8.667190). Trying new monomer.
2019-Mar-03 22:15:04.321283 info[fractal.cpp:112] [34m[INFO] Failed to attach to (-6.075802, -76.898974, 8.667190). Trying new monomer.
2019-Mar-03 22:15:04.322014 info[fractal.cpp:112] [34m[INFO] Failed to attach to (-6.075802, -76.898974, 8.667190). Trying new monomer.
2019-Mar-03 22:15:04.324190 info[fractal.cpp:112] [34m[INFO] Failed to attach to (-6.075802, -76.898974, 8.667190). Trying new monomer.
2019-Mar-03 22:15:04.325011 info[fractal.cpp:112] [34m[INFO] Failed to attach to (-6.075802, -76.898974, 8.667190). Trying new monomer.
2019-Mar-03 22:15:04.325937 info[fractal.cpp:112] [34m[INFO] Failed to attach to (-6.075802, -76.898974, 8.667190). Trying new monomer.
2019-Mar-03 22:15:04.327412 info[fractal.cpp:112] [34m[INFO] Failed to attach to (-6.075802, -76.898974, 8.667190). Trying new monomer.
2019-Mar-03 22:15:04.328449 info[fractal.cpp:112] [34m[INFO] Failed to attach to (-6.075802, -76.898974, 8.667190). Trying new monomer.
2019-Mar-03 22:15:04.330683 info[fractal.cpp:112] [34m[INFO] Failed to attach to (-6.075802, -76.898974, 8.667190). Trying new monomer.
2019-Mar-03 22:15:04.331845 info[fractal.cpp:112] [34m[INFO] Failed to attach to (-6.075802, -76.898974, 8.667190). Trying new monomer.
2019-Mar-03 22:15:04.333970 info[fractal.cpp:112] [34m[INFO] Failed to attach to (-6.075802, -76.898974, 8.667190). Trying new monomer.
2019-Mar-03 22:15:04.336658 info[fractal.cpp:112] [34m[INFO] Failed to attach to (-6.075802, -76.898974, 8.667190). Trying new monomer.
2019-Mar-03 22:15:04.342967 info[fractal.cpp:112] [34m[INFO] Failed to attach to (-6.075802, -76.898974, 8.667190). Trying new monomer.
2019-Mar-03 22:15:04.345302 info[fractal.cpp:112] [34m[INFO] Failed to attach to (-6.075802, -76.898974, 8.667190). Trying new monomer.
2019-Mar-03 22:15:04.347668 info[fractal.cpp:112] [34m[INFO] Failed to attach to (-6.075802, -76.898974, 8.667190). Trying new monomer.
2019-Mar-03 22:15:04.349373 info[fractal.cpp:112] [34m[INFO] Failed to attach to (-6.075802, -76.898974, 8.667190). Trying new monomer.
2019-Mar-03 22:15:04.350656 info[fractal.cpp:112] [34m[INFO] Failed to attach to (-6.075802, -76.898974, 8.667190). Trying new monomer.
2019-Mar-03 22:15:04.351738 info[fractal.cpp:112] [34m[INFO] Failed to attach to (-6.075802, -76.898974, 8.667190). Trying new monomer.
2019-Mar-03 22:15:04.356243 info[fractal.cpp:112] [34m[INFO] Failed to attach to (-6.075802, -76.898974, 8.667190). Trying new monomer.
2019-Mar-03 22:15:04.357839 info[fractal.cpp:112] [34m[INFO] Failed to attach to (-6.075802, -76.898974, 8.667190). Trying new monomer.
2019-Mar-03 22:15:04.357971 info[fractal.cpp:152] [34m[INFO] Actual epsilon = 0.000042
2019-Mar-03 22:15:04.358087 info[fractal.cpp:86] [34m[INFO] Adding monomer at point (45.848475, -155.658757, -45.585207)
2019-Mar-03 22:15:04.358168 info[fractal.cpp:175] [34m[INFO] Fractal parameters updated.
2019-Mar-03 22:15:04.358285 info[fractal.cpp:73] [34m[INFO] Adding new monomer to fractal using Monte Carlo algorithm.
2019-Mar-03 22:15:04.358365 info[fractal.cpp:121] [34m[INFO] Out of range best_monomer = 3540.000000
2019-Mar-03 22:15:04.358473 info[fractal.cpp:143] [34m[INFO] Under epsilon in 1 attempts.
2019-Mar-03 22:15:04.361200 info[fractal.cpp:112] [34m[INFO] Failed to attach to (-6.075802, -76.898974, 8.667190). Trying new monomer.
2019-Mar-03 22:15:04.363199 info[fractal.cpp:112] [34m[INFO] Failed to attach to (-6.075802, -76.898974, 8.667190). Trying new monomer.
2019-Mar-03 22:15:04.365385 info[fractal.cpp:112] [34m[INFO] Failed to attach to (-6.075802, -76.898974, 8.667190). Trying new monomer.
2019-Mar-03 22:15:04.366092 info[fractal.cpp:112] [34m[INFO] Failed to attach to (-6.075802, -76.898974, 8.667190). Trying new monomer.
2019-Mar-03 22:15:04.367463 info[fractal.cpp:112] [34m[INFO] Failed to attach to (-6.075802, -76.898974, 8.667190). Trying new monomer.
2019-Mar-03 22:15:04.368225 info[fractal.cpp:112] [34m[INFO] Failed to attach to (0.728774, -40.490528, -11.134901). Trying new monomer.
2019-Mar-03 22:15:04.371539 info[fractal.cpp:112] [34m[INFO] Failed to attach to (-6.075802, -76.898974, 8.667190). Trying new monomer.
2019-Mar-03 22:15:04.372457 info[fractal.cpp:112] [34m[INFO] Failed to attach to (-6.075802, -76.898974, 8.667190). Trying new monomer.
2019-Mar-03 22:15:04.376732 info[fractal.cpp:112] [34m[INFO] Failed to attach to (-6.075802, -76.898974, 8.667190). Trying new monomer.
2019-Mar-03 22:15:04.377466 info[fractal.cpp:112] [34m[INFO] Failed to attach to (-6.075802, -76.898974, 8.667190). Trying new monomer.
2019-Mar-03 22:15:04.378756 info[fractal.cpp:112] [34m[INFO] Failed to attach to (-6.075802, -76.898974, 8.667190). Trying new monomer.
2019-Mar-03 22:15:04.379583 info[fractal.cpp:112] [34m[INFO] Failed to attach to (-6.075802, -76.898974, 8.667190). Trying new monomer.
2019-Mar-03 22:15:04.380307 info[fractal.cpp:112] [34m[INFO] Failed to attach to (-6.075802, -76.898974, 8.667190). Trying new monomer.
2019-Mar-03 22:15:04.381325 info[fractal.cpp:112] [34m[INFO] Failed to attach to (-6.075802, -76.898974, 8.667190). Trying new monomer.
2019-Mar-03 22:15:04.383289 info[fractal.cpp:112] [34m[INFO] Failed to attach to (-6.075802, -76.898974, 8.667190). Trying new monomer.
2019-Mar-03 22:15:04.387263 info[fractal.cpp:112] [34m[INFO] Failed to attach to (-6.075802, -76.898974, 8.667190). Trying new monomer.
2019-Mar-03 22:15:04.389018 info[fractal.cpp:112] [34m[INFO] Failed to attach to (22.074154, -73.561121, -25.787908). Trying new monomer.
2019-Mar-03 22:15:04.389999 info[fractal.cpp:112] [34m[INFO] Failed to attach to (-6.075802, -76.898974, 8.667190). Trying new monomer.
2019-Mar-03 22:15:04.391520 info[fractal.cpp:112] [34m[INFO] Failed to attach to (-6.075802, -76.898974, 8.667190). Trying new monomer.
2019-Mar-03 22:15:04.392291 info[fractal.cpp:112] [34m[INFO] Failed to attach to (-6.075802, -76.898974, 8.667190). Trying new monomer.
2019-Mar-03 22:15:04.393968 info[fractal.cpp:112] [34m[INFO] Failed to attach to (-6.075802, -76.898974, 8.667190). Trying new monomer.
2019-Mar-03 22:15:04.395013 info[fractal.cpp:112] [34m[INFO] Failed to attach to (-6.075802, -76.898974, 8.667190). Trying new monomer.
2019-Mar-03 22:15:04.395820 info[fractal.cpp:112] [34m[INFO] Failed to attach to (-6.075802, -76.898974, 8.667190). Trying new monomer.
2019-Mar-03 22:15:04.398771 info[fractal.cpp:112] [34m[INFO] Failed to attach to (-6.075802, -76.898974, 8.667190). Trying new monomer.
2019-Mar-03 22:15:04.408122 info[fractal.cpp:112] [34m[INFO] Failed to attach to (-6.075802, -76.898974, 8.667190). Trying new monomer.
2019-Mar-03 22:15:04.411813 info[fractal.cpp:112] [34m[INFO] Failed to attach to (0.728774, -40.490528, -11.134901). Trying new monomer.
2019-Mar-03 22:15:04.414169 info[fractal.cpp:112] [34m[INFO] Failed to attach to (-6.075802, -76.898974, 8.667190). Trying new monomer.
2019-Mar-03 22:15:04.417178 info[fractal.cpp:112] [34m[INFO] Failed to attach to (-6.075802, -76.898974, 8.667190). Trying new monomer.
2019-Mar-03 22:15:04.419416 info[fractal.cpp:112] [34m[INFO] Failed to attach to (-6.075802, -76.898974, 8.667190). Trying new monomer.
2019-Mar-03 22:15:04.421337 info[fractal.cpp:112] [34m[INFO] Failed to attach to (-6.075802, -76.898974, 8.667190). Trying new monomer.
2019-Mar-03 22:15:04.422993 info[fractal.cpp:112] [34m[INFO] Failed to attach to (-6.075802, -76.898974, 8.667190). Trying new monomer.
2019-Mar-03 22:15:04.425517 info[fractal.cpp:112] [34m[INFO] Failed to attach to (-6.075802, -76.898974, 8.667190). Trying new monomer.
2019-Mar-03 22:15:04.426219 info[fractal.cpp:112] [34m[INFO] Failed to attach to (-6.075802, -76.898974, 8.667190). Trying new monomer.
2019-Mar-03 22:15:04.439216 info[fractal.cpp:112] [34m[INFO] Failed to attach to (-6.075802, -76.898974, 8.667190). Trying new monomer.
2019-Mar-03 22:15:04.447357 info[fractal.cpp:112] [34m[INFO] Failed to attach to (-6.075802, -76.898974, 8.667190). Trying new monomer.
