2019-Mar-03 22:13:39.578317 info[fractal.cpp:112] [34m[INFO] Failed to attach to (146.923497, -208.108927, -78.543304). Trying new monomer.
2019-Mar-03 22:13:39.584131 info[fractal.cpp:112] [34m[INFO] Failed to attach to (174.147588, -218.546625, -123.995514). Trying new monomer.
2019-Mar-03 22:13:39.589026 info[fractal.cpp:112] [34m[INFO] Failed to attach to (146.923497, -208.108927, -78.543304). Trying new monomer.
2019-Mar-03 22:13:39.592012 info[fractal.cpp:112] [34m[INFO] Failed to attach to (174.147588, -218.546625, -123.995514). Trying new monomer.
2019-Mar-03 22:13:39.595518 info[fractal.cpp:112] [34m[INFO] Failed to attach to (-215.725771, 165.028728, -141.616493). Trying new monomer.
2019-Mar-03 22:13:39.598922 info[fractal.cpp:112] [34m[INFO] Failed to attach to (146.923497, -208.108927, -78.543304). Trying new monomer.
2019-Mar-03 22:13:39.605002 info[fractal.cpp:112] [34m[INFO] Failed to attach to (146.923497, -208.108927, -78.543304). Trying new monomer.
2019-Mar-03 22:13:39.607404 info[fractal.cpp:112] [34m[INFO] Failed to attach to (-215.725771, 165.028728, -141.616493). Trying new monomer.
2019-Mar-03 22:13:39.614584 info[fractal.cpp:112] [34m[INFO] Failed to attach to (-215.725771, 165.028728, -141.616493). Trying new monomer.
2019-Mar-03 22:13:39.617267 info[fractal.cpp:112] [34m[INFO] Failed to attach to (146.923497, -208.108927, -78.543304). Trying new monomer.
2019-Mar-03 22:13:39.621174 info[fractal.cpp:112] [34m[INFO] Failed to attach to (146.923497, -208.108927, -78.543304). Trying new monomer.
2019-Mar-03 22:13:39.624211 info[fractal.cpp:112] [34m[INFO] Failed to attach to (-215.725771, 165.028728, -141.616493). Trying new monomer.
2019-Mar-03 22:13:39.627876 info[fractal.cpp:112] [34m[INFO] Failed to attach to (174.147588, -218.546625, -123.995514). Trying new monomer.
2019-Mar-03 22:13:39.631994 info[fractal.cpp:112] [34m[INFO] Failed to attach to (174.147588, -218.546625, -123.995514). Trying new monomer.
2019-Mar-03 22:13:39.636162 info[fractal.cpp:112] [34m[INFO] Failed to attach to (-215.725771, 165.028728, -141.616493). Trying new monomer.
2019-Mar-03 22:13:39.649961 info[fractal.cpp:112] [34m[INFO] Failed to attach to (146.923497, -208.108927, -78.543304). Trying new monomer.
2019-Mar-03 22:13:39.652384 info[fractal.cpp:112] [34m[INFO] Failed to attach to (219.511802, -179.242287, -58.555250). Trying new monomer.
2019-Mar-03 22:13:39.655261 info[fractal.cpp:112] [34m[INFO] Failed to attach to (146.923497, -208.108927, -78.543304). Trying new monomer.
2019-Mar-03 22:13:39.666051 info[fractal.cpp:112] [34m[INFO] Failed to attach to (-215.725771, 165.028728, -141.616493). Trying new monomer.
2019-Mar-03 22:13:39.669582 info[fractal.cpp:112] [34m[INFO] Failed to attach to (-215.725771, 165.028728, -141.616493). Trying new monomer.
2019-Mar-03 22:13:39.675140 info[fractal.cpp:112] [34m[INFO] Failed to attach to (174.147588, -218.546625, -123.995514). Trying new monomer.
2019-Mar-03 22:13:39.681010 info[fractal.cpp:112] [34m[INFO] Failed to attach to (-215.725771, 165.028728, -141.616493). Trying new monomer.
2019-Mar-03 22:13:39.685142 info[fractal.cpp:112] [34m[INFO] Failed to attach to (174.147588, -218.546625, -123.995514). Trying new monomer.
2019-Mar-03 22:13:39.691939 info[fractal.cpp:112] [34m[INFO] Failed to attach to (146.923497, -208.108927, -78.543304). Trying new monomer.
2019-Mar-03 22:13:39.697675 info[fractal.cpp:112] [34m[INFO] Failed to attach to (146.923497, -208.108927, -78.543304). Trying new monomer.
2019-Mar-03 22:13:39.703673 info[fractal.cpp:112] [34m[INFO] Failed to attach to (146.923497, -208.108927, -78.543304). Trying new monomer.
2019-Mar-03 22:13:39.706303 info[fractal.cpp:112] [34m[INFO] Failed to attach to (-215.725771, 165.028728, -141.616493). Trying new monomer.
2019-Mar-03 22:13:39.712152 info[fractal.cpp:112] [34m[INFO] Failed to attach to (219.511802, -179.242287, -58.555250). Trying new monomer.
2019-Mar-03 22:13:39.716600 info[fractal.cpp:112] [34m[INFO] Failed to attach to (174.147588, -218.546625, -123.995514). Trying new monomer.
2019-Mar-03 22:13:39.724677 info[fractal.cpp:112] [34m[INFO] Failed to attach to (146.923497, -208.108927, -78.543304). Trying new monomer.
2019-Mar-03 22:13:39.731497 info[fractal.cpp:112] [34m[INFO] Failed to attach to (-215.725771, 165.028728, -141.616493). Trying new monomer.
2019-Mar-03 22:13:39.740181 info[fractal.cpp:112] [34m[INFO] Failed to attach to (-215.725771, 165.028728, -141.616493). Trying new monomer.
2019-Mar-03 22:13:39.746912 info[fractal.cpp:112] [34m[INFO] Failed to attach to (174.147588, -218.546625, -123.995514). Trying new monomer.
2019-Mar-03 22:13:39.751689 info[fractal.cpp:112] [34m[INFO] Failed to attach to (-63.999484, 255.154414, 45.321008). Trying new monomer.
2019-Mar-03 22:13:39.757390 info[fractal.cpp:112] [34m[INFO] Failed to attach to (174.147588, -218.546625, -123.995514). Trying new monomer.
2019-Mar-03 22:13:39.760530 info[fractal.cpp:112] [34m[INFO] Failed to attach to (146.923497, -208.108927, -78.543304). Trying new monomer.
2019-Mar-03 22:13:39.767435 info[fractal.cpp:112] [34m[INFO] Failed to attach to (174.147588, -218.546625, -123.995514). Trying new monomer.
2019-Mar-03 22:13:39.770356 info[fractal.cpp:112] [34m[INFO] Failed to attach to (-63.999484, 255.154414, 45.321008). Trying new monomer.
2019-Mar-03 22:13:39.780789 info[fractal.cpp:112] [34m[INFO] Failed to attach to (146.923497, -208.108927, -78.543304). Trying new monomer.
2019-Mar-03 22:13:39.786166 info[fractal.cpp:112] [34m[INFO] Failed to attach to (146.923497, -208.108927, -78.543304). Trying new monomer.
2019-Mar-03 22:13:39.791761 info[fractal.cpp:112] [34m[INFO] Failed to attach to (146.923497, -208.108927, -78.543304). Trying new monomer.
2019-Mar-03 22:13:39.794039 info[fractal.cpp:112] [34m[INFO] Failed to attach to (-215.725771, 165.028728, -141.616493). Trying new monomer.
2019-Mar-03 22:13:39.800216 info[fractal.cpp:112] [34m[INFO] Failed to attach to (174.147588, -218.546625, -123.995514). Trying new monomer.
2019-Mar-03 22:13:39.803559 info[fractal.cpp:112] [34m[INFO] Failed to attach to (146.923497, -208.108927, -78.543304). Trying new monomer.
2019-Mar-03 22:13:39.806654 info[fractal.cpp:152] [34m[INFO] Actual epsilon = 0.000001
2019-Mar-03 22:13:39.806815 info[fractal.cpp:86] [34m[INFO] Adding monomer at point (-310.511955, 133.165634, -144.092913)
2019-Mar-03 22:13:39.806909 info[fractal.cpp:175] [34m[INFO] Fractal parameters updated.
2019-Mar-03 22:13:39.806965 info[fractal.cpp:73] [34m[INFO] Adding new monomer to fractal using Monte Carlo algorithm.
2019-Mar-03 22:13:39.807029 info[fractal.cpp:121] [34m[INFO] Out of range best_monomer = 6990.000000
2019-Mar-03 22:13:39.807141 info[fractal.cpp:143] [34m[INFO] Under epsilon in 1 attempts.
2019-Mar-03 22:13:39.812099 info[fractal.cpp:112] [34m[INFO] Failed to attach to (-215.725771, 165.028728, -141.616493). Trying new monomer.
2019-Mar-03 22:13:39.814879 info[fractal.cpp:112] [34m[INFO] Failed to attach to (219.511802, -179.242287, -58.555250). Trying new monomer.
2019-Mar-03 22:13:39.816991 info[fractal.cpp:112] [34m[INFO] Failed to attach to (146.923497, -208.108927, -78.543304). Trying new monomer.
2019-Mar-03 22:13:39.819346 info[fractal.cpp:112] [34m[INFO] Failed to attach to (146.923497, -208.108927, -78.543304). Trying new monomer.
2019-Mar-03 22:13:39.823431 info[fractal.cpp:112] [34m[INFO] Failed to attach to (-215.725771, 165.028728, -141.616493). Trying new monomer.
2019-Mar-03 22:13:39.832541 info[fractal.cpp:112] [34m[INFO] Failed to attach to (146.923497, -208.108927, -78.543304). Trying new monomer.
2019-Mar-03 22:13:39.839682 info[fractal.cpp:112] [34m[INFO] Failed to attach to (219.511802, -179.242287, -58.555250). Trying new monomer.
2019-Mar-03 22:13:39.844562 info[fractal.cpp:112] [34m[INFO] Failed to attach to (146.923497, -208.108927, -78.543304). Trying new monomer.
2019-Mar-03 22:13:39.854861 info[fractal.cpp:112] [34m[INFO] Failed to attach to (174.147588, -218.546625, -123.995514). Trying new monomer.
2019-Mar-03 22:13:39.859849 info[fractal.cpp:112] [34m[INFO] Failed to attach to (174.147588, -218.546625, -123.995514). Trying new monomer.
2019-Mar-03 22:13:39.865924 info[fractal.cpp:112] [34m[INFO] Failed to attach to (146.923497, -208.108927, -78.543304). Trying new monomer.
2019-Mar-03 22:13:39.879395 info[fractal.cpp:112] [34m[INFO] Failed to attach to (-63.999484, 255.154414, 45.321008). Trying new monomer.
2019-Mar-03 22:13:39.884753 info[fractal.cpp:112] [34m[INFO] Failed to attach to (-215.725771, 165.028728, -141.616493). Trying new monomer.
2019-Mar-03 22:13:39.886387 info[fractal.cpp:112] [34m[INFO] Failed to attach to (146.923497, -208.108927, -78.543304). Trying new monomer.
2019-Mar-03 22:13:39.889756 info[fractal.cpp:112] [34m[INFO] Failed to attach to (146.923497, -208.108927, -78.543304). Trying new monomer.
2019-Mar-03 22:13:39.892794 info[fractal.cpp:112] [34m[INFO] Failed to attach to (174.147588, -218.546625, -123.995514). Trying new monomer.
2019-Mar-03 22:13:39.895656 info[fractal.cpp:112] [34m[INFO] Failed to attach to (-215.725771, 165.028728, -141.616493). Trying new monomer.
2019-Mar-03 22:13:39.897528 info[fractal.cpp:112] [34m[INFO] Failed to attach to (146.923497, -208.108927, -78.543304). Trying new monomer.
2019-Mar-03 22:13:39.900068 info[fractal.cpp:112] [34m[INFO] Failed to attach to (-215.725771, 165.028728, -141.616493). Trying new monomer.
2019-Mar-03 22:13:39.903682 info[fractal.cpp:112] [34m[INFO] Failed to attach to (-215.725771, 165.028728, -141.616493). Trying new monomer.
2019-Mar-03 22:13:39.906665 info[fractal.cpp:112] [34m[INFO] Failed to attach to (-215.725771, 165.028728, -141.616493). Trying new monomer.
2019-Mar-03 22:13:39.908838 info[fractal.cpp:112] [34m[INFO] Failed to attach to (146.923497, -208.108927, -78.543304). Trying new monomer.
2019-Mar-03 22:13:39.911252 info[fractal.cpp:112] [34m[INFO] Failed to attach to (146.923497, -208.108927, -78.543304). Trying new monomer.
2019-Mar-03 22:13:39.942610 info[fractal.cpp:112] [34m[INFO] Failed to attach to (-215.725771, 165.028728, -141.616493). Trying new monomer.
2019-Mar-03 22:13:39.946058 info[fractal.cpp:112] [34m[INFO] Failed to attach to (146.923497, -208.108927, -78.543304). Trying new monomer.
2019-Mar-03 22:13:39.947935 info[fractal.cpp:112] [34m[INFO] Failed to attach to (146.923497, -208.108927, -78.543304). Trying new monomer.
2019-Mar-03 22:13:39.953233 info[fractal.cpp:112] [34m[INFO] Failed to attach to (219.511802, -179.242287, -58.555250). Trying new monomer.
2019-Mar-03 22:13:39.956550 info[fractal.cpp:112] [34m[INFO] Failed to attach to (174.147588, -218.546625, -123.995514). Trying new monomer.
2019-Mar-03 22:13:39.962908 info[fractal.cpp:112] [34m[INFO] Failed to attach to (-215.725771, 165.028728, -141.616493). Trying new monomer.
2019-Mar-03 22:13:39.968439 info[fractal.cpp:112] [34m[INFO] Failed to attach to (219.511802, -179.242287, -58.555250). Trying new monomer.
2019-Mar-03 22:13:39.972775 info[fractal.cpp:112] [34m[INFO] Failed to attach to (174.147588, -218.546625, -123.995514). Trying new monomer.
2019-Mar-03 22:13:39.976913 info[fractal.cpp:112] [34m[INFO] Failed to attach to (146.923497, -208.108927, -78.543304). Trying new monomer.
2019-Mar-03 22:13:39.981324 info[fractal.cpp:112] [34m[INFO] Failed to attach to (-215.725771, 165.028728, -141.616493). Trying new monomer.
2019-Mar-03 22:13:39.984674 info[fractal.cpp:112] [34m[INFO] Failed to attach to (219.511802, -179.242287, -58.555250). Trying new monomer.
2019-Mar-03 22:13:39.989525 info[fractal.cpp:112] [34m[INFO] Failed to attach to (-215.725771, 165.028728, -141.616493). Trying new monomer.
2019-Mar-03 22:13:39.996271 info[fractal.cpp:112] [34m[INFO] Failed to attach to (-215.725771, 165.028728, -141.616493). Trying new monomer.
2019-Mar-03 22:13:40.003982 info[fractal.cpp:112] [34m[INFO] Failed to attach to (146.923497, -208.108927, -78.543304). Trying new monomer.
2019-Mar-03 22:13:40.007757 info[fractal.cpp:112] [34m[INFO] Failed to attach to (146.923497, -208.108927, -78.543304). Trying new monomer.
2019-Mar-03 22:13:40.011762 info[fractal.cpp:112] [34m[INFO] Failed to attach to (146.923497, -208.108927, -78.543304). Trying new monomer.
2019-Mar-03 22:13:40.016361 info[fractal.cpp:112] [34m[INFO] Failed to attach to (-215.725771, 165.028728, -141.616493). Trying new monomer.
2019-Mar-03 22:13:40.019941 info[fractal.cpp:112] [34m[INFO] Failed to attach to (-63.999484, 255.154414, 45.321008). Trying new monomer.
2019-Mar-03 22:13:40.024739 info[fractal.cpp:112] [34m[INFO] Failed to attach to (174.147588, -218.546625, -123.995514). Trying new monomer.
2019-Mar-03 22:13:40.028075 info[fractal.cpp:112] [34m[INFO] Failed to attach to (-63.999484, 255.154414, 45.321008). Trying new monomer.
2019-Mar-03 22:13:40.035701 info[fractal.cpp:112] [34m[INFO] Failed to attach to (174.147588, -218.546625, -123.995514). Trying new monomer.
2019-Mar-03 22:13:40.038952 info[fractal.cpp:112] [34m[INFO] Failed to attach to (146.923497, -208.108927, -78.543304). Trying new monomer.
2019-Mar-03 22:13:40.045993 info[fractal.cpp:112] [34m[INFO] Failed to attach to (146.923497, -208.108927, -78.543304). Trying new monomer.
2019-Mar-03 22:13:40.055266 info[fractal.cpp:112] [34m[INFO] Failed to attach to (219.511802, -179.242287, -58.555250). Trying new monomer.
2019-Mar-03 22:13:40.061883 info[fractal.cpp:112] [34m[INFO] Failed to attach to (-215.725771, 165.028728, -141.616493). Trying new monomer.
2019-Mar-03 22:13:40.065807 info[fractal.cpp:112] [34m[INFO] Failed to attach to (219.511802, -179.242287, -58.555250). Trying new monomer.
2019-Mar-03 22:13:40.070022 info[fractal.cpp:112] [34m[INFO] Failed to attach to (-215.725771, 165.028728, -141.616493). Trying new monomer.
2019-Mar-03 22:13:40.072954 info[fractal.cpp:112] [34m[INFO] Failed to attach to (-215.725771, 165.028728, -141.616493). Trying new monomer.
2019-Mar-03 22:13:40.074809 info[fractal.cpp:112] [34m[INFO] Failed to attach to (219.511802, -179.242287, -58.555250). Trying new monomer.
2019-Mar-03 22:13:40.076754 info[fractal.cpp:112] [34m[INFO] Failed to attach to (146.923497, -208.108927, -78.543304). Trying new monomer.
2019-Mar-03 22:13:40.082427 info[fractal.cpp:112] [34m[INFO] Failed to attach to (146.923497, -208.108927, -78.543304). Trying new monomer.
2019-Mar-03 22:13:40.086532 info[fractal.cpp:112] [34m[INFO] Failed to attach to (146.923497, -208.108927, -78.543304). Trying new monomer.
2019-Mar-03 22:13:40.097769 info[fractal.cpp:112] [34m[INFO] Failed to attach to (146.923497, -208.108927, -78.543304). Trying new monomer.
2019-Mar-03 22:13:40.101367 info[fractal.cpp:112] [34m[INFO] Failed to attach to (-215.725771, 165.028728, -141.616493). Trying new monomer.
2019-Mar-03 22:13:40.104010 info[fractal.cpp:152] [34m[INFO] Actual epsilon = 0.000001
2019-Mar-03 22:13:40.104151 info[fractal.cpp:86] [34m[INFO] Adding monomer at point (0.945073, 362.203187, 69.108851)
2019-Mar-03 22:13:40.104245 info[fractal.cpp:175] [34m[INFO] Fractal parameters updated.
2019-Mar-03 22:13:40.104326 info[fractal.cpp:73] [34m[INFO] Adding new monomer to fractal using Monte Carlo algorithm.
2019-Mar-03 22:13:40.104404 info[fractal.cpp:121] [34m[INFO] Out of range best_monomer = 7020.000000
2019-Mar-03 22:13:40.104989 info[fractal.cpp:143] [34m[INFO] Under epsilon in 1 attempts.
2019-Mar-03 22:13:40.106369 info[fractal.cpp:112] [34m[INFO] Failed to attach to (-63.999484, 255.154414, 45.321008). Trying new monomer.
2019-Mar-03 22:13:40.108257 info[fractal.cpp:112] [34m[INFO] Failed to attach to (146.923497, -208.108927, -78.543304). Trying new monomer.
2019-Mar-03 22:13:40.111856 info[fractal.cpp:112] [34m[INFO] Failed to attach to (-215.725771, 165.028728, -141.616493). Trying new monomer.
2019-Mar-03 22:13:40.115850 info[fractal.cpp:112] [34m[INFO] Failed to attach to (-215.725771, 165.028728, -141.616493). Trying new monomer.
2019-Mar-03 22:13:40.118504 info[fractal.cpp:112] [34m[INFO] Failed to attach to (146.923497, -208.108927, -78.543304). Trying new monomer.
2019-Mar-03 22:13:40.120341 info[fractal.cpp:112] [34m[INFO] Failed to attach to (146.923497, -208.108927, -78.543304). Trying new monomer.
