2019-Mar-04 15:26:58.638482 info[fractal.cpp:121] [34m[INFO] Out of range best_monomer = 60.000000
2019-Mar-04 15:26:58.640412 fatal[fractal.cpp:155] [31m[FATAL] Best monomer did not satisfy epsilon.
  best_diff / _a = 0.742161
  epsilon = 0.500000
2019-Mar-04 15:26:58.640488 info[fractal.cpp:73] [34m[INFO] Adding new monomer to fractal using Monte Carlo algorithm.
2019-Mar-04 15:26:58.640539 info[fractal.cpp:121] [34m[INFO] Out of range best_monomer = 60.000000
2019-Mar-04 15:26:58.642085 fatal[fractal.cpp:155] [31m[FATAL] Best monomer did not satisfy epsilon.
  best_diff / _a = 0.742153
  epsilon = 0.500000
2019-Mar-04 15:26:58.642138 info[fractal.cpp:73] [34m[INFO] Adding new monomer to fractal using Monte Carlo algorithm.
2019-Mar-04 15:26:58.642186 info[fractal.cpp:121] [34m[INFO] Out of range best_monomer = 60.000000
2019-Mar-04 15:26:58.643741 fatal[fractal.cpp:155] [31m[FATAL] Best monomer did not satisfy epsilon.
  best_diff / _a = 0.742153
  epsilon = 0.500000
2019-Mar-04 15:26:58.643874 info[fractal.cpp:73] [34m[INFO] Adding new monomer to fractal using Monte Carlo algorithm.
2019-Mar-04 15:26:58.643960 info[fractal.cpp:121] [34m[INFO] Out of range best_monomer = 60.000000
2019-Mar-04 15:26:58.645765 fatal[fractal.cpp:155] [31m[FATAL] Best monomer did not satisfy epsilon.
  best_diff / _a = 0.742174
  epsilon = 0.500000
2019-Mar-04 15:26:58.646064 info[fractal.cpp:73] [34m[INFO] Adding new monomer to fractal using Monte Carlo algorithm.
2019-Mar-04 15:26:58.646141 info[fractal.cpp:121] [34m[INFO] Out of range best_monomer = 60.000000
2019-Mar-04 15:26:58.647699 fatal[fractal.cpp:155] [31m[FATAL] Best monomer did not satisfy epsilon.
  best_diff / _a = 0.742169
  epsilon = 0.500000
2019-Mar-04 15:26:58.647771 info[fractal.cpp:73] [34m[INFO] Adding new monomer to fractal using Monte Carlo algorithm.
2019-Mar-04 15:26:58.647821 info[fractal.cpp:121] [34m[INFO] Out of range best_monomer = 60.000000
2019-Mar-04 15:26:58.649837 fatal[fractal.cpp:155] [31m[FATAL] Best monomer did not satisfy epsilon.
  best_diff / _a = 0.742190
  epsilon = 0.500000
2019-Mar-04 15:26:58.649948 info[fractal.cpp:73] [34m[INFO] Adding new monomer to fractal using Monte Carlo algorithm.
2019-Mar-04 15:26:58.650003 info[fractal.cpp:121] [34m[INFO] Out of range best_monomer = 60.000000
2019-Mar-04 15:26:58.651932 fatal[fractal.cpp:155] [31m[FATAL] Best monomer did not satisfy epsilon.
  best_diff / _a = 0.742148
  epsilon = 0.500000
2019-Mar-04 15:26:58.652042 info[fractal.cpp:73] [34m[INFO] Adding new monomer to fractal using Monte Carlo algorithm.
2019-Mar-04 15:26:58.652096 info[fractal.cpp:121] [34m[INFO] Out of range best_monomer = 60.000000
2019-Mar-04 15:26:58.653688 fatal[fractal.cpp:155] [31m[FATAL] Best monomer did not satisfy epsilon.
  best_diff / _a = 0.742173
  epsilon = 0.500000
2019-Mar-04 15:26:58.653789 info[fractal.cpp:73] [34m[INFO] Adding new monomer to fractal using Monte Carlo algorithm.
2019-Mar-04 15:26:58.653914 info[fractal.cpp:121] [34m[INFO] Out of range best_monomer = 60.000000
2019-Mar-04 15:26:58.655380 fatal[fractal.cpp:155] [31m[FATAL] Best monomer did not satisfy epsilon.
  best_diff / _a = 0.742156
  epsilon = 0.500000
2019-Mar-04 15:26:58.655449 info[fractal.cpp:73] [34m[INFO] Adding new monomer to fractal using Monte Carlo algorithm.
2019-Mar-04 15:26:58.655499 info[fractal.cpp:121] [34m[INFO] Out of range best_monomer = 60.000000
2019-Mar-04 15:26:58.657239 fatal[fractal.cpp:155] [31m[FATAL] Best monomer did not satisfy epsilon.
  best_diff / _a = 0.742217
  epsilon = 0.500000
2019-Mar-04 15:26:58.657332 info[fractal.cpp:73] [34m[INFO] Adding new monomer to fractal using Monte Carlo algorithm.
2019-Mar-04 15:26:58.657386 info[fractal.cpp:121] [34m[INFO] Out of range best_monomer = 60.000000
2019-Mar-04 15:26:58.659038 fatal[fractal.cpp:155] [31m[FATAL] Best monomer did not satisfy epsilon.
  best_diff / _a = 0.742174
  epsilon = 0.500000
2019-Mar-04 15:26:58.659124 info[fractal.cpp:73] [34m[INFO] Adding new monomer to fractal using Monte Carlo algorithm.
2019-Mar-04 15:26:58.659302 info[fractal.cpp:121] [34m[INFO] Out of range best_monomer = 60.000000
2019-Mar-04 15:26:58.660954 fatal[fractal.cpp:155] [31m[FATAL] Best monomer did not satisfy epsilon.
  best_diff / _a = 0.742174
  epsilon = 0.500000
2019-Mar-04 15:26:58.661033 info[fractal.cpp:73] [34m[INFO] Adding new monomer to fractal using Monte Carlo algorithm.
2019-Mar-04 15:26:58.661086 info[fractal.cpp:121] [34m[INFO] Out of range best_monomer = 60.000000
2019-Mar-04 15:26:58.662616 fatal[fractal.cpp:155] [31m[FATAL] Best monomer did not satisfy epsilon.
  best_diff / _a = 0.742222
  epsilon = 0.500000
2019-Mar-04 15:26:58.662669 info[fractal.cpp:73] [34m[INFO] Adding new monomer to fractal using Monte Carlo algorithm.
2019-Mar-04 15:26:58.662718 info[fractal.cpp:121] [34m[INFO] Out of range best_monomer = 60.000000
2019-Mar-04 15:26:58.664322 fatal[fractal.cpp:155] [31m[FATAL] Best monomer did not satisfy epsilon.
  best_diff / _a = 0.742155
  epsilon = 0.500000
2019-Mar-04 15:26:58.664444 info[fractal.cpp:73] [34m[INFO] Adding new monomer to fractal using Monte Carlo algorithm.
2019-Mar-04 15:26:58.664634 info[fractal.cpp:121] [34m[INFO] Out of range best_monomer = 60.000000
2019-Mar-04 15:26:58.666776 fatal[fractal.cpp:155] [31m[FATAL] Best monomer did not satisfy epsilon.
  best_diff / _a = 0.742169
  epsilon = 0.500000
2019-Mar-04 15:26:58.666860 info[fractal.cpp:73] [34m[INFO] Adding new monomer to fractal using Monte Carlo algorithm.
2019-Mar-04 15:26:58.666931 info[fractal.cpp:121] [34m[INFO] Out of range best_monomer = 60.000000
2019-Mar-04 15:26:58.669150 fatal[fractal.cpp:155] [31m[FATAL] Best monomer did not satisfy epsilon.
  best_diff / _a = 0.742155
  epsilon = 0.500000
2019-Mar-04 15:26:58.669253 info[fractal.cpp:73] [34m[INFO] Adding new monomer to fractal using Monte Carlo algorithm.
2019-Mar-04 15:26:58.669337 info[fractal.cpp:121] [34m[INFO] Out of range best_monomer = 60.000000
2019-Mar-04 15:26:58.671515 fatal[fractal.cpp:155] [31m[FATAL] Best monomer did not satisfy epsilon.
  best_diff / _a = 0.742207
  epsilon = 0.500000
2019-Mar-04 15:26:58.671613 info[fractal.cpp:73] [34m[INFO] Adding new monomer to fractal using Monte Carlo algorithm.
2019-Mar-04 15:26:58.671701 info[fractal.cpp:121] [34m[INFO] Out of range best_monomer = 60.000000
2019-Mar-04 15:26:58.673984 fatal[fractal.cpp:155] [31m[FATAL] Best monomer did not satisfy epsilon.
  best_diff / _a = 0.742171
  epsilon = 0.500000
2019-Mar-04 15:26:58.674179 info[fractal.cpp:73] [34m[INFO] Adding new monomer to fractal using Monte Carlo algorithm.
2019-Mar-04 15:26:58.674242 info[fractal.cpp:121] [34m[INFO] Out of range best_monomer = 60.000000
2019-Mar-04 15:26:58.675793 fatal[fractal.cpp:155] [31m[FATAL] Best monomer did not satisfy epsilon.
  best_diff / _a = 0.742197
  epsilon = 0.500000
2019-Mar-04 15:26:58.675885 info[fractal.cpp:73] [34m[INFO] Adding new monomer to fractal using Monte Carlo algorithm.
2019-Mar-04 15:26:58.675940 info[fractal.cpp:121] [34m[INFO] Out of range best_monomer = 60.000000
2019-Mar-04 15:26:58.677725 fatal[fractal.cpp:155] [31m[FATAL] Best monomer did not satisfy epsilon.
  best_diff / _a = 0.742154
  epsilon = 0.500000
2019-Mar-04 15:26:58.677848 info[fractal.cpp:73] [34m[INFO] Adding new monomer to fractal using Monte Carlo algorithm.
2019-Mar-04 15:26:58.677903 info[fractal.cpp:121] [34m[INFO] Out of range best_monomer = 60.000000
2019-Mar-04 15:26:58.679460 fatal[fractal.cpp:155] [31m[FATAL] Best monomer did not satisfy epsilon.
  best_diff / _a = 0.742245
  epsilon = 0.500000
2019-Mar-04 15:26:58.679550 info[fractal.cpp:73] [34m[INFO] Adding new monomer to fractal using Monte Carlo algorithm.
2019-Mar-04 15:26:58.679604 info[fractal.cpp:121] [34m[INFO] Out of range best_monomer = 60.000000
2019-Mar-04 15:26:58.681344 fatal[fractal.cpp:155] [31m[FATAL] Best monomer did not satisfy epsilon.
  best_diff / _a = 0.742175
  epsilon = 0.500000
2019-Mar-04 15:26:58.681465 info[fractal.cpp:73] [34m[INFO] Adding new monomer to fractal using Monte Carlo algorithm.
2019-Mar-04 15:26:58.681578 info[fractal.cpp:121] [34m[INFO] Out of range best_monomer = 60.000000
2019-Mar-04 15:26:58.684563 fatal[fractal.cpp:155] [31m[FATAL] Best monomer did not satisfy epsilon.
  best_diff / _a = 0.742208
  epsilon = 0.500000
2019-Mar-04 15:26:58.684702 info[fractal.cpp:73] [34m[INFO] Adding new monomer to fractal using Monte Carlo algorithm.
2019-Mar-04 15:26:58.684782 info[fractal.cpp:121] [34m[INFO] Out of range best_monomer = 60.000000
2019-Mar-04 15:26:58.687826 fatal[fractal.cpp:155] [31m[FATAL] Best monomer did not satisfy epsilon.
  best_diff / _a = 0.742150
  epsilon = 0.500000
2019-Mar-04 15:26:58.688011 info[fractal.cpp:73] [34m[INFO] Adding new monomer to fractal using Monte Carlo algorithm.
2019-Mar-04 15:26:58.688292 info[fractal.cpp:121] [34m[INFO] Out of range best_monomer = 60.000000
2019-Mar-04 15:26:58.690845 fatal[fractal.cpp:155] [31m[FATAL] Best monomer did not satisfy epsilon.
  best_diff / _a = 0.742217
  epsilon = 0.500000
2019-Mar-04 15:26:58.690985 info[fractal.cpp:73] [34m[INFO] Adding new monomer to fractal using Monte Carlo algorithm.
2019-Mar-04 15:26:58.691065 info[fractal.cpp:121] [34m[INFO] Out of range best_monomer = 60.000000
2019-Mar-04 15:26:58.705760 fatal[fractal.cpp:155] [31m[FATAL] Best monomer did not satisfy epsilon.
  best_diff / _a = 0.742156
  epsilon = 0.500000
2019-Mar-04 15:26:58.706605 info[fractal.cpp:73] [34m[INFO] Adding new monomer to fractal using Monte Carlo algorithm.
2019-Mar-04 15:26:58.706698 info[fractal.cpp:121] [34m[INFO] Out of range best_monomer = 60.000000
2019-Mar-04 15:26:58.708210 fatal[fractal.cpp:155] [31m[FATAL] Best monomer did not satisfy epsilon.
  best_diff / _a = 0.742166
  epsilon = 0.500000
2019-Mar-04 15:26:58.708280 info[fractal.cpp:73] [34m[INFO] Adding new monomer to fractal using Monte Carlo algorithm.
2019-Mar-04 15:26:58.708331 info[fractal.cpp:121] [34m[INFO] Out of range best_monomer = 60.000000
2019-Mar-04 15:26:58.709927 fatal[fractal.cpp:155] [31m[FATAL] Best monomer did not satisfy epsilon.
  best_diff / _a = 0.742359
  epsilon = 0.500000
2019-Mar-04 15:26:58.710046 info[fractal.cpp:73] [34m[INFO] Adding new monomer to fractal using Monte Carlo algorithm.
2019-Mar-04 15:26:58.710096 info[fractal.cpp:121] [34m[INFO] Out of range best_monomer = 60.000000
2019-Mar-04 15:26:58.711833 fatal[fractal.cpp:155] [31m[FATAL] Best monomer did not satisfy epsilon.
  best_diff / _a = 0.742201
  epsilon = 0.500000
2019-Mar-04 15:26:58.711896 info[fractal.cpp:73] [34m[INFO] Adding new monomer to fractal using Monte Carlo algorithm.
2019-Mar-04 15:26:58.711946 info[fractal.cpp:121] [34m[INFO] Out of range best_monomer = 60.000000
2019-Mar-04 15:26:58.714107 fatal[fractal.cpp:155] [31m[FATAL] Best monomer did not satisfy epsilon.
  best_diff / _a = 0.742195
  epsilon = 0.500000
2019-Mar-04 15:26:58.714229 info[fractal.cpp:73] [34m[INFO] Adding new monomer to fractal using Monte Carlo algorithm.
2019-Mar-04 15:26:58.714315 info[fractal.cpp:121] [34m[INFO] Out of range best_monomer = 60.000000
2019-Mar-04 15:26:58.716511 fatal[fractal.cpp:155] [31m[FATAL] Best monomer did not satisfy epsilon.
  best_diff / _a = 0.742176
  epsilon = 0.500000
2019-Mar-04 15:26:58.716609 info[fractal.cpp:73] [34m[INFO] Adding new monomer to fractal using Monte Carlo algorithm.
2019-Mar-04 15:26:58.716693 info[fractal.cpp:121] [34m[INFO] Out of range best_monomer = 60.000000
2019-Mar-04 15:26:58.718868 fatal[fractal.cpp:155] [31m[FATAL] Best monomer did not satisfy epsilon.
  best_diff / _a = 0.742223
  epsilon = 0.500000
2019-Mar-04 15:26:58.718939 info[fractal.cpp:73] [34m[INFO] Adding new monomer to fractal using Monte Carlo algorithm.
2019-Mar-04 15:26:58.718993 info[fractal.cpp:121] [34m[INFO] Out of range best_monomer = 60.000000
2019-Mar-04 15:26:58.720810 fatal[fractal.cpp:155] [31m[FATAL] Best monomer did not satisfy epsilon.
  best_diff / _a = 0.742207
  epsilon = 0.500000
2019-Mar-04 15:26:58.720963 info[fractal.cpp:73] [34m[INFO] Adding new monomer to fractal using Monte Carlo algorithm.
2019-Mar-04 15:26:58.721050 info[fractal.cpp:121] [34m[INFO] Out of range best_monomer = 60.000000
2019-Mar-04 15:26:58.722649 fatal[fractal.cpp:155] [31m[FATAL] Best monomer did not satisfy epsilon.
  best_diff / _a = 0.742214
  epsilon = 0.500000
2019-Mar-04 15:26:58.722738 info[fractal.cpp:73] [34m[INFO] Adding new monomer to fractal using Monte Carlo algorithm.
2019-Mar-04 15:26:58.722791 info[fractal.cpp:121] [34m[INFO] Out of range best_monomer = 60.000000
2019-Mar-04 15:26:58.724315 fatal[fractal.cpp:155] [31m[FATAL] Best monomer did not satisfy epsilon.
  best_diff / _a = 0.742156
  epsilon = 0.500000
2019-Mar-04 15:26:58.724368 info[fractal.cpp:73] [34m[INFO] Adding new monomer to fractal using Monte Carlo algorithm.
2019-Mar-04 15:26:58.724417 info[fractal.cpp:121] [34m[INFO] Out of range best_monomer = 60.000000
2019-Mar-04 15:26:58.725935 fatal[fractal.cpp:155] [31m[FATAL] Best monomer did not satisfy epsilon.
  best_diff / _a = 0.742162
  epsilon = 0.500000
2019-Mar-04 15:26:58.725987 info[fractal.cpp:73] [34m[INFO] Adding new monomer to fractal using Monte Carlo algorithm.
2019-Mar-04 15:26:58.726036 info[fractal.cpp:121] [34m[INFO] Out of range best_monomer = 60.000000
2019-Mar-04 15:26:58.727982 fatal[fractal.cpp:155] [31m[FATAL] Best monomer did not satisfy epsilon.
  best_diff / _a = 0.742151
  epsilon = 0.500000
2019-Mar-04 15:26:58.728140 info[fractal.cpp:73] [34m[INFO] Adding new monomer to fractal using Monte Carlo algorithm.
2019-Mar-04 15:26:58.728272 info[fractal.cpp:121] [34m[INFO] Out of range best_monomer = 60.000000
2019-Mar-04 15:26:58.729919 fatal[fractal.cpp:155] [31m[FATAL] Best monomer did not satisfy epsilon.
  best_diff / _a = 0.742194
  epsilon = 0.500000
2019-Mar-04 15:26:58.730008 info[fractal.cpp:73] [34m[INFO] Adding new monomer to fractal using Monte Carlo algorithm.
2019-Mar-04 15:26:58.730131 info[fractal.cpp:121] [34m[INFO] Out of range best_monomer = 60.000000
2019-Mar-04 15:26:58.731744 fatal[fractal.cpp:155] [31m[FATAL] Best monomer did not satisfy epsilon.
  best_diff / _a = 0.742150
  epsilon = 0.500000
2019-Mar-04 15:26:58.731825 info[fractal.cpp:73] [34m[INFO] Adding new monomer to fractal using Monte Carlo algorithm.
2019-Mar-04 15:26:58.731933 info[fractal.cpp:121] [34m[INFO] Out of range best_monomer = 60.000000
2019-Mar-04 15:26:58.733499 fatal[fractal.cpp:155] [31m[FATAL] Best monomer did not satisfy epsilon.
  best_diff / _a = 0.742149
  epsilon = 0.500000
2019-Mar-04 15:26:58.733581 info[fractal.cpp:73] [34m[INFO] Adding new monomer to fractal using Monte Carlo algorithm.
2019-Mar-04 15:26:58.733692 info[fractal.cpp:121] [34m[INFO] Out of range best_monomer = 60.000000
2019-Mar-04 15:26:58.735404 fatal[fractal.cpp:155] [31m[FATAL] Best monomer did not satisfy epsilon.
  best_diff / _a = 0.742160
  epsilon = 0.500000
2019-Mar-04 15:26:58.735492 info[fractal.cpp:73] [34m[INFO] Adding new monomer to fractal using Monte Carlo algorithm.
2019-Mar-04 15:26:58.735552 info[fractal.cpp:121] [34m[INFO] Out of range best_monomer = 60.000000
2019-Mar-04 15:26:58.737028 fatal[fractal.cpp:155] [31m[FATAL] Best monomer did not satisfy epsilon.
  best_diff / _a = 0.742206
  epsilon = 0.500000
2019-Mar-04 15:26:58.737092 info[fractal.cpp:73] [34m[INFO] Adding new monomer to fractal using Monte Carlo algorithm.
2019-Mar-04 15:26:58.737141 info[fractal.cpp:121] [34m[INFO] Out of range best_monomer = 60.000000
2019-Mar-04 15:26:58.738705 fatal[fractal.cpp:155] [31m[FATAL] Best monomer did not satisfy epsilon.
  best_diff / _a = 0.742202
  epsilon = 0.500000
2019-Mar-04 15:26:58.738773 info[fractal.cpp:73] [34m[INFO] Adding new monomer to fractal using Monte Carlo algorithm.
2019-Mar-04 15:26:58.738823 info[fractal.cpp:121] [34m[INFO] Out of range best_monomer = 60.000000
2019-Mar-04 15:26:58.740360 fatal[fractal.cpp:155] [31m[FATAL] Best monomer did not satisfy epsilon.
  best_diff / _a = 0.742187
  epsilon = 0.500000
2019-Mar-04 15:26:58.740413 info[fractal.cpp:73] [34m[INFO] Adding new monomer to fractal using Monte Carlo algorithm.
