2019-Mar-03 22:15:17.394503 info[fractal.cpp:112] [34m[INFO] Failed to attach to (-305.961035, 457.345627, 171.605188). Trying new monomer.
2019-Mar-03 22:15:17.397603 info[fractal.cpp:112] [34m[INFO] Failed to attach to (-6.075802, -76.898974, 8.667190). Trying new monomer.
2019-Mar-03 22:15:17.408238 info[fractal.cpp:112] [34m[INFO] Failed to attach to (-6.075802, -76.898974, 8.667190). Trying new monomer.
2019-Mar-03 22:15:17.409323 info[fractal.cpp:112] [34m[INFO] Failed to attach to (-6.075802, -76.898974, 8.667190). Trying new monomer.
2019-Mar-03 22:15:17.411073 info[fractal.cpp:112] [34m[INFO] Failed to attach to (-6.075802, -76.898974, 8.667190). Trying new monomer.
2019-Mar-03 22:15:17.416018 info[fractal.cpp:112] [34m[INFO] Failed to attach to (-6.075802, -76.898974, 8.667190). Trying new monomer.
2019-Mar-03 22:15:17.418045 info[fractal.cpp:112] [34m[INFO] Failed to attach to (-6.075802, -76.898974, 8.667190). Trying new monomer.
2019-Mar-03 22:15:17.419339 info[fractal.cpp:112] [34m[INFO] Failed to attach to (-6.075802, -76.898974, 8.667190). Trying new monomer.
2019-Mar-03 22:15:17.423209 info[fractal.cpp:112] [34m[INFO] Failed to attach to (-305.961035, 457.345627, 171.605188). Trying new monomer.
2019-Mar-03 22:15:17.425372 info[fractal.cpp:112] [34m[INFO] Failed to attach to (-6.075802, -76.898974, 8.667190). Trying new monomer.
2019-Mar-03 22:15:17.429776 info[fractal.cpp:112] [34m[INFO] Failed to attach to (-305.961035, 457.345627, 171.605188). Trying new monomer.
2019-Mar-03 22:15:17.431854 info[fractal.cpp:112] [34m[INFO] Failed to attach to (-21.738282, -70.668775, 47.136286). Trying new monomer.
2019-Mar-03 22:15:17.436103 info[fractal.cpp:112] [34m[INFO] Failed to attach to (-6.075802, -76.898974, 8.667190). Trying new monomer.
2019-Mar-03 22:15:17.439232 info[fractal.cpp:112] [34m[INFO] Failed to attach to (-305.961035, 457.345627, 171.605188). Trying new monomer.
2019-Mar-03 22:15:17.440772 info[fractal.cpp:112] [34m[INFO] Failed to attach to (-6.075802, -76.898974, 8.667190). Trying new monomer.
2019-Mar-03 22:15:17.444026 info[fractal.cpp:112] [34m[INFO] Failed to attach to (-6.075802, -76.898974, 8.667190). Trying new monomer.
2019-Mar-03 22:15:17.449061 info[fractal.cpp:112] [34m[INFO] Failed to attach to (-305.961035, 457.345627, 171.605188). Trying new monomer.
2019-Mar-03 22:15:17.449798 info[fractal.cpp:112] [34m[INFO] Failed to attach to (-6.075802, -76.898974, 8.667190). Trying new monomer.
2019-Mar-03 22:15:17.452340 info[fractal.cpp:112] [34m[INFO] Failed to attach to (-305.961035, 457.345627, 171.605188). Trying new monomer.
2019-Mar-03 22:15:17.454403 info[fractal.cpp:112] [34m[INFO] Failed to attach to (22.074154, -73.561121, -25.787908). Trying new monomer.
2019-Mar-03 22:15:17.460636 info[fractal.cpp:112] [34m[INFO] Failed to attach to (-6.075802, -76.898974, 8.667190). Trying new monomer.
2019-Mar-03 22:15:17.468644 info[fractal.cpp:112] [34m[INFO] Failed to attach to (-305.961035, 457.345627, 171.605188). Trying new monomer.
2019-Mar-03 22:15:17.472507 info[fractal.cpp:112] [34m[INFO] Failed to attach to (-6.075802, -76.898974, 8.667190). Trying new monomer.
2019-Mar-03 22:15:17.475310 info[fractal.cpp:112] [34m[INFO] Failed to attach to (-305.961035, 457.345627, 171.605188). Trying new monomer.
2019-Mar-03 22:15:17.478774 info[fractal.cpp:112] [34m[INFO] Failed to attach to (-6.075802, -76.898974, 8.667190). Trying new monomer.
2019-Mar-03 22:15:17.481277 info[fractal.cpp:112] [34m[INFO] Failed to attach to (-305.961035, 457.345627, 171.605188). Trying new monomer.
2019-Mar-03 22:15:17.483401 info[fractal.cpp:112] [34m[INFO] Failed to attach to (-305.961035, 457.345627, 171.605188). Trying new monomer.
2019-Mar-03 22:15:17.486484 info[fractal.cpp:112] [34m[INFO] Failed to attach to (-305.961035, 457.345627, 171.605188). Trying new monomer.
2019-Mar-03 22:15:17.489945 info[fractal.cpp:112] [34m[INFO] Failed to attach to (-305.961035, 457.345627, 171.605188). Trying new monomer.
2019-Mar-03 22:15:17.491378 info[fractal.cpp:112] [34m[INFO] Failed to attach to (-6.075802, -76.898974, 8.667190). Trying new monomer.
2019-Mar-03 22:15:17.498758 info[fractal.cpp:112] [34m[INFO] Failed to attach to (-6.075802, -76.898974, 8.667190). Trying new monomer.
2019-Mar-03 22:15:17.505439 info[fractal.cpp:112] [34m[INFO] Failed to attach to (-6.075802, -76.898974, 8.667190). Trying new monomer.
2019-Mar-03 22:15:17.509962 info[fractal.cpp:112] [34m[INFO] Failed to attach to (-305.961035, 457.345627, 171.605188). Trying new monomer.
2019-Mar-03 22:15:17.514117 info[fractal.cpp:112] [34m[INFO] Failed to attach to (-305.961035, 457.345627, 171.605188). Trying new monomer.
2019-Mar-03 22:15:17.520624 info[fractal.cpp:112] [34m[INFO] Failed to attach to (-305.961035, 457.345627, 171.605188). Trying new monomer.
2019-Mar-03 22:15:17.525432 info[fractal.cpp:112] [34m[INFO] Failed to attach to (-305.961035, 457.345627, 171.605188). Trying new monomer.
2019-Mar-03 22:15:17.529559 info[fractal.cpp:112] [34m[INFO] Failed to attach to (-305.961035, 457.345627, 171.605188). Trying new monomer.
2019-Mar-03 22:15:17.532143 info[fractal.cpp:112] [34m[INFO] Failed to attach to (-6.075802, -76.898974, 8.667190). Trying new monomer.
2019-Mar-03 22:15:17.536111 info[fractal.cpp:112] [34m[INFO] Failed to attach to (-305.961035, 457.345627, 171.605188). Trying new monomer.
2019-Mar-03 22:15:17.543361 info[fractal.cpp:112] [34m[INFO] Failed to attach to (-6.075802, -76.898974, 8.667190). Trying new monomer.
2019-Mar-03 22:15:17.547729 info[fractal.cpp:152] [34m[INFO] Actual epsilon = 0.000011
2019-Mar-03 22:15:17.547864 info[fractal.cpp:86] [34m[INFO] Adding monomer at point (-284.002209, 457.045419, 290.530573)
2019-Mar-03 22:15:17.547949 info[fractal.cpp:175] [34m[INFO] Fractal parameters updated.
2019-Mar-03 22:15:17.548024 info[fractal.cpp:73] [34m[INFO] Adding new monomer to fractal using Monte Carlo algorithm.
2019-Mar-03 22:15:17.548084 info[fractal.cpp:121] [34m[INFO] Out of range best_monomer = 6810.000000
2019-Mar-03 22:15:17.548165 info[fractal.cpp:143] [34m[INFO] Under epsilon in 1 attempts.
2019-Mar-03 22:15:17.552142 info[fractal.cpp:112] [34m[INFO] Failed to attach to (-305.961035, 457.345627, 171.605188). Trying new monomer.
2019-Mar-03 22:15:17.553778 info[fractal.cpp:112] [34m[INFO] Failed to attach to (-6.075802, -76.898974, 8.667190). Trying new monomer.
2019-Mar-03 22:15:17.555171 info[fractal.cpp:112] [34m[INFO] Failed to attach to (-6.075802, -76.898974, 8.667190). Trying new monomer.
2019-Mar-03 22:15:17.557058 info[fractal.cpp:112] [34m[INFO] Failed to attach to (-6.075802, -76.898974, 8.667190). Trying new monomer.
2019-Mar-03 22:15:17.561451 info[fractal.cpp:112] [34m[INFO] Failed to attach to (-305.961035, 457.345627, 171.605188). Trying new monomer.
2019-Mar-03 22:15:17.565610 info[fractal.cpp:112] [34m[INFO] Failed to attach to (-305.961035, 457.345627, 171.605188). Trying new monomer.
2019-Mar-03 22:15:17.566716 info[fractal.cpp:112] [34m[INFO] Failed to attach to (-6.075802, -76.898974, 8.667190). Trying new monomer.
2019-Mar-03 22:15:17.568511 info[fractal.cpp:112] [34m[INFO] Failed to attach to (-6.075802, -76.898974, 8.667190). Trying new monomer.
2019-Mar-03 22:15:17.573055 info[fractal.cpp:112] [34m[INFO] Failed to attach to (-6.075802, -76.898974, 8.667190). Trying new monomer.
2019-Mar-03 22:15:17.573966 info[fractal.cpp:112] [34m[INFO] Failed to attach to (-6.075802, -76.898974, 8.667190). Trying new monomer.
2019-Mar-03 22:15:17.575554 info[fractal.cpp:112] [34m[INFO] Failed to attach to (-6.075802, -76.898974, 8.667190). Trying new monomer.
2019-Mar-03 22:15:17.584530 info[fractal.cpp:112] [34m[INFO] Failed to attach to (-305.961035, 457.345627, 171.605188). Trying new monomer.
2019-Mar-03 22:15:17.587470 info[fractal.cpp:112] [34m[INFO] Failed to attach to (-6.075802, -76.898974, 8.667190). Trying new monomer.
2019-Mar-03 22:15:17.589343 info[fractal.cpp:112] [34m[INFO] Failed to attach to (-6.075802, -76.898974, 8.667190). Trying new monomer.
2019-Mar-03 22:15:17.591825 info[fractal.cpp:112] [34m[INFO] Failed to attach to (-21.738282, -70.668775, 47.136286). Trying new monomer.
2019-Mar-03 22:15:17.594996 info[fractal.cpp:112] [34m[INFO] Failed to attach to (-305.961035, 457.345627, 171.605188). Trying new monomer.
2019-Mar-03 22:15:17.615306 info[fractal.cpp:112] [34m[INFO] Failed to attach to (-305.961035, 457.345627, 171.605188). Trying new monomer.
2019-Mar-03 22:15:17.617540 info[fractal.cpp:112] [34m[INFO] Failed to attach to (-6.075802, -76.898974, 8.667190). Trying new monomer.
2019-Mar-03 22:15:17.622813 info[fractal.cpp:112] [34m[INFO] Failed to attach to (-6.075802, -76.898974, 8.667190). Trying new monomer.
2019-Mar-03 22:15:17.623798 info[fractal.cpp:112] [34m[INFO] Failed to attach to (-6.075802, -76.898974, 8.667190). Trying new monomer.
2019-Mar-03 22:15:17.626286 info[fractal.cpp:112] [34m[INFO] Failed to attach to (-305.961035, 457.345627, 171.605188). Trying new monomer.
2019-Mar-03 22:15:17.629303 info[fractal.cpp:112] [34m[INFO] Failed to attach to (-305.961035, 457.345627, 171.605188). Trying new monomer.
2019-Mar-03 22:15:17.636380 info[fractal.cpp:112] [34m[INFO] Failed to attach to (-305.961035, 457.345627, 171.605188). Trying new monomer.
2019-Mar-03 22:15:17.639568 info[fractal.cpp:112] [34m[INFO] Failed to attach to (-305.961035, 457.345627, 171.605188). Trying new monomer.
2019-Mar-03 22:15:17.641974 info[fractal.cpp:112] [34m[INFO] Failed to attach to (-305.961035, 457.345627, 171.605188). Trying new monomer.
2019-Mar-03 22:15:17.645140 info[fractal.cpp:112] [34m[INFO] Failed to attach to (-6.075802, -76.898974, 8.667190). Trying new monomer.
2019-Mar-03 22:15:17.647220 info[fractal.cpp:112] [34m[INFO] Failed to attach to (-305.961035, 457.345627, 171.605188). Trying new monomer.
2019-Mar-03 22:15:17.648125 info[fractal.cpp:112] [34m[INFO] Failed to attach to (-6.075802, -76.898974, 8.667190). Trying new monomer.
2019-Mar-03 22:15:17.649193 info[fractal.cpp:112] [34m[INFO] Failed to attach to (-6.075802, -76.898974, 8.667190). Trying new monomer.
2019-Mar-03 22:15:17.650130 info[fractal.cpp:112] [34m[INFO] Failed to attach to (-6.075802, -76.898974, 8.667190). Trying new monomer.
2019-Mar-03 22:15:17.655388 info[fractal.cpp:112] [34m[INFO] Failed to attach to (-305.961035, 457.345627, 171.605188). Trying new monomer.
2019-Mar-03 22:15:17.657040 info[fractal.cpp:112] [34m[INFO] Failed to attach to (-6.075802, -76.898974, 8.667190). Trying new monomer.
2019-Mar-03 22:15:17.663628 info[fractal.cpp:112] [34m[INFO] Failed to attach to (-305.961035, 457.345627, 171.605188). Trying new monomer.
2019-Mar-03 22:15:17.666973 info[fractal.cpp:112] [34m[INFO] Failed to attach to (-305.961035, 457.345627, 171.605188). Trying new monomer.
2019-Mar-03 22:15:17.672834 info[fractal.cpp:112] [34m[INFO] Failed to attach to (-6.075802, -76.898974, 8.667190). Trying new monomer.
2019-Mar-03 22:15:17.676173 info[fractal.cpp:112] [34m[INFO] Failed to attach to (-305.961035, 457.345627, 171.605188). Trying new monomer.
2019-Mar-03 22:15:17.683242 info[fractal.cpp:112] [34m[INFO] Failed to attach to (-305.961035, 457.345627, 171.605188). Trying new monomer.
2019-Mar-03 22:15:17.684275 info[fractal.cpp:112] [34m[INFO] Failed to attach to (-6.075802, -76.898974, 8.667190). Trying new monomer.
2019-Mar-03 22:15:17.686221 info[fractal.cpp:112] [34m[INFO] Failed to attach to (-6.075802, -76.898974, 8.667190). Trying new monomer.
2019-Mar-03 22:15:17.692315 info[fractal.cpp:112] [34m[INFO] Failed to attach to (-6.075802, -76.898974, 8.667190). Trying new monomer.
2019-Mar-03 22:15:17.699700 info[fractal.cpp:112] [34m[INFO] Failed to attach to (-305.961035, 457.345627, 171.605188). Trying new monomer.
2019-Mar-03 22:15:17.703389 info[fractal.cpp:112] [34m[INFO] Failed to attach to (22.074154, -73.561121, -25.787908). Trying new monomer.
2019-Mar-03 22:15:17.705561 info[fractal.cpp:112] [34m[INFO] Failed to attach to (-6.075802, -76.898974, 8.667190). Trying new monomer.
2019-Mar-03 22:15:17.706512 info[fractal.cpp:112] [34m[INFO] Failed to attach to (-6.075802, -76.898974, 8.667190). Trying new monomer.
2019-Mar-03 22:15:17.714430 info[fractal.cpp:112] [34m[INFO] Failed to attach to (-6.075802, -76.898974, 8.667190). Trying new monomer.
2019-Mar-03 22:15:17.716195 info[fractal.cpp:112] [34m[INFO] Failed to attach to (22.074154, -73.561121, -25.787908). Trying new monomer.
2019-Mar-03 22:15:17.722232 info[fractal.cpp:152] [34m[INFO] Actual epsilon = 0.000001
2019-Mar-03 22:15:17.722478 info[fractal.cpp:86] [34m[INFO] Adding monomer at point (93.068703, -267.262698, 24.957497)
2019-Mar-03 22:15:17.722571 info[fractal.cpp:175] [34m[INFO] Fractal parameters updated.
2019-Mar-03 22:15:17.722655 info[fractal.cpp:73] [34m[INFO] Adding new monomer to fractal using Monte Carlo algorithm.
2019-Mar-03 22:15:17.722735 info[fractal.cpp:121] [34m[INFO] Out of range best_monomer = 6840.000000
2019-Mar-03 22:15:17.722939 info[fractal.cpp:143] [34m[INFO] Under epsilon in 1 attempts.
2019-Mar-03 22:15:17.733733 info[fractal.cpp:112] [34m[INFO] Failed to attach to (-6.075802, -76.898974, 8.667190). Trying new monomer.
2019-Mar-03 22:15:17.761650 info[fractal.cpp:112] [34m[INFO] Failed to attach to (-305.961035, 457.345627, 171.605188). Trying new monomer.
2019-Mar-03 22:15:17.764543 info[fractal.cpp:112] [34m[INFO] Failed to attach to (-305.961035, 457.345627, 171.605188). Trying new monomer.
2019-Mar-03 22:15:17.768094 info[fractal.cpp:112] [34m[INFO] Failed to attach to (-305.961035, 457.345627, 171.605188). Trying new monomer.
2019-Mar-03 22:15:17.778317 info[fractal.cpp:112] [34m[INFO] Failed to attach to (-6.075802, -76.898974, 8.667190). Trying new monomer.
2019-Mar-03 22:15:17.783918 info[fractal.cpp:112] [34m[INFO] Failed to attach to (-305.961035, 457.345627, 171.605188). Trying new monomer.
2019-Mar-03 22:15:17.785114 info[fractal.cpp:112] [34m[INFO] Failed to attach to (-6.075802, -76.898974, 8.667190). Trying new monomer.
2019-Mar-03 22:15:17.788199 info[fractal.cpp:112] [34m[INFO] Failed to attach to (-305.961035, 457.345627, 171.605188). Trying new monomer.
2019-Mar-03 22:15:17.792929 info[fractal.cpp:112] [34m[INFO] Failed to attach to (-305.961035, 457.345627, 171.605188). Trying new monomer.
2019-Mar-03 22:15:17.797624 info[fractal.cpp:112] [34m[INFO] Failed to attach to (-305.961035, 457.345627, 171.605188). Trying new monomer.
2019-Mar-03 22:15:17.798814 info[fractal.cpp:112] [34m[INFO] Failed to attach to (-6.075802, -76.898974, 8.667190). Trying new monomer.
2019-Mar-03 22:15:17.801444 info[fractal.cpp:112] [34m[INFO] Failed to attach to (-305.961035, 457.345627, 171.605188). Trying new monomer.
2019-Mar-03 22:15:17.810529 info[fractal.cpp:112] [34m[INFO] Failed to attach to (-305.961035, 457.345627, 171.605188). Trying new monomer.
2019-Mar-03 22:15:17.818993 info[fractal.cpp:112] [34m[INFO] Failed to attach to (-305.961035, 457.345627, 171.605188). Trying new monomer.
2019-Mar-03 22:15:17.822806 info[fractal.cpp:112] [34m[INFO] Failed to attach to (-305.961035, 457.345627, 171.605188). Trying new monomer.
2019-Mar-03 22:15:17.825019 info[fractal.cpp:112] [34m[INFO] Failed to attach to (-6.075802, -76.898974, 8.667190). Trying new monomer.
2019-Mar-03 22:15:17.825784 info[fractal.cpp:112] [34m[INFO] Failed to attach to (-6.075802, -76.898974, 8.667190). Trying new monomer.
2019-Mar-03 22:15:17.829073 info[fractal.cpp:112] [34m[INFO] Failed to attach to (-6.075802, -76.898974, 8.667190). Trying new monomer.
2019-Mar-03 22:15:17.831541 info[fractal.cpp:112] [34m[INFO] Failed to attach to (-305.961035, 457.345627, 171.605188). Trying new monomer.
2019-Mar-03 22:15:17.834457 info[fractal.cpp:112] [34m[INFO] Failed to attach to (-305.961035, 457.345627, 171.605188). Trying new monomer.
2019-Mar-03 22:15:17.837713 info[fractal.cpp:112] [34m[INFO] Failed to attach to (-305.961035, 457.345627, 171.605188). Trying new monomer.
2019-Mar-03 22:15:17.845322 info[fractal.cpp:112] [34m[INFO] Failed to attach to (-305.961035, 457.345627, 171.605188). Trying new monomer.
2019-Mar-03 22:15:17.846135 info[fractal.cpp:112] [34m[INFO] Failed to attach to (-6.075802, -76.898974, 8.667190). Trying new monomer.
