2019-Mar-03 22:15:03.945775 info[fractal.cpp:112] [34m[INFO] Failed to attach to (-6.075802, -76.898974, 8.667190). Trying new monomer.
2019-Mar-03 22:15:03.949059 info[fractal.cpp:112] [34m[INFO] Failed to attach to (-6.075802, -76.898974, 8.667190). Trying new monomer.
2019-Mar-03 22:15:03.949750 info[fractal.cpp:112] [34m[INFO] Failed to attach to (-6.075802, -76.898974, 8.667190). Trying new monomer.
2019-Mar-03 22:15:03.951705 info[fractal.cpp:112] [34m[INFO] Failed to attach to (-6.075802, -76.898974, 8.667190). Trying new monomer.
2019-Mar-03 22:15:03.955047 info[fractal.cpp:112] [34m[INFO] Failed to attach to (-6.075802, -76.898974, 8.667190). Trying new monomer.
2019-Mar-03 22:15:03.956366 info[fractal.cpp:112] [34m[INFO] Failed to attach to (-6.075802, -76.898974, 8.667190). Trying new monomer.
2019-Mar-03 22:15:03.965680 info[fractal.cpp:112] [34m[INFO] Failed to attach to (-6.075802, -76.898974, 8.667190). Trying new monomer.
2019-Mar-03 22:15:03.966401 info[fractal.cpp:152] [34m[INFO] Actual epsilon = 0.000009
2019-Mar-03 22:15:03.966553 info[fractal.cpp:86] [34m[INFO] Adding monomer at point (-239.113643, 440.459944, 74.034734)
2019-Mar-03 22:15:03.966650 info[fractal.cpp:175] [34m[INFO] Fractal parameters updated.
2019-Mar-03 22:15:03.966735 info[fractal.cpp:73] [34m[INFO] Adding new monomer to fractal using Monte Carlo algorithm.
2019-Mar-03 22:15:03.966819 info[fractal.cpp:121] [34m[INFO] Out of range best_monomer = 3420.000000
2019-Mar-03 22:15:03.966912 info[fractal.cpp:143] [34m[INFO] Under epsilon in 1 attempts.
2019-Mar-03 22:15:03.978467 info[fractal.cpp:112] [34m[INFO] Failed to attach to (-6.075802, -76.898974, 8.667190). Trying new monomer.
2019-Mar-03 22:15:03.982323 info[fractal.cpp:112] [34m[INFO] Failed to attach to (-6.075802, -76.898974, 8.667190). Trying new monomer.
2019-Mar-03 22:15:03.988681 info[fractal.cpp:112] [34m[INFO] Failed to attach to (-6.075802, -76.898974, 8.667190). Trying new monomer.
2019-Mar-03 22:15:03.990761 info[fractal.cpp:112] [34m[INFO] Failed to attach to (-6.075802, -76.898974, 8.667190). Trying new monomer.
2019-Mar-03 22:15:03.998390 info[fractal.cpp:112] [34m[INFO] Failed to attach to (-6.075802, -76.898974, 8.667190). Trying new monomer.
2019-Mar-03 22:15:04.001169 info[fractal.cpp:112] [34m[INFO] Failed to attach to (-6.075802, -76.898974, 8.667190). Trying new monomer.
2019-Mar-03 22:15:04.005200 info[fractal.cpp:112] [34m[INFO] Failed to attach to (-6.075802, -76.898974, 8.667190). Trying new monomer.
2019-Mar-03 22:15:04.007443 info[fractal.cpp:112] [34m[INFO] Failed to attach to (-6.075802, -76.898974, 8.667190). Trying new monomer.
2019-Mar-03 22:15:04.010334 info[fractal.cpp:112] [34m[INFO] Failed to attach to (-6.075802, -76.898974, 8.667190). Trying new monomer.
2019-Mar-03 22:15:04.011509 info[fractal.cpp:112] [34m[INFO] Failed to attach to (-6.075802, -76.898974, 8.667190). Trying new monomer.
2019-Mar-03 22:15:04.013531 info[fractal.cpp:112] [34m[INFO] Failed to attach to (-6.075802, -76.898974, 8.667190). Trying new monomer.
2019-Mar-03 22:15:04.020611 info[fractal.cpp:112] [34m[INFO] Failed to attach to (-6.075802, -76.898974, 8.667190). Trying new monomer.
2019-Mar-03 22:15:04.023320 info[fractal.cpp:112] [34m[INFO] Failed to attach to (-6.075802, -76.898974, 8.667190). Trying new monomer.
2019-Mar-03 22:15:04.024274 info[fractal.cpp:112] [34m[INFO] Failed to attach to (-6.075802, -76.898974, 8.667190). Trying new monomer.
2019-Mar-03 22:15:04.025146 info[fractal.cpp:112] [34m[INFO] Failed to attach to (-6.075802, -76.898974, 8.667190). Trying new monomer.
2019-Mar-03 22:15:04.032904 info[fractal.cpp:112] [34m[INFO] Failed to attach to (-6.075802, -76.898974, 8.667190). Trying new monomer.
2019-Mar-03 22:15:04.036020 info[fractal.cpp:112] [34m[INFO] Failed to attach to (-6.075802, -76.898974, 8.667190). Trying new monomer.
2019-Mar-03 22:15:04.040279 info[fractal.cpp:112] [34m[INFO] Failed to attach to (-6.075802, -76.898974, 8.667190). Trying new monomer.
2019-Mar-03 22:15:04.047648 info[fractal.cpp:112] [34m[INFO] Failed to attach to (-6.075802, -76.898974, 8.667190). Trying new monomer.
2019-Mar-03 22:15:04.050678 info[fractal.cpp:112] [34m[INFO] Failed to attach to (-6.075802, -76.898974, 8.667190). Trying new monomer.
2019-Mar-03 22:15:04.051521 info[fractal.cpp:112] [34m[INFO] Failed to attach to (-6.075802, -76.898974, 8.667190). Trying new monomer.
2019-Mar-03 22:15:04.055511 info[fractal.cpp:112] [34m[INFO] Failed to attach to (-6.075802, -76.898974, 8.667190). Trying new monomer.
2019-Mar-03 22:15:04.057050 info[fractal.cpp:112] [34m[INFO] Failed to attach to (-6.075802, -76.898974, 8.667190). Trying new monomer.
2019-Mar-03 22:15:04.057841 info[fractal.cpp:112] [34m[INFO] Failed to attach to (-6.075802, -76.898974, 8.667190). Trying new monomer.
2019-Mar-03 22:15:04.058571 info[fractal.cpp:112] [34m[INFO] Failed to attach to (-6.075802, -76.898974, 8.667190). Trying new monomer.
2019-Mar-03 22:15:04.062327 info[fractal.cpp:112] [34m[INFO] Failed to attach to (-6.075802, -76.898974, 8.667190). Trying new monomer.
2019-Mar-03 22:15:04.064713 info[fractal.cpp:112] [34m[INFO] Failed to attach to (-6.075802, -76.898974, 8.667190). Trying new monomer.
2019-Mar-03 22:15:04.065390 info[fractal.cpp:112] [34m[INFO] Failed to attach to (-6.075802, -76.898974, 8.667190). Trying new monomer.
2019-Mar-03 22:15:04.068524 info[fractal.cpp:112] [34m[INFO] Failed to attach to (-6.075802, -76.898974, 8.667190). Trying new monomer.
2019-Mar-03 22:15:04.069342 info[fractal.cpp:152] [34m[INFO] Actual epsilon = 0.000005
2019-Mar-03 22:15:04.069431 info[fractal.cpp:86] [34m[INFO] Adding monomer at point (-275.648602, 393.234676, 131.529445)
2019-Mar-03 22:15:04.069490 info[fractal.cpp:175] [34m[INFO] Fractal parameters updated.
2019-Mar-03 22:15:04.069541 info[fractal.cpp:73] [34m[INFO] Adding new monomer to fractal using Monte Carlo algorithm.
2019-Mar-03 22:15:04.069592 info[fractal.cpp:121] [34m[INFO] Out of range best_monomer = 3450.000000
2019-Mar-03 22:15:04.069647 info[fractal.cpp:143] [34m[INFO] Under epsilon in 1 attempts.
2019-Mar-03 22:15:04.071705 info[fractal.cpp:112] [34m[INFO] Failed to attach to (-6.075802, -76.898974, 8.667190). Trying new monomer.
2019-Mar-03 22:15:04.073311 info[fractal.cpp:112] [34m[INFO] Failed to attach to (-6.075802, -76.898974, 8.667190). Trying new monomer.
2019-Mar-03 22:15:04.074447 info[fractal.cpp:112] [34m[INFO] Failed to attach to (-6.075802, -76.898974, 8.667190). Trying new monomer.
2019-Mar-03 22:15:04.077516 info[fractal.cpp:112] [34m[INFO] Failed to attach to (-6.075802, -76.898974, 8.667190). Trying new monomer.
2019-Mar-03 22:15:04.078956 info[fractal.cpp:112] [34m[INFO] Failed to attach to (-6.075802, -76.898974, 8.667190). Trying new monomer.
2019-Mar-03 22:15:04.080608 info[fractal.cpp:112] [34m[INFO] Failed to attach to (-6.075802, -76.898974, 8.667190). Trying new monomer.
2019-Mar-03 22:15:04.082099 info[fractal.cpp:112] [34m[INFO] Failed to attach to (-6.075802, -76.898974, 8.667190). Trying new monomer.
2019-Mar-03 22:15:04.084674 info[fractal.cpp:112] [34m[INFO] Failed to attach to (-6.075802, -76.898974, 8.667190). Trying new monomer.
2019-Mar-03 22:15:04.087664 info[fractal.cpp:112] [34m[INFO] Failed to attach to (-6.075802, -76.898974, 8.667190). Trying new monomer.
2019-Mar-03 22:15:04.089103 info[fractal.cpp:112] [34m[INFO] Failed to attach to (-6.075802, -76.898974, 8.667190). Trying new monomer.
2019-Mar-03 22:15:04.092081 info[fractal.cpp:112] [34m[INFO] Failed to attach to (-6.075802, -76.898974, 8.667190). Trying new monomer.
2019-Mar-03 22:15:04.092913 info[fractal.cpp:112] [34m[INFO] Failed to attach to (-6.075802, -76.898974, 8.667190). Trying new monomer.
2019-Mar-03 22:15:04.093663 info[fractal.cpp:112] [34m[INFO] Failed to attach to (-21.738282, -70.668775, 47.136286). Trying new monomer.
2019-Mar-03 22:15:04.095366 info[fractal.cpp:112] [34m[INFO] Failed to attach to (-6.075802, -76.898974, 8.667190). Trying new monomer.
2019-Mar-03 22:15:04.097409 info[fractal.cpp:112] [34m[INFO] Failed to attach to (-6.075802, -76.898974, 8.667190). Trying new monomer.
2019-Mar-03 22:15:04.101270 info[fractal.cpp:112] [34m[INFO] Failed to attach to (-6.075802, -76.898974, 8.667190). Trying new monomer.
2019-Mar-03 22:15:04.102900 info[fractal.cpp:112] [34m[INFO] Failed to attach to (-6.075802, -76.898974, 8.667190). Trying new monomer.
2019-Mar-03 22:15:04.104457 info[fractal.cpp:112] [34m[INFO] Failed to attach to (-6.075802, -76.898974, 8.667190). Trying new monomer.
2019-Mar-03 22:15:04.105401 info[fractal.cpp:112] [34m[INFO] Failed to attach to (-6.075802, -76.898974, 8.667190). Trying new monomer.
2019-Mar-03 22:15:04.106889 info[fractal.cpp:112] [34m[INFO] Failed to attach to (-6.075802, -76.898974, 8.667190). Trying new monomer.
2019-Mar-03 22:15:04.109424 info[fractal.cpp:112] [34m[INFO] Failed to attach to (-6.075802, -76.898974, 8.667190). Trying new monomer.
2019-Mar-03 22:15:04.110505 info[fractal.cpp:112] [34m[INFO] Failed to attach to (-6.075802, -76.898974, 8.667190). Trying new monomer.
2019-Mar-03 22:15:04.113481 info[fractal.cpp:112] [34m[INFO] Failed to attach to (-6.075802, -76.898974, 8.667190). Trying new monomer.
2019-Mar-03 22:15:04.115637 info[fractal.cpp:112] [34m[INFO] Failed to attach to (22.074154, -73.561121, -25.787908). Trying new monomer.
2019-Mar-03 22:15:04.118517 info[fractal.cpp:112] [34m[INFO] Failed to attach to (-6.075802, -76.898974, 8.667190). Trying new monomer.
2019-Mar-03 22:15:04.119233 info[fractal.cpp:112] [34m[INFO] Failed to attach to (-6.075802, -76.898974, 8.667190). Trying new monomer.
2019-Mar-03 22:15:04.120643 info[fractal.cpp:112] [34m[INFO] Failed to attach to (-6.075802, -76.898974, 8.667190). Trying new monomer.
2019-Mar-03 22:15:04.121628 info[fractal.cpp:112] [34m[INFO] Failed to attach to (-6.075802, -76.898974, 8.667190). Trying new monomer.
2019-Mar-03 22:15:04.122488 info[fractal.cpp:112] [34m[INFO] Failed to attach to (-6.075802, -76.898974, 8.667190). Trying new monomer.
2019-Mar-03 22:15:04.123626 info[fractal.cpp:112] [34m[INFO] Failed to attach to (-6.075802, -76.898974, 8.667190). Trying new monomer.
2019-Mar-03 22:15:04.125409 info[fractal.cpp:112] [34m[INFO] Failed to attach to (-6.075802, -76.898974, 8.667190). Trying new monomer.
2019-Mar-03 22:15:04.127159 info[fractal.cpp:112] [34m[INFO] Failed to attach to (-6.075802, -76.898974, 8.667190). Trying new monomer.
2019-Mar-03 22:15:04.127749 info[fractal.cpp:112] [34m[INFO] Failed to attach to (-6.075802, -76.898974, 8.667190). Trying new monomer.
2019-Mar-03 22:15:04.131844 info[fractal.cpp:112] [34m[INFO] Failed to attach to (-6.075802, -76.898974, 8.667190). Trying new monomer.
2019-Mar-03 22:15:04.134112 info[fractal.cpp:112] [34m[INFO] Failed to attach to (-6.075802, -76.898974, 8.667190). Trying new monomer.
2019-Mar-03 22:15:04.135467 info[fractal.cpp:112] [34m[INFO] Failed to attach to (-6.075802, -76.898974, 8.667190). Trying new monomer.
2019-Mar-03 22:15:04.137702 info[fractal.cpp:112] [34m[INFO] Failed to attach to (-6.075802, -76.898974, 8.667190). Trying new monomer.
2019-Mar-03 22:15:04.140163 info[fractal.cpp:112] [34m[INFO] Failed to attach to (-6.075802, -76.898974, 8.667190). Trying new monomer.
2019-Mar-03 22:15:04.141461 info[fractal.cpp:112] [34m[INFO] Failed to attach to (-6.075802, -76.898974, 8.667190). Trying new monomer.
2019-Mar-03 22:15:04.142407 info[fractal.cpp:112] [34m[INFO] Failed to attach to (-6.075802, -76.898974, 8.667190). Trying new monomer.
2019-Mar-03 22:15:04.143148 info[fractal.cpp:112] [34m[INFO] Failed to attach to (-6.075802, -76.898974, 8.667190). Trying new monomer.
2019-Mar-03 22:15:04.144447 info[fractal.cpp:112] [34m[INFO] Failed to attach to (-6.075802, -76.898974, 8.667190). Trying new monomer.
2019-Mar-03 22:15:04.146278 info[fractal.cpp:112] [34m[INFO] Failed to attach to (-6.075802, -76.898974, 8.667190). Trying new monomer.
2019-Mar-03 22:15:04.149193 info[fractal.cpp:112] [34m[INFO] Failed to attach to (-6.075802, -76.898974, 8.667190). Trying new monomer.
2019-Mar-03 22:15:04.152949 info[fractal.cpp:112] [34m[INFO] Failed to attach to (-6.075802, -76.898974, 8.667190). Trying new monomer.
2019-Mar-03 22:15:04.154572 info[fractal.cpp:112] [34m[INFO] Failed to attach to (-6.075802, -76.898974, 8.667190). Trying new monomer.
2019-Mar-03 22:15:04.155782 info[fractal.cpp:112] [34m[INFO] Failed to attach to (-6.075802, -76.898974, 8.667190). Trying new monomer.
2019-Mar-03 22:15:04.158368 info[fractal.cpp:112] [34m[INFO] Failed to attach to (-6.075802, -76.898974, 8.667190). Trying new monomer.
2019-Mar-03 22:15:04.162557 info[fractal.cpp:112] [34m[INFO] Failed to attach to (-6.075802, -76.898974, 8.667190). Trying new monomer.
2019-Mar-03 22:15:04.163428 info[fractal.cpp:112] [34m[INFO] Failed to attach to (-6.075802, -76.898974, 8.667190). Trying new monomer.
2019-Mar-03 22:15:04.164610 info[fractal.cpp:112] [34m[INFO] Failed to attach to (-6.075802, -76.898974, 8.667190). Trying new monomer.
2019-Mar-03 22:15:04.167874 info[fractal.cpp:112] [34m[INFO] Failed to attach to (-6.075802, -76.898974, 8.667190). Trying new monomer.
2019-Mar-03 22:15:04.172174 info[fractal.cpp:152] [34m[INFO] Actual epsilon = 0.000052
2019-Mar-03 22:15:04.172300 info[fractal.cpp:86] [34m[INFO] Adding monomer at point (157.642682, -70.052269, -93.514917)
2019-Mar-03 22:15:04.172361 info[fractal.cpp:175] [34m[INFO] Fractal parameters updated.
2019-Mar-03 22:15:04.172413 info[fractal.cpp:73] [34m[INFO] Adding new monomer to fractal using Monte Carlo algorithm.
2019-Mar-03 22:15:04.172464 info[fractal.cpp:121] [34m[INFO] Out of range best_monomer = 3480.000000
2019-Mar-03 22:15:04.172520 info[fractal.cpp:143] [34m[INFO] Under epsilon in 1 attempts.
2019-Mar-03 22:15:04.174125 info[fractal.cpp:112] [34m[INFO] Failed to attach to (-6.075802, -76.898974, 8.667190). Trying new monomer.
2019-Mar-03 22:15:04.177569 info[fractal.cpp:112] [34m[INFO] Failed to attach to (-6.075802, -76.898974, 8.667190). Trying new monomer.
2019-Mar-03 22:15:04.178228 info[fractal.cpp:112] [34m[INFO] Failed to attach to (-6.075802, -76.898974, 8.667190). Trying new monomer.
2019-Mar-03 22:15:04.179519 info[fractal.cpp:112] [34m[INFO] Failed to attach to (-6.075802, -76.898974, 8.667190). Trying new monomer.
2019-Mar-03 22:15:04.181957 info[fractal.cpp:112] [34m[INFO] Failed to attach to (-6.075802, -76.898974, 8.667190). Trying new monomer.
2019-Mar-03 22:15:04.183878 info[fractal.cpp:112] [34m[INFO] Failed to attach to (-6.075802, -76.898974, 8.667190). Trying new monomer.
2019-Mar-03 22:15:04.185142 info[fractal.cpp:112] [34m[INFO] Failed to attach to (-6.075802, -76.898974, 8.667190). Trying new monomer.
2019-Mar-03 22:15:04.186358 info[fractal.cpp:112] [34m[INFO] Failed to attach to (-6.075802, -76.898974, 8.667190). Trying new monomer.
2019-Mar-03 22:15:04.188474 info[fractal.cpp:112] [34m[INFO] Failed to attach to (-6.075802, -76.898974, 8.667190). Trying new monomer.
2019-Mar-03 22:15:04.189378 info[fractal.cpp:112] [34m[INFO] Failed to attach to (-6.075802, -76.898974, 8.667190). Trying new monomer.
2019-Mar-03 22:15:04.190516 info[fractal.cpp:112] [34m[INFO] Failed to attach to (-6.075802, -76.898974, 8.667190). Trying new monomer.
2019-Mar-03 22:15:04.191414 info[fractal.cpp:112] [34m[INFO] Failed to attach to (-6.075802, -76.898974, 8.667190). Trying new monomer.
2019-Mar-03 22:15:04.199172 info[fractal.cpp:112] [34m[INFO] Failed to attach to (-6.075802, -76.898974, 8.667190). Trying new monomer.
2019-Mar-03 22:15:04.200639 info[fractal.cpp:112] [34m[INFO] Failed to attach to (-6.075802, -76.898974, 8.667190). Trying new monomer.
2019-Mar-03 22:15:04.202171 info[fractal.cpp:112] [34m[INFO] Failed to attach to (-6.075802, -76.898974, 8.667190). Trying new monomer.
2019-Mar-03 22:15:04.205347 info[fractal.cpp:112] [34m[INFO] Failed to attach to (-6.075802, -76.898974, 8.667190). Trying new monomer.
2019-Mar-03 22:15:04.206833 info[fractal.cpp:112] [34m[INFO] Failed to attach to (-6.075802, -76.898974, 8.667190). Trying new monomer.
2019-Mar-03 22:15:04.210118 info[fractal.cpp:112] [34m[INFO] Failed to attach to (-6.075802, -76.898974, 8.667190). Trying new monomer.
