2019-Mar-03 22:14:00.887158 info[fractal.cpp:112] [34m[INFO] Failed to attach to (196.272536, -233.789046, -77.117836). Trying new monomer.
2019-Mar-03 22:14:00.890365 info[fractal.cpp:112] [34m[INFO] Failed to attach to (174.147588, -218.546625, -123.995514). Trying new monomer.
2019-Mar-03 22:14:00.895340 info[fractal.cpp:112] [34m[INFO] Failed to attach to (174.147588, -218.546625, -123.995514). Trying new monomer.
2019-Mar-03 22:14:00.898432 info[fractal.cpp:112] [34m[INFO] Failed to attach to (196.272536, -233.789046, -77.117836). Trying new monomer.
2019-Mar-03 22:14:00.904085 info[fractal.cpp:112] [34m[INFO] Failed to attach to (196.272536, -233.789046, -77.117836). Trying new monomer.
2019-Mar-03 22:14:00.909589 info[fractal.cpp:112] [34m[INFO] Failed to attach to (218.861522, -238.701374, -25.550451). Trying new monomer.
2019-Mar-03 22:14:00.913727 info[fractal.cpp:112] [34m[INFO] Failed to attach to (222.999395, -182.796676, -112.325158). Trying new monomer.
2019-Mar-03 22:14:00.919213 info[fractal.cpp:112] [34m[INFO] Failed to attach to (146.923497, -208.108927, -78.543304). Trying new monomer.
2019-Mar-03 22:14:00.922670 info[fractal.cpp:112] [34m[INFO] Failed to attach to (196.272536, -233.789046, -77.117836). Trying new monomer.
2019-Mar-03 22:14:00.924467 info[fractal.cpp:112] [34m[INFO] Failed to attach to (146.923497, -208.108927, -78.543304). Trying new monomer.
2019-Mar-03 22:14:00.927800 info[fractal.cpp:112] [34m[INFO] Failed to attach to (146.923497, -208.108927, -78.543304). Trying new monomer.
2019-Mar-03 22:14:00.930182 info[fractal.cpp:112] [34m[INFO] Failed to attach to (196.272536, -233.789046, -77.117836). Trying new monomer.
2019-Mar-03 22:14:00.934185 info[fractal.cpp:112] [34m[INFO] Failed to attach to (187.741458, -262.167493, 61.037181). Trying new monomer.
2019-Mar-03 22:14:00.937191 info[fractal.cpp:112] [34m[INFO] Failed to attach to (174.147588, -218.546625, -123.995514). Trying new monomer.
2019-Mar-03 22:14:00.940649 info[fractal.cpp:112] [34m[INFO] Failed to attach to (219.511802, -179.242287, -58.555250). Trying new monomer.
2019-Mar-03 22:14:00.942330 info[fractal.cpp:112] [34m[INFO] Failed to attach to (146.923497, -208.108927, -78.543304). Trying new monomer.
2019-Mar-03 22:14:00.945738 info[fractal.cpp:112] [34m[INFO] Failed to attach to (218.861522, -238.701374, -25.550451). Trying new monomer.
2019-Mar-03 22:14:00.950099 info[fractal.cpp:112] [34m[INFO] Failed to attach to (-215.725771, 165.028728, -141.616493). Trying new monomer.
2019-Mar-03 22:14:00.952869 info[fractal.cpp:112] [34m[INFO] Failed to attach to (219.511802, -179.242287, -58.555250). Trying new monomer.
2019-Mar-03 22:14:00.955456 info[fractal.cpp:112] [34m[INFO] Failed to attach to (174.147588, -218.546625, -123.995514). Trying new monomer.
2019-Mar-03 22:14:00.989390 info[fractal.cpp:112] [34m[INFO] Failed to attach to (219.511802, -179.242287, -58.555250). Trying new monomer.
2019-Mar-03 22:14:00.993361 info[fractal.cpp:112] [34m[INFO] Failed to attach to (146.923497, -208.108927, -78.543304). Trying new monomer.
2019-Mar-03 22:14:00.997315 info[fractal.cpp:112] [34m[INFO] Failed to attach to (196.272536, -233.789046, -77.117836). Trying new monomer.
2019-Mar-03 22:14:01.000660 info[fractal.cpp:112] [34m[INFO] Failed to attach to (222.999395, -182.796676, -112.325158). Trying new monomer.
2019-Mar-03 22:14:01.005705 info[fractal.cpp:112] [34m[INFO] Failed to attach to (218.861522, -238.701374, -25.550451). Trying new monomer.
2019-Mar-03 22:14:01.008849 info[fractal.cpp:112] [34m[INFO] Failed to attach to (-215.725771, 165.028728, -141.616493). Trying new monomer.
2019-Mar-03 22:14:01.029000 info[fractal.cpp:112] [34m[INFO] Failed to attach to (174.147588, -218.546625, -123.995514). Trying new monomer.
2019-Mar-03 22:14:01.039933 info[fractal.cpp:112] [34m[INFO] Failed to attach to (146.923497, -208.108927, -78.543304). Trying new monomer.
2019-Mar-03 22:14:01.045713 info[fractal.cpp:112] [34m[INFO] Failed to attach to (174.147588, -218.546625, -123.995514). Trying new monomer.
2019-Mar-03 22:14:01.051113 info[fractal.cpp:112] [34m[INFO] Failed to attach to (150.426596, -261.873883, -82.156857). Trying new monomer.
2019-Mar-03 22:14:01.057282 info[fractal.cpp:112] [34m[INFO] Failed to attach to (218.861522, -238.701374, -25.550451). Trying new monomer.
2019-Mar-03 22:14:01.064962 info[fractal.cpp:112] [34m[INFO] Failed to attach to (218.861522, -238.701374, -25.550451). Trying new monomer.
2019-Mar-03 22:14:01.068791 info[fractal.cpp:112] [34m[INFO] Failed to attach to (196.272536, -233.789046, -77.117836). Trying new monomer.
2019-Mar-03 22:14:01.115427 info[fractal.cpp:112] [34m[INFO] Failed to attach to (222.999395, -182.796676, -112.325158). Trying new monomer.
2019-Mar-03 22:14:01.119885 info[fractal.cpp:112] [34m[INFO] Failed to attach to (150.426596, -261.873883, -82.156857). Trying new monomer.
2019-Mar-03 22:14:01.127855 info[fractal.cpp:112] [34m[INFO] Failed to attach to (196.272536, -233.789046, -77.117836). Trying new monomer.
2019-Mar-03 22:14:01.134873 info[fractal.cpp:112] [34m[INFO] Failed to attach to (174.147588, -218.546625, -123.995514). Trying new monomer.
2019-Mar-03 22:14:01.140258 info[fractal.cpp:112] [34m[INFO] Failed to attach to (146.923497, -208.108927, -78.543304). Trying new monomer.
2019-Mar-03 22:14:01.145045 info[fractal.cpp:112] [34m[INFO] Failed to attach to (-215.725771, 165.028728, -141.616493). Trying new monomer.
2019-Mar-03 22:14:01.148364 info[fractal.cpp:112] [34m[INFO] Failed to attach to (-215.725771, 165.028728, -141.616493). Trying new monomer.
2019-Mar-03 22:14:01.156273 info[fractal.cpp:112] [34m[INFO] Failed to attach to (174.147588, -218.546625, -123.995514). Trying new monomer.
2019-Mar-03 22:14:01.160138 info[fractal.cpp:112] [34m[INFO] Failed to attach to (218.861522, -238.701374, -25.550451). Trying new monomer.
2019-Mar-03 22:14:01.164467 info[fractal.cpp:112] [34m[INFO] Failed to attach to (150.426596, -261.873883, -82.156857). Trying new monomer.
2019-Mar-03 22:14:01.172206 info[fractal.cpp:112] [34m[INFO] Failed to attach to (174.147588, -218.546625, -123.995514). Trying new monomer.
2019-Mar-03 22:14:01.174793 info[fractal.cpp:112] [34m[INFO] Failed to attach to (174.147588, -218.546625, -123.995514). Trying new monomer.
2019-Mar-03 22:14:01.190301 info[fractal.cpp:112] [34m[INFO] Failed to attach to (219.511802, -179.242287, -58.555250). Trying new monomer.
2019-Mar-03 22:14:01.197818 info[fractal.cpp:112] [34m[INFO] Failed to attach to (174.147588, -218.546625, -123.995514). Trying new monomer.
2019-Mar-03 22:14:01.203055 info[fractal.cpp:112] [34m[INFO] Failed to attach to (222.999395, -182.796676, -112.325158). Trying new monomer.
2019-Mar-03 22:14:01.210217 info[fractal.cpp:112] [34m[INFO] Failed to attach to (218.861522, -238.701374, -25.550451). Trying new monomer.
2019-Mar-03 22:14:01.214156 info[fractal.cpp:112] [34m[INFO] Failed to attach to (196.272536, -233.789046, -77.117836). Trying new monomer.
2019-Mar-03 22:14:01.220930 info[fractal.cpp:112] [34m[INFO] Failed to attach to (196.272536, -233.789046, -77.117836). Trying new monomer.
2019-Mar-03 22:14:01.224731 info[fractal.cpp:112] [34m[INFO] Failed to attach to (174.147588, -218.546625, -123.995514). Trying new monomer.
2019-Mar-03 22:14:01.228046 info[fractal.cpp:112] [34m[INFO] Failed to attach to (146.923497, -208.108927, -78.543304). Trying new monomer.
2019-Mar-03 22:14:01.233171 info[fractal.cpp:112] [34m[INFO] Failed to attach to (218.861522, -238.701374, -25.550451). Trying new monomer.
2019-Mar-03 22:14:01.238622 info[fractal.cpp:112] [34m[INFO] Failed to attach to (196.272536, -233.789046, -77.117836). Trying new monomer.
2019-Mar-03 22:14:01.244341 info[fractal.cpp:112] [34m[INFO] Failed to attach to (-215.725771, 165.028728, -141.616493). Trying new monomer.
2019-Mar-03 22:14:01.248573 info[fractal.cpp:112] [34m[INFO] Failed to attach to (-215.725771, 165.028728, -141.616493). Trying new monomer.
2019-Mar-03 22:14:01.253225 info[fractal.cpp:112] [34m[INFO] Failed to attach to (218.861522, -238.701374, -25.550451). Trying new monomer.
2019-Mar-03 22:14:01.256445 info[fractal.cpp:112] [34m[INFO] Failed to attach to (146.923497, -208.108927, -78.543304). Trying new monomer.
2019-Mar-03 22:14:01.262398 info[fractal.cpp:112] [34m[INFO] Failed to attach to (-215.725771, 165.028728, -141.616493). Trying new monomer.
2019-Mar-03 22:14:01.265215 info[fractal.cpp:112] [34m[INFO] Failed to attach to (174.147588, -218.546625, -123.995514). Trying new monomer.
2019-Mar-03 22:14:01.268817 info[fractal.cpp:112] [34m[INFO] Failed to attach to (150.426596, -261.873883, -82.156857). Trying new monomer.
2019-Mar-03 22:14:01.273567 info[fractal.cpp:112] [34m[INFO] Failed to attach to (222.999395, -182.796676, -112.325158). Trying new monomer.
2019-Mar-03 22:14:01.279387 info[fractal.cpp:112] [34m[INFO] Failed to attach to (218.861522, -238.701374, -25.550451). Trying new monomer.
2019-Mar-03 22:14:01.282789 info[fractal.cpp:112] [34m[INFO] Failed to attach to (174.147588, -218.546625, -123.995514). Trying new monomer.
2019-Mar-03 22:14:01.285985 info[fractal.cpp:112] [34m[INFO] Failed to attach to (218.861522, -238.701374, -25.550451). Trying new monomer.
2019-Mar-03 22:14:01.295567 info[fractal.cpp:112] [34m[INFO] Failed to attach to (-215.725771, 165.028728, -141.616493). Trying new monomer.
2019-Mar-03 22:14:01.298432 info[fractal.cpp:112] [34m[INFO] Failed to attach to (174.147588, -218.546625, -123.995514). Trying new monomer.
2019-Mar-03 22:14:01.302687 info[fractal.cpp:112] [34m[INFO] Failed to attach to (218.861522, -238.701374, -25.550451). Trying new monomer.
2019-Mar-03 22:14:01.306549 info[fractal.cpp:112] [34m[INFO] Failed to attach to (174.147588, -218.546625, -123.995514). Trying new monomer.
2019-Mar-03 22:14:01.311445 info[fractal.cpp:112] [34m[INFO] Failed to attach to (222.999395, -182.796676, -112.325158). Trying new monomer.
2019-Mar-03 22:14:01.313718 info[fractal.cpp:112] [34m[INFO] Failed to attach to (-215.725771, 165.028728, -141.616493). Trying new monomer.
2019-Mar-03 22:14:01.317743 info[fractal.cpp:112] [34m[INFO] Failed to attach to (218.861522, -238.701374, -25.550451). Trying new monomer.
2019-Mar-03 22:14:01.322538 info[fractal.cpp:112] [34m[INFO] Failed to attach to (222.999395, -182.796676, -112.325158). Trying new monomer.
2019-Mar-03 22:14:01.326729 info[fractal.cpp:112] [34m[INFO] Failed to attach to (218.861522, -238.701374, -25.550451). Trying new monomer.
2019-Mar-03 22:14:01.332503 info[fractal.cpp:112] [34m[INFO] Failed to attach to (218.861522, -238.701374, -25.550451). Trying new monomer.
2019-Mar-03 22:14:01.335121 info[fractal.cpp:112] [34m[INFO] Failed to attach to (146.923497, -208.108927, -78.543304). Trying new monomer.
2019-Mar-03 22:14:01.339546 info[fractal.cpp:112] [34m[INFO] Failed to attach to (222.999395, -182.796676, -112.325158). Trying new monomer.
2019-Mar-03 22:14:01.341673 info[fractal.cpp:112] [34m[INFO] Failed to attach to (222.999395, -182.796676, -112.325158). Trying new monomer.
2019-Mar-03 22:14:01.344300 info[fractal.cpp:112] [34m[INFO] Failed to attach to (218.861522, -238.701374, -25.550451). Trying new monomer.
2019-Mar-03 22:14:01.347516 info[fractal.cpp:112] [34m[INFO] Failed to attach to (150.426596, -261.873883, -82.156857). Trying new monomer.
2019-Mar-03 22:14:01.358531 info[fractal.cpp:112] [34m[INFO] Failed to attach to (196.272536, -233.789046, -77.117836). Trying new monomer.
2019-Mar-03 22:14:01.361790 info[fractal.cpp:112] [34m[INFO] Failed to attach to (174.147588, -218.546625, -123.995514). Trying new monomer.
2019-Mar-03 22:14:01.364681 info[fractal.cpp:112] [34m[INFO] Failed to attach to (218.861522, -238.701374, -25.550451). Trying new monomer.
2019-Mar-03 22:14:01.368537 info[fractal.cpp:112] [34m[INFO] Failed to attach to (-215.725771, 165.028728, -141.616493). Trying new monomer.
2019-Mar-03 22:14:01.370323 info[fractal.cpp:112] [34m[INFO] Failed to attach to (146.923497, -208.108927, -78.543304). Trying new monomer.
2019-Mar-03 22:14:01.375061 info[fractal.cpp:112] [34m[INFO] Failed to attach to (222.999395, -182.796676, -112.325158). Trying new monomer.
2019-Mar-03 22:14:01.380243 info[fractal.cpp:112] [34m[INFO] Failed to attach to (196.272536, -233.789046, -77.117836). Trying new monomer.
2019-Mar-03 22:14:01.382847 info[fractal.cpp:112] [34m[INFO] Failed to attach to (-215.725771, 165.028728, -141.616493). Trying new monomer.
2019-Mar-03 22:14:01.387961 info[fractal.cpp:112] [34m[INFO] Failed to attach to (174.147588, -218.546625, -123.995514). Trying new monomer.
2019-Mar-03 22:14:01.397250 info[fractal.cpp:112] [34m[INFO] Failed to attach to (196.272536, -233.789046, -77.117836). Trying new monomer.
2019-Mar-03 22:14:01.399179 info[fractal.cpp:152] [34m[INFO] Actual epsilon = 0.000002
2019-Mar-03 22:14:01.399315 info[fractal.cpp:86] [34m[INFO] Adding monomer at point (328.823507, -181.806027, -114.898640)
2019-Mar-03 22:14:01.399404 info[fractal.cpp:175] [34m[INFO] Fractal parameters updated.
2019-Mar-03 22:14:01.399478 info[fractal.cpp:73] [34m[INFO] Adding new monomer to fractal using Monte Carlo algorithm.
2019-Mar-03 22:14:01.399549 info[fractal.cpp:121] [34m[INFO] Out of range best_monomer = 8640.000000
2019-Mar-03 22:14:01.399659 info[fractal.cpp:143] [34m[INFO] Under epsilon in 1 attempts.
2019-Mar-03 22:14:01.406612 info[fractal.cpp:112] [34m[INFO] Failed to attach to (174.147588, -218.546625, -123.995514). Trying new monomer.
2019-Mar-03 22:14:01.412628 info[fractal.cpp:112] [34m[INFO] Failed to attach to (-215.725771, 165.028728, -141.616493). Trying new monomer.
2019-Mar-03 22:14:01.418188 info[fractal.cpp:112] [34m[INFO] Failed to attach to (174.147588, -218.546625, -123.995514). Trying new monomer.
2019-Mar-03 22:14:01.421648 info[fractal.cpp:112] [34m[INFO] Failed to attach to (-215.725771, 165.028728, -141.616493). Trying new monomer.
2019-Mar-03 22:14:01.432654 info[fractal.cpp:112] [34m[INFO] Failed to attach to (174.147588, -218.546625, -123.995514). Trying new monomer.
2019-Mar-03 22:14:01.436561 info[fractal.cpp:112] [34m[INFO] Failed to attach to (187.741458, -262.167493, 61.037181). Trying new monomer.
2019-Mar-03 22:14:01.440446 info[fractal.cpp:112] [34m[INFO] Failed to attach to (218.861522, -238.701374, -25.550451). Trying new monomer.
2019-Mar-03 22:14:01.447669 info[fractal.cpp:112] [34m[INFO] Failed to attach to (-215.725771, 165.028728, -141.616493). Trying new monomer.
2019-Mar-03 22:14:01.455717 info[fractal.cpp:112] [34m[INFO] Failed to attach to (222.999395, -182.796676, -112.325158). Trying new monomer.
2019-Mar-03 22:14:01.458726 info[fractal.cpp:112] [34m[INFO] Failed to attach to (174.147588, -218.546625, -123.995514). Trying new monomer.
2019-Mar-03 22:14:01.461187 info[fractal.cpp:112] [34m[INFO] Failed to attach to (-215.725771, 165.028728, -141.616493). Trying new monomer.
2019-Mar-03 22:14:01.465304 info[fractal.cpp:112] [34m[INFO] Failed to attach to (146.923497, -208.108927, -78.543304). Trying new monomer.
2019-Mar-03 22:14:01.468938 info[fractal.cpp:112] [34m[INFO] Failed to attach to (196.272536, -233.789046, -77.117836). Trying new monomer.
2019-Mar-03 22:14:01.474342 info[fractal.cpp:112] [34m[INFO] Failed to attach to (196.272536, -233.789046, -77.117836). Trying new monomer.
2019-Mar-03 22:14:01.484443 info[fractal.cpp:112] [34m[INFO] Failed to attach to (222.999395, -182.796676, -112.325158). Trying new monomer.
2019-Mar-03 22:14:01.487148 info[fractal.cpp:112] [34m[INFO] Failed to attach to (218.861522, -238.701374, -25.550451). Trying new monomer.
2019-Mar-03 22:14:01.492724 info[fractal.cpp:112] [34m[INFO] Failed to attach to (174.147588, -218.546625, -123.995514). Trying new monomer.
2019-Mar-03 22:14:01.497176 info[fractal.cpp:112] [34m[INFO] Failed to attach to (218.861522, -238.701374, -25.550451). Trying new monomer.
2019-Mar-03 22:14:01.509915 info[fractal.cpp:112] [34m[INFO] Failed to attach to (196.272536, -233.789046, -77.117836). Trying new monomer.
2019-Mar-03 22:14:01.515875 info[fractal.cpp:112] [34m[INFO] Failed to attach to (174.147588, -218.546625, -123.995514). Trying new monomer.
