2019-Mar-03 22:13:49.565148 info[fractal.cpp:112] [34m[INFO] Failed to attach to (196.272536, -233.789046, -77.117836). Trying new monomer.
2019-Mar-03 22:13:49.568982 info[fractal.cpp:112] [34m[INFO] Failed to attach to (146.923497, -208.108927, -78.543304). Trying new monomer.
2019-Mar-03 22:13:49.572449 info[fractal.cpp:112] [34m[INFO] Failed to attach to (196.272536, -233.789046, -77.117836). Trying new monomer.
2019-Mar-03 22:13:49.575016 info[fractal.cpp:112] [34m[INFO] Failed to attach to (196.272536, -233.789046, -77.117836). Trying new monomer.
2019-Mar-03 22:13:49.577723 info[fractal.cpp:112] [34m[INFO] Failed to attach to (222.999395, -182.796676, -112.325158). Trying new monomer.
2019-Mar-03 22:13:49.580315 info[fractal.cpp:112] [34m[INFO] Failed to attach to (-215.725771, 165.028728, -141.616493). Trying new monomer.
2019-Mar-03 22:13:49.584935 info[fractal.cpp:112] [34m[INFO] Failed to attach to (196.272536, -233.789046, -77.117836). Trying new monomer.
2019-Mar-03 22:13:49.587575 info[fractal.cpp:112] [34m[INFO] Failed to attach to (174.147588, -218.546625, -123.995514). Trying new monomer.
2019-Mar-03 22:13:49.589734 info[fractal.cpp:112] [34m[INFO] Failed to attach to (196.272536, -233.789046, -77.117836). Trying new monomer.
2019-Mar-03 22:13:49.594875 info[fractal.cpp:112] [34m[INFO] Failed to attach to (196.272536, -233.789046, -77.117836). Trying new monomer.
2019-Mar-03 22:13:49.598973 info[fractal.cpp:112] [34m[INFO] Failed to attach to (196.272536, -233.789046, -77.117836). Trying new monomer.
2019-Mar-03 22:13:49.601686 info[fractal.cpp:112] [34m[INFO] Failed to attach to (174.147588, -218.546625, -123.995514). Trying new monomer.
2019-Mar-03 22:13:49.603959 info[fractal.cpp:112] [34m[INFO] Failed to attach to (146.923497, -208.108927, -78.543304). Trying new monomer.
2019-Mar-03 22:13:49.606663 info[fractal.cpp:112] [34m[INFO] Failed to attach to (-117.090573, 174.645299, -41.142112). Trying new monomer.
2019-Mar-03 22:13:49.610294 info[fractal.cpp:112] [34m[INFO] Failed to attach to (-215.725771, 165.028728, -141.616493). Trying new monomer.
2019-Mar-03 22:13:49.618913 info[fractal.cpp:112] [34m[INFO] Failed to attach to (-215.725771, 165.028728, -141.616493). Trying new monomer.
2019-Mar-03 22:13:49.623565 info[fractal.cpp:112] [34m[INFO] Failed to attach to (174.147588, -218.546625, -123.995514). Trying new monomer.
2019-Mar-03 22:13:49.629998 info[fractal.cpp:112] [34m[INFO] Failed to attach to (-215.725771, 165.028728, -141.616493). Trying new monomer.
2019-Mar-03 22:13:49.632780 info[fractal.cpp:112] [34m[INFO] Failed to attach to (-215.725771, 165.028728, -141.616493). Trying new monomer.
2019-Mar-03 22:13:49.636583 info[fractal.cpp:112] [34m[INFO] Failed to attach to (146.923497, -208.108927, -78.543304). Trying new monomer.
2019-Mar-03 22:13:49.639787 info[fractal.cpp:112] [34m[INFO] Failed to attach to (174.147588, -218.546625, -123.995514). Trying new monomer.
2019-Mar-03 22:13:49.643846 info[fractal.cpp:112] [34m[INFO] Failed to attach to (196.272536, -233.789046, -77.117836). Trying new monomer.
2019-Mar-03 22:13:49.647123 info[fractal.cpp:112] [34m[INFO] Failed to attach to (174.147588, -218.546625, -123.995514). Trying new monomer.
2019-Mar-03 22:13:49.650139 info[fractal.cpp:112] [34m[INFO] Failed to attach to (222.999395, -182.796676, -112.325158). Trying new monomer.
2019-Mar-03 22:13:49.653811 info[fractal.cpp:112] [34m[INFO] Failed to attach to (174.147588, -218.546625, -123.995514). Trying new monomer.
2019-Mar-03 22:13:49.661194 info[fractal.cpp:112] [34m[INFO] Failed to attach to (196.272536, -233.789046, -77.117836). Trying new monomer.
2019-Mar-03 22:13:49.666990 info[fractal.cpp:112] [34m[INFO] Failed to attach to (174.147588, -218.546625, -123.995514). Trying new monomer.
2019-Mar-03 22:13:49.669800 info[fractal.cpp:112] [34m[INFO] Failed to attach to (222.999395, -182.796676, -112.325158). Trying new monomer.
2019-Mar-03 22:13:49.675807 info[fractal.cpp:112] [34m[INFO] Failed to attach to (-215.725771, 165.028728, -141.616493). Trying new monomer.
2019-Mar-03 22:13:49.678400 info[fractal.cpp:112] [34m[INFO] Failed to attach to (222.999395, -182.796676, -112.325158). Trying new monomer.
2019-Mar-03 22:13:49.680871 info[fractal.cpp:112] [34m[INFO] Failed to attach to (196.272536, -233.789046, -77.117836). Trying new monomer.
2019-Mar-03 22:13:49.685373 info[fractal.cpp:112] [34m[INFO] Failed to attach to (196.272536, -233.789046, -77.117836). Trying new monomer.
2019-Mar-03 22:13:49.688689 info[fractal.cpp:112] [34m[INFO] Failed to attach to (196.272536, -233.789046, -77.117836). Trying new monomer.
2019-Mar-03 22:13:49.696261 info[fractal.cpp:112] [34m[INFO] Failed to attach to (196.272536, -233.789046, -77.117836). Trying new monomer.
2019-Mar-03 22:13:49.698440 info[fractal.cpp:112] [34m[INFO] Failed to attach to (146.923497, -208.108927, -78.543304). Trying new monomer.
2019-Mar-03 22:13:49.700620 info[fractal.cpp:112] [34m[INFO] Failed to attach to (174.147588, -218.546625, -123.995514). Trying new monomer.
2019-Mar-03 22:13:49.702789 info[fractal.cpp:112] [34m[INFO] Failed to attach to (196.272536, -233.789046, -77.117836). Trying new monomer.
2019-Mar-03 22:13:49.705535 info[fractal.cpp:112] [34m[INFO] Failed to attach to (222.999395, -182.796676, -112.325158). Trying new monomer.
2019-Mar-03 22:13:49.715803 info[fractal.cpp:112] [34m[INFO] Failed to attach to (222.999395, -182.796676, -112.325158). Trying new monomer.
2019-Mar-03 22:13:49.755434 info[fractal.cpp:112] [34m[INFO] Failed to attach to (-215.725771, 165.028728, -141.616493). Trying new monomer.
2019-Mar-03 22:13:49.757472 info[fractal.cpp:112] [34m[INFO] Failed to attach to (-215.725771, 165.028728, -141.616493). Trying new monomer.
2019-Mar-03 22:13:49.760678 info[fractal.cpp:112] [34m[INFO] Failed to attach to (222.999395, -182.796676, -112.325158). Trying new monomer.
2019-Mar-03 22:13:49.764152 info[fractal.cpp:112] [34m[INFO] Failed to attach to (222.999395, -182.796676, -112.325158). Trying new monomer.
2019-Mar-03 22:13:49.766406 info[fractal.cpp:112] [34m[INFO] Failed to attach to (146.923497, -208.108927, -78.543304). Trying new monomer.
2019-Mar-03 22:13:49.770143 info[fractal.cpp:112] [34m[INFO] Failed to attach to (222.999395, -182.796676, -112.325158). Trying new monomer.
2019-Mar-03 22:13:49.774027 info[fractal.cpp:112] [34m[INFO] Failed to attach to (-215.725771, 165.028728, -141.616493). Trying new monomer.
2019-Mar-03 22:13:49.775743 info[fractal.cpp:112] [34m[INFO] Failed to attach to (-117.090573, 174.645299, -41.142112). Trying new monomer.
2019-Mar-03 22:13:49.779563 info[fractal.cpp:112] [34m[INFO] Failed to attach to (196.272536, -233.789046, -77.117836). Trying new monomer.
2019-Mar-03 22:13:49.783556 info[fractal.cpp:112] [34m[INFO] Failed to attach to (146.923497, -208.108927, -78.543304). Trying new monomer.
2019-Mar-03 22:13:49.785549 info[fractal.cpp:112] [34m[INFO] Failed to attach to (146.923497, -208.108927, -78.543304). Trying new monomer.
2019-Mar-03 22:13:49.787792 info[fractal.cpp:112] [34m[INFO] Failed to attach to (174.147588, -218.546625, -123.995514). Trying new monomer.
2019-Mar-03 22:13:49.790491 info[fractal.cpp:112] [34m[INFO] Failed to attach to (196.272536, -233.789046, -77.117836). Trying new monomer.
2019-Mar-03 22:13:49.793343 info[fractal.cpp:112] [34m[INFO] Failed to attach to (219.511802, -179.242287, -58.555250). Trying new monomer.
2019-Mar-03 22:13:49.798433 info[fractal.cpp:112] [34m[INFO] Failed to attach to (219.511802, -179.242287, -58.555250). Trying new monomer.
2019-Mar-03 22:13:49.801888 info[fractal.cpp:112] [34m[INFO] Failed to attach to (146.923497, -208.108927, -78.543304). Trying new monomer.
2019-Mar-03 22:13:49.804015 info[fractal.cpp:112] [34m[INFO] Failed to attach to (-215.725771, 165.028728, -141.616493). Trying new monomer.
2019-Mar-03 22:13:49.806276 info[fractal.cpp:112] [34m[INFO] Failed to attach to (-215.725771, 165.028728, -141.616493). Trying new monomer.
2019-Mar-03 22:13:49.809455 info[fractal.cpp:112] [34m[INFO] Failed to attach to (150.426596, -261.873883, -82.156857). Trying new monomer.
2019-Mar-03 22:13:49.811360 info[fractal.cpp:112] [34m[INFO] Failed to attach to (146.923497, -208.108927, -78.543304). Trying new monomer.
2019-Mar-03 22:13:49.813927 info[fractal.cpp:112] [34m[INFO] Failed to attach to (222.999395, -182.796676, -112.325158). Trying new monomer.
2019-Mar-03 22:13:49.816832 info[fractal.cpp:112] [34m[INFO] Failed to attach to (-215.725771, 165.028728, -141.616493). Trying new monomer.
2019-Mar-03 22:13:49.818783 info[fractal.cpp:112] [34m[INFO] Failed to attach to (-215.725771, 165.028728, -141.616493). Trying new monomer.
2019-Mar-03 22:13:49.822570 info[fractal.cpp:112] [34m[INFO] Failed to attach to (174.147588, -218.546625, -123.995514). Trying new monomer.
2019-Mar-03 22:13:49.827313 info[fractal.cpp:112] [34m[INFO] Failed to attach to (196.272536, -233.789046, -77.117836). Trying new monomer.
2019-Mar-03 22:13:49.837658 info[fractal.cpp:112] [34m[INFO] Failed to attach to (-63.999484, 255.154414, 45.321008). Trying new monomer.
2019-Mar-03 22:13:49.840033 info[fractal.cpp:112] [34m[INFO] Failed to attach to (174.147588, -218.546625, -123.995514). Trying new monomer.
2019-Mar-03 22:13:49.842586 info[fractal.cpp:112] [34m[INFO] Failed to attach to (196.272536, -233.789046, -77.117836). Trying new monomer.
2019-Mar-03 22:13:49.845812 info[fractal.cpp:112] [34m[INFO] Failed to attach to (174.147588, -218.546625, -123.995514). Trying new monomer.
2019-Mar-03 22:13:49.850566 info[fractal.cpp:112] [34m[INFO] Failed to attach to (146.923497, -208.108927, -78.543304). Trying new monomer.
2019-Mar-03 22:13:49.853615 info[fractal.cpp:112] [34m[INFO] Failed to attach to (146.923497, -208.108927, -78.543304). Trying new monomer.
2019-Mar-03 22:13:49.857161 info[fractal.cpp:112] [34m[INFO] Failed to attach to (146.923497, -208.108927, -78.543304). Trying new monomer.
2019-Mar-03 22:13:49.859512 info[fractal.cpp:112] [34m[INFO] Failed to attach to (146.923497, -208.108927, -78.543304). Trying new monomer.
2019-Mar-03 22:13:49.861913 info[fractal.cpp:112] [34m[INFO] Failed to attach to (174.147588, -218.546625, -123.995514). Trying new monomer.
2019-Mar-03 22:13:49.865347 info[fractal.cpp:112] [34m[INFO] Failed to attach to (219.511802, -179.242287, -58.555250). Trying new monomer.
2019-Mar-03 22:13:49.868414 info[fractal.cpp:112] [34m[INFO] Failed to attach to (174.147588, -218.546625, -123.995514). Trying new monomer.
2019-Mar-03 22:13:49.871530 info[fractal.cpp:112] [34m[INFO] Failed to attach to (219.511802, -179.242287, -58.555250). Trying new monomer.
2019-Mar-03 22:13:49.887395 info[fractal.cpp:112] [34m[INFO] Failed to attach to (-215.725771, 165.028728, -141.616493). Trying new monomer.
2019-Mar-03 22:13:49.893471 info[fractal.cpp:112] [34m[INFO] Failed to attach to (-215.725771, 165.028728, -141.616493). Trying new monomer.
2019-Mar-03 22:13:49.896296 info[fractal.cpp:112] [34m[INFO] Failed to attach to (222.999395, -182.796676, -112.325158). Trying new monomer.
2019-Mar-03 22:13:49.899127 info[fractal.cpp:112] [34m[INFO] Failed to attach to (-63.999484, 255.154414, 45.321008). Trying new monomer.
2019-Mar-03 22:13:49.902684 info[fractal.cpp:112] [34m[INFO] Failed to attach to (222.999395, -182.796676, -112.325158). Trying new monomer.
2019-Mar-03 22:13:49.907884 info[fractal.cpp:112] [34m[INFO] Failed to attach to (146.923497, -208.108927, -78.543304). Trying new monomer.
2019-Mar-03 22:13:49.910144 info[fractal.cpp:112] [34m[INFO] Failed to attach to (146.923497, -208.108927, -78.543304). Trying new monomer.
2019-Mar-03 22:13:49.913195 info[fractal.cpp:112] [34m[INFO] Failed to attach to (222.999395, -182.796676, -112.325158). Trying new monomer.
2019-Mar-03 22:13:49.918639 info[fractal.cpp:112] [34m[INFO] Failed to attach to (196.272536, -233.789046, -77.117836). Trying new monomer.
2019-Mar-03 22:13:49.924046 info[fractal.cpp:112] [34m[INFO] Failed to attach to (-215.725771, 165.028728, -141.616493). Trying new monomer.
2019-Mar-03 22:13:49.929126 info[fractal.cpp:112] [34m[INFO] Failed to attach to (-215.725771, 165.028728, -141.616493). Trying new monomer.
2019-Mar-03 22:13:49.932484 info[fractal.cpp:112] [34m[INFO] Failed to attach to (219.511802, -179.242287, -58.555250). Trying new monomer.
2019-Mar-03 22:13:49.936099 info[fractal.cpp:112] [34m[INFO] Failed to attach to (174.147588, -218.546625, -123.995514). Trying new monomer.
2019-Mar-03 22:13:49.939758 info[fractal.cpp:112] [34m[INFO] Failed to attach to (196.272536, -233.789046, -77.117836). Trying new monomer.
2019-Mar-03 22:13:49.946065 info[fractal.cpp:112] [34m[INFO] Failed to attach to (174.147588, -218.546625, -123.995514). Trying new monomer.
2019-Mar-03 22:13:49.949652 info[fractal.cpp:112] [34m[INFO] Failed to attach to (146.923497, -208.108927, -78.543304). Trying new monomer.
2019-Mar-03 22:13:49.951964 info[fractal.cpp:112] [34m[INFO] Failed to attach to (-63.999484, 255.154414, 45.321008). Trying new monomer.
2019-Mar-03 22:13:49.952112 info[fractal.cpp:152] [34m[INFO] Actual epsilon = 0.000003
2019-Mar-03 22:13:49.952197 info[fractal.cpp:86] [34m[INFO] Adding monomer at point (375.355243, 26.208254, -60.482102)
2019-Mar-03 22:13:49.952270 info[fractal.cpp:175] [34m[INFO] Fractal parameters updated.
2019-Mar-03 22:13:49.952325 info[fractal.cpp:73] [34m[INFO] Adding new monomer to fractal using Monte Carlo algorithm.
2019-Mar-03 22:13:49.952397 info[fractal.cpp:121] [34m[INFO] Out of range best_monomer = 7860.000000
2019-Mar-03 22:13:49.952506 info[fractal.cpp:143] [34m[INFO] Under epsilon in 1 attempts.
2019-Mar-03 22:13:49.956707 info[fractal.cpp:112] [34m[INFO] Failed to attach to (222.999395, -182.796676, -112.325158). Trying new monomer.
2019-Mar-03 22:13:49.959621 info[fractal.cpp:112] [34m[INFO] Failed to attach to (196.272536, -233.789046, -77.117836). Trying new monomer.
2019-Mar-03 22:13:49.964215 info[fractal.cpp:112] [34m[INFO] Failed to attach to (-215.725771, 165.028728, -141.616493). Trying new monomer.
2019-Mar-03 22:13:49.967161 info[fractal.cpp:112] [34m[INFO] Failed to attach to (174.147588, -218.546625, -123.995514). Trying new monomer.
2019-Mar-03 22:13:49.969177 info[fractal.cpp:112] [34m[INFO] Failed to attach to (174.147588, -218.546625, -123.995514). Trying new monomer.
2019-Mar-03 22:13:49.972613 info[fractal.cpp:112] [34m[INFO] Failed to attach to (174.147588, -218.546625, -123.995514). Trying new monomer.
2019-Mar-03 22:13:49.981283 info[fractal.cpp:112] [34m[INFO] Failed to attach to (-215.725771, 165.028728, -141.616493). Trying new monomer.
2019-Mar-03 22:13:49.988400 info[fractal.cpp:112] [34m[INFO] Failed to attach to (-215.725771, 165.028728, -141.616493). Trying new monomer.
2019-Mar-03 22:13:49.993244 info[fractal.cpp:112] [34m[INFO] Failed to attach to (222.999395, -182.796676, -112.325158). Trying new monomer.
2019-Mar-03 22:13:50.005337 info[fractal.cpp:112] [34m[INFO] Failed to attach to (222.999395, -182.796676, -112.325158). Trying new monomer.
2019-Mar-03 22:13:50.007095 info[fractal.cpp:112] [34m[INFO] Failed to attach to (146.923497, -208.108927, -78.543304). Trying new monomer.
2019-Mar-03 22:13:50.013072 info[fractal.cpp:112] [34m[INFO] Failed to attach to (146.923497, -208.108927, -78.543304). Trying new monomer.
2019-Mar-03 22:13:50.016226 info[fractal.cpp:112] [34m[INFO] Failed to attach to (174.147588, -218.546625, -123.995514). Trying new monomer.
2019-Mar-03 22:13:50.022425 info[fractal.cpp:112] [34m[INFO] Failed to attach to (196.272536, -233.789046, -77.117836). Trying new monomer.
2019-Mar-03 22:13:50.029188 info[fractal.cpp:112] [34m[INFO] Failed to attach to (222.999395, -182.796676, -112.325158). Trying new monomer.
2019-Mar-03 22:13:50.033387 info[fractal.cpp:112] [34m[INFO] Failed to attach to (222.999395, -182.796676, -112.325158). Trying new monomer.
2019-Mar-03 22:13:50.038522 info[fractal.cpp:112] [34m[INFO] Failed to attach to (196.272536, -233.789046, -77.117836). Trying new monomer.
2019-Mar-03 22:13:50.041778 info[fractal.cpp:112] [34m[INFO] Failed to attach to (196.272536, -233.789046, -77.117836). Trying new monomer.
