2019-Mar-04 15:28:26.491767 info[fractal.cpp:86] [34m[INFO] Adding monomer at point (107.065471, 58.637680, 195.681512)
2019-Mar-04 15:28:26.492485 info[fractal.cpp:175] [34m[INFO] Fractal parameters updated.
2019-Mar-04 15:28:26.492597 info[fractal.cpp:73] [34m[INFO] Adding new monomer to fractal using Monte Carlo algorithm.
2019-Mar-04 15:28:26.492688 info[fractal.cpp:121] [34m[INFO] Out of range best_monomer = 780.000000
2019-Mar-04 15:28:26.492779 info[fractal.cpp:143] [34m[INFO] Under epsilon in 1 attempts.
2019-Mar-04 15:28:26.502755 info[fractal.cpp:152] [34m[INFO] Actual epsilon = 0.000059
2019-Mar-04 15:28:26.502882 info[fractal.cpp:86] [34m[INFO] Adding monomer at point (-52.340714, -64.039713, 133.264397)
2019-Mar-04 15:28:26.503022 info[fractal.cpp:175] [34m[INFO] Fractal parameters updated.
2019-Mar-04 15:28:26.503113 info[fractal.cpp:73] [34m[INFO] Adding new monomer to fractal using Monte Carlo algorithm.
2019-Mar-04 15:28:26.503229 info[fractal.cpp:121] [34m[INFO] Out of range best_monomer = 810.000000
2019-Mar-04 15:28:26.503356 info[fractal.cpp:143] [34m[INFO] Under epsilon in 1 attempts.
2019-Mar-04 15:28:26.510710 info[fractal.cpp:152] [34m[INFO] Actual epsilon = 0.000012
2019-Mar-04 15:28:26.510822 info[fractal.cpp:86] [34m[INFO] Adding monomer at point (32.498281, -1.106689, -106.794604)
2019-Mar-04 15:28:26.510924 info[fractal.cpp:175] [34m[INFO] Fractal parameters updated.
2019-Mar-04 15:28:26.510992 info[fractal.cpp:73] [34m[INFO] Adding new monomer to fractal using Monte Carlo algorithm.
2019-Mar-04 15:28:26.511111 info[fractal.cpp:121] [34m[INFO] Out of range best_monomer = 840.000000
2019-Mar-04 15:28:26.511182 info[fractal.cpp:143] [34m[INFO] Under epsilon in 1 attempts.
2019-Mar-04 15:28:26.520013 info[fractal.cpp:152] [34m[INFO] Actual epsilon = 0.000023
2019-Mar-04 15:28:26.520114 info[fractal.cpp:86] [34m[INFO] Adding monomer at point (139.249405, 49.692737, -83.741676)
2019-Mar-04 15:28:26.520213 info[fractal.cpp:175] [34m[INFO] Fractal parameters updated.
2019-Mar-04 15:28:26.520303 info[fractal.cpp:73] [34m[INFO] Adding new monomer to fractal using Monte Carlo algorithm.
2019-Mar-04 15:28:26.520387 info[fractal.cpp:121] [34m[INFO] Out of range best_monomer = 870.000000
2019-Mar-04 15:28:26.520533 info[fractal.cpp:143] [34m[INFO] Under epsilon in 1 attempts.
2019-Mar-04 15:28:26.531518 info[fractal.cpp:152] [34m[INFO] Actual epsilon = 0.000010
2019-Mar-04 15:28:26.531595 info[fractal.cpp:86] [34m[INFO] Adding monomer at point (18.249196, 48.113478, -138.009002)
2019-Mar-04 15:28:26.531697 info[fractal.cpp:175] [34m[INFO] Fractal parameters updated.
2019-Mar-04 15:28:26.531791 info[fractal.cpp:73] [34m[INFO] Adding new monomer to fractal using Monte Carlo algorithm.
2019-Mar-04 15:28:26.531873 info[fractal.cpp:121] [34m[INFO] Out of range best_monomer = 900.000000
2019-Mar-04 15:28:26.531951 info[fractal.cpp:143] [34m[INFO] Under epsilon in 1 attempts.
2019-Mar-04 15:28:26.541536 info[fractal.cpp:152] [34m[INFO] Actual epsilon = 0.000021
2019-Mar-04 15:28:26.541691 info[fractal.cpp:86] [34m[INFO] Adding monomer at point (-8.673760, 221.156343, -65.388154)
2019-Mar-04 15:28:26.541774 info[fractal.cpp:175] [34m[INFO] Fractal parameters updated.
2019-Mar-04 15:28:26.541849 info[fractal.cpp:73] [34m[INFO] Adding new monomer to fractal using Monte Carlo algorithm.
2019-Mar-04 15:28:26.541922 info[fractal.cpp:121] [34m[INFO] Out of range best_monomer = 930.000000
2019-Mar-04 15:28:26.541999 info[fractal.cpp:143] [34m[INFO] Under epsilon in 1 attempts.
2019-Mar-04 15:28:26.551333 info[fractal.cpp:152] [34m[INFO] Actual epsilon = 0.000018
2019-Mar-04 15:28:26.551466 info[fractal.cpp:86] [34m[INFO] Adding monomer at point (-17.448118, -63.729707, -91.043033)
2019-Mar-04 15:28:26.551596 info[fractal.cpp:175] [34m[INFO] Fractal parameters updated.
2019-Mar-04 15:28:26.551704 info[fractal.cpp:73] [34m[INFO] Adding new monomer to fractal using Monte Carlo algorithm.
2019-Mar-04 15:28:26.551772 info[fractal.cpp:121] [34m[INFO] Out of range best_monomer = 960.000000
2019-Mar-04 15:28:26.551884 info[fractal.cpp:143] [34m[INFO] Under epsilon in 1 attempts.
2019-Mar-04 15:28:26.561633 info[fractal.cpp:152] [34m[INFO] Actual epsilon = 0.000023
2019-Mar-04 15:28:26.561776 info[fractal.cpp:86] [34m[INFO] Adding monomer at point (57.228756, -108.715298, -34.952455)
2019-Mar-04 15:28:26.562061 info[fractal.cpp:175] [34m[INFO] Fractal parameters updated.
2019-Mar-04 15:28:26.562212 info[fractal.cpp:73] [34m[INFO] Adding new monomer to fractal using Monte Carlo algorithm.
2019-Mar-04 15:28:26.562317 info[fractal.cpp:121] [34m[INFO] Out of range best_monomer = 990.000000
2019-Mar-04 15:28:26.562427 info[fractal.cpp:143] [34m[INFO] Under epsilon in 1 attempts.
2019-Mar-04 15:28:26.573299 info[fractal.cpp:152] [34m[INFO] Actual epsilon = 0.000005
2019-Mar-04 15:28:26.573425 info[fractal.cpp:86] [34m[INFO] Adding monomer at point (71.055186, 10.491825, -151.278753)
2019-Mar-04 15:28:26.573551 info[fractal.cpp:175] [34m[INFO] Fractal parameters updated.
2019-Mar-04 15:28:26.573654 info[fractal.cpp:73] [34m[INFO] Adding new monomer to fractal using Monte Carlo algorithm.
2019-Mar-04 15:28:26.573725 info[fractal.cpp:121] [34m[INFO] Out of range best_monomer = 1020.000000
2019-Mar-04 15:28:26.573798 info[fractal.cpp:143] [34m[INFO] Under epsilon in 1 attempts.
2019-Mar-04 15:28:26.585614 info[fractal.cpp:152] [34m[INFO] Actual epsilon = 0.000037
2019-Mar-04 15:28:26.585763 info[fractal.cpp:86] [34m[INFO] Adding monomer at point (168.805000, -1.787755, -92.472408)
2019-Mar-04 15:28:26.585859 info[fractal.cpp:175] [34m[INFO] Fractal parameters updated.
2019-Mar-04 15:28:26.585936 info[fractal.cpp:73] [34m[INFO] Adding new monomer to fractal using Monte Carlo algorithm.
2019-Mar-04 15:28:26.586010 info[fractal.cpp:121] [34m[INFO] Out of range best_monomer = 1050.000000
2019-Mar-04 15:28:26.586092 info[fractal.cpp:143] [34m[INFO] Under epsilon in 1 attempts.
2019-Mar-04 15:28:26.597915 info[fractal.cpp:152] [34m[INFO] Actual epsilon = 0.000001
2019-Mar-04 15:28:26.598044 info[fractal.cpp:86] [34m[INFO] Adding monomer at point (-33.048363, 131.075839, 201.206776)
2019-Mar-04 15:28:26.598160 info[fractal.cpp:175] [34m[INFO] Fractal parameters updated.
2019-Mar-04 15:28:26.598254 info[fractal.cpp:73] [34m[INFO] Adding new monomer to fractal using Monte Carlo algorithm.
2019-Mar-04 15:28:26.598336 info[fractal.cpp:121] [34m[INFO] Out of range best_monomer = 1080.000000
2019-Mar-04 15:28:26.598410 info[fractal.cpp:143] [34m[INFO] Under epsilon in 1 attempts.
2019-Mar-04 15:28:26.608746 info[fractal.cpp:152] [34m[INFO] Actual epsilon = 0.000034
2019-Mar-04 15:28:26.608871 info[fractal.cpp:86] [34m[INFO] Adding monomer at point (54.885203, 188.053537, -130.280687)
2019-Mar-04 15:28:26.608937 info[fractal.cpp:175] [34m[INFO] Fractal parameters updated.
2019-Mar-04 15:28:26.609015 info[fractal.cpp:73] [34m[INFO] Adding new monomer to fractal using Monte Carlo algorithm.
2019-Mar-04 15:28:26.609069 info[fractal.cpp:121] [34m[INFO] Out of range best_monomer = 1110.000000
2019-Mar-04 15:28:26.609140 info[fractal.cpp:143] [34m[INFO] Under epsilon in 1 attempts.
2019-Mar-04 15:28:26.620348 info[fractal.cpp:152] [34m[INFO] Actual epsilon = 0.000028
2019-Mar-04 15:28:26.620437 info[fractal.cpp:86] [34m[INFO] Adding monomer at point (103.132202, -100.130131, -72.624309)
2019-Mar-04 15:28:26.620575 info[fractal.cpp:175] [34m[INFO] Fractal parameters updated.
2019-Mar-04 15:28:26.620672 info[fractal.cpp:73] [34m[INFO] Adding new monomer to fractal using Monte Carlo algorithm.
2019-Mar-04 15:28:26.620756 info[fractal.cpp:121] [34m[INFO] Out of range best_monomer = 1140.000000
2019-Mar-04 15:28:26.620845 info[fractal.cpp:143] [34m[INFO] Under epsilon in 1 attempts.
2019-Mar-04 15:28:26.631615 info[fractal.cpp:152] [34m[INFO] Actual epsilon = 0.000054
2019-Mar-04 15:28:26.631765 info[fractal.cpp:86] [34m[INFO] Adding monomer at point (156.590814, 131.898810, 168.289301)
2019-Mar-04 15:28:26.631864 info[fractal.cpp:175] [34m[INFO] Fractal parameters updated.
2019-Mar-04 15:28:26.631941 info[fractal.cpp:73] [34m[INFO] Adding new monomer to fractal using Monte Carlo algorithm.
2019-Mar-04 15:28:26.632043 info[fractal.cpp:121] [34m[INFO] Out of range best_monomer = 1170.000000
2019-Mar-04 15:28:26.632123 info[fractal.cpp:143] [34m[INFO] Under epsilon in 1 attempts.
2019-Mar-04 15:28:26.644314 info[fractal.cpp:152] [34m[INFO] Actual epsilon = 0.000004
2019-Mar-04 15:28:26.644450 info[fractal.cpp:86] [34m[INFO] Adding monomer at point (79.717840, 229.928960, -95.212338)
2019-Mar-04 15:28:26.644543 info[fractal.cpp:175] [34m[INFO] Fractal parameters updated.
2019-Mar-04 15:28:26.644605 info[fractal.cpp:73] [34m[INFO] Adding new monomer to fractal using Monte Carlo algorithm.
2019-Mar-04 15:28:26.644672 info[fractal.cpp:121] [34m[INFO] Out of range best_monomer = 1200.000000
2019-Mar-04 15:28:26.644782 info[fractal.cpp:143] [34m[INFO] Under epsilon in 1 attempts.
2019-Mar-04 15:28:26.655849 info[fractal.cpp:152] [34m[INFO] Actual epsilon = 0.000001
2019-Mar-04 15:28:26.655961 info[fractal.cpp:86] [34m[INFO] Adding monomer at point (135.873428, 209.228370, -99.459161)
2019-Mar-04 15:28:26.656046 info[fractal.cpp:175] [34m[INFO] Fractal parameters updated.
2019-Mar-04 15:28:26.656104 info[fractal.cpp:73] [34m[INFO] Adding new monomer to fractal using Monte Carlo algorithm.
2019-Mar-04 15:28:26.656170 info[fractal.cpp:121] [34m[INFO] Out of range best_monomer = 1230.000000
2019-Mar-04 15:28:26.656271 info[fractal.cpp:143] [34m[INFO] Under epsilon in 1 attempts.
2019-Mar-04 15:28:26.666723 info[fractal.cpp:152] [34m[INFO] Actual epsilon = 0.000068
2019-Mar-04 15:28:26.666797 info[fractal.cpp:86] [34m[INFO] Adding monomer at point (-114.868802, -35.124733, 133.010008)
2019-Mar-04 15:28:26.666898 info[fractal.cpp:175] [34m[INFO] Fractal parameters updated.
2019-Mar-04 15:28:26.666953 info[fractal.cpp:73] [34m[INFO] Adding new monomer to fractal using Monte Carlo algorithm.
2019-Mar-04 15:28:26.667026 info[fractal.cpp:121] [34m[INFO] Out of range best_monomer = 1260.000000
2019-Mar-04 15:28:26.667169 info[fractal.cpp:143] [34m[INFO] Under epsilon in 1 attempts.
2019-Mar-04 15:28:26.678746 info[fractal.cpp:152] [34m[INFO] Actual epsilon = 0.000007
2019-Mar-04 15:28:26.678917 info[fractal.cpp:86] [34m[INFO] Adding monomer at point (166.822074, 61.864181, 191.352754)
2019-Mar-04 15:28:26.679020 info[fractal.cpp:175] [34m[INFO] Fractal parameters updated.
2019-Mar-04 15:28:26.679096 info[fractal.cpp:73] [34m[INFO] Adding new monomer to fractal using Monte Carlo algorithm.
2019-Mar-04 15:28:26.679170 info[fractal.cpp:121] [34m[INFO] Out of range best_monomer = 1290.000000
2019-Mar-04 15:28:26.679253 info[fractal.cpp:143] [34m[INFO] Under epsilon in 1 attempts.
2019-Mar-04 15:28:26.697627 info[fractal.cpp:152] [34m[INFO] Actual epsilon = 0.000019
2019-Mar-04 15:28:26.697789 info[fractal.cpp:86] [34m[INFO] Adding monomer at point (-13.001697, 38.565312, -188.330114)
2019-Mar-04 15:28:26.697885 info[fractal.cpp:175] [34m[INFO] Fractal parameters updated.
2019-Mar-04 15:28:26.697968 info[fractal.cpp:73] [34m[INFO] Adding new monomer to fractal using Monte Carlo algorithm.
2019-Mar-04 15:28:26.698051 info[fractal.cpp:121] [34m[INFO] Out of range best_monomer = 1320.000000
2019-Mar-04 15:28:26.698139 info[fractal.cpp:143] [34m[INFO] Under epsilon in 1 attempts.
2019-Mar-04 15:28:26.715721 info[fractal.cpp:152] [34m[INFO] Actual epsilon = 0.000014
2019-Mar-04 15:28:26.715849 info[fractal.cpp:86] [34m[INFO] Adding monomer at point (-135.296781, -63.668141, 84.348200)
2019-Mar-04 15:28:26.715946 info[fractal.cpp:175] [34m[INFO] Fractal parameters updated.
2019-Mar-04 15:28:26.716017 info[fractal.cpp:73] [34m[INFO] Adding new monomer to fractal using Monte Carlo algorithm.
2019-Mar-04 15:28:26.716080 info[fractal.cpp:121] [34m[INFO] Out of range best_monomer = 1350.000000
2019-Mar-04 15:28:26.716183 info[fractal.cpp:143] [34m[INFO] Under epsilon in 1 attempts.
2019-Mar-04 15:28:26.727378 info[fractal.cpp:152] [34m[INFO] Actual epsilon = 0.000049
2019-Mar-04 15:28:26.727543 info[fractal.cpp:86] [34m[INFO] Adding monomer at point (-62.797613, 220.148696, 154.987982)
2019-Mar-04 15:28:26.727671 info[fractal.cpp:175] [34m[INFO] Fractal parameters updated.
2019-Mar-04 15:28:26.727752 info[fractal.cpp:73] [34m[INFO] Adding new monomer to fractal using Monte Carlo algorithm.
2019-Mar-04 15:28:26.727828 info[fractal.cpp:121] [34m[INFO] Out of range best_monomer = 1380.000000
2019-Mar-04 15:28:26.727909 info[fractal.cpp:143] [34m[INFO] Under epsilon in 1 attempts.
2019-Mar-04 15:28:26.740645 info[fractal.cpp:152] [34m[INFO] Actual epsilon = 0.000006
2019-Mar-04 15:28:26.740778 info[fractal.cpp:86] [34m[INFO] Adding monomer at point (212.124489, 48.036526, 154.522235)
2019-Mar-04 15:28:26.740848 info[fractal.cpp:175] [34m[INFO] Fractal parameters updated.
2019-Mar-04 15:28:26.740920 info[fractal.cpp:73] [34m[INFO] Adding new monomer to fractal using Monte Carlo algorithm.
2019-Mar-04 15:28:26.740972 info[fractal.cpp:121] [34m[INFO] Out of range best_monomer = 1410.000000
2019-Mar-04 15:28:26.741049 info[fractal.cpp:143] [34m[INFO] Under epsilon in 1 attempts.
2019-Mar-04 15:28:26.752695 info[fractal.cpp:152] [34m[INFO] Actual epsilon = 0.000013
2019-Mar-04 15:28:26.752858 info[fractal.cpp:86] [34m[INFO] Adding monomer at point (-89.796014, -106.845078, 114.164626)
2019-Mar-04 15:28:26.752972 info[fractal.cpp:175] [34m[INFO] Fractal parameters updated.
2019-Mar-04 15:28:26.753028 info[fractal.cpp:73] [34m[INFO] Adding new monomer to fractal using Monte Carlo algorithm.
2019-Mar-04 15:28:26.753079 info[fractal.cpp:121] [34m[INFO] Out of range best_monomer = 1440.000000
2019-Mar-04 15:28:26.753143 info[fractal.cpp:143] [34m[INFO] Under epsilon in 1 attempts.
2019-Mar-04 15:28:26.766780 info[fractal.cpp:152] [34m[INFO] Actual epsilon = 0.000021
2019-Mar-04 15:28:26.766950 info[fractal.cpp:86] [34m[INFO] Adding monomer at point (14.492076, 90.545709, -200.251973)
2019-Mar-04 15:28:26.767056 info[fractal.cpp:175] [34m[INFO] Fractal parameters updated.
2019-Mar-04 15:28:26.767136 info[fractal.cpp:73] [34m[INFO] Adding new monomer to fractal using Monte Carlo algorithm.
2019-Mar-04 15:28:26.767212 info[fractal.cpp:121] [34m[INFO] Out of range best_monomer = 1470.000000
2019-Mar-04 15:28:26.767347 info[fractal.cpp:143] [34m[INFO] Under epsilon in 1 attempts.
2019-Mar-04 15:28:26.783785 info[fractal.cpp:152] [34m[INFO] Actual epsilon = 0.000003
2019-Mar-04 15:28:26.783917 info[fractal.cpp:86] [34m[INFO] Adding monomer at point (65.051761, 155.857781, 235.807763)
2019-Mar-04 15:28:26.784035 info[fractal.cpp:175] [34m[INFO] Fractal parameters updated.
2019-Mar-04 15:28:26.784137 info[fractal.cpp:73] [34m[INFO] Adding new monomer to fractal using Monte Carlo algorithm.
2019-Mar-04 15:28:26.784219 info[fractal.cpp:121] [34m[INFO] Out of range best_monomer = 1500.000000
2019-Mar-04 15:28:26.784298 info[fractal.cpp:143] [34m[INFO] Under epsilon in 1 attempts.
2019-Mar-04 15:28:26.796680 info[fractal.cpp:152] [34m[INFO] Actual epsilon = 0.000003
2019-Mar-04 15:28:26.796805 info[fractal.cpp:86] [34m[INFO] Adding monomer at point (73.926663, -107.152506, -124.563915)
2019-Mar-04 15:28:26.796874 info[fractal.cpp:175] [34m[INFO] Fractal parameters updated.
2019-Mar-04 15:28:26.796947 info[fractal.cpp:73] [34m[INFO] Adding new monomer to fractal using Monte Carlo algorithm.
2019-Mar-04 15:28:26.796999 info[fractal.cpp:121] [34m[INFO] Out of range best_monomer = 1530.000000
2019-Mar-04 15:28:26.797075 info[fractal.cpp:143] [34m[INFO] Under epsilon in 1 attempts.
2019-Mar-04 15:28:26.811752 info[fractal.cpp:152] [34m[INFO] Actual epsilon = 0.000002
2019-Mar-04 15:28:26.811840 info[fractal.cpp:86] [34m[INFO] Adding monomer at point (97.567695, -34.892219, -180.216193)
2019-Mar-04 15:28:26.811957 info[fractal.cpp:175] [34m[INFO] Fractal parameters updated.
2019-Mar-04 15:28:26.812063 info[fractal.cpp:73] [34m[INFO] Adding new monomer to fractal using Monte Carlo algorithm.
2019-Mar-04 15:28:26.812157 info[fractal.cpp:121] [34m[INFO] Out of range best_monomer = 1560.000000
