2019-Mar-03 22:16:03.315701 info[fractal.cpp:112] [34m[INFO] Failed to attach to (-61.717169, 78.193195, -218.276937). Trying new monomer.
2019-Mar-03 22:16:03.317533 info[fractal.cpp:112] [34m[INFO] Failed to attach to (24.067707, 156.354919, -98.742765). Trying new monomer.
2019-Mar-03 22:16:03.318879 info[fractal.cpp:112] [34m[INFO] Failed to attach to (24.067707, 156.354919, -98.742765). Trying new monomer.
2019-Mar-03 22:16:03.322072 info[fractal.cpp:112] [34m[INFO] Failed to attach to (14.023263, -93.466371, -27.819683). Trying new monomer.
2019-Mar-03 22:16:03.324196 info[fractal.cpp:112] [34m[INFO] Failed to attach to (24.067707, 156.354919, -98.742765). Trying new monomer.
2019-Mar-03 22:16:03.327110 info[fractal.cpp:112] [34m[INFO] Failed to attach to (-61.717169, 78.193195, -218.276937). Trying new monomer.
2019-Mar-03 22:16:03.331117 info[fractal.cpp:112] [34m[INFO] Failed to attach to (-61.717169, 78.193195, -218.276937). Trying new monomer.
2019-Mar-03 22:16:03.333640 info[fractal.cpp:112] [34m[INFO] Failed to attach to (24.067707, 156.354919, -98.742765). Trying new monomer.
2019-Mar-03 22:16:03.334406 info[fractal.cpp:112] [34m[INFO] Failed to attach to (14.023263, -93.466371, -27.819683). Trying new monomer.
2019-Mar-03 22:16:03.335598 info[fractal.cpp:112] [34m[INFO] Failed to attach to (-61.717169, 78.193195, -218.276937). Trying new monomer.
2019-Mar-03 22:16:03.336994 info[fractal.cpp:112] [34m[INFO] Failed to attach to (24.067707, 156.354919, -98.742765). Trying new monomer.
2019-Mar-03 22:16:03.339437 info[fractal.cpp:112] [34m[INFO] Failed to attach to (24.067707, 156.354919, -98.742765). Trying new monomer.
2019-Mar-03 22:16:03.342802 info[fractal.cpp:112] [34m[INFO] Failed to attach to (24.067707, 156.354919, -98.742765). Trying new monomer.
2019-Mar-03 22:16:03.343717 info[fractal.cpp:112] [34m[INFO] Failed to attach to (-48.688645, 101.113703, -81.046310). Trying new monomer.
2019-Mar-03 22:16:03.345514 info[fractal.cpp:112] [34m[INFO] Failed to attach to (-48.688645, 101.113703, -81.046310). Trying new monomer.
2019-Mar-03 22:16:03.347351 info[fractal.cpp:112] [34m[INFO] Failed to attach to (-61.717169, 78.193195, -218.276937). Trying new monomer.
2019-Mar-03 22:16:03.351088 info[fractal.cpp:112] [34m[INFO] Failed to attach to (-61.717169, 78.193195, -218.276937). Trying new monomer.
2019-Mar-03 22:16:03.352126 info[fractal.cpp:112] [34m[INFO] Failed to attach to (24.067707, 156.354919, -98.742765). Trying new monomer.
2019-Mar-03 22:16:03.353290 info[fractal.cpp:112] [34m[INFO] Failed to attach to (24.067707, 156.354919, -98.742765). Trying new monomer.
2019-Mar-03 22:16:03.356508 info[fractal.cpp:112] [34m[INFO] Failed to attach to (-48.688645, 101.113703, -81.046310). Trying new monomer.
2019-Mar-03 22:16:03.358465 info[fractal.cpp:112] [34m[INFO] Failed to attach to (-61.717169, 78.193195, -218.276937). Trying new monomer.
2019-Mar-03 22:16:03.360950 info[fractal.cpp:112] [34m[INFO] Failed to attach to (-61.717169, 78.193195, -218.276937). Trying new monomer.
2019-Mar-03 22:16:03.362886 info[fractal.cpp:112] [34m[INFO] Failed to attach to (24.067707, 156.354919, -98.742765). Trying new monomer.
2019-Mar-03 22:16:03.363659 info[fractal.cpp:112] [34m[INFO] Failed to attach to (-48.688645, 101.113703, -81.046310). Trying new monomer.
2019-Mar-03 22:16:03.364757 info[fractal.cpp:112] [34m[INFO] Failed to attach to (24.067707, 156.354919, -98.742765). Trying new monomer.
2019-Mar-03 22:16:03.366555 info[fractal.cpp:112] [34m[INFO] Failed to attach to (24.067707, 156.354919, -98.742765). Trying new monomer.
2019-Mar-03 22:16:03.368532 info[fractal.cpp:112] [34m[INFO] Failed to attach to (24.067707, 156.354919, -98.742765). Trying new monomer.
2019-Mar-03 22:16:03.369536 info[fractal.cpp:112] [34m[INFO] Failed to attach to (-48.688645, 101.113703, -81.046310). Trying new monomer.
2019-Mar-03 22:16:03.370523 info[fractal.cpp:112] [34m[INFO] Failed to attach to (14.023263, -93.466371, -27.819683). Trying new monomer.
2019-Mar-03 22:16:03.373291 info[fractal.cpp:112] [34m[INFO] Failed to attach to (24.067707, 156.354919, -98.742765). Trying new monomer.
2019-Mar-03 22:16:03.375666 info[fractal.cpp:112] [34m[INFO] Failed to attach to (-61.717169, 78.193195, -218.276937). Trying new monomer.
2019-Mar-03 22:16:03.378197 info[fractal.cpp:112] [34m[INFO] Failed to attach to (24.067707, 156.354919, -98.742765). Trying new monomer.
2019-Mar-03 22:16:03.380444 info[fractal.cpp:112] [34m[INFO] Failed to attach to (24.067707, 156.354919, -98.742765). Trying new monomer.
2019-Mar-03 22:16:03.382188 info[fractal.cpp:112] [34m[INFO] Failed to attach to (24.067707, 156.354919, -98.742765). Trying new monomer.
2019-Mar-03 22:16:03.382909 info[fractal.cpp:112] [34m[INFO] Failed to attach to (-46.810528, -31.048506, -41.753937). Trying new monomer.
2019-Mar-03 22:16:03.384322 info[fractal.cpp:112] [34m[INFO] Failed to attach to (-61.717169, 78.193195, -218.276937). Trying new monomer.
2019-Mar-03 22:16:03.385265 info[fractal.cpp:112] [34m[INFO] Failed to attach to (-48.688645, 101.113703, -81.046310). Trying new monomer.
2019-Mar-03 22:16:03.388053 info[fractal.cpp:112] [34m[INFO] Failed to attach to (-61.717169, 78.193195, -218.276937). Trying new monomer.
2019-Mar-03 22:16:03.389794 info[fractal.cpp:112] [34m[INFO] Failed to attach to (-61.717169, 78.193195, -218.276937). Trying new monomer.
2019-Mar-03 22:16:03.393164 info[fractal.cpp:112] [34m[INFO] Failed to attach to (-61.717169, 78.193195, -218.276937). Trying new monomer.
2019-Mar-03 22:16:03.394934 info[fractal.cpp:112] [34m[INFO] Failed to attach to (-61.717169, 78.193195, -218.276937). Trying new monomer.
2019-Mar-03 22:16:03.397445 info[fractal.cpp:112] [34m[INFO] Failed to attach to (-61.717169, 78.193195, -218.276937). Trying new monomer.
2019-Mar-03 22:16:03.399016 info[fractal.cpp:112] [34m[INFO] Failed to attach to (24.067707, 156.354919, -98.742765). Trying new monomer.
2019-Mar-03 22:16:03.400301 info[fractal.cpp:112] [34m[INFO] Failed to attach to (24.067707, 156.354919, -98.742765). Trying new monomer.
2019-Mar-03 22:16:03.403960 info[fractal.cpp:112] [34m[INFO] Failed to attach to (24.067707, 156.354919, -98.742765). Trying new monomer.
2019-Mar-03 22:16:03.406091 info[fractal.cpp:112] [34m[INFO] Failed to attach to (-48.688645, 101.113703, -81.046310). Trying new monomer.
2019-Mar-03 22:16:03.409508 info[fractal.cpp:112] [34m[INFO] Failed to attach to (-61.717169, 78.193195, -218.276937). Trying new monomer.
2019-Mar-03 22:16:03.411430 info[fractal.cpp:112] [34m[INFO] Failed to attach to (-61.717169, 78.193195, -218.276937). Trying new monomer.
2019-Mar-03 22:16:03.412073 info[fractal.cpp:112] [34m[INFO] Failed to attach to (-48.688645, 101.113703, -81.046310). Trying new monomer.
2019-Mar-03 22:16:03.415811 info[fractal.cpp:112] [34m[INFO] Failed to attach to (24.067707, 156.354919, -98.742765). Trying new monomer.
2019-Mar-03 22:16:03.417010 info[fractal.cpp:112] [34m[INFO] Failed to attach to (24.067707, 156.354919, -98.742765). Trying new monomer.
2019-Mar-03 22:16:03.418148 info[fractal.cpp:112] [34m[INFO] Failed to attach to (-48.688645, 101.113703, -81.046310). Trying new monomer.
2019-Mar-03 22:16:03.422204 info[fractal.cpp:112] [34m[INFO] Failed to attach to (-61.717169, 78.193195, -218.276937). Trying new monomer.
2019-Mar-03 22:16:03.424366 info[fractal.cpp:112] [34m[INFO] Failed to attach to (-61.717169, 78.193195, -218.276937). Trying new monomer.
2019-Mar-03 22:16:03.427072 info[fractal.cpp:152] [34m[INFO] Actual epsilon = 0.000001
2019-Mar-03 22:16:03.427259 info[fractal.cpp:86] [34m[INFO] Adding monomer at point (-59.158357, -309.730175, 176.369736)
2019-Mar-03 22:16:03.427355 info[fractal.cpp:175] [34m[INFO] Fractal parameters updated.
2019-Mar-03 22:16:03.427415 info[fractal.cpp:73] [34m[INFO] Adding new monomer to fractal using Monte Carlo algorithm.
2019-Mar-03 22:16:03.427488 info[fractal.cpp:121] [34m[INFO] Out of range best_monomer = 5280.000000
2019-Mar-03 22:16:03.427596 info[fractal.cpp:143] [34m[INFO] Under epsilon in 1 attempts.
2019-Mar-03 22:16:03.435362 info[fractal.cpp:112] [34m[INFO] Failed to attach to (24.067707, 156.354919, -98.742765). Trying new monomer.
2019-Mar-03 22:16:03.439515 info[fractal.cpp:112] [34m[INFO] Failed to attach to (24.067707, 156.354919, -98.742765). Trying new monomer.
2019-Mar-03 22:16:03.440597 info[fractal.cpp:112] [34m[INFO] Failed to attach to (24.067707, 156.354919, -98.742765). Trying new monomer.
2019-Mar-03 22:16:03.443410 info[fractal.cpp:112] [34m[INFO] Failed to attach to (-61.717169, 78.193195, -218.276937). Trying new monomer.
2019-Mar-03 22:16:03.447981 info[fractal.cpp:112] [34m[INFO] Failed to attach to (-61.717169, 78.193195, -218.276937). Trying new monomer.
2019-Mar-03 22:16:03.449139 info[fractal.cpp:112] [34m[INFO] Failed to attach to (24.067707, 156.354919, -98.742765). Trying new monomer.
2019-Mar-03 22:16:03.449704 info[fractal.cpp:112] [34m[INFO] Failed to attach to (-48.688645, 101.113703, -81.046310). Trying new monomer.
2019-Mar-03 22:16:03.451622 info[fractal.cpp:112] [34m[INFO] Failed to attach to (24.067707, 156.354919, -98.742765). Trying new monomer.
2019-Mar-03 22:16:03.453620 info[fractal.cpp:112] [34m[INFO] Failed to attach to (14.023263, -93.466371, -27.819683). Trying new monomer.
2019-Mar-03 22:16:03.456329 info[fractal.cpp:112] [34m[INFO] Failed to attach to (24.067707, 156.354919, -98.742765). Trying new monomer.
2019-Mar-03 22:16:03.458542 info[fractal.cpp:112] [34m[INFO] Failed to attach to (24.067707, 156.354919, -98.742765). Trying new monomer.
2019-Mar-03 22:16:03.460378 info[fractal.cpp:112] [34m[INFO] Failed to attach to (24.067707, 156.354919, -98.742765). Trying new monomer.
2019-Mar-03 22:16:03.463788 info[fractal.cpp:112] [34m[INFO] Failed to attach to (24.067707, 156.354919, -98.742765). Trying new monomer.
2019-Mar-03 22:16:03.465397 info[fractal.cpp:112] [34m[INFO] Failed to attach to (24.067707, 156.354919, -98.742765). Trying new monomer.
2019-Mar-03 22:16:03.467115 info[fractal.cpp:112] [34m[INFO] Failed to attach to (-61.717169, 78.193195, -218.276937). Trying new monomer.
2019-Mar-03 22:16:03.470421 info[fractal.cpp:112] [34m[INFO] Failed to attach to (-61.717169, 78.193195, -218.276937). Trying new monomer.
2019-Mar-03 22:16:03.473061 info[fractal.cpp:112] [34m[INFO] Failed to attach to (24.067707, 156.354919, -98.742765). Trying new monomer.
2019-Mar-03 22:16:03.475651 info[fractal.cpp:112] [34m[INFO] Failed to attach to (-61.717169, 78.193195, -218.276937). Trying new monomer.
2019-Mar-03 22:16:03.481794 info[fractal.cpp:112] [34m[INFO] Failed to attach to (-55.066682, -117.896593, 241.280677). Trying new monomer.
2019-Mar-03 22:16:03.483118 info[fractal.cpp:112] [34m[INFO] Failed to attach to (-61.717169, 78.193195, -218.276937). Trying new monomer.
2019-Mar-03 22:16:03.483785 info[fractal.cpp:112] [34m[INFO] Failed to attach to (-48.688645, 101.113703, -81.046310). Trying new monomer.
2019-Mar-03 22:16:03.484926 info[fractal.cpp:112] [34m[INFO] Failed to attach to (-61.717169, 78.193195, -218.276937). Trying new monomer.
2019-Mar-03 22:16:03.488384 info[fractal.cpp:112] [34m[INFO] Failed to attach to (24.067707, 156.354919, -98.742765). Trying new monomer.
2019-Mar-03 22:16:03.489975 info[fractal.cpp:112] [34m[INFO] Failed to attach to (-61.717169, 78.193195, -218.276937). Trying new monomer.
2019-Mar-03 22:16:03.491787 info[fractal.cpp:112] [34m[INFO] Failed to attach to (24.067707, 156.354919, -98.742765). Trying new monomer.
2019-Mar-03 22:16:03.496417 info[fractal.cpp:112] [34m[INFO] Failed to attach to (-55.066682, -117.896593, 241.280677). Trying new monomer.
2019-Mar-03 22:16:03.499921 info[fractal.cpp:112] [34m[INFO] Failed to attach to (24.067707, 156.354919, -98.742765). Trying new monomer.
2019-Mar-03 22:16:03.502650 info[fractal.cpp:112] [34m[INFO] Failed to attach to (24.067707, 156.354919, -98.742765). Trying new monomer.
2019-Mar-03 22:16:03.505642 info[fractal.cpp:112] [34m[INFO] Failed to attach to (-61.717169, 78.193195, -218.276937). Trying new monomer.
2019-Mar-03 22:16:03.507432 info[fractal.cpp:112] [34m[INFO] Failed to attach to (-55.066682, -117.896593, 241.280677). Trying new monomer.
2019-Mar-03 22:16:03.509065 info[fractal.cpp:112] [34m[INFO] Failed to attach to (-48.688645, 101.113703, -81.046310). Trying new monomer.
2019-Mar-03 22:16:03.511502 info[fractal.cpp:112] [34m[INFO] Failed to attach to (-61.717169, 78.193195, -218.276937). Trying new monomer.
2019-Mar-03 22:16:03.513426 info[fractal.cpp:112] [34m[INFO] Failed to attach to (-61.717169, 78.193195, -218.276937). Trying new monomer.
2019-Mar-03 22:16:03.515413 info[fractal.cpp:112] [34m[INFO] Failed to attach to (-61.717169, 78.193195, -218.276937). Trying new monomer.
2019-Mar-03 22:16:03.516839 info[fractal.cpp:112] [34m[INFO] Failed to attach to (-48.688645, 101.113703, -81.046310). Trying new monomer.
2019-Mar-03 22:16:03.518685 info[fractal.cpp:112] [34m[INFO] Failed to attach to (-55.066682, -117.896593, 241.280677). Trying new monomer.
2019-Mar-03 22:16:03.521791 info[fractal.cpp:112] [34m[INFO] Failed to attach to (-55.066682, -117.896593, 241.280677). Trying new monomer.
2019-Mar-03 22:16:03.524858 info[fractal.cpp:112] [34m[INFO] Failed to attach to (24.067707, 156.354919, -98.742765). Trying new monomer.
2019-Mar-03 22:16:03.525964 info[fractal.cpp:112] [34m[INFO] Failed to attach to (-48.688645, 101.113703, -81.046310). Trying new monomer.
2019-Mar-03 22:16:03.530921 info[fractal.cpp:112] [34m[INFO] Failed to attach to (24.067707, 156.354919, -98.742765). Trying new monomer.
2019-Mar-03 22:16:03.532179 info[fractal.cpp:112] [34m[INFO] Failed to attach to (14.023263, -93.466371, -27.819683). Trying new monomer.
2019-Mar-03 22:16:03.534377 info[fractal.cpp:112] [34m[INFO] Failed to attach to (24.067707, 156.354919, -98.742765). Trying new monomer.
2019-Mar-03 22:16:03.535629 info[fractal.cpp:112] [34m[INFO] Failed to attach to (24.067707, 156.354919, -98.742765). Trying new monomer.
2019-Mar-03 22:16:03.537701 info[fractal.cpp:112] [34m[INFO] Failed to attach to (-48.688645, 101.113703, -81.046310). Trying new monomer.
2019-Mar-03 22:16:03.539142 info[fractal.cpp:112] [34m[INFO] Failed to attach to (-61.717169, 78.193195, -218.276937). Trying new monomer.
2019-Mar-03 22:16:03.540803 info[fractal.cpp:112] [34m[INFO] Failed to attach to (24.067707, 156.354919, -98.742765). Trying new monomer.
2019-Mar-03 22:16:03.542953 info[fractal.cpp:112] [34m[INFO] Failed to attach to (-61.717169, 78.193195, -218.276937). Trying new monomer.
2019-Mar-03 22:16:03.545187 info[fractal.cpp:112] [34m[INFO] Failed to attach to (-48.688645, 101.113703, -81.046310). Trying new monomer.
2019-Mar-03 22:16:03.547239 info[fractal.cpp:112] [34m[INFO] Failed to attach to (24.067707, 156.354919, -98.742765). Trying new monomer.
2019-Mar-03 22:16:03.548788 info[fractal.cpp:112] [34m[INFO] Failed to attach to (-48.688645, 101.113703, -81.046310). Trying new monomer.
2019-Mar-03 22:16:03.551405 info[fractal.cpp:112] [34m[INFO] Failed to attach to (-61.717169, 78.193195, -218.276937). Trying new monomer.
2019-Mar-03 22:16:03.554544 info[fractal.cpp:112] [34m[INFO] Failed to attach to (24.067707, 156.354919, -98.742765). Trying new monomer.
2019-Mar-03 22:16:03.556595 info[fractal.cpp:112] [34m[INFO] Failed to attach to (24.067707, 156.354919, -98.742765). Trying new monomer.
2019-Mar-03 22:16:03.566251 info[fractal.cpp:112] [34m[INFO] Failed to attach to (24.067707, 156.354919, -98.742765). Trying new monomer.
2019-Mar-03 22:16:03.568816 info[fractal.cpp:112] [34m[INFO] Failed to attach to (-61.717169, 78.193195, -218.276937). Trying new monomer.
2019-Mar-03 22:16:03.571604 info[fractal.cpp:112] [34m[INFO] Failed to attach to (-61.717169, 78.193195, -218.276937). Trying new monomer.
2019-Mar-03 22:16:03.576708 info[fractal.cpp:112] [34m[INFO] Failed to attach to (-55.066682, -117.896593, 241.280677). Trying new monomer.
2019-Mar-03 22:16:03.579360 info[fractal.cpp:112] [34m[INFO] Failed to attach to (-61.717169, 78.193195, -218.276937). Trying new monomer.
