2018-Jul-19 11:20:11.544870 info[fractal.cpp:112] [34m[INFO] Failed to attach to (170.816260, -35.291451, -15.581292). Trying new monomer.
2018-Jul-19 11:20:11.545653 info[fractal.cpp:112] [34m[INFO] Failed to attach to (-348.912243, 151.031774, -47.019657). Trying new monomer.
2018-Jul-19 11:20:11.546345 info[fractal.cpp:112] [34m[INFO] Failed to attach to (170.816260, -35.291451, -15.581292). Trying new monomer.
2018-Jul-19 11:20:11.548122 info[fractal.cpp:112] [34m[INFO] Failed to attach to (-375.562494, 88.684784, -71.813636). Trying new monomer.
2018-Jul-19 11:20:11.550118 info[fractal.cpp:112] [34m[INFO] Failed to attach to (170.816260, -35.291451, -15.581292). Trying new monomer.
2018-Jul-19 11:20:11.551121 info[fractal.cpp:112] [34m[INFO] Failed to attach to (-375.562494, 88.684784, -71.813636). Trying new monomer.
2018-Jul-19 11:20:11.552176 info[fractal.cpp:112] [34m[INFO] Failed to attach to (-375.562494, 88.684784, -71.813636). Trying new monomer.
2018-Jul-19 11:20:11.553266 info[fractal.cpp:112] [34m[INFO] Failed to attach to (-348.912243, 151.031774, -47.019657). Trying new monomer.
2018-Jul-19 11:20:11.553686 info[fractal.cpp:112] [34m[INFO] Failed to attach to (170.816260, -35.291451, -15.581292). Trying new monomer.
2018-Jul-19 11:20:11.554512 info[fractal.cpp:112] [34m[INFO] Failed to attach to (-348.912243, 151.031774, -47.019657). Trying new monomer.
2018-Jul-19 11:20:11.555055 info[fractal.cpp:112] [34m[INFO] Failed to attach to (197.637362, -73.543093, 22.067617). Trying new monomer.
2018-Jul-19 11:20:11.555730 info[fractal.cpp:112] [34m[INFO] Failed to attach to (170.816260, -35.291451, -15.581292). Trying new monomer.
2018-Jul-19 11:20:11.556070 info[fractal.cpp:112] [34m[INFO] Failed to attach to (170.816260, -35.291451, -15.581292). Trying new monomer.
2018-Jul-19 11:20:11.556781 info[fractal.cpp:112] [34m[INFO] Failed to attach to (-348.912243, 151.031774, -47.019657). Trying new monomer.
2018-Jul-19 11:20:11.557665 info[fractal.cpp:112] [34m[INFO] Failed to attach to (-348.912243, 151.031774, -47.019657). Trying new monomer.
2018-Jul-19 11:20:11.558264 info[fractal.cpp:112] [34m[INFO] Failed to attach to (-375.562494, 88.684784, -71.813636). Trying new monomer.
2018-Jul-19 11:20:11.559951 info[fractal.cpp:112] [34m[INFO] Failed to attach to (170.816260, -35.291451, -15.581292). Trying new monomer.
2018-Jul-19 11:20:11.560976 info[fractal.cpp:112] [34m[INFO] Failed to attach to (-375.562494, 88.684784, -71.813636). Trying new monomer.
2018-Jul-19 11:20:11.562037 info[fractal.cpp:112] [34m[INFO] Failed to attach to (-348.912243, 151.031774, -47.019657). Trying new monomer.
2018-Jul-19 11:20:11.563004 info[fractal.cpp:112] [34m[INFO] Failed to attach to (-348.912243, 151.031774, -47.019657). Trying new monomer.
2018-Jul-19 11:20:11.563698 info[fractal.cpp:112] [34m[INFO] Failed to attach to (-348.912243, 151.031774, -47.019657). Trying new monomer.
2018-Jul-19 11:20:11.565163 info[fractal.cpp:112] [34m[INFO] Failed to attach to (-348.912243, 151.031774, -47.019657). Trying new monomer.
2018-Jul-19 11:20:11.565427 info[fractal.cpp:112] [34m[INFO] Failed to attach to (170.816260, -35.291451, -15.581292). Trying new monomer.
2018-Jul-19 11:20:11.565989 info[fractal.cpp:112] [34m[INFO] Failed to attach to (-375.562494, 88.684784, -71.813636). Trying new monomer.
2018-Jul-19 11:20:11.567862 info[fractal.cpp:112] [34m[INFO] Failed to attach to (-348.912243, 151.031774, -47.019657). Trying new monomer.
2018-Jul-19 11:20:11.569746 info[fractal.cpp:112] [34m[INFO] Failed to attach to (-375.562494, 88.684784, -71.813636). Trying new monomer.
2018-Jul-19 11:20:11.570663 info[fractal.cpp:112] [34m[INFO] Failed to attach to (-348.912243, 151.031774, -47.019657). Trying new monomer.
2018-Jul-19 11:20:11.571512 info[fractal.cpp:112] [34m[INFO] Failed to attach to (-348.912243, 151.031774, -47.019657). Trying new monomer.
2018-Jul-19 11:20:11.572337 info[fractal.cpp:112] [34m[INFO] Failed to attach to (170.816260, -35.291451, -15.581292). Trying new monomer.
2018-Jul-19 11:20:11.573409 info[fractal.cpp:112] [34m[INFO] Failed to attach to (-375.562494, 88.684784, -71.813636). Trying new monomer.
2018-Jul-19 11:20:11.574346 info[fractal.cpp:112] [34m[INFO] Failed to attach to (-348.912243, 151.031774, -47.019657). Trying new monomer.
2018-Jul-19 11:20:11.575236 info[fractal.cpp:112] [34m[INFO] Failed to attach to (-173.285397, 96.913105, -36.851884). Trying new monomer.
2018-Jul-19 11:20:11.576131 info[fractal.cpp:152] [34m[INFO] Actual epsilon = 0.000003
2018-Jul-19 11:20:11.576154 info[fractal.cpp:86] [34m[INFO] Adding monomer at point (147.353563, -240.797299, -239.308644)
2018-Jul-19 11:20:11.576167 info[fractal.cpp:175] [34m[INFO] Fractal parameters updated.
2018-Jul-19 11:20:11.576178 info[fractal.cpp:73] [34m[INFO] Adding new monomer to fractal using Monte Carlo algorithm.
2018-Jul-19 11:20:11.576189 info[fractal.cpp:121] [34m[INFO] Out of range best_monomer = 5160.000000
2018-Jul-19 11:20:11.576205 info[fractal.cpp:143] [34m[INFO] Under epsilon in 1 attempts.
2018-Jul-19 11:20:11.576822 info[fractal.cpp:112] [34m[INFO] Failed to attach to (170.816260, -35.291451, -15.581292). Trying new monomer.
2018-Jul-19 11:20:11.577942 info[fractal.cpp:112] [34m[INFO] Failed to attach to (170.816260, -35.291451, -15.581292). Trying new monomer.
2018-Jul-19 11:20:11.579263 info[fractal.cpp:112] [34m[INFO] Failed to attach to (-348.912243, 151.031774, -47.019657). Trying new monomer.
2018-Jul-19 11:20:11.579679 info[fractal.cpp:112] [34m[INFO] Failed to attach to (170.816260, -35.291451, -15.581292). Trying new monomer.
2018-Jul-19 11:20:11.580614 info[fractal.cpp:112] [34m[INFO] Failed to attach to (-375.562494, 88.684784, -71.813636). Trying new monomer.
2018-Jul-19 11:20:11.580964 info[fractal.cpp:112] [34m[INFO] Failed to attach to (170.816260, -35.291451, -15.581292). Trying new monomer.
2018-Jul-19 11:20:11.582030 info[fractal.cpp:112] [34m[INFO] Failed to attach to (-375.562494, 88.684784, -71.813636). Trying new monomer.
2018-Jul-19 11:20:11.582489 info[fractal.cpp:112] [34m[INFO] Failed to attach to (170.816260, -35.291451, -15.581292). Trying new monomer.
2018-Jul-19 11:20:11.583523 info[fractal.cpp:112] [34m[INFO] Failed to attach to (-375.562494, 88.684784, -71.813636). Trying new monomer.
2018-Jul-19 11:20:11.584114 info[fractal.cpp:112] [34m[INFO] Failed to attach to (-348.912243, 151.031774, -47.019657). Trying new monomer.
2018-Jul-19 11:20:11.584673 info[fractal.cpp:112] [34m[INFO] Failed to attach to (-348.912243, 151.031774, -47.019657). Trying new monomer.
2018-Jul-19 11:20:11.585685 info[fractal.cpp:112] [34m[INFO] Failed to attach to (-348.912243, 151.031774, -47.019657). Trying new monomer.
2018-Jul-19 11:20:11.585975 info[fractal.cpp:112] [34m[INFO] Failed to attach to (-173.285397, 96.913105, -36.851884). Trying new monomer.
2018-Jul-19 11:20:11.586528 info[fractal.cpp:112] [34m[INFO] Failed to attach to (-348.912243, 151.031774, -47.019657). Trying new monomer.
2018-Jul-19 11:20:11.587322 info[fractal.cpp:112] [34m[INFO] Failed to attach to (-348.912243, 151.031774, -47.019657). Trying new monomer.
2018-Jul-19 11:20:11.588104 info[fractal.cpp:112] [34m[INFO] Failed to attach to (-375.562494, 88.684784, -71.813636). Trying new monomer.
2018-Jul-19 11:20:11.589508 info[fractal.cpp:112] [34m[INFO] Failed to attach to (-375.562494, 88.684784, -71.813636). Trying new monomer.
2018-Jul-19 11:20:11.590206 info[fractal.cpp:112] [34m[INFO] Failed to attach to (170.816260, -35.291451, -15.581292). Trying new monomer.
2018-Jul-19 11:20:11.590987 info[fractal.cpp:112] [34m[INFO] Failed to attach to (-375.562494, 88.684784, -71.813636). Trying new monomer.
2018-Jul-19 11:20:11.591637 info[fractal.cpp:112] [34m[INFO] Failed to attach to (-375.562494, 88.684784, -71.813636). Trying new monomer.
2018-Jul-19 11:20:11.592422 info[fractal.cpp:112] [34m[INFO] Failed to attach to (-375.562494, 88.684784, -71.813636). Trying new monomer.
2018-Jul-19 11:20:11.594313 info[fractal.cpp:112] [34m[INFO] Failed to attach to (-348.912243, 151.031774, -47.019657). Trying new monomer.
2018-Jul-19 11:20:11.595453 info[fractal.cpp:112] [34m[INFO] Failed to attach to (-375.562494, 88.684784, -71.813636). Trying new monomer.
2018-Jul-19 11:20:11.595911 info[fractal.cpp:112] [34m[INFO] Failed to attach to (197.637362, -73.543093, 22.067617). Trying new monomer.
2018-Jul-19 11:20:11.596146 info[fractal.cpp:112] [34m[INFO] Failed to attach to (170.816260, -35.291451, -15.581292). Trying new monomer.
2018-Jul-19 11:20:11.598241 info[fractal.cpp:112] [34m[INFO] Failed to attach to (170.816260, -35.291451, -15.581292). Trying new monomer.
2018-Jul-19 11:20:11.599156 info[fractal.cpp:112] [34m[INFO] Failed to attach to (-375.562494, 88.684784, -71.813636). Trying new monomer.
2018-Jul-19 11:20:11.599851 info[fractal.cpp:112] [34m[INFO] Failed to attach to (-375.562494, 88.684784, -71.813636). Trying new monomer.
2018-Jul-19 11:20:11.602496 info[fractal.cpp:112] [34m[INFO] Failed to attach to (-375.562494, 88.684784, -71.813636). Trying new monomer.
2018-Jul-19 11:20:11.603215 info[fractal.cpp:112] [34m[INFO] Failed to attach to (170.816260, -35.291451, -15.581292). Trying new monomer.
2018-Jul-19 11:20:11.603461 info[fractal.cpp:112] [34m[INFO] Failed to attach to (170.816260, -35.291451, -15.581292). Trying new monomer.
2018-Jul-19 11:20:11.604361 info[fractal.cpp:112] [34m[INFO] Failed to attach to (-348.912243, 151.031774, -47.019657). Trying new monomer.
2018-Jul-19 11:20:11.604855 info[fractal.cpp:112] [34m[INFO] Failed to attach to (197.637362, -73.543093, 22.067617). Trying new monomer.
2018-Jul-19 11:20:11.605592 info[fractal.cpp:112] [34m[INFO] Failed to attach to (-375.562494, 88.684784, -71.813636). Trying new monomer.
2018-Jul-19 11:20:11.606189 info[fractal.cpp:112] [34m[INFO] Failed to attach to (-375.562494, 88.684784, -71.813636). Trying new monomer.
2018-Jul-19 11:20:11.606901 info[fractal.cpp:112] [34m[INFO] Failed to attach to (-348.912243, 151.031774, -47.019657). Trying new monomer.
2018-Jul-19 11:20:11.607561 info[fractal.cpp:112] [34m[INFO] Failed to attach to (-348.912243, 151.031774, -47.019657). Trying new monomer.
2018-Jul-19 11:20:11.608928 info[fractal.cpp:112] [34m[INFO] Failed to attach to (-375.562494, 88.684784, -71.813636). Trying new monomer.
2018-Jul-19 11:20:11.609596 info[fractal.cpp:112] [34m[INFO] Failed to attach to (-348.912243, 151.031774, -47.019657). Trying new monomer.
2018-Jul-19 11:20:11.612337 info[fractal.cpp:112] [34m[INFO] Failed to attach to (-375.562494, 88.684784, -71.813636). Trying new monomer.
2018-Jul-19 11:20:11.614732 info[fractal.cpp:112] [34m[INFO] Failed to attach to (170.816260, -35.291451, -15.581292). Trying new monomer.
2018-Jul-19 11:20:11.615242 info[fractal.cpp:112] [34m[INFO] Failed to attach to (-173.285397, 96.913105, -36.851884). Trying new monomer.
2018-Jul-19 11:20:11.616215 info[fractal.cpp:112] [34m[INFO] Failed to attach to (-348.912243, 151.031774, -47.019657). Trying new monomer.
2018-Jul-19 11:20:11.616525 info[fractal.cpp:112] [34m[INFO] Failed to attach to (170.816260, -35.291451, -15.581292). Trying new monomer.
2018-Jul-19 11:20:11.617877 info[fractal.cpp:112] [34m[INFO] Failed to attach to (-348.912243, 151.031774, -47.019657). Trying new monomer.
2018-Jul-19 11:20:11.618805 info[fractal.cpp:112] [34m[INFO] Failed to attach to (170.816260, -35.291451, -15.581292). Trying new monomer.
2018-Jul-19 11:20:11.619428 info[fractal.cpp:112] [34m[INFO] Failed to attach to (170.816260, -35.291451, -15.581292). Trying new monomer.
2018-Jul-19 11:20:11.620399 info[fractal.cpp:112] [34m[INFO] Failed to attach to (-375.562494, 88.684784, -71.813636). Trying new monomer.
2018-Jul-19 11:20:11.621345 info[fractal.cpp:112] [34m[INFO] Failed to attach to (-348.912243, 151.031774, -47.019657). Trying new monomer.
2018-Jul-19 11:20:11.622514 info[fractal.cpp:112] [34m[INFO] Failed to attach to (-348.912243, 151.031774, -47.019657). Trying new monomer.
2018-Jul-19 11:20:11.622877 info[fractal.cpp:112] [34m[INFO] Failed to attach to (170.816260, -35.291451, -15.581292). Trying new monomer.
2018-Jul-19 11:20:11.623479 info[fractal.cpp:112] [34m[INFO] Failed to attach to (170.816260, -35.291451, -15.581292). Trying new monomer.
2018-Jul-19 11:20:11.625012 info[fractal.cpp:112] [34m[INFO] Failed to attach to (-348.912243, 151.031774, -47.019657). Trying new monomer.
2018-Jul-19 11:20:11.626046 info[fractal.cpp:112] [34m[INFO] Failed to attach to (170.816260, -35.291451, -15.581292). Trying new monomer.
2018-Jul-19 11:20:11.626624 info[fractal.cpp:112] [34m[INFO] Failed to attach to (-375.562494, 88.684784, -71.813636). Trying new monomer.
2018-Jul-19 11:20:11.627250 info[fractal.cpp:112] [34m[INFO] Failed to attach to (-348.912243, 151.031774, -47.019657). Trying new monomer.
2018-Jul-19 11:20:11.627511 info[fractal.cpp:112] [34m[INFO] Failed to attach to (170.816260, -35.291451, -15.581292). Trying new monomer.
2018-Jul-19 11:20:11.628943 info[fractal.cpp:112] [34m[INFO] Failed to attach to (170.816260, -35.291451, -15.581292). Trying new monomer.
2018-Jul-19 11:20:11.629512 info[fractal.cpp:112] [34m[INFO] Failed to attach to (-348.912243, 151.031774, -47.019657). Trying new monomer.
2018-Jul-19 11:20:11.630641 info[fractal.cpp:112] [34m[INFO] Failed to attach to (-348.912243, 151.031774, -47.019657). Trying new monomer.
2018-Jul-19 11:20:11.631451 info[fractal.cpp:112] [34m[INFO] Failed to attach to (170.816260, -35.291451, -15.581292). Trying new monomer.
2018-Jul-19 11:20:11.631726 info[fractal.cpp:112] [34m[INFO] Failed to attach to (170.816260, -35.291451, -15.581292). Trying new monomer.
2018-Jul-19 11:20:11.633295 info[fractal.cpp:112] [34m[INFO] Failed to attach to (-375.562494, 88.684784, -71.813636). Trying new monomer.
2018-Jul-19 11:20:11.634040 info[fractal.cpp:112] [34m[INFO] Failed to attach to (-173.285397, 96.913105, -36.851884). Trying new monomer.
2018-Jul-19 11:20:11.634831 info[fractal.cpp:112] [34m[INFO] Failed to attach to (-375.562494, 88.684784, -71.813636). Trying new monomer.
2018-Jul-19 11:20:11.636479 info[fractal.cpp:112] [34m[INFO] Failed to attach to (-375.562494, 88.684784, -71.813636). Trying new monomer.
2018-Jul-19 11:20:11.638071 info[fractal.cpp:112] [34m[INFO] Failed to attach to (-348.912243, 151.031774, -47.019657). Trying new monomer.
2018-Jul-19 11:20:11.638534 info[fractal.cpp:112] [34m[INFO] Failed to attach to (197.637362, -73.543093, 22.067617). Trying new monomer.
2018-Jul-19 11:20:11.641066 info[fractal.cpp:112] [34m[INFO] Failed to attach to (170.816260, -35.291451, -15.581292). Trying new monomer.
2018-Jul-19 11:20:11.641750 info[fractal.cpp:112] [34m[INFO] Failed to attach to (170.816260, -35.291451, -15.581292). Trying new monomer.
2018-Jul-19 11:20:11.642506 info[fractal.cpp:112] [34m[INFO] Failed to attach to (-348.912243, 151.031774, -47.019657). Trying new monomer.
2018-Jul-19 11:20:11.644692 info[fractal.cpp:112] [34m[INFO] Failed to attach to (-375.562494, 88.684784, -71.813636). Trying new monomer.
2018-Jul-19 11:20:11.645730 info[fractal.cpp:112] [34m[INFO] Failed to attach to (197.637362, -73.543093, 22.067617). Trying new monomer.
2018-Jul-19 11:20:11.646630 info[fractal.cpp:112] [34m[INFO] Failed to attach to (-348.912243, 151.031774, -47.019657). Trying new monomer.
2018-Jul-19 11:20:11.647291 info[fractal.cpp:112] [34m[INFO] Failed to attach to (-348.912243, 151.031774, -47.019657). Trying new monomer.
2018-Jul-19 11:20:11.648058 info[fractal.cpp:112] [34m[INFO] Failed to attach to (-375.562494, 88.684784, -71.813636). Trying new monomer.
2018-Jul-19 11:20:11.648559 info[fractal.cpp:112] [34m[INFO] Failed to attach to (170.816260, -35.291451, -15.581292). Trying new monomer.
2018-Jul-19 11:20:11.648788 info[fractal.cpp:112] [34m[INFO] Failed to attach to (170.816260, -35.291451, -15.581292). Trying new monomer.
2018-Jul-19 11:20:11.649058 info[fractal.cpp:112] [34m[INFO] Failed to attach to (170.816260, -35.291451, -15.581292). Trying new monomer.
2018-Jul-19 11:20:11.649972 info[fractal.cpp:112] [34m[INFO] Failed to attach to (-348.912243, 151.031774, -47.019657). Trying new monomer.
