2018-Jul-19 11:31:28.536668 fatal[fractal.cpp:155] [31m[FATAL] Best monomer did not satisfy epsilon.
  best_diff / _a = 0.742249
  epsilon = 0.050000
2018-Jul-19 11:31:28.536787 info[fractal.cpp:73] [34m[INFO] Adding new monomer to fractal using Monte Carlo algorithm.
2018-Jul-19 11:31:28.536807 info[fractal.cpp:121] [34m[INFO] Out of range best_monomer = 60.000000
2018-Jul-19 11:31:28.537837 fatal[fractal.cpp:155] [31m[FATAL] Best monomer did not satisfy epsilon.
  best_diff / _a = 0.742159
  epsilon = 0.050000
2018-Jul-19 11:31:28.537875 info[fractal.cpp:73] [34m[INFO] Adding new monomer to fractal using Monte Carlo algorithm.
2018-Jul-19 11:31:28.537889 info[fractal.cpp:121] [34m[INFO] Out of range best_monomer = 60.000000
2018-Jul-19 11:31:28.538894 fatal[fractal.cpp:155] [31m[FATAL] Best monomer did not satisfy epsilon.
  best_diff / _a = 0.742159
  epsilon = 0.050000
2018-Jul-19 11:31:28.538919 info[fractal.cpp:73] [34m[INFO] Adding new monomer to fractal using Monte Carlo algorithm.
2018-Jul-19 11:31:28.538930 info[fractal.cpp:121] [34m[INFO] Out of range best_monomer = 60.000000
2018-Jul-19 11:31:28.539929 fatal[fractal.cpp:155] [31m[FATAL] Best monomer did not satisfy epsilon.
  best_diff / _a = 0.742175
  epsilon = 0.050000
2018-Jul-19 11:31:28.539943 info[fractal.cpp:73] [34m[INFO] Adding new monomer to fractal using Monte Carlo algorithm.
2018-Jul-19 11:31:28.539953 info[fractal.cpp:121] [34m[INFO] Out of range best_monomer = 60.000000
2018-Jul-19 11:31:28.540947 fatal[fractal.cpp:155] [31m[FATAL] Best monomer did not satisfy epsilon.
  best_diff / _a = 0.742188
  epsilon = 0.050000
2018-Jul-19 11:31:28.540961 info[fractal.cpp:73] [34m[INFO] Adding new monomer to fractal using Monte Carlo algorithm.
2018-Jul-19 11:31:28.540971 info[fractal.cpp:121] [34m[INFO] Out of range best_monomer = 60.000000
2018-Jul-19 11:31:28.541977 fatal[fractal.cpp:155] [31m[FATAL] Best monomer did not satisfy epsilon.
  best_diff / _a = 0.742160
  epsilon = 0.050000
2018-Jul-19 11:31:28.541994 info[fractal.cpp:73] [34m[INFO] Adding new monomer to fractal using Monte Carlo algorithm.
2018-Jul-19 11:31:28.542005 info[fractal.cpp:121] [34m[INFO] Out of range best_monomer = 60.000000
2018-Jul-19 11:31:28.543005 fatal[fractal.cpp:155] [31m[FATAL] Best monomer did not satisfy epsilon.
  best_diff / _a = 0.742151
  epsilon = 0.050000
2018-Jul-19 11:31:28.543019 info[fractal.cpp:73] [34m[INFO] Adding new monomer to fractal using Monte Carlo algorithm.
2018-Jul-19 11:31:28.543029 info[fractal.cpp:121] [34m[INFO] Out of range best_monomer = 60.000000
2018-Jul-19 11:31:28.544039 fatal[fractal.cpp:155] [31m[FATAL] Best monomer did not satisfy epsilon.
  best_diff / _a = 0.742224
  epsilon = 0.050000
2018-Jul-19 11:31:28.544053 info[fractal.cpp:73] [34m[INFO] Adding new monomer to fractal using Monte Carlo algorithm.
2018-Jul-19 11:31:28.544063 info[fractal.cpp:121] [34m[INFO] Out of range best_monomer = 60.000000
2018-Jul-19 11:31:28.545059 fatal[fractal.cpp:155] [31m[FATAL] Best monomer did not satisfy epsilon.
  best_diff / _a = 0.742162
  epsilon = 0.050000
2018-Jul-19 11:31:28.545074 info[fractal.cpp:73] [34m[INFO] Adding new monomer to fractal using Monte Carlo algorithm.
2018-Jul-19 11:31:28.545084 info[fractal.cpp:121] [34m[INFO] Out of range best_monomer = 60.000000
2018-Jul-19 11:31:28.546098 fatal[fractal.cpp:155] [31m[FATAL] Best monomer did not satisfy epsilon.
  best_diff / _a = 0.742314
  epsilon = 0.050000
2018-Jul-19 11:31:28.546115 info[fractal.cpp:73] [34m[INFO] Adding new monomer to fractal using Monte Carlo algorithm.
2018-Jul-19 11:31:28.546126 info[fractal.cpp:121] [34m[INFO] Out of range best_monomer = 60.000000
2018-Jul-19 11:31:28.547126 fatal[fractal.cpp:155] [31m[FATAL] Best monomer did not satisfy epsilon.
  best_diff / _a = 0.742150
  epsilon = 0.050000
2018-Jul-19 11:31:28.547142 info[fractal.cpp:73] [34m[INFO] Adding new monomer to fractal using Monte Carlo algorithm.
2018-Jul-19 11:31:28.547152 info[fractal.cpp:121] [34m[INFO] Out of range best_monomer = 60.000000
2018-Jul-19 11:31:28.548164 fatal[fractal.cpp:155] [31m[FATAL] Best monomer did not satisfy epsilon.
  best_diff / _a = 0.742244
  epsilon = 0.050000
2018-Jul-19 11:31:28.548197 info[fractal.cpp:73] [34m[INFO] Adding new monomer to fractal using Monte Carlo algorithm.
2018-Jul-19 11:31:28.548209 info[fractal.cpp:121] [34m[INFO] Out of range best_monomer = 60.000000
2018-Jul-19 11:31:28.549236 fatal[fractal.cpp:155] [31m[FATAL] Best monomer did not satisfy epsilon.
  best_diff / _a = 0.742208
  epsilon = 0.050000
2018-Jul-19 11:31:28.549262 info[fractal.cpp:73] [34m[INFO] Adding new monomer to fractal using Monte Carlo algorithm.
2018-Jul-19 11:31:28.549272 info[fractal.cpp:121] [34m[INFO] Out of range best_monomer = 60.000000
2018-Jul-19 11:31:28.550284 fatal[fractal.cpp:155] [31m[FATAL] Best monomer did not satisfy epsilon.
  best_diff / _a = 0.742252
  epsilon = 0.050000
2018-Jul-19 11:31:28.550321 info[fractal.cpp:73] [34m[INFO] Adding new monomer to fractal using Monte Carlo algorithm.
2018-Jul-19 11:31:28.550333 info[fractal.cpp:121] [34m[INFO] Out of range best_monomer = 60.000000
2018-Jul-19 11:31:28.551358 fatal[fractal.cpp:155] [31m[FATAL] Best monomer did not satisfy epsilon.
  best_diff / _a = 0.742156
  epsilon = 0.050000
2018-Jul-19 11:31:28.551398 info[fractal.cpp:73] [34m[INFO] Adding new monomer to fractal using Monte Carlo algorithm.
2018-Jul-19 11:31:28.551414 info[fractal.cpp:121] [34m[INFO] Out of range best_monomer = 60.000000
2018-Jul-19 11:31:28.552513 fatal[fractal.cpp:155] [31m[FATAL] Best monomer did not satisfy epsilon.
  best_diff / _a = 0.742175
  epsilon = 0.050000
2018-Jul-19 11:31:28.552606 info[fractal.cpp:73] [34m[INFO] Adding new monomer to fractal using Monte Carlo algorithm.
2018-Jul-19 11:31:28.552620 info[fractal.cpp:121] [34m[INFO] Out of range best_monomer = 60.000000
2018-Jul-19 11:31:28.553687 fatal[fractal.cpp:155] [31m[FATAL] Best monomer did not satisfy epsilon.
  best_diff / _a = 0.742293
  epsilon = 0.050000
2018-Jul-19 11:31:28.553753 info[fractal.cpp:73] [34m[INFO] Adding new monomer to fractal using Monte Carlo algorithm.
2018-Jul-19 11:31:28.553766 info[fractal.cpp:121] [34m[INFO] Out of range best_monomer = 60.000000
2018-Jul-19 11:31:28.554801 fatal[fractal.cpp:155] [31m[FATAL] Best monomer did not satisfy epsilon.
  best_diff / _a = 0.742152
  epsilon = 0.050000
2018-Jul-19 11:31:28.554841 info[fractal.cpp:73] [34m[INFO] Adding new monomer to fractal using Monte Carlo algorithm.
2018-Jul-19 11:31:28.554855 info[fractal.cpp:121] [34m[INFO] Out of range best_monomer = 60.000000
2018-Jul-19 11:31:28.555885 fatal[fractal.cpp:155] [31m[FATAL] Best monomer did not satisfy epsilon.
  best_diff / _a = 0.742191
  epsilon = 0.050000
2018-Jul-19 11:31:28.555917 info[fractal.cpp:73] [34m[INFO] Adding new monomer to fractal using Monte Carlo algorithm.
2018-Jul-19 11:31:28.555928 info[fractal.cpp:121] [34m[INFO] Out of range best_monomer = 60.000000
2018-Jul-19 11:31:28.556956 fatal[fractal.cpp:155] [31m[FATAL] Best monomer did not satisfy epsilon.
  best_diff / _a = 0.742233
  epsilon = 0.050000
2018-Jul-19 11:31:28.556992 info[fractal.cpp:73] [34m[INFO] Adding new monomer to fractal using Monte Carlo algorithm.
2018-Jul-19 11:31:28.557004 info[fractal.cpp:121] [34m[INFO] Out of range best_monomer = 60.000000
2018-Jul-19 11:31:28.558036 fatal[fractal.cpp:155] [31m[FATAL] Best monomer did not satisfy epsilon.
  best_diff / _a = 0.742184
  epsilon = 0.050000
2018-Jul-19 11:31:28.558064 info[fractal.cpp:73] [34m[INFO] Adding new monomer to fractal using Monte Carlo algorithm.
2018-Jul-19 11:31:28.558075 info[fractal.cpp:121] [34m[INFO] Out of range best_monomer = 60.000000
2018-Jul-19 11:31:28.559088 fatal[fractal.cpp:155] [31m[FATAL] Best monomer did not satisfy epsilon.
  best_diff / _a = 0.742249
  epsilon = 0.050000
2018-Jul-19 11:31:28.559113 info[fractal.cpp:73] [34m[INFO] Adding new monomer to fractal using Monte Carlo algorithm.
2018-Jul-19 11:31:28.559124 info[fractal.cpp:121] [34m[INFO] Out of range best_monomer = 60.000000
2018-Jul-19 11:31:28.560124 fatal[fractal.cpp:155] [31m[FATAL] Best monomer did not satisfy epsilon.
  best_diff / _a = 0.742160
  epsilon = 0.050000
2018-Jul-19 11:31:28.560166 info[fractal.cpp:73] [34m[INFO] Adding new monomer to fractal using Monte Carlo algorithm.
2018-Jul-19 11:31:28.560179 info[fractal.cpp:121] [34m[INFO] Out of range best_monomer = 60.000000
2018-Jul-19 11:31:28.561192 fatal[fractal.cpp:155] [31m[FATAL] Best monomer did not satisfy epsilon.
  best_diff / _a = 0.742147
  epsilon = 0.050000
2018-Jul-19 11:31:28.561213 info[fractal.cpp:73] [34m[INFO] Adding new monomer to fractal using Monte Carlo algorithm.
2018-Jul-19 11:31:28.561223 info[fractal.cpp:121] [34m[INFO] Out of range best_monomer = 60.000000
2018-Jul-19 11:31:28.562215 fatal[fractal.cpp:155] [31m[FATAL] Best monomer did not satisfy epsilon.
  best_diff / _a = 0.742159
  epsilon = 0.050000
2018-Jul-19 11:31:28.562232 info[fractal.cpp:73] [34m[INFO] Adding new monomer to fractal using Monte Carlo algorithm.
2018-Jul-19 11:31:28.562242 info[fractal.cpp:121] [34m[INFO] Out of range best_monomer = 60.000000
2018-Jul-19 11:31:28.563229 fatal[fractal.cpp:155] [31m[FATAL] Best monomer did not satisfy epsilon.
  best_diff / _a = 0.742149
  epsilon = 0.050000
2018-Jul-19 11:31:28.563243 info[fractal.cpp:73] [34m[INFO] Adding new monomer to fractal using Monte Carlo algorithm.
2018-Jul-19 11:31:28.563253 info[fractal.cpp:121] [34m[INFO] Out of range best_monomer = 60.000000
2018-Jul-19 11:31:28.564240 fatal[fractal.cpp:155] [31m[FATAL] Best monomer did not satisfy epsilon.
  best_diff / _a = 0.742179
  epsilon = 0.050000
2018-Jul-19 11:31:28.564254 info[fractal.cpp:73] [34m[INFO] Adding new monomer to fractal using Monte Carlo algorithm.
2018-Jul-19 11:31:28.564264 info[fractal.cpp:121] [34m[INFO] Out of range best_monomer = 60.000000
2018-Jul-19 11:31:28.565258 fatal[fractal.cpp:155] [31m[FATAL] Best monomer did not satisfy epsilon.
  best_diff / _a = 0.742155
  epsilon = 0.050000
2018-Jul-19 11:31:28.565274 info[fractal.cpp:73] [34m[INFO] Adding new monomer to fractal using Monte Carlo algorithm.
2018-Jul-19 11:31:28.565285 info[fractal.cpp:121] [34m[INFO] Out of range best_monomer = 60.000000
2018-Jul-19 11:31:28.566357 fatal[fractal.cpp:155] [31m[FATAL] Best monomer did not satisfy epsilon.
  best_diff / _a = 0.742150
  epsilon = 0.050000
2018-Jul-19 11:31:28.566443 info[fractal.cpp:73] [34m[INFO] Adding new monomer to fractal using Monte Carlo algorithm.
2018-Jul-19 11:31:28.566460 info[fractal.cpp:121] [34m[INFO] Out of range best_monomer = 60.000000
2018-Jul-19 11:31:28.567458 fatal[fractal.cpp:155] [31m[FATAL] Best monomer did not satisfy epsilon.
  best_diff / _a = 0.742202
  epsilon = 0.050000
2018-Jul-19 11:31:28.567482 info[fractal.cpp:73] [34m[INFO] Adding new monomer to fractal using Monte Carlo algorithm.
2018-Jul-19 11:31:28.567494 info[fractal.cpp:121] [34m[INFO] Out of range best_monomer = 60.000000
2018-Jul-19 11:31:28.568496 fatal[fractal.cpp:155] [31m[FATAL] Best monomer did not satisfy epsilon.
  best_diff / _a = 0.742182
  epsilon = 0.050000
2018-Jul-19 11:31:28.568522 info[fractal.cpp:73] [34m[INFO] Adding new monomer to fractal using Monte Carlo algorithm.
2018-Jul-19 11:31:28.568533 info[fractal.cpp:121] [34m[INFO] Out of range best_monomer = 60.000000
2018-Jul-19 11:31:28.569551 fatal[fractal.cpp:155] [31m[FATAL] Best monomer did not satisfy epsilon.
  best_diff / _a = 0.742148
  epsilon = 0.050000
2018-Jul-19 11:31:28.569582 info[fractal.cpp:73] [34m[INFO] Adding new monomer to fractal using Monte Carlo algorithm.
2018-Jul-19 11:31:28.569593 info[fractal.cpp:121] [34m[INFO] Out of range best_monomer = 60.000000
2018-Jul-19 11:31:28.570615 fatal[fractal.cpp:155] [31m[FATAL] Best monomer did not satisfy epsilon.
  best_diff / _a = 0.742150
  epsilon = 0.050000
2018-Jul-19 11:31:28.570648 info[fractal.cpp:73] [34m[INFO] Adding new monomer to fractal using Monte Carlo algorithm.
2018-Jul-19 11:31:28.570661 info[fractal.cpp:121] [34m[INFO] Out of range best_monomer = 60.000000
2018-Jul-19 11:31:28.571696 fatal[fractal.cpp:155] [31m[FATAL] Best monomer did not satisfy epsilon.
  best_diff / _a = 0.742153
  epsilon = 0.050000
2018-Jul-19 11:31:28.571742 info[fractal.cpp:73] [34m[INFO] Adding new monomer to fractal using Monte Carlo algorithm.
2018-Jul-19 11:31:28.571757 info[fractal.cpp:121] [34m[INFO] Out of range best_monomer = 60.000000
2018-Jul-19 11:31:28.572756 fatal[fractal.cpp:155] [31m[FATAL] Best monomer did not satisfy epsilon.
  best_diff / _a = 0.742178
  epsilon = 0.050000
2018-Jul-19 11:31:28.572775 info[fractal.cpp:73] [34m[INFO] Adding new monomer to fractal using Monte Carlo algorithm.
2018-Jul-19 11:31:28.572785 info[fractal.cpp:121] [34m[INFO] Out of range best_monomer = 60.000000
2018-Jul-19 11:31:28.573779 fatal[fractal.cpp:155] [31m[FATAL] Best monomer did not satisfy epsilon.
  best_diff / _a = 0.742178
  epsilon = 0.050000
2018-Jul-19 11:31:28.573793 info[fractal.cpp:73] [34m[INFO] Adding new monomer to fractal using Monte Carlo algorithm.
2018-Jul-19 11:31:28.573804 info[fractal.cpp:121] [34m[INFO] Out of range best_monomer = 60.000000
2018-Jul-19 11:31:28.574810 fatal[fractal.cpp:155] [31m[FATAL] Best monomer did not satisfy epsilon.
  best_diff / _a = 0.742198
  epsilon = 0.050000
2018-Jul-19 11:31:28.574826 info[fractal.cpp:73] [34m[INFO] Adding new monomer to fractal using Monte Carlo algorithm.
2018-Jul-19 11:31:28.574836 info[fractal.cpp:121] [34m[INFO] Out of range best_monomer = 60.000000
2018-Jul-19 11:31:28.575818 fatal[fractal.cpp:155] [31m[FATAL] Best monomer did not satisfy epsilon.
  best_diff / _a = 0.742170
  epsilon = 0.050000
2018-Jul-19 11:31:28.575832 info[fractal.cpp:73] [34m[INFO] Adding new monomer to fractal using Monte Carlo algorithm.
2018-Jul-19 11:31:28.575842 info[fractal.cpp:121] [34m[INFO] Out of range best_monomer = 60.000000
2018-Jul-19 11:31:28.576812 fatal[fractal.cpp:155] [31m[FATAL] Best monomer did not satisfy epsilon.
  best_diff / _a = 0.742152
  epsilon = 0.050000
2018-Jul-19 11:31:28.576826 info[fractal.cpp:73] [34m[INFO] Adding new monomer to fractal using Monte Carlo algorithm.
2018-Jul-19 11:31:28.576836 info[fractal.cpp:121] [34m[INFO] Out of range best_monomer = 60.000000
2018-Jul-19 11:31:28.577846 fatal[fractal.cpp:155] [31m[FATAL] Best monomer did not satisfy epsilon.
  best_diff / _a = 0.742161
  epsilon = 0.050000
2018-Jul-19 11:31:28.577860 info[fractal.cpp:73] [34m[INFO] Adding new monomer to fractal using Monte Carlo algorithm.
2018-Jul-19 11:31:28.577871 info[fractal.cpp:121] [34m[INFO] Out of range best_monomer = 60.000000
2018-Jul-19 11:31:28.578859 fatal[fractal.cpp:155] [31m[FATAL] Best monomer did not satisfy epsilon.
  best_diff / _a = 0.742189
  epsilon = 0.050000
2018-Jul-19 11:31:28.578877 info[fractal.cpp:73] [34m[INFO] Adding new monomer to fractal using Monte Carlo algorithm.
2018-Jul-19 11:31:28.578888 info[fractal.cpp:121] [34m[INFO] Out of range best_monomer = 60.000000
2018-Jul-19 11:31:28.579884 fatal[fractal.cpp:155] [31m[FATAL] Best monomer did not satisfy epsilon.
  best_diff / _a = 0.742234
  epsilon = 0.050000
2018-Jul-19 11:31:28.579907 info[fractal.cpp:73] [34m[INFO] Adding new monomer to fractal using Monte Carlo algorithm.
2018-Jul-19 11:31:28.579918 info[fractal.cpp:121] [34m[INFO] Out of range best_monomer = 60.000000
2018-Jul-19 11:31:28.580935 fatal[fractal.cpp:155] [31m[FATAL] Best monomer did not satisfy epsilon.
  best_diff / _a = 0.742338
  epsilon = 0.050000
2018-Jul-19 11:31:28.580962 info[fractal.cpp:73] [34m[INFO] Adding new monomer to fractal using Monte Carlo algorithm.
2018-Jul-19 11:31:28.580973 info[fractal.cpp:121] [34m[INFO] Out of range best_monomer = 60.000000
2018-Jul-19 11:31:28.581980 fatal[fractal.cpp:155] [31m[FATAL] Best monomer did not satisfy epsilon.
  best_diff / _a = 0.742179
  epsilon = 0.050000
2018-Jul-19 11:31:28.582002 info[fractal.cpp:73] [34m[INFO] Adding new monomer to fractal using Monte Carlo algorithm.
2018-Jul-19 11:31:28.582013 info[fractal.cpp:121] [34m[INFO] Out of range best_monomer = 60.000000
