2018-Jul-19 11:31:25.233974 fatal[fractal.cpp:155] [31m[FATAL] Best monomer did not satisfy epsilon.
  best_diff / _a = 0.742148
  epsilon = 0.050000
2018-Jul-19 11:31:25.234068 info[fractal.cpp:73] [34m[INFO] Adding new monomer to fractal using Monte Carlo algorithm.
2018-Jul-19 11:31:25.234085 info[fractal.cpp:121] [34m[INFO] Out of range best_monomer = 60.000000
2018-Jul-19 11:31:25.235088 fatal[fractal.cpp:155] [31m[FATAL] Best monomer did not satisfy epsilon.
  best_diff / _a = 0.742205
  epsilon = 0.050000
2018-Jul-19 11:31:25.235115 info[fractal.cpp:73] [34m[INFO] Adding new monomer to fractal using Monte Carlo algorithm.
2018-Jul-19 11:31:25.235128 info[fractal.cpp:121] [34m[INFO] Out of range best_monomer = 60.000000
2018-Jul-19 11:31:25.236173 fatal[fractal.cpp:155] [31m[FATAL] Best monomer did not satisfy epsilon.
  best_diff / _a = 0.742162
  epsilon = 0.050000
2018-Jul-19 11:31:25.236236 info[fractal.cpp:73] [34m[INFO] Adding new monomer to fractal using Monte Carlo algorithm.
2018-Jul-19 11:31:25.236249 info[fractal.cpp:121] [34m[INFO] Out of range best_monomer = 60.000000
2018-Jul-19 11:31:25.237266 fatal[fractal.cpp:155] [31m[FATAL] Best monomer did not satisfy epsilon.
  best_diff / _a = 0.742175
  epsilon = 0.050000
2018-Jul-19 11:31:25.237298 info[fractal.cpp:73] [34m[INFO] Adding new monomer to fractal using Monte Carlo algorithm.
2018-Jul-19 11:31:25.237313 info[fractal.cpp:121] [34m[INFO] Out of range best_monomer = 60.000000
2018-Jul-19 11:31:25.238325 fatal[fractal.cpp:155] [31m[FATAL] Best monomer did not satisfy epsilon.
  best_diff / _a = 0.742245
  epsilon = 0.050000
2018-Jul-19 11:31:25.238366 info[fractal.cpp:73] [34m[INFO] Adding new monomer to fractal using Monte Carlo algorithm.
2018-Jul-19 11:31:25.238379 info[fractal.cpp:121] [34m[INFO] Out of range best_monomer = 60.000000
2018-Jul-19 11:31:25.239378 fatal[fractal.cpp:155] [31m[FATAL] Best monomer did not satisfy epsilon.
  best_diff / _a = 0.742173
  epsilon = 0.050000
2018-Jul-19 11:31:25.239414 info[fractal.cpp:73] [34m[INFO] Adding new monomer to fractal using Monte Carlo algorithm.
2018-Jul-19 11:31:25.239428 info[fractal.cpp:121] [34m[INFO] Out of range best_monomer = 60.000000
2018-Jul-19 11:31:25.240434 fatal[fractal.cpp:155] [31m[FATAL] Best monomer did not satisfy epsilon.
  best_diff / _a = 0.742159
  epsilon = 0.050000
2018-Jul-19 11:31:25.240457 info[fractal.cpp:73] [34m[INFO] Adding new monomer to fractal using Monte Carlo algorithm.
2018-Jul-19 11:31:25.240468 info[fractal.cpp:121] [34m[INFO] Out of range best_monomer = 60.000000
2018-Jul-19 11:31:25.241476 fatal[fractal.cpp:155] [31m[FATAL] Best monomer did not satisfy epsilon.
  best_diff / _a = 0.742176
  epsilon = 0.050000
2018-Jul-19 11:31:25.241509 info[fractal.cpp:73] [34m[INFO] Adding new monomer to fractal using Monte Carlo algorithm.
2018-Jul-19 11:31:25.241522 info[fractal.cpp:121] [34m[INFO] Out of range best_monomer = 60.000000
2018-Jul-19 11:31:25.242529 fatal[fractal.cpp:155] [31m[FATAL] Best monomer did not satisfy epsilon.
  best_diff / _a = 0.742256
  epsilon = 0.050000
2018-Jul-19 11:31:25.242564 info[fractal.cpp:73] [34m[INFO] Adding new monomer to fractal using Monte Carlo algorithm.
2018-Jul-19 11:31:25.242575 info[fractal.cpp:121] [34m[INFO] Out of range best_monomer = 60.000000
2018-Jul-19 11:31:25.243572 fatal[fractal.cpp:155] [31m[FATAL] Best monomer did not satisfy epsilon.
  best_diff / _a = 0.742185
  epsilon = 0.050000
2018-Jul-19 11:31:25.243591 info[fractal.cpp:73] [34m[INFO] Adding new monomer to fractal using Monte Carlo algorithm.
2018-Jul-19 11:31:25.243601 info[fractal.cpp:121] [34m[INFO] Out of range best_monomer = 60.000000
2018-Jul-19 11:31:25.244575 fatal[fractal.cpp:155] [31m[FATAL] Best monomer did not satisfy epsilon.
  best_diff / _a = 0.742266
  epsilon = 0.050000
2018-Jul-19 11:31:25.244590 info[fractal.cpp:73] [34m[INFO] Adding new monomer to fractal using Monte Carlo algorithm.
2018-Jul-19 11:31:25.244600 info[fractal.cpp:121] [34m[INFO] Out of range best_monomer = 60.000000
2018-Jul-19 11:31:25.245592 fatal[fractal.cpp:155] [31m[FATAL] Best monomer did not satisfy epsilon.
  best_diff / _a = 0.742188
  epsilon = 0.050000
2018-Jul-19 11:31:25.245613 info[fractal.cpp:73] [34m[INFO] Adding new monomer to fractal using Monte Carlo algorithm.
2018-Jul-19 11:31:25.245623 info[fractal.cpp:121] [34m[INFO] Out of range best_monomer = 60.000000
2018-Jul-19 11:31:25.246611 fatal[fractal.cpp:155] [31m[FATAL] Best monomer did not satisfy epsilon.
  best_diff / _a = 0.742189
  epsilon = 0.050000
2018-Jul-19 11:31:25.246626 info[fractal.cpp:73] [34m[INFO] Adding new monomer to fractal using Monte Carlo algorithm.
2018-Jul-19 11:31:25.246637 info[fractal.cpp:121] [34m[INFO] Out of range best_monomer = 60.000000
2018-Jul-19 11:31:25.247621 fatal[fractal.cpp:155] [31m[FATAL] Best monomer did not satisfy epsilon.
  best_diff / _a = 0.742172
  epsilon = 0.050000
2018-Jul-19 11:31:25.247635 info[fractal.cpp:73] [34m[INFO] Adding new monomer to fractal using Monte Carlo algorithm.
2018-Jul-19 11:31:25.247645 info[fractal.cpp:121] [34m[INFO] Out of range best_monomer = 60.000000
2018-Jul-19 11:31:25.248624 fatal[fractal.cpp:155] [31m[FATAL] Best monomer did not satisfy epsilon.
  best_diff / _a = 0.742156
  epsilon = 0.050000
2018-Jul-19 11:31:25.248639 info[fractal.cpp:73] [34m[INFO] Adding new monomer to fractal using Monte Carlo algorithm.
2018-Jul-19 11:31:25.248649 info[fractal.cpp:121] [34m[INFO] Out of range best_monomer = 60.000000
2018-Jul-19 11:31:25.249703 fatal[fractal.cpp:155] [31m[FATAL] Best monomer did not satisfy epsilon.
  best_diff / _a = 0.742150
  epsilon = 0.050000
2018-Jul-19 11:31:25.249787 info[fractal.cpp:73] [34m[INFO] Adding new monomer to fractal using Monte Carlo algorithm.
2018-Jul-19 11:31:25.249800 info[fractal.cpp:121] [34m[INFO] Out of range best_monomer = 60.000000
2018-Jul-19 11:31:25.250818 fatal[fractal.cpp:155] [31m[FATAL] Best monomer did not satisfy epsilon.
  best_diff / _a = 0.742206
  epsilon = 0.050000
2018-Jul-19 11:31:25.250841 info[fractal.cpp:73] [34m[INFO] Adding new monomer to fractal using Monte Carlo algorithm.
2018-Jul-19 11:31:25.250852 info[fractal.cpp:121] [34m[INFO] Out of range best_monomer = 60.000000
2018-Jul-19 11:31:25.251873 fatal[fractal.cpp:155] [31m[FATAL] Best monomer did not satisfy epsilon.
  best_diff / _a = 0.742195
  epsilon = 0.050000
2018-Jul-19 11:31:25.251895 info[fractal.cpp:73] [34m[INFO] Adding new monomer to fractal using Monte Carlo algorithm.
2018-Jul-19 11:31:25.251906 info[fractal.cpp:121] [34m[INFO] Out of range best_monomer = 60.000000
2018-Jul-19 11:31:25.252916 fatal[fractal.cpp:155] [31m[FATAL] Best monomer did not satisfy epsilon.
  best_diff / _a = 0.742248
  epsilon = 0.050000
2018-Jul-19 11:31:25.252948 info[fractal.cpp:73] [34m[INFO] Adding new monomer to fractal using Monte Carlo algorithm.
2018-Jul-19 11:31:25.252961 info[fractal.cpp:121] [34m[INFO] Out of range best_monomer = 60.000000
2018-Jul-19 11:31:25.253987 fatal[fractal.cpp:155] [31m[FATAL] Best monomer did not satisfy epsilon.
  best_diff / _a = 0.742166
  epsilon = 0.050000
2018-Jul-19 11:31:25.254019 info[fractal.cpp:73] [34m[INFO] Adding new monomer to fractal using Monte Carlo algorithm.
2018-Jul-19 11:31:25.254029 info[fractal.cpp:121] [34m[INFO] Out of range best_monomer = 60.000000
2018-Jul-19 11:31:25.255073 fatal[fractal.cpp:155] [31m[FATAL] Best monomer did not satisfy epsilon.
  best_diff / _a = 0.742172
  epsilon = 0.050000
2018-Jul-19 11:31:25.255113 info[fractal.cpp:73] [34m[INFO] Adding new monomer to fractal using Monte Carlo algorithm.
2018-Jul-19 11:31:25.255124 info[fractal.cpp:121] [34m[INFO] Out of range best_monomer = 60.000000
2018-Jul-19 11:31:25.256145 fatal[fractal.cpp:155] [31m[FATAL] Best monomer did not satisfy epsilon.
  best_diff / _a = 0.742206
  epsilon = 0.050000
2018-Jul-19 11:31:25.256174 info[fractal.cpp:73] [34m[INFO] Adding new monomer to fractal using Monte Carlo algorithm.
2018-Jul-19 11:31:25.256185 info[fractal.cpp:121] [34m[INFO] Out of range best_monomer = 60.000000
2018-Jul-19 11:31:25.257210 fatal[fractal.cpp:155] [31m[FATAL] Best monomer did not satisfy epsilon.
  best_diff / _a = 0.742259
  epsilon = 0.050000
2018-Jul-19 11:31:25.257250 info[fractal.cpp:73] [34m[INFO] Adding new monomer to fractal using Monte Carlo algorithm.
2018-Jul-19 11:31:25.257267 info[fractal.cpp:121] [34m[INFO] Out of range best_monomer = 60.000000
2018-Jul-19 11:31:25.258267 fatal[fractal.cpp:155] [31m[FATAL] Best monomer did not satisfy epsilon.
  best_diff / _a = 0.742187
  epsilon = 0.050000
2018-Jul-19 11:31:25.258289 info[fractal.cpp:73] [34m[INFO] Adding new monomer to fractal using Monte Carlo algorithm.
2018-Jul-19 11:31:25.258300 info[fractal.cpp:121] [34m[INFO] Out of range best_monomer = 60.000000
2018-Jul-19 11:31:25.259301 fatal[fractal.cpp:155] [31m[FATAL] Best monomer did not satisfy epsilon.
  best_diff / _a = 0.742161
  epsilon = 0.050000
2018-Jul-19 11:31:25.259319 info[fractal.cpp:73] [34m[INFO] Adding new monomer to fractal using Monte Carlo algorithm.
2018-Jul-19 11:31:25.259329 info[fractal.cpp:121] [34m[INFO] Out of range best_monomer = 60.000000
2018-Jul-19 11:31:25.260358 fatal[fractal.cpp:155] [31m[FATAL] Best monomer did not satisfy epsilon.
  best_diff / _a = 0.742168
  epsilon = 0.050000
2018-Jul-19 11:31:25.260395 info[fractal.cpp:73] [34m[INFO] Adding new monomer to fractal using Monte Carlo algorithm.
2018-Jul-19 11:31:25.260407 info[fractal.cpp:121] [34m[INFO] Out of range best_monomer = 60.000000
2018-Jul-19 11:31:25.261433 fatal[fractal.cpp:155] [31m[FATAL] Best monomer did not satisfy epsilon.
  best_diff / _a = 0.742150
  epsilon = 0.050000
2018-Jul-19 11:31:25.261458 info[fractal.cpp:73] [34m[INFO] Adding new monomer to fractal using Monte Carlo algorithm.
2018-Jul-19 11:31:25.261468 info[fractal.cpp:121] [34m[INFO] Out of range best_monomer = 60.000000
2018-Jul-19 11:31:25.262453 fatal[fractal.cpp:155] [31m[FATAL] Best monomer did not satisfy epsilon.
  best_diff / _a = 0.742164
  epsilon = 0.050000
2018-Jul-19 11:31:25.262469 info[fractal.cpp:73] [34m[INFO] Adding new monomer to fractal using Monte Carlo algorithm.
2018-Jul-19 11:31:25.262479 info[fractal.cpp:121] [34m[INFO] Out of range best_monomer = 60.000000
2018-Jul-19 11:31:25.263467 fatal[fractal.cpp:155] [31m[FATAL] Best monomer did not satisfy epsilon.
  best_diff / _a = 0.742157
  epsilon = 0.050000
2018-Jul-19 11:31:25.263482 info[fractal.cpp:73] [34m[INFO] Adding new monomer to fractal using Monte Carlo algorithm.
2018-Jul-19 11:31:25.263491 info[fractal.cpp:121] [34m[INFO] Out of range best_monomer = 60.000000
2018-Jul-19 11:31:25.264488 fatal[fractal.cpp:155] [31m[FATAL] Best monomer did not satisfy epsilon.
  best_diff / _a = 0.742192
  epsilon = 0.050000
2018-Jul-19 11:31:25.264502 info[fractal.cpp:73] [34m[INFO] Adding new monomer to fractal using Monte Carlo algorithm.
2018-Jul-19 11:31:25.264512 info[fractal.cpp:121] [34m[INFO] Out of range best_monomer = 60.000000
2018-Jul-19 11:31:25.265534 fatal[fractal.cpp:155] [31m[FATAL] Best monomer did not satisfy epsilon.
  best_diff / _a = 0.742245
  epsilon = 0.050000
2018-Jul-19 11:31:25.265563 info[fractal.cpp:73] [34m[INFO] Adding new monomer to fractal using Monte Carlo algorithm.
2018-Jul-19 11:31:25.265576 info[fractal.cpp:121] [34m[INFO] Out of range best_monomer = 60.000000
2018-Jul-19 11:31:25.266672 fatal[fractal.cpp:155] [31m[FATAL] Best monomer did not satisfy epsilon.
  best_diff / _a = 0.742179
  epsilon = 0.050000
2018-Jul-19 11:31:25.266722 info[fractal.cpp:73] [34m[INFO] Adding new monomer to fractal using Monte Carlo algorithm.
2018-Jul-19 11:31:25.266732 info[fractal.cpp:121] [34m[INFO] Out of range best_monomer = 60.000000
2018-Jul-19 11:31:25.267734 fatal[fractal.cpp:155] [31m[FATAL] Best monomer did not satisfy epsilon.
  best_diff / _a = 0.742148
  epsilon = 0.050000
2018-Jul-19 11:31:25.267754 info[fractal.cpp:73] [34m[INFO] Adding new monomer to fractal using Monte Carlo algorithm.
2018-Jul-19 11:31:25.267764 info[fractal.cpp:121] [34m[INFO] Out of range best_monomer = 60.000000
2018-Jul-19 11:31:25.268798 fatal[fractal.cpp:155] [31m[FATAL] Best monomer did not satisfy epsilon.
  best_diff / _a = 0.742151
  epsilon = 0.050000
2018-Jul-19 11:31:25.268840 info[fractal.cpp:73] [34m[INFO] Adding new monomer to fractal using Monte Carlo algorithm.
2018-Jul-19 11:31:25.268851 info[fractal.cpp:121] [34m[INFO] Out of range best_monomer = 60.000000
2018-Jul-19 11:31:25.269896 fatal[fractal.cpp:155] [31m[FATAL] Best monomer did not satisfy epsilon.
  best_diff / _a = 0.742173
  epsilon = 0.050000
2018-Jul-19 11:31:25.269937 info[fractal.cpp:73] [34m[INFO] Adding new monomer to fractal using Monte Carlo algorithm.
2018-Jul-19 11:31:25.269951 info[fractal.cpp:121] [34m[INFO] Out of range best_monomer = 60.000000
2018-Jul-19 11:31:25.270988 fatal[fractal.cpp:155] [31m[FATAL] Best monomer did not satisfy epsilon.
  best_diff / _a = 0.742163
  epsilon = 0.050000
2018-Jul-19 11:31:25.271019 info[fractal.cpp:73] [34m[INFO] Adding new monomer to fractal using Monte Carlo algorithm.
2018-Jul-19 11:31:25.271031 info[fractal.cpp:121] [34m[INFO] Out of range best_monomer = 60.000000
2018-Jul-19 11:31:25.272040 fatal[fractal.cpp:155] [31m[FATAL] Best monomer did not satisfy epsilon.
  best_diff / _a = 0.742156
  epsilon = 0.050000
2018-Jul-19 11:31:25.272076 info[fractal.cpp:73] [34m[INFO] Adding new monomer to fractal using Monte Carlo algorithm.
2018-Jul-19 11:31:25.272089 info[fractal.cpp:121] [34m[INFO] Out of range best_monomer = 60.000000
2018-Jul-19 11:31:25.273115 fatal[fractal.cpp:155] [31m[FATAL] Best monomer did not satisfy epsilon.
  best_diff / _a = 0.742192
  epsilon = 0.050000
2018-Jul-19 11:31:25.273149 info[fractal.cpp:73] [34m[INFO] Adding new monomer to fractal using Monte Carlo algorithm.
2018-Jul-19 11:31:25.273160 info[fractal.cpp:121] [34m[INFO] Out of range best_monomer = 60.000000
2018-Jul-19 11:31:25.274173 fatal[fractal.cpp:155] [31m[FATAL] Best monomer did not satisfy epsilon.
  best_diff / _a = 0.742172
  epsilon = 0.050000
2018-Jul-19 11:31:25.274201 info[fractal.cpp:73] [34m[INFO] Adding new monomer to fractal using Monte Carlo algorithm.
2018-Jul-19 11:31:25.274211 info[fractal.cpp:121] [34m[INFO] Out of range best_monomer = 60.000000
2018-Jul-19 11:31:25.275236 fatal[fractal.cpp:155] [31m[FATAL] Best monomer did not satisfy epsilon.
  best_diff / _a = 0.742177
  epsilon = 0.050000
2018-Jul-19 11:31:25.275272 info[fractal.cpp:73] [34m[INFO] Adding new monomer to fractal using Monte Carlo algorithm.
2018-Jul-19 11:31:25.275284 info[fractal.cpp:121] [34m[INFO] Out of range best_monomer = 60.000000
2018-Jul-19 11:31:25.276291 fatal[fractal.cpp:155] [31m[FATAL] Best monomer did not satisfy epsilon.
  best_diff / _a = 0.742156
  epsilon = 0.050000
2018-Jul-19 11:31:25.276312 info[fractal.cpp:73] [34m[INFO] Adding new monomer to fractal using Monte Carlo algorithm.
2018-Jul-19 11:31:25.276322 info[fractal.cpp:121] [34m[INFO] Out of range best_monomer = 60.000000
2018-Jul-19 11:31:25.277316 fatal[fractal.cpp:155] [31m[FATAL] Best monomer did not satisfy epsilon.
  best_diff / _a = 0.742155
  epsilon = 0.050000
2018-Jul-19 11:31:25.277331 info[fractal.cpp:73] [34m[INFO] Adding new monomer to fractal using Monte Carlo algorithm.
2018-Jul-19 11:31:25.277342 info[fractal.cpp:121] [34m[INFO] Out of range best_monomer = 60.000000
2018-Jul-19 11:31:25.278355 fatal[fractal.cpp:155] [31m[FATAL] Best monomer did not satisfy epsilon.
  best_diff / _a = 0.742148
  epsilon = 0.050000
2018-Jul-19 11:31:25.278379 info[fractal.cpp:73] [34m[INFO] Adding new monomer to fractal using Monte Carlo algorithm.
2018-Jul-19 11:31:25.278390 info[fractal.cpp:121] [34m[INFO] Out of range best_monomer = 60.000000
2018-Jul-19 11:31:25.279376 fatal[fractal.cpp:155] [31m[FATAL] Best monomer did not satisfy epsilon.
  best_diff / _a = 0.742174
  epsilon = 0.050000
2018-Jul-19 11:31:25.279391 info[fractal.cpp:73] [34m[INFO] Adding new monomer to fractal using Monte Carlo algorithm.
2018-Jul-19 11:31:25.279401 info[fractal.cpp:121] [34m[INFO] Out of range best_monomer = 60.000000
