2018-Jul-19 11:31:26.303827 fatal[fractal.cpp:155] [31m[FATAL] Best monomer did not satisfy epsilon.
  best_diff / _a = 0.742148
  epsilon = 0.050000
2018-Jul-19 11:31:26.303906 info[fractal.cpp:73] [34m[INFO] Adding new monomer to fractal using Monte Carlo algorithm.
2018-Jul-19 11:31:26.303923 info[fractal.cpp:121] [34m[INFO] Out of range best_monomer = 60.000000
2018-Jul-19 11:31:26.304925 fatal[fractal.cpp:155] [31m[FATAL] Best monomer did not satisfy epsilon.
  best_diff / _a = 0.742298
  epsilon = 0.050000
2018-Jul-19 11:31:26.304947 info[fractal.cpp:73] [34m[INFO] Adding new monomer to fractal using Monte Carlo algorithm.
2018-Jul-19 11:31:26.304957 info[fractal.cpp:121] [34m[INFO] Out of range best_monomer = 60.000000
2018-Jul-19 11:31:26.305977 fatal[fractal.cpp:155] [31m[FATAL] Best monomer did not satisfy epsilon.
  best_diff / _a = 0.742161
  epsilon = 0.050000
2018-Jul-19 11:31:26.306009 info[fractal.cpp:73] [34m[INFO] Adding new monomer to fractal using Monte Carlo algorithm.
2018-Jul-19 11:31:26.306021 info[fractal.cpp:121] [34m[INFO] Out of range best_monomer = 60.000000
2018-Jul-19 11:31:26.307062 fatal[fractal.cpp:155] [31m[FATAL] Best monomer did not satisfy epsilon.
  best_diff / _a = 0.742160
  epsilon = 0.050000
2018-Jul-19 11:31:26.307101 info[fractal.cpp:73] [34m[INFO] Adding new monomer to fractal using Monte Carlo algorithm.
2018-Jul-19 11:31:26.307112 info[fractal.cpp:121] [34m[INFO] Out of range best_monomer = 60.000000
2018-Jul-19 11:31:26.308128 fatal[fractal.cpp:155] [31m[FATAL] Best monomer did not satisfy epsilon.
  best_diff / _a = 0.742158
  epsilon = 0.050000
2018-Jul-19 11:31:26.308159 info[fractal.cpp:73] [34m[INFO] Adding new monomer to fractal using Monte Carlo algorithm.
2018-Jul-19 11:31:26.308171 info[fractal.cpp:121] [34m[INFO] Out of range best_monomer = 60.000000
2018-Jul-19 11:31:26.309199 fatal[fractal.cpp:155] [31m[FATAL] Best monomer did not satisfy epsilon.
  best_diff / _a = 0.742152
  epsilon = 0.050000
2018-Jul-19 11:31:26.309239 info[fractal.cpp:73] [34m[INFO] Adding new monomer to fractal using Monte Carlo algorithm.
2018-Jul-19 11:31:26.309251 info[fractal.cpp:121] [34m[INFO] Out of range best_monomer = 60.000000
2018-Jul-19 11:31:26.310259 fatal[fractal.cpp:155] [31m[FATAL] Best monomer did not satisfy epsilon.
  best_diff / _a = 0.742193
  epsilon = 0.050000
2018-Jul-19 11:31:26.310280 info[fractal.cpp:73] [34m[INFO] Adding new monomer to fractal using Monte Carlo algorithm.
2018-Jul-19 11:31:26.310291 info[fractal.cpp:121] [34m[INFO] Out of range best_monomer = 60.000000
2018-Jul-19 11:31:26.311305 fatal[fractal.cpp:155] [31m[FATAL] Best monomer did not satisfy epsilon.
  best_diff / _a = 0.742196
  epsilon = 0.050000
2018-Jul-19 11:31:26.311320 info[fractal.cpp:73] [34m[INFO] Adding new monomer to fractal using Monte Carlo algorithm.
2018-Jul-19 11:31:26.311330 info[fractal.cpp:121] [34m[INFO] Out of range best_monomer = 60.000000
2018-Jul-19 11:31:26.312322 fatal[fractal.cpp:155] [31m[FATAL] Best monomer did not satisfy epsilon.
  best_diff / _a = 0.742209
  epsilon = 0.050000
2018-Jul-19 11:31:26.312337 info[fractal.cpp:73] [34m[INFO] Adding new monomer to fractal using Monte Carlo algorithm.
2018-Jul-19 11:31:26.312347 info[fractal.cpp:121] [34m[INFO] Out of range best_monomer = 60.000000
2018-Jul-19 11:31:26.313334 fatal[fractal.cpp:155] [31m[FATAL] Best monomer did not satisfy epsilon.
  best_diff / _a = 0.742150
  epsilon = 0.050000
2018-Jul-19 11:31:26.313348 info[fractal.cpp:73] [34m[INFO] Adding new monomer to fractal using Monte Carlo algorithm.
2018-Jul-19 11:31:26.313358 info[fractal.cpp:121] [34m[INFO] Out of range best_monomer = 60.000000
2018-Jul-19 11:31:26.314363 fatal[fractal.cpp:155] [31m[FATAL] Best monomer did not satisfy epsilon.
  best_diff / _a = 0.742213
  epsilon = 0.050000
2018-Jul-19 11:31:26.314378 info[fractal.cpp:73] [34m[INFO] Adding new monomer to fractal using Monte Carlo algorithm.
2018-Jul-19 11:31:26.314389 info[fractal.cpp:121] [34m[INFO] Out of range best_monomer = 60.000000
2018-Jul-19 11:31:26.315379 fatal[fractal.cpp:155] [31m[FATAL] Best monomer did not satisfy epsilon.
  best_diff / _a = 0.742200
  epsilon = 0.050000
2018-Jul-19 11:31:26.315403 info[fractal.cpp:73] [34m[INFO] Adding new monomer to fractal using Monte Carlo algorithm.
2018-Jul-19 11:31:26.315414 info[fractal.cpp:121] [34m[INFO] Out of range best_monomer = 60.000000
2018-Jul-19 11:31:26.316466 fatal[fractal.cpp:155] [31m[FATAL] Best monomer did not satisfy epsilon.
  best_diff / _a = 0.742153
  epsilon = 0.050000
2018-Jul-19 11:31:26.316510 info[fractal.cpp:73] [34m[INFO] Adding new monomer to fractal using Monte Carlo algorithm.
2018-Jul-19 11:31:26.316521 info[fractal.cpp:121] [34m[INFO] Out of range best_monomer = 60.000000
2018-Jul-19 11:31:26.317521 fatal[fractal.cpp:155] [31m[FATAL] Best monomer did not satisfy epsilon.
  best_diff / _a = 0.742163
  epsilon = 0.050000
2018-Jul-19 11:31:26.317540 info[fractal.cpp:73] [34m[INFO] Adding new monomer to fractal using Monte Carlo algorithm.
2018-Jul-19 11:31:26.317550 info[fractal.cpp:121] [34m[INFO] Out of range best_monomer = 60.000000
2018-Jul-19 11:31:26.318557 fatal[fractal.cpp:155] [31m[FATAL] Best monomer did not satisfy epsilon.
  best_diff / _a = 0.742153
  epsilon = 0.050000
2018-Jul-19 11:31:26.318589 info[fractal.cpp:73] [34m[INFO] Adding new monomer to fractal using Monte Carlo algorithm.
2018-Jul-19 11:31:26.318600 info[fractal.cpp:121] [34m[INFO] Out of range best_monomer = 60.000000
2018-Jul-19 11:31:26.319644 fatal[fractal.cpp:155] [31m[FATAL] Best monomer did not satisfy epsilon.
  best_diff / _a = 0.742169
  epsilon = 0.050000
2018-Jul-19 11:31:26.319695 info[fractal.cpp:73] [34m[INFO] Adding new monomer to fractal using Monte Carlo algorithm.
2018-Jul-19 11:31:26.319708 info[fractal.cpp:121] [34m[INFO] Out of range best_monomer = 60.000000
2018-Jul-19 11:31:26.320738 fatal[fractal.cpp:155] [31m[FATAL] Best monomer did not satisfy epsilon.
  best_diff / _a = 0.742173
  epsilon = 0.050000
2018-Jul-19 11:31:26.320771 info[fractal.cpp:73] [34m[INFO] Adding new monomer to fractal using Monte Carlo algorithm.
2018-Jul-19 11:31:26.320784 info[fractal.cpp:121] [34m[INFO] Out of range best_monomer = 60.000000
2018-Jul-19 11:31:26.321801 fatal[fractal.cpp:155] [31m[FATAL] Best monomer did not satisfy epsilon.
  best_diff / _a = 0.742169
  epsilon = 0.050000
2018-Jul-19 11:31:26.321839 info[fractal.cpp:73] [34m[INFO] Adding new monomer to fractal using Monte Carlo algorithm.
2018-Jul-19 11:31:26.321852 info[fractal.cpp:121] [34m[INFO] Out of range best_monomer = 60.000000
2018-Jul-19 11:31:26.322889 fatal[fractal.cpp:155] [31m[FATAL] Best monomer did not satisfy epsilon.
  best_diff / _a = 0.742328
  epsilon = 0.050000
2018-Jul-19 11:31:26.322928 info[fractal.cpp:73] [34m[INFO] Adding new monomer to fractal using Monte Carlo algorithm.
2018-Jul-19 11:31:26.322940 info[fractal.cpp:121] [34m[INFO] Out of range best_monomer = 60.000000
2018-Jul-19 11:31:26.323954 fatal[fractal.cpp:155] [31m[FATAL] Best monomer did not satisfy epsilon.
  best_diff / _a = 0.742161
  epsilon = 0.050000
2018-Jul-19 11:31:26.323977 info[fractal.cpp:73] [34m[INFO] Adding new monomer to fractal using Monte Carlo algorithm.
2018-Jul-19 11:31:26.323988 info[fractal.cpp:121] [34m[INFO] Out of range best_monomer = 60.000000
2018-Jul-19 11:31:26.325000 fatal[fractal.cpp:155] [31m[FATAL] Best monomer did not satisfy epsilon.
  best_diff / _a = 0.742149
  epsilon = 0.050000
2018-Jul-19 11:31:26.325027 info[fractal.cpp:73] [34m[INFO] Adding new monomer to fractal using Monte Carlo algorithm.
2018-Jul-19 11:31:26.325037 info[fractal.cpp:121] [34m[INFO] Out of range best_monomer = 60.000000
2018-Jul-19 11:31:26.326053 fatal[fractal.cpp:155] [31m[FATAL] Best monomer did not satisfy epsilon.
  best_diff / _a = 0.742265
  epsilon = 0.050000
2018-Jul-19 11:31:26.326090 info[fractal.cpp:73] [34m[INFO] Adding new monomer to fractal using Monte Carlo algorithm.
2018-Jul-19 11:31:26.326101 info[fractal.cpp:121] [34m[INFO] Out of range best_monomer = 60.000000
2018-Jul-19 11:31:26.327118 fatal[fractal.cpp:155] [31m[FATAL] Best monomer did not satisfy epsilon.
  best_diff / _a = 0.742166
  epsilon = 0.050000
2018-Jul-19 11:31:26.327144 info[fractal.cpp:73] [34m[INFO] Adding new monomer to fractal using Monte Carlo algorithm.
2018-Jul-19 11:31:26.327155 info[fractal.cpp:121] [34m[INFO] Out of range best_monomer = 60.000000
2018-Jul-19 11:31:26.328142 fatal[fractal.cpp:155] [31m[FATAL] Best monomer did not satisfy epsilon.
  best_diff / _a = 0.742157
  epsilon = 0.050000
2018-Jul-19 11:31:26.328156 info[fractal.cpp:73] [34m[INFO] Adding new monomer to fractal using Monte Carlo algorithm.
2018-Jul-19 11:31:26.328167 info[fractal.cpp:121] [34m[INFO] Out of range best_monomer = 60.000000
2018-Jul-19 11:31:26.329145 fatal[fractal.cpp:155] [31m[FATAL] Best monomer did not satisfy epsilon.
  best_diff / _a = 0.742281
  epsilon = 0.050000
2018-Jul-19 11:31:26.329159 info[fractal.cpp:73] [34m[INFO] Adding new monomer to fractal using Monte Carlo algorithm.
2018-Jul-19 11:31:26.329169 info[fractal.cpp:121] [34m[INFO] Out of range best_monomer = 60.000000
2018-Jul-19 11:31:26.330164 fatal[fractal.cpp:155] [31m[FATAL] Best monomer did not satisfy epsilon.
  best_diff / _a = 0.742147
  epsilon = 0.050000
2018-Jul-19 11:31:26.330181 info[fractal.cpp:73] [34m[INFO] Adding new monomer to fractal using Monte Carlo algorithm.
2018-Jul-19 11:31:26.330191 info[fractal.cpp:121] [34m[INFO] Out of range best_monomer = 60.000000
2018-Jul-19 11:31:26.331192 fatal[fractal.cpp:155] [31m[FATAL] Best monomer did not satisfy epsilon.
  best_diff / _a = 0.742171
  epsilon = 0.050000
2018-Jul-19 11:31:26.331209 info[fractal.cpp:73] [34m[INFO] Adding new monomer to fractal using Monte Carlo algorithm.
2018-Jul-19 11:31:26.331219 info[fractal.cpp:121] [34m[INFO] Out of range best_monomer = 60.000000
2018-Jul-19 11:31:26.332207 fatal[fractal.cpp:155] [31m[FATAL] Best monomer did not satisfy epsilon.
  best_diff / _a = 0.742162
  epsilon = 0.050000
2018-Jul-19 11:31:26.332237 info[fractal.cpp:73] [34m[INFO] Adding new monomer to fractal using Monte Carlo algorithm.
2018-Jul-19 11:31:26.332249 info[fractal.cpp:121] [34m[INFO] Out of range best_monomer = 60.000000
2018-Jul-19 11:31:26.333356 fatal[fractal.cpp:155] [31m[FATAL] Best monomer did not satisfy epsilon.
  best_diff / _a = 0.742202
  epsilon = 0.050000
2018-Jul-19 11:31:26.333410 info[fractal.cpp:73] [34m[INFO] Adding new monomer to fractal using Monte Carlo algorithm.
2018-Jul-19 11:31:26.333421 info[fractal.cpp:121] [34m[INFO] Out of range best_monomer = 60.000000
2018-Jul-19 11:31:26.334471 fatal[fractal.cpp:155] [31m[FATAL] Best monomer did not satisfy epsilon.
  best_diff / _a = 0.742429
  epsilon = 0.050000
2018-Jul-19 11:31:26.334518 info[fractal.cpp:73] [34m[INFO] Adding new monomer to fractal using Monte Carlo algorithm.
2018-Jul-19 11:31:26.334533 info[fractal.cpp:121] [34m[INFO] Out of range best_monomer = 60.000000
2018-Jul-19 11:31:26.335578 fatal[fractal.cpp:155] [31m[FATAL] Best monomer did not satisfy epsilon.
  best_diff / _a = 0.742203
  epsilon = 0.050000
2018-Jul-19 11:31:26.335632 info[fractal.cpp:73] [34m[INFO] Adding new monomer to fractal using Monte Carlo algorithm.
2018-Jul-19 11:31:26.335645 info[fractal.cpp:121] [34m[INFO] Out of range best_monomer = 60.000000
2018-Jul-19 11:31:26.336663 fatal[fractal.cpp:155] [31m[FATAL] Best monomer did not satisfy epsilon.
  best_diff / _a = 0.742276
  epsilon = 0.050000
2018-Jul-19 11:31:26.336688 info[fractal.cpp:73] [34m[INFO] Adding new monomer to fractal using Monte Carlo algorithm.
2018-Jul-19 11:31:26.336699 info[fractal.cpp:121] [34m[INFO] Out of range best_monomer = 60.000000
2018-Jul-19 11:31:26.337720 fatal[fractal.cpp:155] [31m[FATAL] Best monomer did not satisfy epsilon.
  best_diff / _a = 0.742162
  epsilon = 0.050000
2018-Jul-19 11:31:26.337771 info[fractal.cpp:73] [34m[INFO] Adding new monomer to fractal using Monte Carlo algorithm.
2018-Jul-19 11:31:26.337786 info[fractal.cpp:121] [34m[INFO] Out of range best_monomer = 60.000000
2018-Jul-19 11:31:26.338816 fatal[fractal.cpp:155] [31m[FATAL] Best monomer did not satisfy epsilon.
  best_diff / _a = 0.742148
  epsilon = 0.050000
2018-Jul-19 11:31:26.338874 info[fractal.cpp:73] [34m[INFO] Adding new monomer to fractal using Monte Carlo algorithm.
2018-Jul-19 11:31:26.338890 info[fractal.cpp:121] [34m[INFO] Out of range best_monomer = 60.000000
2018-Jul-19 11:31:26.339914 fatal[fractal.cpp:155] [31m[FATAL] Best monomer did not satisfy epsilon.
  best_diff / _a = 0.742152
  epsilon = 0.050000
2018-Jul-19 11:31:26.339945 info[fractal.cpp:73] [34m[INFO] Adding new monomer to fractal using Monte Carlo algorithm.
2018-Jul-19 11:31:26.339956 info[fractal.cpp:121] [34m[INFO] Out of range best_monomer = 60.000000
2018-Jul-19 11:31:26.340969 fatal[fractal.cpp:155] [31m[FATAL] Best monomer did not satisfy epsilon.
  best_diff / _a = 0.742165
  epsilon = 0.050000
2018-Jul-19 11:31:26.341004 info[fractal.cpp:73] [34m[INFO] Adding new monomer to fractal using Monte Carlo algorithm.
2018-Jul-19 11:31:26.341016 info[fractal.cpp:121] [34m[INFO] Out of range best_monomer = 60.000000
2018-Jul-19 11:31:26.342037 fatal[fractal.cpp:155] [31m[FATAL] Best monomer did not satisfy epsilon.
  best_diff / _a = 0.742157
  epsilon = 0.050000
2018-Jul-19 11:31:26.342080 info[fractal.cpp:73] [34m[INFO] Adding new monomer to fractal using Monte Carlo algorithm.
2018-Jul-19 11:31:26.342093 info[fractal.cpp:121] [34m[INFO] Out of range best_monomer = 60.000000
2018-Jul-19 11:31:26.343091 fatal[fractal.cpp:155] [31m[FATAL] Best monomer did not satisfy epsilon.
  best_diff / _a = 0.742299
  epsilon = 0.050000
2018-Jul-19 11:31:26.343113 info[fractal.cpp:73] [34m[INFO] Adding new monomer to fractal using Monte Carlo algorithm.
2018-Jul-19 11:31:26.343124 info[fractal.cpp:121] [34m[INFO] Out of range best_monomer = 60.000000
2018-Jul-19 11:31:26.344137 fatal[fractal.cpp:155] [31m[FATAL] Best monomer did not satisfy epsilon.
  best_diff / _a = 0.742180
  epsilon = 0.050000
2018-Jul-19 11:31:26.344164 info[fractal.cpp:73] [34m[INFO] Adding new monomer to fractal using Monte Carlo algorithm.
2018-Jul-19 11:31:26.344176 info[fractal.cpp:121] [34m[INFO] Out of range best_monomer = 60.000000
2018-Jul-19 11:31:26.345222 fatal[fractal.cpp:155] [31m[FATAL] Best monomer did not satisfy epsilon.
  best_diff / _a = 0.742267
  epsilon = 0.050000
2018-Jul-19 11:31:26.345264 info[fractal.cpp:73] [34m[INFO] Adding new monomer to fractal using Monte Carlo algorithm.
2018-Jul-19 11:31:26.345278 info[fractal.cpp:121] [34m[INFO] Out of range best_monomer = 60.000000
2018-Jul-19 11:31:26.346286 fatal[fractal.cpp:155] [31m[FATAL] Best monomer did not satisfy epsilon.
  best_diff / _a = 0.742202
  epsilon = 0.050000
2018-Jul-19 11:31:26.346311 info[fractal.cpp:73] [34m[INFO] Adding new monomer to fractal using Monte Carlo algorithm.
2018-Jul-19 11:31:26.346322 info[fractal.cpp:121] [34m[INFO] Out of range best_monomer = 60.000000
2018-Jul-19 11:31:26.347324 fatal[fractal.cpp:155] [31m[FATAL] Best monomer did not satisfy epsilon.
  best_diff / _a = 0.742153
  epsilon = 0.050000
2018-Jul-19 11:31:26.347338 info[fractal.cpp:73] [34m[INFO] Adding new monomer to fractal using Monte Carlo algorithm.
2018-Jul-19 11:31:26.347349 info[fractal.cpp:121] [34m[INFO] Out of range best_monomer = 60.000000
2018-Jul-19 11:31:26.348340 fatal[fractal.cpp:155] [31m[FATAL] Best monomer did not satisfy epsilon.
  best_diff / _a = 0.742202
  epsilon = 0.050000
2018-Jul-19 11:31:26.348356 info[fractal.cpp:73] [34m[INFO] Adding new monomer to fractal using Monte Carlo algorithm.
2018-Jul-19 11:31:26.348369 info[fractal.cpp:121] [34m[INFO] Out of range best_monomer = 60.000000
2018-Jul-19 11:31:26.349416 fatal[fractal.cpp:155] [31m[FATAL] Best monomer did not satisfy epsilon.
  best_diff / _a = 0.742292
  epsilon = 0.050000
2018-Jul-19 11:31:26.349470 info[fractal.cpp:73] [34m[INFO] Adding new monomer to fractal using Monte Carlo algorithm.
2018-Jul-19 11:31:26.349488 info[fractal.cpp:121] [34m[INFO] Out of range best_monomer = 60.000000
