2018-Jul-19 11:31:39.935353 fatal[fractal.cpp:155] [31m[FATAL] Best monomer did not satisfy epsilon.
  best_diff / _a = 0.742177
  epsilon = 0.050000
2018-Jul-19 11:31:39.935476 info[fractal.cpp:73] [34m[INFO] Adding new monomer to fractal using Monte Carlo algorithm.
2018-Jul-19 11:31:39.935496 info[fractal.cpp:121] [34m[INFO] Out of range best_monomer = 60.000000
2018-Jul-19 11:31:39.936518 fatal[fractal.cpp:155] [31m[FATAL] Best monomer did not satisfy epsilon.
  best_diff / _a = 0.742187
  epsilon = 0.050000
2018-Jul-19 11:31:39.936552 info[fractal.cpp:73] [34m[INFO] Adding new monomer to fractal using Monte Carlo algorithm.
2018-Jul-19 11:31:39.936564 info[fractal.cpp:121] [34m[INFO] Out of range best_monomer = 60.000000
2018-Jul-19 11:31:39.937596 fatal[fractal.cpp:155] [31m[FATAL] Best monomer did not satisfy epsilon.
  best_diff / _a = 0.742166
  epsilon = 0.050000
2018-Jul-19 11:31:39.937629 info[fractal.cpp:73] [34m[INFO] Adding new monomer to fractal using Monte Carlo algorithm.
2018-Jul-19 11:31:39.937641 info[fractal.cpp:121] [34m[INFO] Out of range best_monomer = 60.000000
2018-Jul-19 11:31:39.938654 fatal[fractal.cpp:155] [31m[FATAL] Best monomer did not satisfy epsilon.
  best_diff / _a = 0.742170
  epsilon = 0.050000
2018-Jul-19 11:31:39.938676 info[fractal.cpp:73] [34m[INFO] Adding new monomer to fractal using Monte Carlo algorithm.
2018-Jul-19 11:31:39.938687 info[fractal.cpp:121] [34m[INFO] Out of range best_monomer = 60.000000
2018-Jul-19 11:31:39.939692 fatal[fractal.cpp:155] [31m[FATAL] Best monomer did not satisfy epsilon.
  best_diff / _a = 0.742176
  epsilon = 0.050000
2018-Jul-19 11:31:39.939710 info[fractal.cpp:73] [34m[INFO] Adding new monomer to fractal using Monte Carlo algorithm.
2018-Jul-19 11:31:39.939721 info[fractal.cpp:121] [34m[INFO] Out of range best_monomer = 60.000000
2018-Jul-19 11:31:39.940723 fatal[fractal.cpp:155] [31m[FATAL] Best monomer did not satisfy epsilon.
  best_diff / _a = 0.742158
  epsilon = 0.050000
2018-Jul-19 11:31:39.940758 info[fractal.cpp:73] [34m[INFO] Adding new monomer to fractal using Monte Carlo algorithm.
2018-Jul-19 11:31:39.940771 info[fractal.cpp:121] [34m[INFO] Out of range best_monomer = 60.000000
2018-Jul-19 11:31:39.941784 fatal[fractal.cpp:155] [31m[FATAL] Best monomer did not satisfy epsilon.
  best_diff / _a = 0.742188
  epsilon = 0.050000
2018-Jul-19 11:31:39.941817 info[fractal.cpp:73] [34m[INFO] Adding new monomer to fractal using Monte Carlo algorithm.
2018-Jul-19 11:31:39.941828 info[fractal.cpp:121] [34m[INFO] Out of range best_monomer = 60.000000
2018-Jul-19 11:31:39.942841 fatal[fractal.cpp:155] [31m[FATAL] Best monomer did not satisfy epsilon.
  best_diff / _a = 0.742212
  epsilon = 0.050000
2018-Jul-19 11:31:39.942870 info[fractal.cpp:73] [34m[INFO] Adding new monomer to fractal using Monte Carlo algorithm.
2018-Jul-19 11:31:39.942881 info[fractal.cpp:121] [34m[INFO] Out of range best_monomer = 60.000000
2018-Jul-19 11:31:39.943924 fatal[fractal.cpp:155] [31m[FATAL] Best monomer did not satisfy epsilon.
  best_diff / _a = 0.742149
  epsilon = 0.050000
2018-Jul-19 11:31:39.943973 info[fractal.cpp:73] [34m[INFO] Adding new monomer to fractal using Monte Carlo algorithm.
2018-Jul-19 11:31:39.943985 info[fractal.cpp:121] [34m[INFO] Out of range best_monomer = 60.000000
2018-Jul-19 11:31:39.944990 fatal[fractal.cpp:155] [31m[FATAL] Best monomer did not satisfy epsilon.
  best_diff / _a = 0.742199
  epsilon = 0.050000
2018-Jul-19 11:31:39.945010 info[fractal.cpp:73] [34m[INFO] Adding new monomer to fractal using Monte Carlo algorithm.
2018-Jul-19 11:31:39.945020 info[fractal.cpp:121] [34m[INFO] Out of range best_monomer = 60.000000
2018-Jul-19 11:31:39.946010 fatal[fractal.cpp:155] [31m[FATAL] Best monomer did not satisfy epsilon.
  best_diff / _a = 0.742178
  epsilon = 0.050000
2018-Jul-19 11:31:39.946026 info[fractal.cpp:73] [34m[INFO] Adding new monomer to fractal using Monte Carlo algorithm.
2018-Jul-19 11:31:39.946037 info[fractal.cpp:121] [34m[INFO] Out of range best_monomer = 60.000000
2018-Jul-19 11:31:39.947036 fatal[fractal.cpp:155] [31m[FATAL] Best monomer did not satisfy epsilon.
  best_diff / _a = 0.742192
  epsilon = 0.050000
2018-Jul-19 11:31:39.947056 info[fractal.cpp:73] [34m[INFO] Adding new monomer to fractal using Monte Carlo algorithm.
2018-Jul-19 11:31:39.947068 info[fractal.cpp:121] [34m[INFO] Out of range best_monomer = 60.000000
2018-Jul-19 11:31:39.948048 fatal[fractal.cpp:155] [31m[FATAL] Best monomer did not satisfy epsilon.
  best_diff / _a = 0.742179
  epsilon = 0.050000
2018-Jul-19 11:31:39.948064 info[fractal.cpp:73] [34m[INFO] Adding new monomer to fractal using Monte Carlo algorithm.
2018-Jul-19 11:31:39.948074 info[fractal.cpp:121] [34m[INFO] Out of range best_monomer = 60.000000
2018-Jul-19 11:31:39.949065 fatal[fractal.cpp:155] [31m[FATAL] Best monomer did not satisfy epsilon.
  best_diff / _a = 0.742183
  epsilon = 0.050000
2018-Jul-19 11:31:39.949093 info[fractal.cpp:73] [34m[INFO] Adding new monomer to fractal using Monte Carlo algorithm.
2018-Jul-19 11:31:39.949105 info[fractal.cpp:121] [34m[INFO] Out of range best_monomer = 60.000000
2018-Jul-19 11:31:39.950196 fatal[fractal.cpp:155] [31m[FATAL] Best monomer did not satisfy epsilon.
  best_diff / _a = 0.742190
  epsilon = 0.050000
2018-Jul-19 11:31:39.950246 info[fractal.cpp:73] [34m[INFO] Adding new monomer to fractal using Monte Carlo algorithm.
2018-Jul-19 11:31:39.950259 info[fractal.cpp:121] [34m[INFO] Out of range best_monomer = 60.000000
2018-Jul-19 11:31:39.951259 fatal[fractal.cpp:155] [31m[FATAL] Best monomer did not satisfy epsilon.
  best_diff / _a = 0.742199
  epsilon = 0.050000
2018-Jul-19 11:31:39.951281 info[fractal.cpp:73] [34m[INFO] Adding new monomer to fractal using Monte Carlo algorithm.
2018-Jul-19 11:31:39.951291 info[fractal.cpp:121] [34m[INFO] Out of range best_monomer = 60.000000
2018-Jul-19 11:31:39.952322 fatal[fractal.cpp:155] [31m[FATAL] Best monomer did not satisfy epsilon.
  best_diff / _a = 0.742228
  epsilon = 0.050000
2018-Jul-19 11:31:39.952364 info[fractal.cpp:73] [34m[INFO] Adding new monomer to fractal using Monte Carlo algorithm.
2018-Jul-19 11:31:39.952377 info[fractal.cpp:121] [34m[INFO] Out of range best_monomer = 60.000000
2018-Jul-19 11:31:39.953393 fatal[fractal.cpp:155] [31m[FATAL] Best monomer did not satisfy epsilon.
  best_diff / _a = 0.742153
  epsilon = 0.050000
2018-Jul-19 11:31:39.953441 info[fractal.cpp:73] [34m[INFO] Adding new monomer to fractal using Monte Carlo algorithm.
2018-Jul-19 11:31:39.953453 info[fractal.cpp:121] [34m[INFO] Out of range best_monomer = 60.000000
2018-Jul-19 11:31:39.954476 fatal[fractal.cpp:155] [31m[FATAL] Best monomer did not satisfy epsilon.
  best_diff / _a = 0.742192
  epsilon = 0.050000
2018-Jul-19 11:31:39.954511 info[fractal.cpp:73] [34m[INFO] Adding new monomer to fractal using Monte Carlo algorithm.
2018-Jul-19 11:31:39.954522 info[fractal.cpp:121] [34m[INFO] Out of range best_monomer = 60.000000
2018-Jul-19 11:31:39.955537 fatal[fractal.cpp:155] [31m[FATAL] Best monomer did not satisfy epsilon.
  best_diff / _a = 0.742200
  epsilon = 0.050000
2018-Jul-19 11:31:39.955575 info[fractal.cpp:73] [34m[INFO] Adding new monomer to fractal using Monte Carlo algorithm.
2018-Jul-19 11:31:39.955588 info[fractal.cpp:121] [34m[INFO] Out of range best_monomer = 60.000000
2018-Jul-19 11:31:39.956586 fatal[fractal.cpp:155] [31m[FATAL] Best monomer did not satisfy epsilon.
  best_diff / _a = 0.742154
  epsilon = 0.050000
2018-Jul-19 11:31:39.956617 info[fractal.cpp:73] [34m[INFO] Adding new monomer to fractal using Monte Carlo algorithm.
2018-Jul-19 11:31:39.956629 info[fractal.cpp:121] [34m[INFO] Out of range best_monomer = 60.000000
2018-Jul-19 11:31:39.957635 fatal[fractal.cpp:155] [31m[FATAL] Best monomer did not satisfy epsilon.
  best_diff / _a = 0.742187
  epsilon = 0.050000
2018-Jul-19 11:31:39.957663 info[fractal.cpp:73] [34m[INFO] Adding new monomer to fractal using Monte Carlo algorithm.
2018-Jul-19 11:31:39.957674 info[fractal.cpp:121] [34m[INFO] Out of range best_monomer = 60.000000
2018-Jul-19 11:31:39.958709 fatal[fractal.cpp:155] [31m[FATAL] Best monomer did not satisfy epsilon.
  best_diff / _a = 0.742161
  epsilon = 0.050000
2018-Jul-19 11:31:39.958757 info[fractal.cpp:73] [34m[INFO] Adding new monomer to fractal using Monte Carlo algorithm.
2018-Jul-19 11:31:39.958772 info[fractal.cpp:121] [34m[INFO] Out of range best_monomer = 60.000000
2018-Jul-19 11:31:39.959778 fatal[fractal.cpp:155] [31m[FATAL] Best monomer did not satisfy epsilon.
  best_diff / _a = 0.742288
  epsilon = 0.050000
2018-Jul-19 11:31:39.959796 info[fractal.cpp:73] [34m[INFO] Adding new monomer to fractal using Monte Carlo algorithm.
2018-Jul-19 11:31:39.959806 info[fractal.cpp:121] [34m[INFO] Out of range best_monomer = 60.000000
2018-Jul-19 11:31:39.960789 fatal[fractal.cpp:155] [31m[FATAL] Best monomer did not satisfy epsilon.
  best_diff / _a = 0.742175
  epsilon = 0.050000
2018-Jul-19 11:31:39.960803 info[fractal.cpp:73] [34m[INFO] Adding new monomer to fractal using Monte Carlo algorithm.
2018-Jul-19 11:31:39.960813 info[fractal.cpp:121] [34m[INFO] Out of range best_monomer = 60.000000
2018-Jul-19 11:31:39.961803 fatal[fractal.cpp:155] [31m[FATAL] Best monomer did not satisfy epsilon.
  best_diff / _a = 0.742174
  epsilon = 0.050000
2018-Jul-19 11:31:39.961817 info[fractal.cpp:73] [34m[INFO] Adding new monomer to fractal using Monte Carlo algorithm.
2018-Jul-19 11:31:39.961827 info[fractal.cpp:121] [34m[INFO] Out of range best_monomer = 60.000000
2018-Jul-19 11:31:39.962834 fatal[fractal.cpp:155] [31m[FATAL] Best monomer did not satisfy epsilon.
  best_diff / _a = 0.742300
  epsilon = 0.050000
2018-Jul-19 11:31:39.962849 info[fractal.cpp:73] [34m[INFO] Adding new monomer to fractal using Monte Carlo algorithm.
2018-Jul-19 11:31:39.962860 info[fractal.cpp:121] [34m[INFO] Out of range best_monomer = 60.000000
2018-Jul-19 11:31:39.963837 fatal[fractal.cpp:155] [31m[FATAL] Best monomer did not satisfy epsilon.
  best_diff / _a = 0.742169
  epsilon = 0.050000
2018-Jul-19 11:31:39.963851 info[fractal.cpp:73] [34m[INFO] Adding new monomer to fractal using Monte Carlo algorithm.
2018-Jul-19 11:31:39.963861 info[fractal.cpp:121] [34m[INFO] Out of range best_monomer = 60.000000
2018-Jul-19 11:31:39.964842 fatal[fractal.cpp:155] [31m[FATAL] Best monomer did not satisfy epsilon.
  best_diff / _a = 0.742160
  epsilon = 0.050000
2018-Jul-19 11:31:39.964856 info[fractal.cpp:73] [34m[INFO] Adding new monomer to fractal using Monte Carlo algorithm.
2018-Jul-19 11:31:39.964866 info[fractal.cpp:121] [34m[INFO] Out of range best_monomer = 60.000000
2018-Jul-19 11:31:39.965882 fatal[fractal.cpp:155] [31m[FATAL] Best monomer did not satisfy epsilon.
  best_diff / _a = 0.742175
  epsilon = 0.050000
2018-Jul-19 11:31:39.965918 info[fractal.cpp:73] [34m[INFO] Adding new monomer to fractal using Monte Carlo algorithm.
2018-Jul-19 11:31:39.965935 info[fractal.cpp:121] [34m[INFO] Out of range best_monomer = 60.000000
2018-Jul-19 11:31:39.967002 fatal[fractal.cpp:155] [31m[FATAL] Best monomer did not satisfy epsilon.
  best_diff / _a = 0.742164
  epsilon = 0.050000
2018-Jul-19 11:31:39.967050 info[fractal.cpp:73] [34m[INFO] Adding new monomer to fractal using Monte Carlo algorithm.
2018-Jul-19 11:31:39.967061 info[fractal.cpp:121] [34m[INFO] Out of range best_monomer = 60.000000
2018-Jul-19 11:31:39.968094 fatal[fractal.cpp:155] [31m[FATAL] Best monomer did not satisfy epsilon.
  best_diff / _a = 0.742175
  epsilon = 0.050000
2018-Jul-19 11:31:39.968132 info[fractal.cpp:73] [34m[INFO] Adding new monomer to fractal using Monte Carlo algorithm.
2018-Jul-19 11:31:39.968146 info[fractal.cpp:121] [34m[INFO] Out of range best_monomer = 60.000000
2018-Jul-19 11:31:39.969184 fatal[fractal.cpp:155] [31m[FATAL] Best monomer did not satisfy epsilon.
  best_diff / _a = 0.742177
  epsilon = 0.050000
2018-Jul-19 11:31:39.969222 info[fractal.cpp:73] [34m[INFO] Adding new monomer to fractal using Monte Carlo algorithm.
2018-Jul-19 11:31:39.969233 info[fractal.cpp:121] [34m[INFO] Out of range best_monomer = 60.000000
2018-Jul-19 11:31:39.970243 fatal[fractal.cpp:155] [31m[FATAL] Best monomer did not satisfy epsilon.
  best_diff / _a = 0.742184
  epsilon = 0.050000
2018-Jul-19 11:31:39.970280 info[fractal.cpp:73] [34m[INFO] Adding new monomer to fractal using Monte Carlo algorithm.
2018-Jul-19 11:31:39.970293 info[fractal.cpp:121] [34m[INFO] Out of range best_monomer = 60.000000
2018-Jul-19 11:31:39.971300 fatal[fractal.cpp:155] [31m[FATAL] Best monomer did not satisfy epsilon.
  best_diff / _a = 0.742212
  epsilon = 0.050000
2018-Jul-19 11:31:39.971335 info[fractal.cpp:73] [34m[INFO] Adding new monomer to fractal using Monte Carlo algorithm.
2018-Jul-19 11:31:39.971347 info[fractal.cpp:121] [34m[INFO] Out of range best_monomer = 60.000000
2018-Jul-19 11:31:39.972386 fatal[fractal.cpp:155] [31m[FATAL] Best monomer did not satisfy epsilon.
  best_diff / _a = 0.742157
  epsilon = 0.050000
2018-Jul-19 11:31:39.972423 info[fractal.cpp:73] [34m[INFO] Adding new monomer to fractal using Monte Carlo algorithm.
2018-Jul-19 11:31:39.972434 info[fractal.cpp:121] [34m[INFO] Out of range best_monomer = 60.000000
2018-Jul-19 11:31:39.973431 fatal[fractal.cpp:155] [31m[FATAL] Best monomer did not satisfy epsilon.
  best_diff / _a = 0.742263
  epsilon = 0.050000
2018-Jul-19 11:31:39.973458 info[fractal.cpp:73] [34m[INFO] Adding new monomer to fractal using Monte Carlo algorithm.
2018-Jul-19 11:31:39.973468 info[fractal.cpp:121] [34m[INFO] Out of range best_monomer = 60.000000
2018-Jul-19 11:31:39.974485 fatal[fractal.cpp:155] [31m[FATAL] Best monomer did not satisfy epsilon.
  best_diff / _a = 0.742162
  epsilon = 0.050000
2018-Jul-19 11:31:39.974528 info[fractal.cpp:73] [34m[INFO] Adding new monomer to fractal using Monte Carlo algorithm.
2018-Jul-19 11:31:39.974542 info[fractal.cpp:121] [34m[INFO] Out of range best_monomer = 60.000000
2018-Jul-19 11:31:39.975556 fatal[fractal.cpp:155] [31m[FATAL] Best monomer did not satisfy epsilon.
  best_diff / _a = 0.742183
  epsilon = 0.050000
2018-Jul-19 11:31:39.975578 info[fractal.cpp:73] [34m[INFO] Adding new monomer to fractal using Monte Carlo algorithm.
2018-Jul-19 11:31:39.975588 info[fractal.cpp:121] [34m[INFO] Out of range best_monomer = 60.000000
2018-Jul-19 11:31:39.976588 fatal[fractal.cpp:155] [31m[FATAL] Best monomer did not satisfy epsilon.
  best_diff / _a = 0.742174
  epsilon = 0.050000
2018-Jul-19 11:31:39.976603 info[fractal.cpp:73] [34m[INFO] Adding new monomer to fractal using Monte Carlo algorithm.
2018-Jul-19 11:31:39.976613 info[fractal.cpp:121] [34m[INFO] Out of range best_monomer = 60.000000
2018-Jul-19 11:31:39.977616 fatal[fractal.cpp:155] [31m[FATAL] Best monomer did not satisfy epsilon.
  best_diff / _a = 0.742169
  epsilon = 0.050000
2018-Jul-19 11:31:39.977630 info[fractal.cpp:73] [34m[INFO] Adding new monomer to fractal using Monte Carlo algorithm.
2018-Jul-19 11:31:39.977640 info[fractal.cpp:121] [34m[INFO] Out of range best_monomer = 60.000000
2018-Jul-19 11:31:39.978651 fatal[fractal.cpp:155] [31m[FATAL] Best monomer did not satisfy epsilon.
  best_diff / _a = 0.742156
  epsilon = 0.050000
2018-Jul-19 11:31:39.978667 info[fractal.cpp:73] [34m[INFO] Adding new monomer to fractal using Monte Carlo algorithm.
2018-Jul-19 11:31:39.978677 info[fractal.cpp:121] [34m[INFO] Out of range best_monomer = 60.000000
2018-Jul-19 11:31:39.979650 fatal[fractal.cpp:155] [31m[FATAL] Best monomer did not satisfy epsilon.
  best_diff / _a = 0.742181
  epsilon = 0.050000
2018-Jul-19 11:31:39.979665 info[fractal.cpp:73] [34m[INFO] Adding new monomer to fractal using Monte Carlo algorithm.
2018-Jul-19 11:31:39.979674 info[fractal.cpp:121] [34m[INFO] Out of range best_monomer = 60.000000
2018-Jul-19 11:31:39.980659 fatal[fractal.cpp:155] [31m[FATAL] Best monomer did not satisfy epsilon.
  best_diff / _a = 0.742149
  epsilon = 0.050000
2018-Jul-19 11:31:39.980673 info[fractal.cpp:73] [34m[INFO] Adding new monomer to fractal using Monte Carlo algorithm.
2018-Jul-19 11:31:39.980683 info[fractal.cpp:121] [34m[INFO] Out of range best_monomer = 60.000000
