2018-Jul-19 11:31:40.632420 fatal[fractal.cpp:155] [31m[FATAL] Best monomer did not satisfy epsilon.
  best_diff / _a = 0.742236
  epsilon = 0.050000
2018-Jul-19 11:31:40.632515 info[fractal.cpp:73] [34m[INFO] Adding new monomer to fractal using Monte Carlo algorithm.
2018-Jul-19 11:31:40.632535 info[fractal.cpp:121] [34m[INFO] Out of range best_monomer = 60.000000
2018-Jul-19 11:31:40.633578 fatal[fractal.cpp:155] [31m[FATAL] Best monomer did not satisfy epsilon.
  best_diff / _a = 0.742236
  epsilon = 0.050000
2018-Jul-19 11:31:40.633622 info[fractal.cpp:73] [34m[INFO] Adding new monomer to fractal using Monte Carlo algorithm.
2018-Jul-19 11:31:40.633634 info[fractal.cpp:121] [34m[INFO] Out of range best_monomer = 60.000000
2018-Jul-19 11:31:40.634645 fatal[fractal.cpp:155] [31m[FATAL] Best monomer did not satisfy epsilon.
  best_diff / _a = 0.742161
  epsilon = 0.050000
2018-Jul-19 11:31:40.634666 info[fractal.cpp:73] [34m[INFO] Adding new monomer to fractal using Monte Carlo algorithm.
2018-Jul-19 11:31:40.634676 info[fractal.cpp:121] [34m[INFO] Out of range best_monomer = 60.000000
2018-Jul-19 11:31:40.635689 fatal[fractal.cpp:155] [31m[FATAL] Best monomer did not satisfy epsilon.
  best_diff / _a = 0.742202
  epsilon = 0.050000
2018-Jul-19 11:31:40.635718 info[fractal.cpp:73] [34m[INFO] Adding new monomer to fractal using Monte Carlo algorithm.
2018-Jul-19 11:31:40.635730 info[fractal.cpp:121] [34m[INFO] Out of range best_monomer = 60.000000
2018-Jul-19 11:31:40.636789 fatal[fractal.cpp:155] [31m[FATAL] Best monomer did not satisfy epsilon.
  best_diff / _a = 0.742154
  epsilon = 0.050000
2018-Jul-19 11:31:40.636826 info[fractal.cpp:73] [34m[INFO] Adding new monomer to fractal using Monte Carlo algorithm.
2018-Jul-19 11:31:40.636839 info[fractal.cpp:121] [34m[INFO] Out of range best_monomer = 60.000000
2018-Jul-19 11:31:40.637884 fatal[fractal.cpp:155] [31m[FATAL] Best monomer did not satisfy epsilon.
  best_diff / _a = 0.742209
  epsilon = 0.050000
2018-Jul-19 11:31:40.637925 info[fractal.cpp:73] [34m[INFO] Adding new monomer to fractal using Monte Carlo algorithm.
2018-Jul-19 11:31:40.637937 info[fractal.cpp:121] [34m[INFO] Out of range best_monomer = 60.000000
2018-Jul-19 11:31:40.638960 fatal[fractal.cpp:155] [31m[FATAL] Best monomer did not satisfy epsilon.
  best_diff / _a = 0.742177
  epsilon = 0.050000
2018-Jul-19 11:31:40.638998 info[fractal.cpp:73] [34m[INFO] Adding new monomer to fractal using Monte Carlo algorithm.
2018-Jul-19 11:31:40.639009 info[fractal.cpp:121] [34m[INFO] Out of range best_monomer = 60.000000
2018-Jul-19 11:31:40.640039 fatal[fractal.cpp:155] [31m[FATAL] Best monomer did not satisfy epsilon.
  best_diff / _a = 0.742150
  epsilon = 0.050000
2018-Jul-19 11:31:40.640063 info[fractal.cpp:73] [34m[INFO] Adding new monomer to fractal using Monte Carlo algorithm.
2018-Jul-19 11:31:40.640073 info[fractal.cpp:121] [34m[INFO] Out of range best_monomer = 60.000000
2018-Jul-19 11:31:40.641074 fatal[fractal.cpp:155] [31m[FATAL] Best monomer did not satisfy epsilon.
  best_diff / _a = 0.742196
  epsilon = 0.050000
2018-Jul-19 11:31:40.641094 info[fractal.cpp:73] [34m[INFO] Adding new monomer to fractal using Monte Carlo algorithm.
2018-Jul-19 11:31:40.641104 info[fractal.cpp:121] [34m[INFO] Out of range best_monomer = 60.000000
2018-Jul-19 11:31:40.642115 fatal[fractal.cpp:155] [31m[FATAL] Best monomer did not satisfy epsilon.
  best_diff / _a = 0.742210
  epsilon = 0.050000
2018-Jul-19 11:31:40.642135 info[fractal.cpp:73] [34m[INFO] Adding new monomer to fractal using Monte Carlo algorithm.
2018-Jul-19 11:31:40.642145 info[fractal.cpp:121] [34m[INFO] Out of range best_monomer = 60.000000
2018-Jul-19 11:31:40.643146 fatal[fractal.cpp:155] [31m[FATAL] Best monomer did not satisfy epsilon.
  best_diff / _a = 0.742298
  epsilon = 0.050000
2018-Jul-19 11:31:40.643172 info[fractal.cpp:73] [34m[INFO] Adding new monomer to fractal using Monte Carlo algorithm.
2018-Jul-19 11:31:40.643184 info[fractal.cpp:121] [34m[INFO] Out of range best_monomer = 60.000000
2018-Jul-19 11:31:40.644206 fatal[fractal.cpp:155] [31m[FATAL] Best monomer did not satisfy epsilon.
  best_diff / _a = 0.742184
  epsilon = 0.050000
2018-Jul-19 11:31:40.644250 info[fractal.cpp:73] [34m[INFO] Adding new monomer to fractal using Monte Carlo algorithm.
2018-Jul-19 11:31:40.644261 info[fractal.cpp:121] [34m[INFO] Out of range best_monomer = 60.000000
2018-Jul-19 11:31:40.645250 fatal[fractal.cpp:155] [31m[FATAL] Best monomer did not satisfy epsilon.
  best_diff / _a = 0.742198
  epsilon = 0.050000
2018-Jul-19 11:31:40.645265 info[fractal.cpp:73] [34m[INFO] Adding new monomer to fractal using Monte Carlo algorithm.
2018-Jul-19 11:31:40.645275 info[fractal.cpp:121] [34m[INFO] Out of range best_monomer = 60.000000
2018-Jul-19 11:31:40.646270 fatal[fractal.cpp:155] [31m[FATAL] Best monomer did not satisfy epsilon.
  best_diff / _a = 0.742166
  epsilon = 0.050000
2018-Jul-19 11:31:40.646287 info[fractal.cpp:73] [34m[INFO] Adding new monomer to fractal using Monte Carlo algorithm.
2018-Jul-19 11:31:40.646297 info[fractal.cpp:121] [34m[INFO] Out of range best_monomer = 60.000000
2018-Jul-19 11:31:40.647291 fatal[fractal.cpp:155] [31m[FATAL] Best monomer did not satisfy epsilon.
  best_diff / _a = 0.742182
  epsilon = 0.050000
2018-Jul-19 11:31:40.647305 info[fractal.cpp:73] [34m[INFO] Adding new monomer to fractal using Monte Carlo algorithm.
2018-Jul-19 11:31:40.647315 info[fractal.cpp:121] [34m[INFO] Out of range best_monomer = 60.000000
2018-Jul-19 11:31:40.648316 fatal[fractal.cpp:155] [31m[FATAL] Best monomer did not satisfy epsilon.
  best_diff / _a = 0.742148
  epsilon = 0.050000
2018-Jul-19 11:31:40.648330 info[fractal.cpp:73] [34m[INFO] Adding new monomer to fractal using Monte Carlo algorithm.
2018-Jul-19 11:31:40.648340 info[fractal.cpp:121] [34m[INFO] Out of range best_monomer = 60.000000
2018-Jul-19 11:31:40.649359 fatal[fractal.cpp:155] [31m[FATAL] Best monomer did not satisfy epsilon.
  best_diff / _a = 0.742195
  epsilon = 0.050000
2018-Jul-19 11:31:40.649395 info[fractal.cpp:73] [34m[INFO] Adding new monomer to fractal using Monte Carlo algorithm.
2018-Jul-19 11:31:40.649409 info[fractal.cpp:121] [34m[INFO] Out of range best_monomer = 60.000000
2018-Jul-19 11:31:40.650476 fatal[fractal.cpp:155] [31m[FATAL] Best monomer did not satisfy epsilon.
  best_diff / _a = 0.742176
  epsilon = 0.050000
2018-Jul-19 11:31:40.650522 info[fractal.cpp:73] [34m[INFO] Adding new monomer to fractal using Monte Carlo algorithm.
2018-Jul-19 11:31:40.650534 info[fractal.cpp:121] [34m[INFO] Out of range best_monomer = 60.000000
2018-Jul-19 11:31:40.651537 fatal[fractal.cpp:155] [31m[FATAL] Best monomer did not satisfy epsilon.
  best_diff / _a = 0.742152
  epsilon = 0.050000
2018-Jul-19 11:31:40.651557 info[fractal.cpp:73] [34m[INFO] Adding new monomer to fractal using Monte Carlo algorithm.
2018-Jul-19 11:31:40.651568 info[fractal.cpp:121] [34m[INFO] Out of range best_monomer = 60.000000
2018-Jul-19 11:31:40.652610 fatal[fractal.cpp:155] [31m[FATAL] Best monomer did not satisfy epsilon.
  best_diff / _a = 0.742229
  epsilon = 0.050000
2018-Jul-19 11:31:40.652652 info[fractal.cpp:73] [34m[INFO] Adding new monomer to fractal using Monte Carlo algorithm.
2018-Jul-19 11:31:40.652664 info[fractal.cpp:121] [34m[INFO] Out of range best_monomer = 60.000000
2018-Jul-19 11:31:40.653714 fatal[fractal.cpp:155] [31m[FATAL] Best monomer did not satisfy epsilon.
  best_diff / _a = 0.742163
  epsilon = 0.050000
2018-Jul-19 11:31:40.653762 info[fractal.cpp:73] [34m[INFO] Adding new monomer to fractal using Monte Carlo algorithm.
2018-Jul-19 11:31:40.653775 info[fractal.cpp:121] [34m[INFO] Out of range best_monomer = 60.000000
2018-Jul-19 11:31:40.654799 fatal[fractal.cpp:155] [31m[FATAL] Best monomer did not satisfy epsilon.
  best_diff / _a = 0.742154
  epsilon = 0.050000
2018-Jul-19 11:31:40.654836 info[fractal.cpp:73] [34m[INFO] Adding new monomer to fractal using Monte Carlo algorithm.
2018-Jul-19 11:31:40.654847 info[fractal.cpp:121] [34m[INFO] Out of range best_monomer = 60.000000
2018-Jul-19 11:31:40.655859 fatal[fractal.cpp:155] [31m[FATAL] Best monomer did not satisfy epsilon.
  best_diff / _a = 0.742159
  epsilon = 0.050000
2018-Jul-19 11:31:40.655906 info[fractal.cpp:73] [34m[INFO] Adding new monomer to fractal using Monte Carlo algorithm.
2018-Jul-19 11:31:40.655922 info[fractal.cpp:121] [34m[INFO] Out of range best_monomer = 60.000000
2018-Jul-19 11:31:40.656934 fatal[fractal.cpp:155] [31m[FATAL] Best monomer did not satisfy epsilon.
  best_diff / _a = 0.742215
  epsilon = 0.050000
2018-Jul-19 11:31:40.656959 info[fractal.cpp:73] [34m[INFO] Adding new monomer to fractal using Monte Carlo algorithm.
2018-Jul-19 11:31:40.656969 info[fractal.cpp:121] [34m[INFO] Out of range best_monomer = 60.000000
2018-Jul-19 11:31:40.657991 fatal[fractal.cpp:155] [31m[FATAL] Best monomer did not satisfy epsilon.
  best_diff / _a = 0.742157
  epsilon = 0.050000
2018-Jul-19 11:31:40.658022 info[fractal.cpp:73] [34m[INFO] Adding new monomer to fractal using Monte Carlo algorithm.
2018-Jul-19 11:31:40.658032 info[fractal.cpp:121] [34m[INFO] Out of range best_monomer = 60.000000
2018-Jul-19 11:31:40.659063 fatal[fractal.cpp:155] [31m[FATAL] Best monomer did not satisfy epsilon.
  best_diff / _a = 0.742162
  epsilon = 0.050000
2018-Jul-19 11:31:40.659103 info[fractal.cpp:73] [34m[INFO] Adding new monomer to fractal using Monte Carlo algorithm.
2018-Jul-19 11:31:40.659116 info[fractal.cpp:121] [34m[INFO] Out of range best_monomer = 60.000000
2018-Jul-19 11:31:40.660118 fatal[fractal.cpp:155] [31m[FATAL] Best monomer did not satisfy epsilon.
  best_diff / _a = 0.742160
  epsilon = 0.050000
2018-Jul-19 11:31:40.660139 info[fractal.cpp:73] [34m[INFO] Adding new monomer to fractal using Monte Carlo algorithm.
2018-Jul-19 11:31:40.660148 info[fractal.cpp:121] [34m[INFO] Out of range best_monomer = 60.000000
2018-Jul-19 11:31:40.661148 fatal[fractal.cpp:155] [31m[FATAL] Best monomer did not satisfy epsilon.
  best_diff / _a = 0.742284
  epsilon = 0.050000
2018-Jul-19 11:31:40.661161 info[fractal.cpp:73] [34m[INFO] Adding new monomer to fractal using Monte Carlo algorithm.
2018-Jul-19 11:31:40.661171 info[fractal.cpp:121] [34m[INFO] Out of range best_monomer = 60.000000
2018-Jul-19 11:31:40.662168 fatal[fractal.cpp:155] [31m[FATAL] Best monomer did not satisfy epsilon.
  best_diff / _a = 0.742244
  epsilon = 0.050000
2018-Jul-19 11:31:40.662184 info[fractal.cpp:73] [34m[INFO] Adding new monomer to fractal using Monte Carlo algorithm.
2018-Jul-19 11:31:40.662194 info[fractal.cpp:121] [34m[INFO] Out of range best_monomer = 60.000000
2018-Jul-19 11:31:40.663195 fatal[fractal.cpp:155] [31m[FATAL] Best monomer did not satisfy epsilon.
  best_diff / _a = 0.742164
  epsilon = 0.050000
2018-Jul-19 11:31:40.663209 info[fractal.cpp:73] [34m[INFO] Adding new monomer to fractal using Monte Carlo algorithm.
2018-Jul-19 11:31:40.663219 info[fractal.cpp:121] [34m[INFO] Out of range best_monomer = 60.000000
2018-Jul-19 11:31:40.664205 fatal[fractal.cpp:155] [31m[FATAL] Best monomer did not satisfy epsilon.
  best_diff / _a = 0.742269
  epsilon = 0.050000
2018-Jul-19 11:31:40.664219 info[fractal.cpp:73] [34m[INFO] Adding new monomer to fractal using Monte Carlo algorithm.
2018-Jul-19 11:31:40.664228 info[fractal.cpp:121] [34m[INFO] Out of range best_monomer = 60.000000
2018-Jul-19 11:31:40.665226 fatal[fractal.cpp:155] [31m[FATAL] Best monomer did not satisfy epsilon.
  best_diff / _a = 0.742157
  epsilon = 0.050000
2018-Jul-19 11:31:40.665240 info[fractal.cpp:73] [34m[INFO] Adding new monomer to fractal using Monte Carlo algorithm.
2018-Jul-19 11:31:40.665251 info[fractal.cpp:121] [34m[INFO] Out of range best_monomer = 60.000000
2018-Jul-19 11:31:40.666290 fatal[fractal.cpp:155] [31m[FATAL] Best monomer did not satisfy epsilon.
  best_diff / _a = 0.742248
  epsilon = 0.050000
2018-Jul-19 11:31:40.666348 info[fractal.cpp:73] [34m[INFO] Adding new monomer to fractal using Monte Carlo algorithm.
2018-Jul-19 11:31:40.666363 info[fractal.cpp:121] [34m[INFO] Out of range best_monomer = 60.000000
2018-Jul-19 11:31:40.667390 fatal[fractal.cpp:155] [31m[FATAL] Best monomer did not satisfy epsilon.
  best_diff / _a = 0.742219
  epsilon = 0.050000
2018-Jul-19 11:31:40.667443 info[fractal.cpp:73] [34m[INFO] Adding new monomer to fractal using Monte Carlo algorithm.
2018-Jul-19 11:31:40.667459 info[fractal.cpp:121] [34m[INFO] Out of range best_monomer = 60.000000
2018-Jul-19 11:31:40.668479 fatal[fractal.cpp:155] [31m[FATAL] Best monomer did not satisfy epsilon.
  best_diff / _a = 0.742168
  epsilon = 0.050000
2018-Jul-19 11:31:40.668505 info[fractal.cpp:73] [34m[INFO] Adding new monomer to fractal using Monte Carlo algorithm.
2018-Jul-19 11:31:40.668515 info[fractal.cpp:121] [34m[INFO] Out of range best_monomer = 60.000000
2018-Jul-19 11:31:40.669536 fatal[fractal.cpp:155] [31m[FATAL] Best monomer did not satisfy epsilon.
  best_diff / _a = 0.742164
  epsilon = 0.050000
2018-Jul-19 11:31:40.669575 info[fractal.cpp:73] [34m[INFO] Adding new monomer to fractal using Monte Carlo algorithm.
2018-Jul-19 11:31:40.669586 info[fractal.cpp:121] [34m[INFO] Out of range best_monomer = 60.000000
2018-Jul-19 11:31:40.670605 fatal[fractal.cpp:155] [31m[FATAL] Best monomer did not satisfy epsilon.
  best_diff / _a = 0.742147
  epsilon = 0.050000
2018-Jul-19 11:31:40.670641 info[fractal.cpp:73] [34m[INFO] Adding new monomer to fractal using Monte Carlo algorithm.
2018-Jul-19 11:31:40.670652 info[fractal.cpp:121] [34m[INFO] Out of range best_monomer = 60.000000
2018-Jul-19 11:31:40.671650 fatal[fractal.cpp:155] [31m[FATAL] Best monomer did not satisfy epsilon.
  best_diff / _a = 0.742155
  epsilon = 0.050000
2018-Jul-19 11:31:40.671669 info[fractal.cpp:73] [34m[INFO] Adding new monomer to fractal using Monte Carlo algorithm.
2018-Jul-19 11:31:40.671680 info[fractal.cpp:121] [34m[INFO] Out of range best_monomer = 60.000000
2018-Jul-19 11:31:40.672681 fatal[fractal.cpp:155] [31m[FATAL] Best monomer did not satisfy epsilon.
  best_diff / _a = 0.742154
  epsilon = 0.050000
2018-Jul-19 11:31:40.672710 info[fractal.cpp:73] [34m[INFO] Adding new monomer to fractal using Monte Carlo algorithm.
2018-Jul-19 11:31:40.672721 info[fractal.cpp:121] [34m[INFO] Out of range best_monomer = 60.000000
2018-Jul-19 11:31:40.673721 fatal[fractal.cpp:155] [31m[FATAL] Best monomer did not satisfy epsilon.
  best_diff / _a = 0.742162
  epsilon = 0.050000
2018-Jul-19 11:31:40.673744 info[fractal.cpp:73] [34m[INFO] Adding new monomer to fractal using Monte Carlo algorithm.
2018-Jul-19 11:31:40.673756 info[fractal.cpp:121] [34m[INFO] Out of range best_monomer = 60.000000
2018-Jul-19 11:31:40.674790 fatal[fractal.cpp:155] [31m[FATAL] Best monomer did not satisfy epsilon.
  best_diff / _a = 0.742228
  epsilon = 0.050000
2018-Jul-19 11:31:40.674836 info[fractal.cpp:73] [34m[INFO] Adding new monomer to fractal using Monte Carlo algorithm.
2018-Jul-19 11:31:40.674847 info[fractal.cpp:121] [34m[INFO] Out of range best_monomer = 60.000000
2018-Jul-19 11:31:40.675866 fatal[fractal.cpp:155] [31m[FATAL] Best monomer did not satisfy epsilon.
  best_diff / _a = 0.742199
  epsilon = 0.050000
2018-Jul-19 11:31:40.675896 info[fractal.cpp:73] [34m[INFO] Adding new monomer to fractal using Monte Carlo algorithm.
2018-Jul-19 11:31:40.675909 info[fractal.cpp:121] [34m[INFO] Out of range best_monomer = 60.000000
2018-Jul-19 11:31:40.676933 fatal[fractal.cpp:155] [31m[FATAL] Best monomer did not satisfy epsilon.
  best_diff / _a = 0.742166
  epsilon = 0.050000
2018-Jul-19 11:31:40.676968 info[fractal.cpp:73] [34m[INFO] Adding new monomer to fractal using Monte Carlo algorithm.
2018-Jul-19 11:31:40.676978 info[fractal.cpp:121] [34m[INFO] Out of range best_monomer = 60.000000
2018-Jul-19 11:31:40.677999 fatal[fractal.cpp:155] [31m[FATAL] Best monomer did not satisfy epsilon.
  best_diff / _a = 0.742159
  epsilon = 0.050000
2018-Jul-19 11:31:40.678020 info[fractal.cpp:73] [34m[INFO] Adding new monomer to fractal using Monte Carlo algorithm.
2018-Jul-19 11:31:40.678030 info[fractal.cpp:121] [34m[INFO] Out of range best_monomer = 60.000000
